

================================================================
== Vivado HLS Report for 'distDouble'
================================================================
* Date:           Tue May 19 10:59:55 2020

* Version:        2019.2 (Build 2704478 on Wed Nov 06 22:10:23 MST 2019)
* Project:        Math
* Solution:       solution1
* Product family: virtex7
* Target device:  xc7vx485t-ffg1157-1


================================================================
== Performance Estimates
================================================================
+ Timing: 
    * Summary: 
    +--------+----------+----------+------------+
    |  Clock |  Target  | Estimated| Uncertainty|
    +--------+----------+----------+------------+
    |ap_clk  | 10.00 ns | 8.750 ns |   1.25 ns  |
    +--------+----------+----------+------------+

+ Latency: 
    * Summary: 
    +---------+---------+----------+----------+-----+-----+---------+
    |  Latency (cycles) |  Latency (absolute) |  Interval | Pipeline|
    |   min   |   max   |    min   |    max   | min | max |   Type  |
    +---------+---------+----------+----------+-----+-----+---------+
    |       68|       68| 0.680 us | 0.680 us |   68|   68|   none  |
    +---------+---------+----------+----------+-----+-----+---------+

    + Detail: 
        * Instance: 
        N/A

        * Loop: 
        N/A

============================================================
+ Verbose Summary: Synthesis Manager
============================================================
InlineROM: 1
ExposeGlobal: 0
============================================================
+ Verbose Summary: CDFG Model
============================================================
IsTopModel: 1
ResetActiveHigh: 1
IsCombinational: 0
IsDatapathOnly: 0
HasWiredReturn: 1
HasMFsm: 0
HasVarLatency: 1
IsPipeline: 0
IsRtlPipelined: 0
IsInstanceOverlapped: 0
IsDontTouch: 0
HasImplIP: 0
IsGatedGlobalClock: 0


============================================================
+ Verbose Summary: Schedule
============================================================
* Number of FSM states : 69
* Pipeline : 0
* Dataflow Pipeline: 0

* FSM state transitions: 
1 --> 2 
2 --> 3 
3 --> 4 
4 --> 5 
5 --> 6 
6 --> 7 
7 --> 8 
8 --> 9 
9 --> 10 
10 --> 11 
11 --> 12 
12 --> 13 
13 --> 14 
14 --> 15 
15 --> 16 
16 --> 17 
17 --> 18 
18 --> 19 
19 --> 20 
20 --> 21 
21 --> 22 
22 --> 23 
23 --> 24 
24 --> 25 
25 --> 26 
26 --> 27 
27 --> 28 
28 --> 29 
29 --> 30 
30 --> 31 
31 --> 32 
32 --> 33 
33 --> 34 
34 --> 35 
35 --> 36 
36 --> 37 
37 --> 38 
38 --> 39 
39 --> 40 
40 --> 41 
41 --> 42 
42 --> 43 
43 --> 44 
44 --> 45 
45 --> 46 
46 --> 47 
47 --> 48 
48 --> 49 
49 --> 50 
50 --> 51 
51 --> 52 
52 --> 53 
53 --> 54 
54 --> 55 
55 --> 56 
56 --> 57 
57 --> 58 
58 --> 59 
59 --> 60 
60 --> 61 
61 --> 62 
62 --> 63 
63 --> 64 
64 --> 65 
65 --> 66 
66 --> 67 
67 --> 68 
68 --> 69 
69 --> 

* FSM state operations: 

State 1 <SV = 0> <Delay = 6.30>
ST_1 : Operation 70 [1/1] (0.00ns)   --->   "%y2_read = call double @_ssdm_op_Read.ap_auto.double(double %y2) nounwind" [math.cpp:7]   --->   Operation 70 'read' 'y2_read' <Predicate = true> <Delay = 0.00>
ST_1 : Operation 71 [1/1] (0.00ns)   --->   "%x2_read = call double @_ssdm_op_Read.ap_auto.double(double %x2) nounwind" [math.cpp:7]   --->   Operation 71 'read' 'x2_read' <Predicate = true> <Delay = 0.00>
ST_1 : Operation 72 [1/1] (0.00ns)   --->   "%y1_read = call double @_ssdm_op_Read.ap_auto.double(double %y1) nounwind" [math.cpp:7]   --->   Operation 72 'read' 'y1_read' <Predicate = true> <Delay = 0.00>
ST_1 : Operation 73 [1/1] (0.00ns)   --->   "%x1_read = call double @_ssdm_op_Read.ap_auto.double(double %x1) nounwind" [math.cpp:7]   --->   Operation 73 'read' 'x1_read' <Predicate = true> <Delay = 0.00>
ST_1 : Operation 74 [5/5] (6.30ns)   --->   "%x_assign = fsub double %x2_read, %x1_read" [math.cpp:9]   --->   Operation 74 'dsub' 'x_assign' <Predicate = true> <Delay = 6.30> <Core = "DAddSub">   --->   Core 115 'DAddSub' <Latency = 4> <II = 1> <Delay = 6.30> <FuncUnit> <Opcode : 'dadd' 'dsub'> <InPorts = 2> <OutPorts = 1>
ST_1 : Operation 75 [5/5] (6.30ns)   --->   "%x_assign_1 = fsub double %y2_read, %y1_read" [math.cpp:9]   --->   Operation 75 'dsub' 'x_assign_1' <Predicate = true> <Delay = 6.30> <Core = "DAddSub">   --->   Core 115 'DAddSub' <Latency = 4> <II = 1> <Delay = 6.30> <FuncUnit> <Opcode : 'dadd' 'dsub'> <InPorts = 2> <OutPorts = 1>

State 2 <SV = 1> <Delay = 6.30>
ST_2 : Operation 76 [4/5] (6.30ns)   --->   "%x_assign = fsub double %x2_read, %x1_read" [math.cpp:9]   --->   Operation 76 'dsub' 'x_assign' <Predicate = true> <Delay = 6.30> <Core = "DAddSub">   --->   Core 115 'DAddSub' <Latency = 4> <II = 1> <Delay = 6.30> <FuncUnit> <Opcode : 'dadd' 'dsub'> <InPorts = 2> <OutPorts = 1>
ST_2 : Operation 77 [4/5] (6.30ns)   --->   "%x_assign_1 = fsub double %y2_read, %y1_read" [math.cpp:9]   --->   Operation 77 'dsub' 'x_assign_1' <Predicate = true> <Delay = 6.30> <Core = "DAddSub">   --->   Core 115 'DAddSub' <Latency = 4> <II = 1> <Delay = 6.30> <FuncUnit> <Opcode : 'dadd' 'dsub'> <InPorts = 2> <OutPorts = 1>

State 3 <SV = 2> <Delay = 6.30>
ST_3 : Operation 78 [3/5] (6.30ns)   --->   "%x_assign = fsub double %x2_read, %x1_read" [math.cpp:9]   --->   Operation 78 'dsub' 'x_assign' <Predicate = true> <Delay = 6.30> <Core = "DAddSub">   --->   Core 115 'DAddSub' <Latency = 4> <II = 1> <Delay = 6.30> <FuncUnit> <Opcode : 'dadd' 'dsub'> <InPorts = 2> <OutPorts = 1>
ST_3 : Operation 79 [3/5] (6.30ns)   --->   "%x_assign_1 = fsub double %y2_read, %y1_read" [math.cpp:9]   --->   Operation 79 'dsub' 'x_assign_1' <Predicate = true> <Delay = 6.30> <Core = "DAddSub">   --->   Core 115 'DAddSub' <Latency = 4> <II = 1> <Delay = 6.30> <FuncUnit> <Opcode : 'dadd' 'dsub'> <InPorts = 2> <OutPorts = 1>

State 4 <SV = 3> <Delay = 6.30>
ST_4 : Operation 80 [2/5] (6.30ns)   --->   "%x_assign = fsub double %x2_read, %x1_read" [math.cpp:9]   --->   Operation 80 'dsub' 'x_assign' <Predicate = true> <Delay = 6.30> <Core = "DAddSub">   --->   Core 115 'DAddSub' <Latency = 4> <II = 1> <Delay = 6.30> <FuncUnit> <Opcode : 'dadd' 'dsub'> <InPorts = 2> <OutPorts = 1>
ST_4 : Operation 81 [2/5] (6.30ns)   --->   "%x_assign_1 = fsub double %y2_read, %y1_read" [math.cpp:9]   --->   Operation 81 'dsub' 'x_assign_1' <Predicate = true> <Delay = 6.30> <Core = "DAddSub">   --->   Core 115 'DAddSub' <Latency = 4> <II = 1> <Delay = 6.30> <FuncUnit> <Opcode : 'dadd' 'dsub'> <InPorts = 2> <OutPorts = 1>

State 5 <SV = 4> <Delay = 6.30>
ST_5 : Operation 82 [1/5] (6.30ns)   --->   "%x_assign = fsub double %x2_read, %x1_read" [math.cpp:9]   --->   Operation 82 'dsub' 'x_assign' <Predicate = true> <Delay = 6.30> <Core = "DAddSub">   --->   Core 115 'DAddSub' <Latency = 4> <II = 1> <Delay = 6.30> <FuncUnit> <Opcode : 'dadd' 'dsub'> <InPorts = 2> <OutPorts = 1>
ST_5 : Operation 83 [1/5] (6.30ns)   --->   "%x_assign_1 = fsub double %y2_read, %y1_read" [math.cpp:9]   --->   Operation 83 'dsub' 'x_assign_1' <Predicate = true> <Delay = 6.30> <Core = "DAddSub">   --->   Core 115 'DAddSub' <Latency = 4> <II = 1> <Delay = 6.30> <FuncUnit> <Opcode : 'dadd' 'dsub'> <InPorts = 2> <OutPorts = 1>

State 6 <SV = 5> <Delay = 6.50>
ST_6 : Operation 84 [38/38] (6.50ns)   --->   "%tmp_i = call fastcc double @"pow_generic<double>"(double %x_assign) nounwind" [r:/builds/2019.2/continuous/2019_11_06_2708876/src/products/hls/hls_lib/hlsmath/src/c/powdouble.cpp:7->math.cpp:9]   --->   Operation 84 'call' 'tmp_i' <Predicate = true> <Delay = 6.50> <CoreType = "Generic">   --->   Core 0 '' <Latency = 0> <II = 1> <Delay = 1.00> <Generic> <Opcode : >
ST_6 : Operation 85 [38/38] (6.50ns)   --->   "%tmp_i1 = call fastcc double @"pow_generic<double>"(double %x_assign_1) nounwind" [r:/builds/2019.2/continuous/2019_11_06_2708876/src/products/hls/hls_lib/hlsmath/src/c/powdouble.cpp:7->math.cpp:9]   --->   Operation 85 'call' 'tmp_i1' <Predicate = true> <Delay = 6.50> <CoreType = "Generic">   --->   Core 0 '' <Latency = 0> <II = 1> <Delay = 1.00> <Generic> <Opcode : >

State 7 <SV = 6> <Delay = 8.75>
ST_7 : Operation 86 [37/38] (8.75ns)   --->   "%tmp_i = call fastcc double @"pow_generic<double>"(double %x_assign) nounwind" [r:/builds/2019.2/continuous/2019_11_06_2708876/src/products/hls/hls_lib/hlsmath/src/c/powdouble.cpp:7->math.cpp:9]   --->   Operation 86 'call' 'tmp_i' <Predicate = true> <Delay = 8.75> <CoreType = "Generic">   --->   Core 0 '' <Latency = 0> <II = 1> <Delay = 1.00> <Generic> <Opcode : >
ST_7 : Operation 87 [37/38] (8.75ns)   --->   "%tmp_i1 = call fastcc double @"pow_generic<double>"(double %x_assign_1) nounwind" [r:/builds/2019.2/continuous/2019_11_06_2708876/src/products/hls/hls_lib/hlsmath/src/c/powdouble.cpp:7->math.cpp:9]   --->   Operation 87 'call' 'tmp_i1' <Predicate = true> <Delay = 8.75> <CoreType = "Generic">   --->   Core 0 '' <Latency = 0> <II = 1> <Delay = 1.00> <Generic> <Opcode : >

State 8 <SV = 7> <Delay = 8.75>
ST_8 : Operation 88 [36/38] (8.75ns)   --->   "%tmp_i = call fastcc double @"pow_generic<double>"(double %x_assign) nounwind" [r:/builds/2019.2/continuous/2019_11_06_2708876/src/products/hls/hls_lib/hlsmath/src/c/powdouble.cpp:7->math.cpp:9]   --->   Operation 88 'call' 'tmp_i' <Predicate = true> <Delay = 8.75> <CoreType = "Generic">   --->   Core 0 '' <Latency = 0> <II = 1> <Delay = 1.00> <Generic> <Opcode : >
ST_8 : Operation 89 [36/38] (8.75ns)   --->   "%tmp_i1 = call fastcc double @"pow_generic<double>"(double %x_assign_1) nounwind" [r:/builds/2019.2/continuous/2019_11_06_2708876/src/products/hls/hls_lib/hlsmath/src/c/powdouble.cpp:7->math.cpp:9]   --->   Operation 89 'call' 'tmp_i1' <Predicate = true> <Delay = 8.75> <CoreType = "Generic">   --->   Core 0 '' <Latency = 0> <II = 1> <Delay = 1.00> <Generic> <Opcode : >

State 9 <SV = 8> <Delay = 8.75>
ST_9 : Operation 90 [35/38] (8.75ns)   --->   "%tmp_i = call fastcc double @"pow_generic<double>"(double %x_assign) nounwind" [r:/builds/2019.2/continuous/2019_11_06_2708876/src/products/hls/hls_lib/hlsmath/src/c/powdouble.cpp:7->math.cpp:9]   --->   Operation 90 'call' 'tmp_i' <Predicate = true> <Delay = 8.75> <CoreType = "Generic">   --->   Core 0 '' <Latency = 0> <II = 1> <Delay = 1.00> <Generic> <Opcode : >
ST_9 : Operation 91 [35/38] (8.75ns)   --->   "%tmp_i1 = call fastcc double @"pow_generic<double>"(double %x_assign_1) nounwind" [r:/builds/2019.2/continuous/2019_11_06_2708876/src/products/hls/hls_lib/hlsmath/src/c/powdouble.cpp:7->math.cpp:9]   --->   Operation 91 'call' 'tmp_i1' <Predicate = true> <Delay = 8.75> <CoreType = "Generic">   --->   Core 0 '' <Latency = 0> <II = 1> <Delay = 1.00> <Generic> <Opcode : >

State 10 <SV = 9> <Delay = 8.75>
ST_10 : Operation 92 [34/38] (8.75ns)   --->   "%tmp_i = call fastcc double @"pow_generic<double>"(double %x_assign) nounwind" [r:/builds/2019.2/continuous/2019_11_06_2708876/src/products/hls/hls_lib/hlsmath/src/c/powdouble.cpp:7->math.cpp:9]   --->   Operation 92 'call' 'tmp_i' <Predicate = true> <Delay = 8.75> <CoreType = "Generic">   --->   Core 0 '' <Latency = 0> <II = 1> <Delay = 1.00> <Generic> <Opcode : >
ST_10 : Operation 93 [34/38] (8.75ns)   --->   "%tmp_i1 = call fastcc double @"pow_generic<double>"(double %x_assign_1) nounwind" [r:/builds/2019.2/continuous/2019_11_06_2708876/src/products/hls/hls_lib/hlsmath/src/c/powdouble.cpp:7->math.cpp:9]   --->   Operation 93 'call' 'tmp_i1' <Predicate = true> <Delay = 8.75> <CoreType = "Generic">   --->   Core 0 '' <Latency = 0> <II = 1> <Delay = 1.00> <Generic> <Opcode : >

State 11 <SV = 10> <Delay = 8.75>
ST_11 : Operation 94 [33/38] (8.75ns)   --->   "%tmp_i = call fastcc double @"pow_generic<double>"(double %x_assign) nounwind" [r:/builds/2019.2/continuous/2019_11_06_2708876/src/products/hls/hls_lib/hlsmath/src/c/powdouble.cpp:7->math.cpp:9]   --->   Operation 94 'call' 'tmp_i' <Predicate = true> <Delay = 8.75> <CoreType = "Generic">   --->   Core 0 '' <Latency = 0> <II = 1> <Delay = 1.00> <Generic> <Opcode : >
ST_11 : Operation 95 [33/38] (8.75ns)   --->   "%tmp_i1 = call fastcc double @"pow_generic<double>"(double %x_assign_1) nounwind" [r:/builds/2019.2/continuous/2019_11_06_2708876/src/products/hls/hls_lib/hlsmath/src/c/powdouble.cpp:7->math.cpp:9]   --->   Operation 95 'call' 'tmp_i1' <Predicate = true> <Delay = 8.75> <CoreType = "Generic">   --->   Core 0 '' <Latency = 0> <II = 1> <Delay = 1.00> <Generic> <Opcode : >

State 12 <SV = 11> <Delay = 8.75>
ST_12 : Operation 96 [32/38] (8.75ns)   --->   "%tmp_i = call fastcc double @"pow_generic<double>"(double %x_assign) nounwind" [r:/builds/2019.2/continuous/2019_11_06_2708876/src/products/hls/hls_lib/hlsmath/src/c/powdouble.cpp:7->math.cpp:9]   --->   Operation 96 'call' 'tmp_i' <Predicate = true> <Delay = 8.75> <CoreType = "Generic">   --->   Core 0 '' <Latency = 0> <II = 1> <Delay = 1.00> <Generic> <Opcode : >
ST_12 : Operation 97 [32/38] (8.75ns)   --->   "%tmp_i1 = call fastcc double @"pow_generic<double>"(double %x_assign_1) nounwind" [r:/builds/2019.2/continuous/2019_11_06_2708876/src/products/hls/hls_lib/hlsmath/src/c/powdouble.cpp:7->math.cpp:9]   --->   Operation 97 'call' 'tmp_i1' <Predicate = true> <Delay = 8.75> <CoreType = "Generic">   --->   Core 0 '' <Latency = 0> <II = 1> <Delay = 1.00> <Generic> <Opcode : >

State 13 <SV = 12> <Delay = 8.75>
ST_13 : Operation 98 [31/38] (8.75ns)   --->   "%tmp_i = call fastcc double @"pow_generic<double>"(double %x_assign) nounwind" [r:/builds/2019.2/continuous/2019_11_06_2708876/src/products/hls/hls_lib/hlsmath/src/c/powdouble.cpp:7->math.cpp:9]   --->   Operation 98 'call' 'tmp_i' <Predicate = true> <Delay = 8.75> <CoreType = "Generic">   --->   Core 0 '' <Latency = 0> <II = 1> <Delay = 1.00> <Generic> <Opcode : >
ST_13 : Operation 99 [31/38] (8.75ns)   --->   "%tmp_i1 = call fastcc double @"pow_generic<double>"(double %x_assign_1) nounwind" [r:/builds/2019.2/continuous/2019_11_06_2708876/src/products/hls/hls_lib/hlsmath/src/c/powdouble.cpp:7->math.cpp:9]   --->   Operation 99 'call' 'tmp_i1' <Predicate = true> <Delay = 8.75> <CoreType = "Generic">   --->   Core 0 '' <Latency = 0> <II = 1> <Delay = 1.00> <Generic> <Opcode : >

State 14 <SV = 13> <Delay = 8.75>
ST_14 : Operation 100 [30/38] (8.75ns)   --->   "%tmp_i = call fastcc double @"pow_generic<double>"(double %x_assign) nounwind" [r:/builds/2019.2/continuous/2019_11_06_2708876/src/products/hls/hls_lib/hlsmath/src/c/powdouble.cpp:7->math.cpp:9]   --->   Operation 100 'call' 'tmp_i' <Predicate = true> <Delay = 8.75> <CoreType = "Generic">   --->   Core 0 '' <Latency = 0> <II = 1> <Delay = 1.00> <Generic> <Opcode : >
ST_14 : Operation 101 [30/38] (8.75ns)   --->   "%tmp_i1 = call fastcc double @"pow_generic<double>"(double %x_assign_1) nounwind" [r:/builds/2019.2/continuous/2019_11_06_2708876/src/products/hls/hls_lib/hlsmath/src/c/powdouble.cpp:7->math.cpp:9]   --->   Operation 101 'call' 'tmp_i1' <Predicate = true> <Delay = 8.75> <CoreType = "Generic">   --->   Core 0 '' <Latency = 0> <II = 1> <Delay = 1.00> <Generic> <Opcode : >

State 15 <SV = 14> <Delay = 8.75>
ST_15 : Operation 102 [29/38] (8.75ns)   --->   "%tmp_i = call fastcc double @"pow_generic<double>"(double %x_assign) nounwind" [r:/builds/2019.2/continuous/2019_11_06_2708876/src/products/hls/hls_lib/hlsmath/src/c/powdouble.cpp:7->math.cpp:9]   --->   Operation 102 'call' 'tmp_i' <Predicate = true> <Delay = 8.75> <CoreType = "Generic">   --->   Core 0 '' <Latency = 0> <II = 1> <Delay = 1.00> <Generic> <Opcode : >
ST_15 : Operation 103 [29/38] (8.75ns)   --->   "%tmp_i1 = call fastcc double @"pow_generic<double>"(double %x_assign_1) nounwind" [r:/builds/2019.2/continuous/2019_11_06_2708876/src/products/hls/hls_lib/hlsmath/src/c/powdouble.cpp:7->math.cpp:9]   --->   Operation 103 'call' 'tmp_i1' <Predicate = true> <Delay = 8.75> <CoreType = "Generic">   --->   Core 0 '' <Latency = 0> <II = 1> <Delay = 1.00> <Generic> <Opcode : >

State 16 <SV = 15> <Delay = 8.75>
ST_16 : Operation 104 [28/38] (8.75ns)   --->   "%tmp_i = call fastcc double @"pow_generic<double>"(double %x_assign) nounwind" [r:/builds/2019.2/continuous/2019_11_06_2708876/src/products/hls/hls_lib/hlsmath/src/c/powdouble.cpp:7->math.cpp:9]   --->   Operation 104 'call' 'tmp_i' <Predicate = true> <Delay = 8.75> <CoreType = "Generic">   --->   Core 0 '' <Latency = 0> <II = 1> <Delay = 1.00> <Generic> <Opcode : >
ST_16 : Operation 105 [28/38] (8.75ns)   --->   "%tmp_i1 = call fastcc double @"pow_generic<double>"(double %x_assign_1) nounwind" [r:/builds/2019.2/continuous/2019_11_06_2708876/src/products/hls/hls_lib/hlsmath/src/c/powdouble.cpp:7->math.cpp:9]   --->   Operation 105 'call' 'tmp_i1' <Predicate = true> <Delay = 8.75> <CoreType = "Generic">   --->   Core 0 '' <Latency = 0> <II = 1> <Delay = 1.00> <Generic> <Opcode : >

State 17 <SV = 16> <Delay = 8.75>
ST_17 : Operation 106 [27/38] (8.75ns)   --->   "%tmp_i = call fastcc double @"pow_generic<double>"(double %x_assign) nounwind" [r:/builds/2019.2/continuous/2019_11_06_2708876/src/products/hls/hls_lib/hlsmath/src/c/powdouble.cpp:7->math.cpp:9]   --->   Operation 106 'call' 'tmp_i' <Predicate = true> <Delay = 8.75> <CoreType = "Generic">   --->   Core 0 '' <Latency = 0> <II = 1> <Delay = 1.00> <Generic> <Opcode : >
ST_17 : Operation 107 [27/38] (8.75ns)   --->   "%tmp_i1 = call fastcc double @"pow_generic<double>"(double %x_assign_1) nounwind" [r:/builds/2019.2/continuous/2019_11_06_2708876/src/products/hls/hls_lib/hlsmath/src/c/powdouble.cpp:7->math.cpp:9]   --->   Operation 107 'call' 'tmp_i1' <Predicate = true> <Delay = 8.75> <CoreType = "Generic">   --->   Core 0 '' <Latency = 0> <II = 1> <Delay = 1.00> <Generic> <Opcode : >

State 18 <SV = 17> <Delay = 8.75>
ST_18 : Operation 108 [26/38] (8.75ns)   --->   "%tmp_i = call fastcc double @"pow_generic<double>"(double %x_assign) nounwind" [r:/builds/2019.2/continuous/2019_11_06_2708876/src/products/hls/hls_lib/hlsmath/src/c/powdouble.cpp:7->math.cpp:9]   --->   Operation 108 'call' 'tmp_i' <Predicate = true> <Delay = 8.75> <CoreType = "Generic">   --->   Core 0 '' <Latency = 0> <II = 1> <Delay = 1.00> <Generic> <Opcode : >
ST_18 : Operation 109 [26/38] (8.75ns)   --->   "%tmp_i1 = call fastcc double @"pow_generic<double>"(double %x_assign_1) nounwind" [r:/builds/2019.2/continuous/2019_11_06_2708876/src/products/hls/hls_lib/hlsmath/src/c/powdouble.cpp:7->math.cpp:9]   --->   Operation 109 'call' 'tmp_i1' <Predicate = true> <Delay = 8.75> <CoreType = "Generic">   --->   Core 0 '' <Latency = 0> <II = 1> <Delay = 1.00> <Generic> <Opcode : >

State 19 <SV = 18> <Delay = 8.75>
ST_19 : Operation 110 [25/38] (8.75ns)   --->   "%tmp_i = call fastcc double @"pow_generic<double>"(double %x_assign) nounwind" [r:/builds/2019.2/continuous/2019_11_06_2708876/src/products/hls/hls_lib/hlsmath/src/c/powdouble.cpp:7->math.cpp:9]   --->   Operation 110 'call' 'tmp_i' <Predicate = true> <Delay = 8.75> <CoreType = "Generic">   --->   Core 0 '' <Latency = 0> <II = 1> <Delay = 1.00> <Generic> <Opcode : >
ST_19 : Operation 111 [25/38] (8.75ns)   --->   "%tmp_i1 = call fastcc double @"pow_generic<double>"(double %x_assign_1) nounwind" [r:/builds/2019.2/continuous/2019_11_06_2708876/src/products/hls/hls_lib/hlsmath/src/c/powdouble.cpp:7->math.cpp:9]   --->   Operation 111 'call' 'tmp_i1' <Predicate = true> <Delay = 8.75> <CoreType = "Generic">   --->   Core 0 '' <Latency = 0> <II = 1> <Delay = 1.00> <Generic> <Opcode : >

State 20 <SV = 19> <Delay = 8.75>
ST_20 : Operation 112 [24/38] (8.75ns)   --->   "%tmp_i = call fastcc double @"pow_generic<double>"(double %x_assign) nounwind" [r:/builds/2019.2/continuous/2019_11_06_2708876/src/products/hls/hls_lib/hlsmath/src/c/powdouble.cpp:7->math.cpp:9]   --->   Operation 112 'call' 'tmp_i' <Predicate = true> <Delay = 8.75> <CoreType = "Generic">   --->   Core 0 '' <Latency = 0> <II = 1> <Delay = 1.00> <Generic> <Opcode : >
ST_20 : Operation 113 [24/38] (8.75ns)   --->   "%tmp_i1 = call fastcc double @"pow_generic<double>"(double %x_assign_1) nounwind" [r:/builds/2019.2/continuous/2019_11_06_2708876/src/products/hls/hls_lib/hlsmath/src/c/powdouble.cpp:7->math.cpp:9]   --->   Operation 113 'call' 'tmp_i1' <Predicate = true> <Delay = 8.75> <CoreType = "Generic">   --->   Core 0 '' <Latency = 0> <II = 1> <Delay = 1.00> <Generic> <Opcode : >

State 21 <SV = 20> <Delay = 8.75>
ST_21 : Operation 114 [23/38] (8.75ns)   --->   "%tmp_i = call fastcc double @"pow_generic<double>"(double %x_assign) nounwind" [r:/builds/2019.2/continuous/2019_11_06_2708876/src/products/hls/hls_lib/hlsmath/src/c/powdouble.cpp:7->math.cpp:9]   --->   Operation 114 'call' 'tmp_i' <Predicate = true> <Delay = 8.75> <CoreType = "Generic">   --->   Core 0 '' <Latency = 0> <II = 1> <Delay = 1.00> <Generic> <Opcode : >
ST_21 : Operation 115 [23/38] (8.75ns)   --->   "%tmp_i1 = call fastcc double @"pow_generic<double>"(double %x_assign_1) nounwind" [r:/builds/2019.2/continuous/2019_11_06_2708876/src/products/hls/hls_lib/hlsmath/src/c/powdouble.cpp:7->math.cpp:9]   --->   Operation 115 'call' 'tmp_i1' <Predicate = true> <Delay = 8.75> <CoreType = "Generic">   --->   Core 0 '' <Latency = 0> <II = 1> <Delay = 1.00> <Generic> <Opcode : >

State 22 <SV = 21> <Delay = 8.75>
ST_22 : Operation 116 [22/38] (8.75ns)   --->   "%tmp_i = call fastcc double @"pow_generic<double>"(double %x_assign) nounwind" [r:/builds/2019.2/continuous/2019_11_06_2708876/src/products/hls/hls_lib/hlsmath/src/c/powdouble.cpp:7->math.cpp:9]   --->   Operation 116 'call' 'tmp_i' <Predicate = true> <Delay = 8.75> <CoreType = "Generic">   --->   Core 0 '' <Latency = 0> <II = 1> <Delay = 1.00> <Generic> <Opcode : >
ST_22 : Operation 117 [22/38] (8.75ns)   --->   "%tmp_i1 = call fastcc double @"pow_generic<double>"(double %x_assign_1) nounwind" [r:/builds/2019.2/continuous/2019_11_06_2708876/src/products/hls/hls_lib/hlsmath/src/c/powdouble.cpp:7->math.cpp:9]   --->   Operation 117 'call' 'tmp_i1' <Predicate = true> <Delay = 8.75> <CoreType = "Generic">   --->   Core 0 '' <Latency = 0> <II = 1> <Delay = 1.00> <Generic> <Opcode : >

State 23 <SV = 22> <Delay = 8.75>
ST_23 : Operation 118 [21/38] (8.75ns)   --->   "%tmp_i = call fastcc double @"pow_generic<double>"(double %x_assign) nounwind" [r:/builds/2019.2/continuous/2019_11_06_2708876/src/products/hls/hls_lib/hlsmath/src/c/powdouble.cpp:7->math.cpp:9]   --->   Operation 118 'call' 'tmp_i' <Predicate = true> <Delay = 8.75> <CoreType = "Generic">   --->   Core 0 '' <Latency = 0> <II = 1> <Delay = 1.00> <Generic> <Opcode : >
ST_23 : Operation 119 [21/38] (8.75ns)   --->   "%tmp_i1 = call fastcc double @"pow_generic<double>"(double %x_assign_1) nounwind" [r:/builds/2019.2/continuous/2019_11_06_2708876/src/products/hls/hls_lib/hlsmath/src/c/powdouble.cpp:7->math.cpp:9]   --->   Operation 119 'call' 'tmp_i1' <Predicate = true> <Delay = 8.75> <CoreType = "Generic">   --->   Core 0 '' <Latency = 0> <II = 1> <Delay = 1.00> <Generic> <Opcode : >

State 24 <SV = 23> <Delay = 8.75>
ST_24 : Operation 120 [20/38] (8.75ns)   --->   "%tmp_i = call fastcc double @"pow_generic<double>"(double %x_assign) nounwind" [r:/builds/2019.2/continuous/2019_11_06_2708876/src/products/hls/hls_lib/hlsmath/src/c/powdouble.cpp:7->math.cpp:9]   --->   Operation 120 'call' 'tmp_i' <Predicate = true> <Delay = 8.75> <CoreType = "Generic">   --->   Core 0 '' <Latency = 0> <II = 1> <Delay = 1.00> <Generic> <Opcode : >
ST_24 : Operation 121 [20/38] (8.75ns)   --->   "%tmp_i1 = call fastcc double @"pow_generic<double>"(double %x_assign_1) nounwind" [r:/builds/2019.2/continuous/2019_11_06_2708876/src/products/hls/hls_lib/hlsmath/src/c/powdouble.cpp:7->math.cpp:9]   --->   Operation 121 'call' 'tmp_i1' <Predicate = true> <Delay = 8.75> <CoreType = "Generic">   --->   Core 0 '' <Latency = 0> <II = 1> <Delay = 1.00> <Generic> <Opcode : >

State 25 <SV = 24> <Delay = 8.75>
ST_25 : Operation 122 [19/38] (8.75ns)   --->   "%tmp_i = call fastcc double @"pow_generic<double>"(double %x_assign) nounwind" [r:/builds/2019.2/continuous/2019_11_06_2708876/src/products/hls/hls_lib/hlsmath/src/c/powdouble.cpp:7->math.cpp:9]   --->   Operation 122 'call' 'tmp_i' <Predicate = true> <Delay = 8.75> <CoreType = "Generic">   --->   Core 0 '' <Latency = 0> <II = 1> <Delay = 1.00> <Generic> <Opcode : >
ST_25 : Operation 123 [19/38] (8.75ns)   --->   "%tmp_i1 = call fastcc double @"pow_generic<double>"(double %x_assign_1) nounwind" [r:/builds/2019.2/continuous/2019_11_06_2708876/src/products/hls/hls_lib/hlsmath/src/c/powdouble.cpp:7->math.cpp:9]   --->   Operation 123 'call' 'tmp_i1' <Predicate = true> <Delay = 8.75> <CoreType = "Generic">   --->   Core 0 '' <Latency = 0> <II = 1> <Delay = 1.00> <Generic> <Opcode : >

State 26 <SV = 25> <Delay = 8.75>
ST_26 : Operation 124 [18/38] (8.75ns)   --->   "%tmp_i = call fastcc double @"pow_generic<double>"(double %x_assign) nounwind" [r:/builds/2019.2/continuous/2019_11_06_2708876/src/products/hls/hls_lib/hlsmath/src/c/powdouble.cpp:7->math.cpp:9]   --->   Operation 124 'call' 'tmp_i' <Predicate = true> <Delay = 8.75> <CoreType = "Generic">   --->   Core 0 '' <Latency = 0> <II = 1> <Delay = 1.00> <Generic> <Opcode : >
ST_26 : Operation 125 [18/38] (8.75ns)   --->   "%tmp_i1 = call fastcc double @"pow_generic<double>"(double %x_assign_1) nounwind" [r:/builds/2019.2/continuous/2019_11_06_2708876/src/products/hls/hls_lib/hlsmath/src/c/powdouble.cpp:7->math.cpp:9]   --->   Operation 125 'call' 'tmp_i1' <Predicate = true> <Delay = 8.75> <CoreType = "Generic">   --->   Core 0 '' <Latency = 0> <II = 1> <Delay = 1.00> <Generic> <Opcode : >

State 27 <SV = 26> <Delay = 8.75>
ST_27 : Operation 126 [17/38] (8.75ns)   --->   "%tmp_i = call fastcc double @"pow_generic<double>"(double %x_assign) nounwind" [r:/builds/2019.2/continuous/2019_11_06_2708876/src/products/hls/hls_lib/hlsmath/src/c/powdouble.cpp:7->math.cpp:9]   --->   Operation 126 'call' 'tmp_i' <Predicate = true> <Delay = 8.75> <CoreType = "Generic">   --->   Core 0 '' <Latency = 0> <II = 1> <Delay = 1.00> <Generic> <Opcode : >
ST_27 : Operation 127 [17/38] (8.75ns)   --->   "%tmp_i1 = call fastcc double @"pow_generic<double>"(double %x_assign_1) nounwind" [r:/builds/2019.2/continuous/2019_11_06_2708876/src/products/hls/hls_lib/hlsmath/src/c/powdouble.cpp:7->math.cpp:9]   --->   Operation 127 'call' 'tmp_i1' <Predicate = true> <Delay = 8.75> <CoreType = "Generic">   --->   Core 0 '' <Latency = 0> <II = 1> <Delay = 1.00> <Generic> <Opcode : >

State 28 <SV = 27> <Delay = 8.75>
ST_28 : Operation 128 [16/38] (8.75ns)   --->   "%tmp_i = call fastcc double @"pow_generic<double>"(double %x_assign) nounwind" [r:/builds/2019.2/continuous/2019_11_06_2708876/src/products/hls/hls_lib/hlsmath/src/c/powdouble.cpp:7->math.cpp:9]   --->   Operation 128 'call' 'tmp_i' <Predicate = true> <Delay = 8.75> <CoreType = "Generic">   --->   Core 0 '' <Latency = 0> <II = 1> <Delay = 1.00> <Generic> <Opcode : >
ST_28 : Operation 129 [16/38] (8.75ns)   --->   "%tmp_i1 = call fastcc double @"pow_generic<double>"(double %x_assign_1) nounwind" [r:/builds/2019.2/continuous/2019_11_06_2708876/src/products/hls/hls_lib/hlsmath/src/c/powdouble.cpp:7->math.cpp:9]   --->   Operation 129 'call' 'tmp_i1' <Predicate = true> <Delay = 8.75> <CoreType = "Generic">   --->   Core 0 '' <Latency = 0> <II = 1> <Delay = 1.00> <Generic> <Opcode : >

State 29 <SV = 28> <Delay = 8.75>
ST_29 : Operation 130 [15/38] (8.75ns)   --->   "%tmp_i = call fastcc double @"pow_generic<double>"(double %x_assign) nounwind" [r:/builds/2019.2/continuous/2019_11_06_2708876/src/products/hls/hls_lib/hlsmath/src/c/powdouble.cpp:7->math.cpp:9]   --->   Operation 130 'call' 'tmp_i' <Predicate = true> <Delay = 8.75> <CoreType = "Generic">   --->   Core 0 '' <Latency = 0> <II = 1> <Delay = 1.00> <Generic> <Opcode : >
ST_29 : Operation 131 [15/38] (8.75ns)   --->   "%tmp_i1 = call fastcc double @"pow_generic<double>"(double %x_assign_1) nounwind" [r:/builds/2019.2/continuous/2019_11_06_2708876/src/products/hls/hls_lib/hlsmath/src/c/powdouble.cpp:7->math.cpp:9]   --->   Operation 131 'call' 'tmp_i1' <Predicate = true> <Delay = 8.75> <CoreType = "Generic">   --->   Core 0 '' <Latency = 0> <II = 1> <Delay = 1.00> <Generic> <Opcode : >

State 30 <SV = 29> <Delay = 8.75>
ST_30 : Operation 132 [14/38] (8.75ns)   --->   "%tmp_i = call fastcc double @"pow_generic<double>"(double %x_assign) nounwind" [r:/builds/2019.2/continuous/2019_11_06_2708876/src/products/hls/hls_lib/hlsmath/src/c/powdouble.cpp:7->math.cpp:9]   --->   Operation 132 'call' 'tmp_i' <Predicate = true> <Delay = 8.75> <CoreType = "Generic">   --->   Core 0 '' <Latency = 0> <II = 1> <Delay = 1.00> <Generic> <Opcode : >
ST_30 : Operation 133 [14/38] (8.75ns)   --->   "%tmp_i1 = call fastcc double @"pow_generic<double>"(double %x_assign_1) nounwind" [r:/builds/2019.2/continuous/2019_11_06_2708876/src/products/hls/hls_lib/hlsmath/src/c/powdouble.cpp:7->math.cpp:9]   --->   Operation 133 'call' 'tmp_i1' <Predicate = true> <Delay = 8.75> <CoreType = "Generic">   --->   Core 0 '' <Latency = 0> <II = 1> <Delay = 1.00> <Generic> <Opcode : >

State 31 <SV = 30> <Delay = 8.75>
ST_31 : Operation 134 [13/38] (8.75ns)   --->   "%tmp_i = call fastcc double @"pow_generic<double>"(double %x_assign) nounwind" [r:/builds/2019.2/continuous/2019_11_06_2708876/src/products/hls/hls_lib/hlsmath/src/c/powdouble.cpp:7->math.cpp:9]   --->   Operation 134 'call' 'tmp_i' <Predicate = true> <Delay = 8.75> <CoreType = "Generic">   --->   Core 0 '' <Latency = 0> <II = 1> <Delay = 1.00> <Generic> <Opcode : >
ST_31 : Operation 135 [13/38] (8.75ns)   --->   "%tmp_i1 = call fastcc double @"pow_generic<double>"(double %x_assign_1) nounwind" [r:/builds/2019.2/continuous/2019_11_06_2708876/src/products/hls/hls_lib/hlsmath/src/c/powdouble.cpp:7->math.cpp:9]   --->   Operation 135 'call' 'tmp_i1' <Predicate = true> <Delay = 8.75> <CoreType = "Generic">   --->   Core 0 '' <Latency = 0> <II = 1> <Delay = 1.00> <Generic> <Opcode : >

State 32 <SV = 31> <Delay = 8.75>
ST_32 : Operation 136 [12/38] (8.75ns)   --->   "%tmp_i = call fastcc double @"pow_generic<double>"(double %x_assign) nounwind" [r:/builds/2019.2/continuous/2019_11_06_2708876/src/products/hls/hls_lib/hlsmath/src/c/powdouble.cpp:7->math.cpp:9]   --->   Operation 136 'call' 'tmp_i' <Predicate = true> <Delay = 8.75> <CoreType = "Generic">   --->   Core 0 '' <Latency = 0> <II = 1> <Delay = 1.00> <Generic> <Opcode : >
ST_32 : Operation 137 [12/38] (8.75ns)   --->   "%tmp_i1 = call fastcc double @"pow_generic<double>"(double %x_assign_1) nounwind" [r:/builds/2019.2/continuous/2019_11_06_2708876/src/products/hls/hls_lib/hlsmath/src/c/powdouble.cpp:7->math.cpp:9]   --->   Operation 137 'call' 'tmp_i1' <Predicate = true> <Delay = 8.75> <CoreType = "Generic">   --->   Core 0 '' <Latency = 0> <II = 1> <Delay = 1.00> <Generic> <Opcode : >

State 33 <SV = 32> <Delay = 8.75>
ST_33 : Operation 138 [11/38] (8.75ns)   --->   "%tmp_i = call fastcc double @"pow_generic<double>"(double %x_assign) nounwind" [r:/builds/2019.2/continuous/2019_11_06_2708876/src/products/hls/hls_lib/hlsmath/src/c/powdouble.cpp:7->math.cpp:9]   --->   Operation 138 'call' 'tmp_i' <Predicate = true> <Delay = 8.75> <CoreType = "Generic">   --->   Core 0 '' <Latency = 0> <II = 1> <Delay = 1.00> <Generic> <Opcode : >
ST_33 : Operation 139 [11/38] (8.75ns)   --->   "%tmp_i1 = call fastcc double @"pow_generic<double>"(double %x_assign_1) nounwind" [r:/builds/2019.2/continuous/2019_11_06_2708876/src/products/hls/hls_lib/hlsmath/src/c/powdouble.cpp:7->math.cpp:9]   --->   Operation 139 'call' 'tmp_i1' <Predicate = true> <Delay = 8.75> <CoreType = "Generic">   --->   Core 0 '' <Latency = 0> <II = 1> <Delay = 1.00> <Generic> <Opcode : >

State 34 <SV = 33> <Delay = 8.75>
ST_34 : Operation 140 [10/38] (8.75ns)   --->   "%tmp_i = call fastcc double @"pow_generic<double>"(double %x_assign) nounwind" [r:/builds/2019.2/continuous/2019_11_06_2708876/src/products/hls/hls_lib/hlsmath/src/c/powdouble.cpp:7->math.cpp:9]   --->   Operation 140 'call' 'tmp_i' <Predicate = true> <Delay = 8.75> <CoreType = "Generic">   --->   Core 0 '' <Latency = 0> <II = 1> <Delay = 1.00> <Generic> <Opcode : >
ST_34 : Operation 141 [10/38] (8.75ns)   --->   "%tmp_i1 = call fastcc double @"pow_generic<double>"(double %x_assign_1) nounwind" [r:/builds/2019.2/continuous/2019_11_06_2708876/src/products/hls/hls_lib/hlsmath/src/c/powdouble.cpp:7->math.cpp:9]   --->   Operation 141 'call' 'tmp_i1' <Predicate = true> <Delay = 8.75> <CoreType = "Generic">   --->   Core 0 '' <Latency = 0> <II = 1> <Delay = 1.00> <Generic> <Opcode : >

State 35 <SV = 34> <Delay = 8.75>
ST_35 : Operation 142 [9/38] (8.75ns)   --->   "%tmp_i = call fastcc double @"pow_generic<double>"(double %x_assign) nounwind" [r:/builds/2019.2/continuous/2019_11_06_2708876/src/products/hls/hls_lib/hlsmath/src/c/powdouble.cpp:7->math.cpp:9]   --->   Operation 142 'call' 'tmp_i' <Predicate = true> <Delay = 8.75> <CoreType = "Generic">   --->   Core 0 '' <Latency = 0> <II = 1> <Delay = 1.00> <Generic> <Opcode : >
ST_35 : Operation 143 [9/38] (8.75ns)   --->   "%tmp_i1 = call fastcc double @"pow_generic<double>"(double %x_assign_1) nounwind" [r:/builds/2019.2/continuous/2019_11_06_2708876/src/products/hls/hls_lib/hlsmath/src/c/powdouble.cpp:7->math.cpp:9]   --->   Operation 143 'call' 'tmp_i1' <Predicate = true> <Delay = 8.75> <CoreType = "Generic">   --->   Core 0 '' <Latency = 0> <II = 1> <Delay = 1.00> <Generic> <Opcode : >

State 36 <SV = 35> <Delay = 8.75>
ST_36 : Operation 144 [8/38] (8.75ns)   --->   "%tmp_i = call fastcc double @"pow_generic<double>"(double %x_assign) nounwind" [r:/builds/2019.2/continuous/2019_11_06_2708876/src/products/hls/hls_lib/hlsmath/src/c/powdouble.cpp:7->math.cpp:9]   --->   Operation 144 'call' 'tmp_i' <Predicate = true> <Delay = 8.75> <CoreType = "Generic">   --->   Core 0 '' <Latency = 0> <II = 1> <Delay = 1.00> <Generic> <Opcode : >
ST_36 : Operation 145 [8/38] (8.75ns)   --->   "%tmp_i1 = call fastcc double @"pow_generic<double>"(double %x_assign_1) nounwind" [r:/builds/2019.2/continuous/2019_11_06_2708876/src/products/hls/hls_lib/hlsmath/src/c/powdouble.cpp:7->math.cpp:9]   --->   Operation 145 'call' 'tmp_i1' <Predicate = true> <Delay = 8.75> <CoreType = "Generic">   --->   Core 0 '' <Latency = 0> <II = 1> <Delay = 1.00> <Generic> <Opcode : >

State 37 <SV = 36> <Delay = 8.75>
ST_37 : Operation 146 [7/38] (8.75ns)   --->   "%tmp_i = call fastcc double @"pow_generic<double>"(double %x_assign) nounwind" [r:/builds/2019.2/continuous/2019_11_06_2708876/src/products/hls/hls_lib/hlsmath/src/c/powdouble.cpp:7->math.cpp:9]   --->   Operation 146 'call' 'tmp_i' <Predicate = true> <Delay = 8.75> <CoreType = "Generic">   --->   Core 0 '' <Latency = 0> <II = 1> <Delay = 1.00> <Generic> <Opcode : >
ST_37 : Operation 147 [7/38] (8.75ns)   --->   "%tmp_i1 = call fastcc double @"pow_generic<double>"(double %x_assign_1) nounwind" [r:/builds/2019.2/continuous/2019_11_06_2708876/src/products/hls/hls_lib/hlsmath/src/c/powdouble.cpp:7->math.cpp:9]   --->   Operation 147 'call' 'tmp_i1' <Predicate = true> <Delay = 8.75> <CoreType = "Generic">   --->   Core 0 '' <Latency = 0> <II = 1> <Delay = 1.00> <Generic> <Opcode : >

State 38 <SV = 37> <Delay = 8.75>
ST_38 : Operation 148 [6/38] (8.75ns)   --->   "%tmp_i = call fastcc double @"pow_generic<double>"(double %x_assign) nounwind" [r:/builds/2019.2/continuous/2019_11_06_2708876/src/products/hls/hls_lib/hlsmath/src/c/powdouble.cpp:7->math.cpp:9]   --->   Operation 148 'call' 'tmp_i' <Predicate = true> <Delay = 8.75> <CoreType = "Generic">   --->   Core 0 '' <Latency = 0> <II = 1> <Delay = 1.00> <Generic> <Opcode : >
ST_38 : Operation 149 [6/38] (8.75ns)   --->   "%tmp_i1 = call fastcc double @"pow_generic<double>"(double %x_assign_1) nounwind" [r:/builds/2019.2/continuous/2019_11_06_2708876/src/products/hls/hls_lib/hlsmath/src/c/powdouble.cpp:7->math.cpp:9]   --->   Operation 149 'call' 'tmp_i1' <Predicate = true> <Delay = 8.75> <CoreType = "Generic">   --->   Core 0 '' <Latency = 0> <II = 1> <Delay = 1.00> <Generic> <Opcode : >

State 39 <SV = 38> <Delay = 8.75>
ST_39 : Operation 150 [5/38] (8.75ns)   --->   "%tmp_i = call fastcc double @"pow_generic<double>"(double %x_assign) nounwind" [r:/builds/2019.2/continuous/2019_11_06_2708876/src/products/hls/hls_lib/hlsmath/src/c/powdouble.cpp:7->math.cpp:9]   --->   Operation 150 'call' 'tmp_i' <Predicate = true> <Delay = 8.75> <CoreType = "Generic">   --->   Core 0 '' <Latency = 0> <II = 1> <Delay = 1.00> <Generic> <Opcode : >
ST_39 : Operation 151 [5/38] (8.75ns)   --->   "%tmp_i1 = call fastcc double @"pow_generic<double>"(double %x_assign_1) nounwind" [r:/builds/2019.2/continuous/2019_11_06_2708876/src/products/hls/hls_lib/hlsmath/src/c/powdouble.cpp:7->math.cpp:9]   --->   Operation 151 'call' 'tmp_i1' <Predicate = true> <Delay = 8.75> <CoreType = "Generic">   --->   Core 0 '' <Latency = 0> <II = 1> <Delay = 1.00> <Generic> <Opcode : >

State 40 <SV = 39> <Delay = 8.75>
ST_40 : Operation 152 [4/38] (8.75ns)   --->   "%tmp_i = call fastcc double @"pow_generic<double>"(double %x_assign) nounwind" [r:/builds/2019.2/continuous/2019_11_06_2708876/src/products/hls/hls_lib/hlsmath/src/c/powdouble.cpp:7->math.cpp:9]   --->   Operation 152 'call' 'tmp_i' <Predicate = true> <Delay = 8.75> <CoreType = "Generic">   --->   Core 0 '' <Latency = 0> <II = 1> <Delay = 1.00> <Generic> <Opcode : >
ST_40 : Operation 153 [4/38] (8.75ns)   --->   "%tmp_i1 = call fastcc double @"pow_generic<double>"(double %x_assign_1) nounwind" [r:/builds/2019.2/continuous/2019_11_06_2708876/src/products/hls/hls_lib/hlsmath/src/c/powdouble.cpp:7->math.cpp:9]   --->   Operation 153 'call' 'tmp_i1' <Predicate = true> <Delay = 8.75> <CoreType = "Generic">   --->   Core 0 '' <Latency = 0> <II = 1> <Delay = 1.00> <Generic> <Opcode : >

State 41 <SV = 40> <Delay = 8.75>
ST_41 : Operation 154 [3/38] (8.75ns)   --->   "%tmp_i = call fastcc double @"pow_generic<double>"(double %x_assign) nounwind" [r:/builds/2019.2/continuous/2019_11_06_2708876/src/products/hls/hls_lib/hlsmath/src/c/powdouble.cpp:7->math.cpp:9]   --->   Operation 154 'call' 'tmp_i' <Predicate = true> <Delay = 8.75> <CoreType = "Generic">   --->   Core 0 '' <Latency = 0> <II = 1> <Delay = 1.00> <Generic> <Opcode : >
ST_41 : Operation 155 [3/38] (8.75ns)   --->   "%tmp_i1 = call fastcc double @"pow_generic<double>"(double %x_assign_1) nounwind" [r:/builds/2019.2/continuous/2019_11_06_2708876/src/products/hls/hls_lib/hlsmath/src/c/powdouble.cpp:7->math.cpp:9]   --->   Operation 155 'call' 'tmp_i1' <Predicate = true> <Delay = 8.75> <CoreType = "Generic">   --->   Core 0 '' <Latency = 0> <II = 1> <Delay = 1.00> <Generic> <Opcode : >

State 42 <SV = 41> <Delay = 8.75>
ST_42 : Operation 156 [2/38] (8.75ns)   --->   "%tmp_i = call fastcc double @"pow_generic<double>"(double %x_assign) nounwind" [r:/builds/2019.2/continuous/2019_11_06_2708876/src/products/hls/hls_lib/hlsmath/src/c/powdouble.cpp:7->math.cpp:9]   --->   Operation 156 'call' 'tmp_i' <Predicate = true> <Delay = 8.75> <CoreType = "Generic">   --->   Core 0 '' <Latency = 0> <II = 1> <Delay = 1.00> <Generic> <Opcode : >
ST_42 : Operation 157 [2/38] (8.75ns)   --->   "%tmp_i1 = call fastcc double @"pow_generic<double>"(double %x_assign_1) nounwind" [r:/builds/2019.2/continuous/2019_11_06_2708876/src/products/hls/hls_lib/hlsmath/src/c/powdouble.cpp:7->math.cpp:9]   --->   Operation 157 'call' 'tmp_i1' <Predicate = true> <Delay = 8.75> <CoreType = "Generic">   --->   Core 0 '' <Latency = 0> <II = 1> <Delay = 1.00> <Generic> <Opcode : >

State 43 <SV = 42> <Delay = 7.42>
ST_43 : Operation 158 [1/38] (7.42ns)   --->   "%tmp_i = call fastcc double @"pow_generic<double>"(double %x_assign) nounwind" [r:/builds/2019.2/continuous/2019_11_06_2708876/src/products/hls/hls_lib/hlsmath/src/c/powdouble.cpp:7->math.cpp:9]   --->   Operation 158 'call' 'tmp_i' <Predicate = true> <Delay = 7.42> <CoreType = "Generic">   --->   Core 0 '' <Latency = 0> <II = 1> <Delay = 1.00> <Generic> <Opcode : >
ST_43 : Operation 159 [1/38] (7.42ns)   --->   "%tmp_i1 = call fastcc double @"pow_generic<double>"(double %x_assign_1) nounwind" [r:/builds/2019.2/continuous/2019_11_06_2708876/src/products/hls/hls_lib/hlsmath/src/c/powdouble.cpp:7->math.cpp:9]   --->   Operation 159 'call' 'tmp_i1' <Predicate = true> <Delay = 7.42> <CoreType = "Generic">   --->   Core 0 '' <Latency = 0> <II = 1> <Delay = 1.00> <Generic> <Opcode : >

State 44 <SV = 43> <Delay = 6.30>
ST_44 : Operation 160 [5/5] (6.30ns)   --->   "%x_assign_2 = fadd double %tmp_i, %tmp_i1" [math.cpp:9]   --->   Operation 160 'dadd' 'x_assign_2' <Predicate = true> <Delay = 6.30> <Core = "DAddSub">   --->   Core 115 'DAddSub' <Latency = 4> <II = 1> <Delay = 6.30> <FuncUnit> <Opcode : 'dadd' 'dsub'> <InPorts = 2> <OutPorts = 1>

State 45 <SV = 44> <Delay = 6.30>
ST_45 : Operation 161 [4/5] (6.30ns)   --->   "%x_assign_2 = fadd double %tmp_i, %tmp_i1" [math.cpp:9]   --->   Operation 161 'dadd' 'x_assign_2' <Predicate = true> <Delay = 6.30> <Core = "DAddSub">   --->   Core 115 'DAddSub' <Latency = 4> <II = 1> <Delay = 6.30> <FuncUnit> <Opcode : 'dadd' 'dsub'> <InPorts = 2> <OutPorts = 1>

State 46 <SV = 45> <Delay = 6.30>
ST_46 : Operation 162 [3/5] (6.30ns)   --->   "%x_assign_2 = fadd double %tmp_i, %tmp_i1" [math.cpp:9]   --->   Operation 162 'dadd' 'x_assign_2' <Predicate = true> <Delay = 6.30> <Core = "DAddSub">   --->   Core 115 'DAddSub' <Latency = 4> <II = 1> <Delay = 6.30> <FuncUnit> <Opcode : 'dadd' 'dsub'> <InPorts = 2> <OutPorts = 1>

State 47 <SV = 46> <Delay = 6.30>
ST_47 : Operation 163 [2/5] (6.30ns)   --->   "%x_assign_2 = fadd double %tmp_i, %tmp_i1" [math.cpp:9]   --->   Operation 163 'dadd' 'x_assign_2' <Predicate = true> <Delay = 6.30> <Core = "DAddSub">   --->   Core 115 'DAddSub' <Latency = 4> <II = 1> <Delay = 6.30> <FuncUnit> <Opcode : 'dadd' 'dsub'> <InPorts = 2> <OutPorts = 1>

State 48 <SV = 47> <Delay = 6.30>
ST_48 : Operation 164 [1/5] (6.30ns)   --->   "%x_assign_2 = fadd double %tmp_i, %tmp_i1" [math.cpp:9]   --->   Operation 164 'dadd' 'x_assign_2' <Predicate = true> <Delay = 6.30> <Core = "DAddSub">   --->   Core 115 'DAddSub' <Latency = 4> <II = 1> <Delay = 6.30> <FuncUnit> <Opcode : 'dadd' 'dsub'> <InPorts = 2> <OutPorts = 1>

State 49 <SV = 48> <Delay = 7.85>
ST_49 : Operation 165 [21/21] (7.85ns)   --->   "%tmp_i2 = call double @llvm.sqrt.f64(double %x_assign_2) nounwind" [r:/builds/2019.2/continuous/2019_11_06_2708876/src/products/hls/hls_lib/hlsmath/src/c++/sqrtdouble.cpp:7->math.cpp:9]   --->   Operation 165 'dsqrt' 'tmp_i2' <Predicate = true> <Delay = 7.85> <Core = "DSqrt">   --->   Core 118 'DSqrt' <Latency = 20> <II = 1> <Delay = 7.85> <FuncUnit> <Opcode : 'dsqrt'> <InPorts = 1> <OutPorts = 1>

State 50 <SV = 49> <Delay = 7.85>
ST_50 : Operation 166 [20/21] (7.85ns)   --->   "%tmp_i2 = call double @llvm.sqrt.f64(double %x_assign_2) nounwind" [r:/builds/2019.2/continuous/2019_11_06_2708876/src/products/hls/hls_lib/hlsmath/src/c++/sqrtdouble.cpp:7->math.cpp:9]   --->   Operation 166 'dsqrt' 'tmp_i2' <Predicate = true> <Delay = 7.85> <Core = "DSqrt">   --->   Core 118 'DSqrt' <Latency = 20> <II = 1> <Delay = 7.85> <FuncUnit> <Opcode : 'dsqrt'> <InPorts = 1> <OutPorts = 1>

State 51 <SV = 50> <Delay = 7.85>
ST_51 : Operation 167 [19/21] (7.85ns)   --->   "%tmp_i2 = call double @llvm.sqrt.f64(double %x_assign_2) nounwind" [r:/builds/2019.2/continuous/2019_11_06_2708876/src/products/hls/hls_lib/hlsmath/src/c++/sqrtdouble.cpp:7->math.cpp:9]   --->   Operation 167 'dsqrt' 'tmp_i2' <Predicate = true> <Delay = 7.85> <Core = "DSqrt">   --->   Core 118 'DSqrt' <Latency = 20> <II = 1> <Delay = 7.85> <FuncUnit> <Opcode : 'dsqrt'> <InPorts = 1> <OutPorts = 1>

State 52 <SV = 51> <Delay = 7.85>
ST_52 : Operation 168 [18/21] (7.85ns)   --->   "%tmp_i2 = call double @llvm.sqrt.f64(double %x_assign_2) nounwind" [r:/builds/2019.2/continuous/2019_11_06_2708876/src/products/hls/hls_lib/hlsmath/src/c++/sqrtdouble.cpp:7->math.cpp:9]   --->   Operation 168 'dsqrt' 'tmp_i2' <Predicate = true> <Delay = 7.85> <Core = "DSqrt">   --->   Core 118 'DSqrt' <Latency = 20> <II = 1> <Delay = 7.85> <FuncUnit> <Opcode : 'dsqrt'> <InPorts = 1> <OutPorts = 1>

State 53 <SV = 52> <Delay = 7.85>
ST_53 : Operation 169 [17/21] (7.85ns)   --->   "%tmp_i2 = call double @llvm.sqrt.f64(double %x_assign_2) nounwind" [r:/builds/2019.2/continuous/2019_11_06_2708876/src/products/hls/hls_lib/hlsmath/src/c++/sqrtdouble.cpp:7->math.cpp:9]   --->   Operation 169 'dsqrt' 'tmp_i2' <Predicate = true> <Delay = 7.85> <Core = "DSqrt">   --->   Core 118 'DSqrt' <Latency = 20> <II = 1> <Delay = 7.85> <FuncUnit> <Opcode : 'dsqrt'> <InPorts = 1> <OutPorts = 1>

State 54 <SV = 53> <Delay = 7.85>
ST_54 : Operation 170 [16/21] (7.85ns)   --->   "%tmp_i2 = call double @llvm.sqrt.f64(double %x_assign_2) nounwind" [r:/builds/2019.2/continuous/2019_11_06_2708876/src/products/hls/hls_lib/hlsmath/src/c++/sqrtdouble.cpp:7->math.cpp:9]   --->   Operation 170 'dsqrt' 'tmp_i2' <Predicate = true> <Delay = 7.85> <Core = "DSqrt">   --->   Core 118 'DSqrt' <Latency = 20> <II = 1> <Delay = 7.85> <FuncUnit> <Opcode : 'dsqrt'> <InPorts = 1> <OutPorts = 1>

State 55 <SV = 54> <Delay = 7.85>
ST_55 : Operation 171 [15/21] (7.85ns)   --->   "%tmp_i2 = call double @llvm.sqrt.f64(double %x_assign_2) nounwind" [r:/builds/2019.2/continuous/2019_11_06_2708876/src/products/hls/hls_lib/hlsmath/src/c++/sqrtdouble.cpp:7->math.cpp:9]   --->   Operation 171 'dsqrt' 'tmp_i2' <Predicate = true> <Delay = 7.85> <Core = "DSqrt">   --->   Core 118 'DSqrt' <Latency = 20> <II = 1> <Delay = 7.85> <FuncUnit> <Opcode : 'dsqrt'> <InPorts = 1> <OutPorts = 1>

State 56 <SV = 55> <Delay = 7.85>
ST_56 : Operation 172 [14/21] (7.85ns)   --->   "%tmp_i2 = call double @llvm.sqrt.f64(double %x_assign_2) nounwind" [r:/builds/2019.2/continuous/2019_11_06_2708876/src/products/hls/hls_lib/hlsmath/src/c++/sqrtdouble.cpp:7->math.cpp:9]   --->   Operation 172 'dsqrt' 'tmp_i2' <Predicate = true> <Delay = 7.85> <Core = "DSqrt">   --->   Core 118 'DSqrt' <Latency = 20> <II = 1> <Delay = 7.85> <FuncUnit> <Opcode : 'dsqrt'> <InPorts = 1> <OutPorts = 1>

State 57 <SV = 56> <Delay = 7.85>
ST_57 : Operation 173 [13/21] (7.85ns)   --->   "%tmp_i2 = call double @llvm.sqrt.f64(double %x_assign_2) nounwind" [r:/builds/2019.2/continuous/2019_11_06_2708876/src/products/hls/hls_lib/hlsmath/src/c++/sqrtdouble.cpp:7->math.cpp:9]   --->   Operation 173 'dsqrt' 'tmp_i2' <Predicate = true> <Delay = 7.85> <Core = "DSqrt">   --->   Core 118 'DSqrt' <Latency = 20> <II = 1> <Delay = 7.85> <FuncUnit> <Opcode : 'dsqrt'> <InPorts = 1> <OutPorts = 1>

State 58 <SV = 57> <Delay = 7.85>
ST_58 : Operation 174 [12/21] (7.85ns)   --->   "%tmp_i2 = call double @llvm.sqrt.f64(double %x_assign_2) nounwind" [r:/builds/2019.2/continuous/2019_11_06_2708876/src/products/hls/hls_lib/hlsmath/src/c++/sqrtdouble.cpp:7->math.cpp:9]   --->   Operation 174 'dsqrt' 'tmp_i2' <Predicate = true> <Delay = 7.85> <Core = "DSqrt">   --->   Core 118 'DSqrt' <Latency = 20> <II = 1> <Delay = 7.85> <FuncUnit> <Opcode : 'dsqrt'> <InPorts = 1> <OutPorts = 1>

State 59 <SV = 58> <Delay = 7.85>
ST_59 : Operation 175 [11/21] (7.85ns)   --->   "%tmp_i2 = call double @llvm.sqrt.f64(double %x_assign_2) nounwind" [r:/builds/2019.2/continuous/2019_11_06_2708876/src/products/hls/hls_lib/hlsmath/src/c++/sqrtdouble.cpp:7->math.cpp:9]   --->   Operation 175 'dsqrt' 'tmp_i2' <Predicate = true> <Delay = 7.85> <Core = "DSqrt">   --->   Core 118 'DSqrt' <Latency = 20> <II = 1> <Delay = 7.85> <FuncUnit> <Opcode : 'dsqrt'> <InPorts = 1> <OutPorts = 1>

State 60 <SV = 59> <Delay = 7.85>
ST_60 : Operation 176 [10/21] (7.85ns)   --->   "%tmp_i2 = call double @llvm.sqrt.f64(double %x_assign_2) nounwind" [r:/builds/2019.2/continuous/2019_11_06_2708876/src/products/hls/hls_lib/hlsmath/src/c++/sqrtdouble.cpp:7->math.cpp:9]   --->   Operation 176 'dsqrt' 'tmp_i2' <Predicate = true> <Delay = 7.85> <Core = "DSqrt">   --->   Core 118 'DSqrt' <Latency = 20> <II = 1> <Delay = 7.85> <FuncUnit> <Opcode : 'dsqrt'> <InPorts = 1> <OutPorts = 1>

State 61 <SV = 60> <Delay = 7.85>
ST_61 : Operation 177 [9/21] (7.85ns)   --->   "%tmp_i2 = call double @llvm.sqrt.f64(double %x_assign_2) nounwind" [r:/builds/2019.2/continuous/2019_11_06_2708876/src/products/hls/hls_lib/hlsmath/src/c++/sqrtdouble.cpp:7->math.cpp:9]   --->   Operation 177 'dsqrt' 'tmp_i2' <Predicate = true> <Delay = 7.85> <Core = "DSqrt">   --->   Core 118 'DSqrt' <Latency = 20> <II = 1> <Delay = 7.85> <FuncUnit> <Opcode : 'dsqrt'> <InPorts = 1> <OutPorts = 1>

State 62 <SV = 61> <Delay = 7.85>
ST_62 : Operation 178 [8/21] (7.85ns)   --->   "%tmp_i2 = call double @llvm.sqrt.f64(double %x_assign_2) nounwind" [r:/builds/2019.2/continuous/2019_11_06_2708876/src/products/hls/hls_lib/hlsmath/src/c++/sqrtdouble.cpp:7->math.cpp:9]   --->   Operation 178 'dsqrt' 'tmp_i2' <Predicate = true> <Delay = 7.85> <Core = "DSqrt">   --->   Core 118 'DSqrt' <Latency = 20> <II = 1> <Delay = 7.85> <FuncUnit> <Opcode : 'dsqrt'> <InPorts = 1> <OutPorts = 1>

State 63 <SV = 62> <Delay = 7.85>
ST_63 : Operation 179 [7/21] (7.85ns)   --->   "%tmp_i2 = call double @llvm.sqrt.f64(double %x_assign_2) nounwind" [r:/builds/2019.2/continuous/2019_11_06_2708876/src/products/hls/hls_lib/hlsmath/src/c++/sqrtdouble.cpp:7->math.cpp:9]   --->   Operation 179 'dsqrt' 'tmp_i2' <Predicate = true> <Delay = 7.85> <Core = "DSqrt">   --->   Core 118 'DSqrt' <Latency = 20> <II = 1> <Delay = 7.85> <FuncUnit> <Opcode : 'dsqrt'> <InPorts = 1> <OutPorts = 1>

State 64 <SV = 63> <Delay = 7.85>
ST_64 : Operation 180 [6/21] (7.85ns)   --->   "%tmp_i2 = call double @llvm.sqrt.f64(double %x_assign_2) nounwind" [r:/builds/2019.2/continuous/2019_11_06_2708876/src/products/hls/hls_lib/hlsmath/src/c++/sqrtdouble.cpp:7->math.cpp:9]   --->   Operation 180 'dsqrt' 'tmp_i2' <Predicate = true> <Delay = 7.85> <Core = "DSqrt">   --->   Core 118 'DSqrt' <Latency = 20> <II = 1> <Delay = 7.85> <FuncUnit> <Opcode : 'dsqrt'> <InPorts = 1> <OutPorts = 1>

State 65 <SV = 64> <Delay = 7.85>
ST_65 : Operation 181 [5/21] (7.85ns)   --->   "%tmp_i2 = call double @llvm.sqrt.f64(double %x_assign_2) nounwind" [r:/builds/2019.2/continuous/2019_11_06_2708876/src/products/hls/hls_lib/hlsmath/src/c++/sqrtdouble.cpp:7->math.cpp:9]   --->   Operation 181 'dsqrt' 'tmp_i2' <Predicate = true> <Delay = 7.85> <Core = "DSqrt">   --->   Core 118 'DSqrt' <Latency = 20> <II = 1> <Delay = 7.85> <FuncUnit> <Opcode : 'dsqrt'> <InPorts = 1> <OutPorts = 1>

State 66 <SV = 65> <Delay = 7.85>
ST_66 : Operation 182 [4/21] (7.85ns)   --->   "%tmp_i2 = call double @llvm.sqrt.f64(double %x_assign_2) nounwind" [r:/builds/2019.2/continuous/2019_11_06_2708876/src/products/hls/hls_lib/hlsmath/src/c++/sqrtdouble.cpp:7->math.cpp:9]   --->   Operation 182 'dsqrt' 'tmp_i2' <Predicate = true> <Delay = 7.85> <Core = "DSqrt">   --->   Core 118 'DSqrt' <Latency = 20> <II = 1> <Delay = 7.85> <FuncUnit> <Opcode : 'dsqrt'> <InPorts = 1> <OutPorts = 1>

State 67 <SV = 66> <Delay = 7.85>
ST_67 : Operation 183 [3/21] (7.85ns)   --->   "%tmp_i2 = call double @llvm.sqrt.f64(double %x_assign_2) nounwind" [r:/builds/2019.2/continuous/2019_11_06_2708876/src/products/hls/hls_lib/hlsmath/src/c++/sqrtdouble.cpp:7->math.cpp:9]   --->   Operation 183 'dsqrt' 'tmp_i2' <Predicate = true> <Delay = 7.85> <Core = "DSqrt">   --->   Core 118 'DSqrt' <Latency = 20> <II = 1> <Delay = 7.85> <FuncUnit> <Opcode : 'dsqrt'> <InPorts = 1> <OutPorts = 1>

State 68 <SV = 67> <Delay = 7.85>
ST_68 : Operation 184 [2/21] (7.85ns)   --->   "%tmp_i2 = call double @llvm.sqrt.f64(double %x_assign_2) nounwind" [r:/builds/2019.2/continuous/2019_11_06_2708876/src/products/hls/hls_lib/hlsmath/src/c++/sqrtdouble.cpp:7->math.cpp:9]   --->   Operation 184 'dsqrt' 'tmp_i2' <Predicate = true> <Delay = 7.85> <Core = "DSqrt">   --->   Core 118 'DSqrt' <Latency = 20> <II = 1> <Delay = 7.85> <FuncUnit> <Opcode : 'dsqrt'> <InPorts = 1> <OutPorts = 1>

State 69 <SV = 68> <Delay = 7.85>
ST_69 : Operation 185 [1/1] (0.00ns)   --->   "call void (...)* @_ssdm_op_SpecBitsMap(double %x1) nounwind, !map !144"   --->   Operation 185 'specbitsmap' <Predicate = true> <Delay = 0.00>
ST_69 : Operation 186 [1/1] (0.00ns)   --->   "call void (...)* @_ssdm_op_SpecBitsMap(double %y1) nounwind, !map !150"   --->   Operation 186 'specbitsmap' <Predicate = true> <Delay = 0.00>
ST_69 : Operation 187 [1/1] (0.00ns)   --->   "call void (...)* @_ssdm_op_SpecBitsMap(double %x2) nounwind, !map !154"   --->   Operation 187 'specbitsmap' <Predicate = true> <Delay = 0.00>
ST_69 : Operation 188 [1/1] (0.00ns)   --->   "call void (...)* @_ssdm_op_SpecBitsMap(double %y2) nounwind, !map !158"   --->   Operation 188 'specbitsmap' <Predicate = true> <Delay = 0.00>
ST_69 : Operation 189 [1/1] (0.00ns)   --->   "call void (...)* @_ssdm_op_SpecBitsMap(double 0.000000e+00) nounwind, !map !162"   --->   Operation 189 'specbitsmap' <Predicate = true> <Delay = 0.00>
ST_69 : Operation 190 [1/1] (0.00ns)   --->   "call void (...)* @_ssdm_op_SpecTopModule([11 x i8]* @distDouble_str) nounwind"   --->   Operation 190 'spectopmodule' <Predicate = true> <Delay = 0.00>
ST_69 : Operation 191 [1/21] (7.85ns)   --->   "%tmp_i2 = call double @llvm.sqrt.f64(double %x_assign_2) nounwind" [r:/builds/2019.2/continuous/2019_11_06_2708876/src/products/hls/hls_lib/hlsmath/src/c++/sqrtdouble.cpp:7->math.cpp:9]   --->   Operation 191 'dsqrt' 'tmp_i2' <Predicate = true> <Delay = 7.85> <Core = "DSqrt">   --->   Core 118 'DSqrt' <Latency = 20> <II = 1> <Delay = 7.85> <FuncUnit> <Opcode : 'dsqrt'> <InPorts = 1> <OutPorts = 1>
ST_69 : Operation 192 [1/1] (0.00ns)   --->   "ret double %tmp_i2" [math.cpp:9]   --->   Operation 192 'ret' <Predicate = true> <Delay = 0.00>


============================================================
+ Verbose Summary: Timing violations
============================================================
Target clock period: 10ns, clock uncertainty: 1.25ns.

 <State 1>: 6.31ns
The critical path consists of the following:
	wire read on port 'y2' (math.cpp:7) [35]  (0 ns)
	'dsub' operation ('x', math.cpp:9) [41]  (6.31 ns)

 <State 2>: 6.31ns
The critical path consists of the following:
	'dsub' operation ('x', math.cpp:9) [39]  (6.31 ns)

 <State 3>: 6.31ns
The critical path consists of the following:
	'dsub' operation ('x', math.cpp:9) [39]  (6.31 ns)

 <State 4>: 6.31ns
The critical path consists of the following:
	'dsub' operation ('x', math.cpp:9) [39]  (6.31 ns)

 <State 5>: 6.31ns
The critical path consists of the following:
	'dsub' operation ('x', math.cpp:9) [39]  (6.31 ns)

 <State 6>: 6.51ns
The critical path consists of the following:
	'call' operation ('tmp_i', r:/builds/2019.2/continuous/2019_11_06_2708876/src/products/hls/hls_lib/hlsmath/src/c/powdouble.cpp:7->math.cpp:9) to 'pow_generic<double>' [40]  (6.51 ns)

 <State 7>: 8.75ns
The critical path consists of the following:
	'call' operation ('tmp_i', r:/builds/2019.2/continuous/2019_11_06_2708876/src/products/hls/hls_lib/hlsmath/src/c/powdouble.cpp:7->math.cpp:9) to 'pow_generic<double>' [40]  (8.75 ns)

 <State 8>: 8.75ns
The critical path consists of the following:
	'call' operation ('tmp_i', r:/builds/2019.2/continuous/2019_11_06_2708876/src/products/hls/hls_lib/hlsmath/src/c/powdouble.cpp:7->math.cpp:9) to 'pow_generic<double>' [40]  (8.75 ns)

 <State 9>: 8.75ns
The critical path consists of the following:
	'call' operation ('tmp_i', r:/builds/2019.2/continuous/2019_11_06_2708876/src/products/hls/hls_lib/hlsmath/src/c/powdouble.cpp:7->math.cpp:9) to 'pow_generic<double>' [40]  (8.75 ns)

 <State 10>: 8.75ns
The critical path consists of the following:
	'call' operation ('tmp_i', r:/builds/2019.2/continuous/2019_11_06_2708876/src/products/hls/hls_lib/hlsmath/src/c/powdouble.cpp:7->math.cpp:9) to 'pow_generic<double>' [40]  (8.75 ns)

 <State 11>: 8.75ns
The critical path consists of the following:
	'call' operation ('tmp_i', r:/builds/2019.2/continuous/2019_11_06_2708876/src/products/hls/hls_lib/hlsmath/src/c/powdouble.cpp:7->math.cpp:9) to 'pow_generic<double>' [40]  (8.75 ns)

 <State 12>: 8.75ns
The critical path consists of the following:
	'call' operation ('tmp_i', r:/builds/2019.2/continuous/2019_11_06_2708876/src/products/hls/hls_lib/hlsmath/src/c/powdouble.cpp:7->math.cpp:9) to 'pow_generic<double>' [40]  (8.75 ns)

 <State 13>: 8.75ns
The critical path consists of the following:
	'call' operation ('tmp_i', r:/builds/2019.2/continuous/2019_11_06_2708876/src/products/hls/hls_lib/hlsmath/src/c/powdouble.cpp:7->math.cpp:9) to 'pow_generic<double>' [40]  (8.75 ns)

 <State 14>: 8.75ns
The critical path consists of the following:
	'call' operation ('tmp_i', r:/builds/2019.2/continuous/2019_11_06_2708876/src/products/hls/hls_lib/hlsmath/src/c/powdouble.cpp:7->math.cpp:9) to 'pow_generic<double>' [40]  (8.75 ns)

 <State 15>: 8.75ns
The critical path consists of the following:
	'call' operation ('tmp_i', r:/builds/2019.2/continuous/2019_11_06_2708876/src/products/hls/hls_lib/hlsmath/src/c/powdouble.cpp:7->math.cpp:9) to 'pow_generic<double>' [40]  (8.75 ns)

 <State 16>: 8.75ns
The critical path consists of the following:
	'call' operation ('tmp_i', r:/builds/2019.2/continuous/2019_11_06_2708876/src/products/hls/hls_lib/hlsmath/src/c/powdouble.cpp:7->math.cpp:9) to 'pow_generic<double>' [40]  (8.75 ns)

 <State 17>: 8.75ns
The critical path consists of the following:
	'call' operation ('tmp_i', r:/builds/2019.2/continuous/2019_11_06_2708876/src/products/hls/hls_lib/hlsmath/src/c/powdouble.cpp:7->math.cpp:9) to 'pow_generic<double>' [40]  (8.75 ns)

 <State 18>: 8.75ns
The critical path consists of the following:
	'call' operation ('tmp_i', r:/builds/2019.2/continuous/2019_11_06_2708876/src/products/hls/hls_lib/hlsmath/src/c/powdouble.cpp:7->math.cpp:9) to 'pow_generic<double>' [40]  (8.75 ns)

 <State 19>: 8.75ns
The critical path consists of the following:
	'call' operation ('tmp_i', r:/builds/2019.2/continuous/2019_11_06_2708876/src/products/hls/hls_lib/hlsmath/src/c/powdouble.cpp:7->math.cpp:9) to 'pow_generic<double>' [40]  (8.75 ns)

 <State 20>: 8.75ns
The critical path consists of the following:
	'call' operation ('tmp_i', r:/builds/2019.2/continuous/2019_11_06_2708876/src/products/hls/hls_lib/hlsmath/src/c/powdouble.cpp:7->math.cpp:9) to 'pow_generic<double>' [40]  (8.75 ns)

 <State 21>: 8.75ns
The critical path consists of the following:
	'call' operation ('tmp_i', r:/builds/2019.2/continuous/2019_11_06_2708876/src/products/hls/hls_lib/hlsmath/src/c/powdouble.cpp:7->math.cpp:9) to 'pow_generic<double>' [40]  (8.75 ns)

 <State 22>: 8.75ns
The critical path consists of the following:
	'call' operation ('tmp_i', r:/builds/2019.2/continuous/2019_11_06_2708876/src/products/hls/hls_lib/hlsmath/src/c/powdouble.cpp:7->math.cpp:9) to 'pow_generic<double>' [40]  (8.75 ns)

 <State 23>: 8.75ns
The critical path consists of the following:
	'call' operation ('tmp_i', r:/builds/2019.2/continuous/2019_11_06_2708876/src/products/hls/hls_lib/hlsmath/src/c/powdouble.cpp:7->math.cpp:9) to 'pow_generic<double>' [40]  (8.75 ns)

 <State 24>: 8.75ns
The critical path consists of the following:
	'call' operation ('tmp_i', r:/builds/2019.2/continuous/2019_11_06_2708876/src/products/hls/hls_lib/hlsmath/src/c/powdouble.cpp:7->math.cpp:9) to 'pow_generic<double>' [40]  (8.75 ns)

 <State 25>: 8.75ns
The critical path consists of the following:
	'call' operation ('tmp_i', r:/builds/2019.2/continuous/2019_11_06_2708876/src/products/hls/hls_lib/hlsmath/src/c/powdouble.cpp:7->math.cpp:9) to 'pow_generic<double>' [40]  (8.75 ns)

 <State 26>: 8.75ns
The critical path consists of the following:
	'call' operation ('tmp_i', r:/builds/2019.2/continuous/2019_11_06_2708876/src/products/hls/hls_lib/hlsmath/src/c/powdouble.cpp:7->math.cpp:9) to 'pow_generic<double>' [40]  (8.75 ns)

 <State 27>: 8.75ns
The critical path consists of the following:
	'call' operation ('tmp_i', r:/builds/2019.2/continuous/2019_11_06_2708876/src/products/hls/hls_lib/hlsmath/src/c/powdouble.cpp:7->math.cpp:9) to 'pow_generic<double>' [40]  (8.75 ns)

 <State 28>: 8.75ns
The critical path consists of the following:
	'call' operation ('tmp_i', r:/builds/2019.2/continuous/2019_11_06_2708876/src/products/hls/hls_lib/hlsmath/src/c/powdouble.cpp:7->math.cpp:9) to 'pow_generic<double>' [40]  (8.75 ns)

 <State 29>: 8.75ns
The critical path consists of the following:
	'call' operation ('tmp_i', r:/builds/2019.2/continuous/2019_11_06_2708876/src/products/hls/hls_lib/hlsmath/src/c/powdouble.cpp:7->math.cpp:9) to 'pow_generic<double>' [40]  (8.75 ns)

 <State 30>: 8.75ns
The critical path consists of the following:
	'call' operation ('tmp_i', r:/builds/2019.2/continuous/2019_11_06_2708876/src/products/hls/hls_lib/hlsmath/src/c/powdouble.cpp:7->math.cpp:9) to 'pow_generic<double>' [40]  (8.75 ns)

 <State 31>: 8.75ns
The critical path consists of the following:
	'call' operation ('tmp_i', r:/builds/2019.2/continuous/2019_11_06_2708876/src/products/hls/hls_lib/hlsmath/src/c/powdouble.cpp:7->math.cpp:9) to 'pow_generic<double>' [40]  (8.75 ns)

 <State 32>: 8.75ns
The critical path consists of the following:
	'call' operation ('tmp_i', r:/builds/2019.2/continuous/2019_11_06_2708876/src/products/hls/hls_lib/hlsmath/src/c/powdouble.cpp:7->math.cpp:9) to 'pow_generic<double>' [40]  (8.75 ns)

 <State 33>: 8.75ns
The critical path consists of the following:
	'call' operation ('tmp_i', r:/builds/2019.2/continuous/2019_11_06_2708876/src/products/hls/hls_lib/hlsmath/src/c/powdouble.cpp:7->math.cpp:9) to 'pow_generic<double>' [40]  (8.75 ns)

 <State 34>: 8.75ns
The critical path consists of the following:
	'call' operation ('tmp_i', r:/builds/2019.2/continuous/2019_11_06_2708876/src/products/hls/hls_lib/hlsmath/src/c/powdouble.cpp:7->math.cpp:9) to 'pow_generic<double>' [40]  (8.75 ns)

 <State 35>: 8.75ns
The critical path consists of the following:
	'call' operation ('tmp_i', r:/builds/2019.2/continuous/2019_11_06_2708876/src/products/hls/hls_lib/hlsmath/src/c/powdouble.cpp:7->math.cpp:9) to 'pow_generic<double>' [40]  (8.75 ns)

 <State 36>: 8.75ns
The critical path consists of the following:
	'call' operation ('tmp_i', r:/builds/2019.2/continuous/2019_11_06_2708876/src/products/hls/hls_lib/hlsmath/src/c/powdouble.cpp:7->math.cpp:9) to 'pow_generic<double>' [40]  (8.75 ns)

 <State 37>: 8.75ns
The critical path consists of the following:
	'call' operation ('tmp_i', r:/builds/2019.2/continuous/2019_11_06_2708876/src/products/hls/hls_lib/hlsmath/src/c/powdouble.cpp:7->math.cpp:9) to 'pow_generic<double>' [40]  (8.75 ns)

 <State 38>: 8.75ns
The critical path consists of the following:
	'call' operation ('tmp_i', r:/builds/2019.2/continuous/2019_11_06_2708876/src/products/hls/hls_lib/hlsmath/src/c/powdouble.cpp:7->math.cpp:9) to 'pow_generic<double>' [40]  (8.75 ns)

 <State 39>: 8.75ns
The critical path consists of the following:
	'call' operation ('tmp_i', r:/builds/2019.2/continuous/2019_11_06_2708876/src/products/hls/hls_lib/hlsmath/src/c/powdouble.cpp:7->math.cpp:9) to 'pow_generic<double>' [40]  (8.75 ns)

 <State 40>: 8.75ns
The critical path consists of the following:
	'call' operation ('tmp_i', r:/builds/2019.2/continuous/2019_11_06_2708876/src/products/hls/hls_lib/hlsmath/src/c/powdouble.cpp:7->math.cpp:9) to 'pow_generic<double>' [40]  (8.75 ns)

 <State 41>: 8.75ns
The critical path consists of the following:
	'call' operation ('tmp_i', r:/builds/2019.2/continuous/2019_11_06_2708876/src/products/hls/hls_lib/hlsmath/src/c/powdouble.cpp:7->math.cpp:9) to 'pow_generic<double>' [40]  (8.75 ns)

 <State 42>: 8.75ns
The critical path consists of the following:
	'call' operation ('tmp_i', r:/builds/2019.2/continuous/2019_11_06_2708876/src/products/hls/hls_lib/hlsmath/src/c/powdouble.cpp:7->math.cpp:9) to 'pow_generic<double>' [40]  (8.75 ns)

 <State 43>: 7.42ns
The critical path consists of the following:
	'call' operation ('tmp_i', r:/builds/2019.2/continuous/2019_11_06_2708876/src/products/hls/hls_lib/hlsmath/src/c/powdouble.cpp:7->math.cpp:9) to 'pow_generic<double>' [40]  (7.42 ns)

 <State 44>: 6.31ns
The critical path consists of the following:
	'dadd' operation ('x', math.cpp:9) [43]  (6.31 ns)

 <State 45>: 6.31ns
The critical path consists of the following:
	'dadd' operation ('x', math.cpp:9) [43]  (6.31 ns)

 <State 46>: 6.31ns
The critical path consists of the following:
	'dadd' operation ('x', math.cpp:9) [43]  (6.31 ns)

 <State 47>: 6.31ns
The critical path consists of the following:
	'dadd' operation ('x', math.cpp:9) [43]  (6.31 ns)

 <State 48>: 6.31ns
The critical path consists of the following:
	'dadd' operation ('x', math.cpp:9) [43]  (6.31 ns)

 <State 49>: 7.86ns
The critical path consists of the following:
	'dsqrt' operation ('tmp_i2', r:/builds/2019.2/continuous/2019_11_06_2708876/src/products/hls/hls_lib/hlsmath/src/c++/sqrtdouble.cpp:7->math.cpp:9) [44]  (7.86 ns)

 <State 50>: 7.86ns
The critical path consists of the following:
	'dsqrt' operation ('tmp_i2', r:/builds/2019.2/continuous/2019_11_06_2708876/src/products/hls/hls_lib/hlsmath/src/c++/sqrtdouble.cpp:7->math.cpp:9) [44]  (7.86 ns)

 <State 51>: 7.86ns
The critical path consists of the following:
	'dsqrt' operation ('tmp_i2', r:/builds/2019.2/continuous/2019_11_06_2708876/src/products/hls/hls_lib/hlsmath/src/c++/sqrtdouble.cpp:7->math.cpp:9) [44]  (7.86 ns)

 <State 52>: 7.86ns
The critical path consists of the following:
	'dsqrt' operation ('tmp_i2', r:/builds/2019.2/continuous/2019_11_06_2708876/src/products/hls/hls_lib/hlsmath/src/c++/sqrtdouble.cpp:7->math.cpp:9) [44]  (7.86 ns)

 <State 53>: 7.86ns
The critical path consists of the following:
	'dsqrt' operation ('tmp_i2', r:/builds/2019.2/continuous/2019_11_06_2708876/src/products/hls/hls_lib/hlsmath/src/c++/sqrtdouble.cpp:7->math.cpp:9) [44]  (7.86 ns)

 <State 54>: 7.86ns
The critical path consists of the following:
	'dsqrt' operation ('tmp_i2', r:/builds/2019.2/continuous/2019_11_06_2708876/src/products/hls/hls_lib/hlsmath/src/c++/sqrtdouble.cpp:7->math.cpp:9) [44]  (7.86 ns)

 <State 55>: 7.86ns
The critical path consists of the following:
	'dsqrt' operation ('tmp_i2', r:/builds/2019.2/continuous/2019_11_06_2708876/src/products/hls/hls_lib/hlsmath/src/c++/sqrtdouble.cpp:7->math.cpp:9) [44]  (7.86 ns)

 <State 56>: 7.86ns
The critical path consists of the following:
	'dsqrt' operation ('tmp_i2', r:/builds/2019.2/continuous/2019_11_06_2708876/src/products/hls/hls_lib/hlsmath/src/c++/sqrtdouble.cpp:7->math.cpp:9) [44]  (7.86 ns)

 <State 57>: 7.86ns
The critical path consists of the following:
	'dsqrt' operation ('tmp_i2', r:/builds/2019.2/continuous/2019_11_06_2708876/src/products/hls/hls_lib/hlsmath/src/c++/sqrtdouble.cpp:7->math.cpp:9) [44]  (7.86 ns)

 <State 58>: 7.86ns
The critical path consists of the following:
	'dsqrt' operation ('tmp_i2', r:/builds/2019.2/continuous/2019_11_06_2708876/src/products/hls/hls_lib/hlsmath/src/c++/sqrtdouble.cpp:7->math.cpp:9) [44]  (7.86 ns)

 <State 59>: 7.86ns
The critical path consists of the following:
	'dsqrt' operation ('tmp_i2', r:/builds/2019.2/continuous/2019_11_06_2708876/src/products/hls/hls_lib/hlsmath/src/c++/sqrtdouble.cpp:7->math.cpp:9) [44]  (7.86 ns)

 <State 60>: 7.86ns
The critical path consists of the following:
	'dsqrt' operation ('tmp_i2', r:/builds/2019.2/continuous/2019_11_06_2708876/src/products/hls/hls_lib/hlsmath/src/c++/sqrtdouble.cpp:7->math.cpp:9) [44]  (7.86 ns)

 <State 61>: 7.86ns
The critical path consists of the following:
	'dsqrt' operation ('tmp_i2', r:/builds/2019.2/continuous/2019_11_06_2708876/src/products/hls/hls_lib/hlsmath/src/c++/sqrtdouble.cpp:7->math.cpp:9) [44]  (7.86 ns)

 <State 62>: 7.86ns
The critical path consists of the following:
	'dsqrt' operation ('tmp_i2', r:/builds/2019.2/continuous/2019_11_06_2708876/src/products/hls/hls_lib/hlsmath/src/c++/sqrtdouble.cpp:7->math.cpp:9) [44]  (7.86 ns)

 <State 63>: 7.86ns
The critical path consists of the following:
	'dsqrt' operation ('tmp_i2', r:/builds/2019.2/continuous/2019_11_06_2708876/src/products/hls/hls_lib/hlsmath/src/c++/sqrtdouble.cpp:7->math.cpp:9) [44]  (7.86 ns)

 <State 64>: 7.86ns
The critical path consists of the following:
	'dsqrt' operation ('tmp_i2', r:/builds/2019.2/continuous/2019_11_06_2708876/src/products/hls/hls_lib/hlsmath/src/c++/sqrtdouble.cpp:7->math.cpp:9) [44]  (7.86 ns)

 <State 65>: 7.86ns
The critical path consists of the following:
	'dsqrt' operation ('tmp_i2', r:/builds/2019.2/continuous/2019_11_06_2708876/src/products/hls/hls_lib/hlsmath/src/c++/sqrtdouble.cpp:7->math.cpp:9) [44]  (7.86 ns)

 <State 66>: 7.86ns
The critical path consists of the following:
	'dsqrt' operation ('tmp_i2', r:/builds/2019.2/continuous/2019_11_06_2708876/src/products/hls/hls_lib/hlsmath/src/c++/sqrtdouble.cpp:7->math.cpp:9) [44]  (7.86 ns)

 <State 67>: 7.86ns
The critical path consists of the following:
	'dsqrt' operation ('tmp_i2', r:/builds/2019.2/continuous/2019_11_06_2708876/src/products/hls/hls_lib/hlsmath/src/c++/sqrtdouble.cpp:7->math.cpp:9) [44]  (7.86 ns)

 <State 68>: 7.86ns
The critical path consists of the following:
	'dsqrt' operation ('tmp_i2', r:/builds/2019.2/continuous/2019_11_06_2708876/src/products/hls/hls_lib/hlsmath/src/c++/sqrtdouble.cpp:7->math.cpp:9) [44]  (7.86 ns)

 <State 69>: 7.86ns
The critical path consists of the following:
	'dsqrt' operation ('tmp_i2', r:/builds/2019.2/continuous/2019_11_06_2708876/src/products/hls/hls_lib/hlsmath/src/c++/sqrtdouble.cpp:7->math.cpp:9) [44]  (7.86 ns)


============================================================
+ Verbose Summary: Binding
============================================================
N/A
* FSMD analyzer results:
  - Output states:
 - Input state : 
  - Chain level:
	State 1
	State 2
	State 3
	State 4
	State 5
	State 6
	State 7
	State 8
	State 9
	State 10
	State 11
	State 12
	State 13
	State 14
	State 15
	State 16
	State 17
	State 18
	State 19
	State 20
	State 21
	State 22
	State 23
	State 24
	State 25
	State 26
	State 27
	State 28
	State 29
	State 30
	State 31
	State 32
	State 33
	State 34
	State 35
	State 36
	State 37
	State 38
	State 39
	State 40
	State 41
	State 42
	State 43
	State 44
	State 45
	State 46
	State 47
	State 48
	State 49
	State 50
	State 51
	State 52
	State 53
	State 54
	State 55
	State 56
	State 57
	State 58
	State 59
	State 60
	State 61
	State 62
	State 63
	State 64
	State 65
	State 66
	State 67
	State 68
	State 69


============================================================
+ Verbose Summary: Datapath Resource usage 
============================================================
N/A
