

================================================================
== Vivado HLS Report for 'distFloat'
================================================================
* Date:           Tue May 19 11:04:43 2020

* Version:        2019.2 (Build 2704478 on Wed Nov 06 22:10:23 MST 2019)
* Project:        Math
* Solution:       solution2
* Product family: virtex7
* Target device:  xc7vx485t-ffg1157-1


================================================================
== Performance Estimates
================================================================
+ Timing: 
    * Summary: 
    +--------+----------+----------+------------+
    |  Clock |  Target  | Estimated| Uncertainty|
    +--------+----------+----------+------------+
    |ap_clk  | 10.00 ns | 8.750 ns |   1.25 ns  |
    +--------+----------+----------+------------+

+ Latency: 
    * Summary: 
    +---------+---------+----------+----------+-----+-----+---------+
    |  Latency (cycles) |  Latency (absolute) |  Interval | Pipeline|
    |   min   |   max   |    min   |    max   | min | max |   Type  |
    +---------+---------+----------+----------+-----+-----+---------+
    |       69|       69| 0.690 us | 0.690 us |   69|   69|   none  |
    +---------+---------+----------+----------+-----+-----+---------+

    + Detail: 
        * Instance: 
        +--------------------------------+----------------------+---------+---------+----------+----------+-----+-----+----------+
        |                                |                      |  Latency (cycles) |  Latency (absolute) |  Interval | Pipeline |
        |            Instance            |        Module        |   min   |   max   |    min   |    max   | min | max |   Type   |
        +--------------------------------+----------------------+---------+---------+----------+----------+-----+-----+----------+
        |grp_pow_generic_double_s_fu_70  |pow_generic_double_s  |       37|       37| 0.370 us | 0.370 us |    1|    1| function |
        |grp_pow_generic_double_s_fu_99  |pow_generic_double_s  |       37|       37| 0.370 us | 0.370 us |    1|    1| function |
        +--------------------------------+----------------------+---------+---------+----------+----------+-----+-----+----------+

        * Loop: 
        N/A

============================================================
+ Verbose Summary: Synthesis Manager
============================================================
InlineROM: 1
ExposeGlobal: 0
============================================================
+ Verbose Summary: CDFG Model
============================================================
IsTopModel: 1
ResetActiveHigh: 1
IsCombinational: 0
IsDatapathOnly: 0
HasWiredReturn: 1
HasMFsm: 0
HasVarLatency: 1
IsPipeline: 0
IsRtlPipelined: 0
IsInstanceOverlapped: 0
IsDontTouch: 0
HasImplIP: 0
IsGatedGlobalClock: 0


============================================================
+ Verbose Summary: Schedule
============================================================
* Number of FSM states : 70
* Pipeline : 0
* Dataflow Pipeline: 0

* FSM state transitions: 
1 --> 2 
2 --> 3 
3 --> 4 
4 --> 5 
5 --> 6 
6 --> 7 
7 --> 8 
8 --> 9 
9 --> 10 
10 --> 11 
11 --> 12 
12 --> 13 
13 --> 14 
14 --> 15 
15 --> 16 
16 --> 17 
17 --> 18 
18 --> 19 
19 --> 20 
20 --> 21 
21 --> 22 
22 --> 23 
23 --> 24 
24 --> 25 
25 --> 26 
26 --> 27 
27 --> 28 
28 --> 29 
29 --> 30 
30 --> 31 
31 --> 32 
32 --> 33 
33 --> 34 
34 --> 35 
35 --> 36 
36 --> 37 
37 --> 38 
38 --> 39 
39 --> 40 
40 --> 41 
41 --> 42 
42 --> 43 
43 --> 44 
44 --> 45 
45 --> 46 
46 --> 47 
47 --> 48 
48 --> 49 
49 --> 50 
50 --> 51 
51 --> 52 
52 --> 53 
53 --> 54 
54 --> 55 
55 --> 56 
56 --> 57 
57 --> 58 
58 --> 59 
59 --> 60 
60 --> 61 
61 --> 62 
62 --> 63 
63 --> 64 
64 --> 65 
65 --> 66 
66 --> 67 
67 --> 68 
68 --> 69 
69 --> 70 
70 --> 

* FSM state operations: 

State 1 <SV = 0> <Delay = 8.21>
ST_1 : Operation 71 [1/1] (0.00ns)   --->   "%y2_read = call float @_ssdm_op_Read.ap_auto.float(float %y2) nounwind" [math.cpp:12]   --->   Operation 71 'read' 'y2_read' <Predicate = true> <Delay = 0.00>
ST_1 : Operation 72 [1/1] (0.00ns)   --->   "%x2_read = call float @_ssdm_op_Read.ap_auto.float(float %x2) nounwind" [math.cpp:12]   --->   Operation 72 'read' 'x2_read' <Predicate = true> <Delay = 0.00>
ST_1 : Operation 73 [1/1] (0.00ns)   --->   "%y1_read = call float @_ssdm_op_Read.ap_auto.float(float %y1) nounwind" [math.cpp:12]   --->   Operation 73 'read' 'y1_read' <Predicate = true> <Delay = 0.00>
ST_1 : Operation 74 [1/1] (0.00ns)   --->   "%x1_read = call float @_ssdm_op_Read.ap_auto.float(float %x1) nounwind" [math.cpp:12]   --->   Operation 74 'read' 'x1_read' <Predicate = true> <Delay = 0.00>
ST_1 : Operation 75 [4/4] (8.21ns)   --->   "%tmp = fsub float %x2_read, %x1_read" [math.cpp:14]   --->   Operation 75 'fsub' 'tmp' <Predicate = true> <Delay = 8.21> <Core = "FAddSub">   --->   Core 105 'FAddSub' <Latency = 3> <II = 1> <Delay = 8.21> <FuncUnit> <Opcode : 'fadd' 'fsub'> <InPorts = 2> <OutPorts = 1>
ST_1 : Operation 76 [4/4] (8.21ns)   --->   "%tmp_s = fsub float %y2_read, %y1_read" [math.cpp:14]   --->   Operation 76 'fsub' 'tmp_s' <Predicate = true> <Delay = 8.21> <Core = "FAddSub">   --->   Core 105 'FAddSub' <Latency = 3> <II = 1> <Delay = 8.21> <FuncUnit> <Opcode : 'fadd' 'fsub'> <InPorts = 2> <OutPorts = 1>

State 2 <SV = 1> <Delay = 8.21>
ST_2 : Operation 77 [3/4] (8.21ns)   --->   "%tmp = fsub float %x2_read, %x1_read" [math.cpp:14]   --->   Operation 77 'fsub' 'tmp' <Predicate = true> <Delay = 8.21> <Core = "FAddSub">   --->   Core 105 'FAddSub' <Latency = 3> <II = 1> <Delay = 8.21> <FuncUnit> <Opcode : 'fadd' 'fsub'> <InPorts = 2> <OutPorts = 1>
ST_2 : Operation 78 [3/4] (8.21ns)   --->   "%tmp_s = fsub float %y2_read, %y1_read" [math.cpp:14]   --->   Operation 78 'fsub' 'tmp_s' <Predicate = true> <Delay = 8.21> <Core = "FAddSub">   --->   Core 105 'FAddSub' <Latency = 3> <II = 1> <Delay = 8.21> <FuncUnit> <Opcode : 'fadd' 'fsub'> <InPorts = 2> <OutPorts = 1>

State 3 <SV = 2> <Delay = 8.21>
ST_3 : Operation 79 [2/4] (8.21ns)   --->   "%tmp = fsub float %x2_read, %x1_read" [math.cpp:14]   --->   Operation 79 'fsub' 'tmp' <Predicate = true> <Delay = 8.21> <Core = "FAddSub">   --->   Core 105 'FAddSub' <Latency = 3> <II = 1> <Delay = 8.21> <FuncUnit> <Opcode : 'fadd' 'fsub'> <InPorts = 2> <OutPorts = 1>
ST_3 : Operation 80 [2/4] (8.21ns)   --->   "%tmp_s = fsub float %y2_read, %y1_read" [math.cpp:14]   --->   Operation 80 'fsub' 'tmp_s' <Predicate = true> <Delay = 8.21> <Core = "FAddSub">   --->   Core 105 'FAddSub' <Latency = 3> <II = 1> <Delay = 8.21> <FuncUnit> <Opcode : 'fadd' 'fsub'> <InPorts = 2> <OutPorts = 1>

State 4 <SV = 3> <Delay = 8.21>
ST_4 : Operation 81 [1/4] (8.21ns)   --->   "%tmp = fsub float %x2_read, %x1_read" [math.cpp:14]   --->   Operation 81 'fsub' 'tmp' <Predicate = true> <Delay = 8.21> <Core = "FAddSub">   --->   Core 105 'FAddSub' <Latency = 3> <II = 1> <Delay = 8.21> <FuncUnit> <Opcode : 'fadd' 'fsub'> <InPorts = 2> <OutPorts = 1>
ST_4 : Operation 82 [1/4] (8.21ns)   --->   "%tmp_s = fsub float %y2_read, %y1_read" [math.cpp:14]   --->   Operation 82 'fsub' 'tmp_s' <Predicate = true> <Delay = 8.21> <Core = "FAddSub">   --->   Core 105 'FAddSub' <Latency = 3> <II = 1> <Delay = 8.21> <FuncUnit> <Opcode : 'fadd' 'fsub'> <InPorts = 2> <OutPorts = 1>

State 5 <SV = 4> <Delay = 2.97>
ST_5 : Operation 83 [2/2] (2.97ns)   --->   "%x_assign = fpext float %tmp to double" [math.cpp:14]   --->   Operation 83 'fpext' 'x_assign' <Predicate = true> <Delay = 2.97> <Core = "Float2Double">   --->   Core 114 'Float2Double' <Latency = 1> <II = 1> <Delay = 2.97> <FuncUnit> <Opcode : 'fpext'> <InPorts = 1> <OutPorts = 1>
ST_5 : Operation 84 [2/2] (2.97ns)   --->   "%x_assign_1 = fpext float %tmp_s to double" [math.cpp:14]   --->   Operation 84 'fpext' 'x_assign_1' <Predicate = true> <Delay = 2.97> <Core = "Float2Double">   --->   Core 114 'Float2Double' <Latency = 1> <II = 1> <Delay = 2.97> <FuncUnit> <Opcode : 'fpext'> <InPorts = 1> <OutPorts = 1>

State 6 <SV = 5> <Delay = 2.97>
ST_6 : Operation 85 [1/2] (2.97ns)   --->   "%x_assign = fpext float %tmp to double" [math.cpp:14]   --->   Operation 85 'fpext' 'x_assign' <Predicate = true> <Delay = 2.97> <Core = "Float2Double">   --->   Core 114 'Float2Double' <Latency = 1> <II = 1> <Delay = 2.97> <FuncUnit> <Opcode : 'fpext'> <InPorts = 1> <OutPorts = 1>
ST_6 : Operation 86 [1/2] (2.97ns)   --->   "%x_assign_1 = fpext float %tmp_s to double" [math.cpp:14]   --->   Operation 86 'fpext' 'x_assign_1' <Predicate = true> <Delay = 2.97> <Core = "Float2Double">   --->   Core 114 'Float2Double' <Latency = 1> <II = 1> <Delay = 2.97> <FuncUnit> <Opcode : 'fpext'> <InPorts = 1> <OutPorts = 1>

State 7 <SV = 6> <Delay = 6.50>
ST_7 : Operation 87 [38/38] (6.50ns)   --->   "%tmp_i = call fastcc double @"pow_generic<double>"(double %x_assign) nounwind" [r:/builds/2019.2/continuous/2019_11_06_2708876/src/products/hls/hls_lib/hlsmath/src/c/powdouble.cpp:7->math.cpp:14]   --->   Operation 87 'call' 'tmp_i' <Predicate = true> <Delay = 6.50> <CoreType = "Generic">   --->   Core 0 '' <Latency = 0> <II = 1> <Delay = 1.00> <Generic> <Opcode : >
ST_7 : Operation 88 [38/38] (6.50ns)   --->   "%tmp_i1 = call fastcc double @"pow_generic<double>"(double %x_assign_1) nounwind" [r:/builds/2019.2/continuous/2019_11_06_2708876/src/products/hls/hls_lib/hlsmath/src/c/powdouble.cpp:7->math.cpp:14]   --->   Operation 88 'call' 'tmp_i1' <Predicate = true> <Delay = 6.50> <CoreType = "Generic">   --->   Core 0 '' <Latency = 0> <II = 1> <Delay = 1.00> <Generic> <Opcode : >

State 8 <SV = 7> <Delay = 8.75>
ST_8 : Operation 89 [37/38] (8.75ns)   --->   "%tmp_i = call fastcc double @"pow_generic<double>"(double %x_assign) nounwind" [r:/builds/2019.2/continuous/2019_11_06_2708876/src/products/hls/hls_lib/hlsmath/src/c/powdouble.cpp:7->math.cpp:14]   --->   Operation 89 'call' 'tmp_i' <Predicate = true> <Delay = 8.75> <CoreType = "Generic">   --->   Core 0 '' <Latency = 0> <II = 1> <Delay = 1.00> <Generic> <Opcode : >
ST_8 : Operation 90 [37/38] (8.75ns)   --->   "%tmp_i1 = call fastcc double @"pow_generic<double>"(double %x_assign_1) nounwind" [r:/builds/2019.2/continuous/2019_11_06_2708876/src/products/hls/hls_lib/hlsmath/src/c/powdouble.cpp:7->math.cpp:14]   --->   Operation 90 'call' 'tmp_i1' <Predicate = true> <Delay = 8.75> <CoreType = "Generic">   --->   Core 0 '' <Latency = 0> <II = 1> <Delay = 1.00> <Generic> <Opcode : >

State 9 <SV = 8> <Delay = 8.75>
ST_9 : Operation 91 [36/38] (8.75ns)   --->   "%tmp_i = call fastcc double @"pow_generic<double>"(double %x_assign) nounwind" [r:/builds/2019.2/continuous/2019_11_06_2708876/src/products/hls/hls_lib/hlsmath/src/c/powdouble.cpp:7->math.cpp:14]   --->   Operation 91 'call' 'tmp_i' <Predicate = true> <Delay = 8.75> <CoreType = "Generic">   --->   Core 0 '' <Latency = 0> <II = 1> <Delay = 1.00> <Generic> <Opcode : >
ST_9 : Operation 92 [36/38] (8.75ns)   --->   "%tmp_i1 = call fastcc double @"pow_generic<double>"(double %x_assign_1) nounwind" [r:/builds/2019.2/continuous/2019_11_06_2708876/src/products/hls/hls_lib/hlsmath/src/c/powdouble.cpp:7->math.cpp:14]   --->   Operation 92 'call' 'tmp_i1' <Predicate = true> <Delay = 8.75> <CoreType = "Generic">   --->   Core 0 '' <Latency = 0> <II = 1> <Delay = 1.00> <Generic> <Opcode : >

State 10 <SV = 9> <Delay = 8.75>
ST_10 : Operation 93 [35/38] (8.75ns)   --->   "%tmp_i = call fastcc double @"pow_generic<double>"(double %x_assign) nounwind" [r:/builds/2019.2/continuous/2019_11_06_2708876/src/products/hls/hls_lib/hlsmath/src/c/powdouble.cpp:7->math.cpp:14]   --->   Operation 93 'call' 'tmp_i' <Predicate = true> <Delay = 8.75> <CoreType = "Generic">   --->   Core 0 '' <Latency = 0> <II = 1> <Delay = 1.00> <Generic> <Opcode : >
ST_10 : Operation 94 [35/38] (8.75ns)   --->   "%tmp_i1 = call fastcc double @"pow_generic<double>"(double %x_assign_1) nounwind" [r:/builds/2019.2/continuous/2019_11_06_2708876/src/products/hls/hls_lib/hlsmath/src/c/powdouble.cpp:7->math.cpp:14]   --->   Operation 94 'call' 'tmp_i1' <Predicate = true> <Delay = 8.75> <CoreType = "Generic">   --->   Core 0 '' <Latency = 0> <II = 1> <Delay = 1.00> <Generic> <Opcode : >

State 11 <SV = 10> <Delay = 8.75>
ST_11 : Operation 95 [34/38] (8.75ns)   --->   "%tmp_i = call fastcc double @"pow_generic<double>"(double %x_assign) nounwind" [r:/builds/2019.2/continuous/2019_11_06_2708876/src/products/hls/hls_lib/hlsmath/src/c/powdouble.cpp:7->math.cpp:14]   --->   Operation 95 'call' 'tmp_i' <Predicate = true> <Delay = 8.75> <CoreType = "Generic">   --->   Core 0 '' <Latency = 0> <II = 1> <Delay = 1.00> <Generic> <Opcode : >
ST_11 : Operation 96 [34/38] (8.75ns)   --->   "%tmp_i1 = call fastcc double @"pow_generic<double>"(double %x_assign_1) nounwind" [r:/builds/2019.2/continuous/2019_11_06_2708876/src/products/hls/hls_lib/hlsmath/src/c/powdouble.cpp:7->math.cpp:14]   --->   Operation 96 'call' 'tmp_i1' <Predicate = true> <Delay = 8.75> <CoreType = "Generic">   --->   Core 0 '' <Latency = 0> <II = 1> <Delay = 1.00> <Generic> <Opcode : >

State 12 <SV = 11> <Delay = 8.75>
ST_12 : Operation 97 [33/38] (8.75ns)   --->   "%tmp_i = call fastcc double @"pow_generic<double>"(double %x_assign) nounwind" [r:/builds/2019.2/continuous/2019_11_06_2708876/src/products/hls/hls_lib/hlsmath/src/c/powdouble.cpp:7->math.cpp:14]   --->   Operation 97 'call' 'tmp_i' <Predicate = true> <Delay = 8.75> <CoreType = "Generic">   --->   Core 0 '' <Latency = 0> <II = 1> <Delay = 1.00> <Generic> <Opcode : >
ST_12 : Operation 98 [33/38] (8.75ns)   --->   "%tmp_i1 = call fastcc double @"pow_generic<double>"(double %x_assign_1) nounwind" [r:/builds/2019.2/continuous/2019_11_06_2708876/src/products/hls/hls_lib/hlsmath/src/c/powdouble.cpp:7->math.cpp:14]   --->   Operation 98 'call' 'tmp_i1' <Predicate = true> <Delay = 8.75> <CoreType = "Generic">   --->   Core 0 '' <Latency = 0> <II = 1> <Delay = 1.00> <Generic> <Opcode : >

State 13 <SV = 12> <Delay = 8.75>
ST_13 : Operation 99 [32/38] (8.75ns)   --->   "%tmp_i = call fastcc double @"pow_generic<double>"(double %x_assign) nounwind" [r:/builds/2019.2/continuous/2019_11_06_2708876/src/products/hls/hls_lib/hlsmath/src/c/powdouble.cpp:7->math.cpp:14]   --->   Operation 99 'call' 'tmp_i' <Predicate = true> <Delay = 8.75> <CoreType = "Generic">   --->   Core 0 '' <Latency = 0> <II = 1> <Delay = 1.00> <Generic> <Opcode : >
ST_13 : Operation 100 [32/38] (8.75ns)   --->   "%tmp_i1 = call fastcc double @"pow_generic<double>"(double %x_assign_1) nounwind" [r:/builds/2019.2/continuous/2019_11_06_2708876/src/products/hls/hls_lib/hlsmath/src/c/powdouble.cpp:7->math.cpp:14]   --->   Operation 100 'call' 'tmp_i1' <Predicate = true> <Delay = 8.75> <CoreType = "Generic">   --->   Core 0 '' <Latency = 0> <II = 1> <Delay = 1.00> <Generic> <Opcode : >

State 14 <SV = 13> <Delay = 8.75>
ST_14 : Operation 101 [31/38] (8.75ns)   --->   "%tmp_i = call fastcc double @"pow_generic<double>"(double %x_assign) nounwind" [r:/builds/2019.2/continuous/2019_11_06_2708876/src/products/hls/hls_lib/hlsmath/src/c/powdouble.cpp:7->math.cpp:14]   --->   Operation 101 'call' 'tmp_i' <Predicate = true> <Delay = 8.75> <CoreType = "Generic">   --->   Core 0 '' <Latency = 0> <II = 1> <Delay = 1.00> <Generic> <Opcode : >
ST_14 : Operation 102 [31/38] (8.75ns)   --->   "%tmp_i1 = call fastcc double @"pow_generic<double>"(double %x_assign_1) nounwind" [r:/builds/2019.2/continuous/2019_11_06_2708876/src/products/hls/hls_lib/hlsmath/src/c/powdouble.cpp:7->math.cpp:14]   --->   Operation 102 'call' 'tmp_i1' <Predicate = true> <Delay = 8.75> <CoreType = "Generic">   --->   Core 0 '' <Latency = 0> <II = 1> <Delay = 1.00> <Generic> <Opcode : >

State 15 <SV = 14> <Delay = 8.75>
ST_15 : Operation 103 [30/38] (8.75ns)   --->   "%tmp_i = call fastcc double @"pow_generic<double>"(double %x_assign) nounwind" [r:/builds/2019.2/continuous/2019_11_06_2708876/src/products/hls/hls_lib/hlsmath/src/c/powdouble.cpp:7->math.cpp:14]   --->   Operation 103 'call' 'tmp_i' <Predicate = true> <Delay = 8.75> <CoreType = "Generic">   --->   Core 0 '' <Latency = 0> <II = 1> <Delay = 1.00> <Generic> <Opcode : >
ST_15 : Operation 104 [30/38] (8.75ns)   --->   "%tmp_i1 = call fastcc double @"pow_generic<double>"(double %x_assign_1) nounwind" [r:/builds/2019.2/continuous/2019_11_06_2708876/src/products/hls/hls_lib/hlsmath/src/c/powdouble.cpp:7->math.cpp:14]   --->   Operation 104 'call' 'tmp_i1' <Predicate = true> <Delay = 8.75> <CoreType = "Generic">   --->   Core 0 '' <Latency = 0> <II = 1> <Delay = 1.00> <Generic> <Opcode : >

State 16 <SV = 15> <Delay = 8.75>
ST_16 : Operation 105 [29/38] (8.75ns)   --->   "%tmp_i = call fastcc double @"pow_generic<double>"(double %x_assign) nounwind" [r:/builds/2019.2/continuous/2019_11_06_2708876/src/products/hls/hls_lib/hlsmath/src/c/powdouble.cpp:7->math.cpp:14]   --->   Operation 105 'call' 'tmp_i' <Predicate = true> <Delay = 8.75> <CoreType = "Generic">   --->   Core 0 '' <Latency = 0> <II = 1> <Delay = 1.00> <Generic> <Opcode : >
ST_16 : Operation 106 [29/38] (8.75ns)   --->   "%tmp_i1 = call fastcc double @"pow_generic<double>"(double %x_assign_1) nounwind" [r:/builds/2019.2/continuous/2019_11_06_2708876/src/products/hls/hls_lib/hlsmath/src/c/powdouble.cpp:7->math.cpp:14]   --->   Operation 106 'call' 'tmp_i1' <Predicate = true> <Delay = 8.75> <CoreType = "Generic">   --->   Core 0 '' <Latency = 0> <II = 1> <Delay = 1.00> <Generic> <Opcode : >

State 17 <SV = 16> <Delay = 8.75>
ST_17 : Operation 107 [28/38] (8.75ns)   --->   "%tmp_i = call fastcc double @"pow_generic<double>"(double %x_assign) nounwind" [r:/builds/2019.2/continuous/2019_11_06_2708876/src/products/hls/hls_lib/hlsmath/src/c/powdouble.cpp:7->math.cpp:14]   --->   Operation 107 'call' 'tmp_i' <Predicate = true> <Delay = 8.75> <CoreType = "Generic">   --->   Core 0 '' <Latency = 0> <II = 1> <Delay = 1.00> <Generic> <Opcode : >
ST_17 : Operation 108 [28/38] (8.75ns)   --->   "%tmp_i1 = call fastcc double @"pow_generic<double>"(double %x_assign_1) nounwind" [r:/builds/2019.2/continuous/2019_11_06_2708876/src/products/hls/hls_lib/hlsmath/src/c/powdouble.cpp:7->math.cpp:14]   --->   Operation 108 'call' 'tmp_i1' <Predicate = true> <Delay = 8.75> <CoreType = "Generic">   --->   Core 0 '' <Latency = 0> <II = 1> <Delay = 1.00> <Generic> <Opcode : >

State 18 <SV = 17> <Delay = 8.75>
ST_18 : Operation 109 [27/38] (8.75ns)   --->   "%tmp_i = call fastcc double @"pow_generic<double>"(double %x_assign) nounwind" [r:/builds/2019.2/continuous/2019_11_06_2708876/src/products/hls/hls_lib/hlsmath/src/c/powdouble.cpp:7->math.cpp:14]   --->   Operation 109 'call' 'tmp_i' <Predicate = true> <Delay = 8.75> <CoreType = "Generic">   --->   Core 0 '' <Latency = 0> <II = 1> <Delay = 1.00> <Generic> <Opcode : >
ST_18 : Operation 110 [27/38] (8.75ns)   --->   "%tmp_i1 = call fastcc double @"pow_generic<double>"(double %x_assign_1) nounwind" [r:/builds/2019.2/continuous/2019_11_06_2708876/src/products/hls/hls_lib/hlsmath/src/c/powdouble.cpp:7->math.cpp:14]   --->   Operation 110 'call' 'tmp_i1' <Predicate = true> <Delay = 8.75> <CoreType = "Generic">   --->   Core 0 '' <Latency = 0> <II = 1> <Delay = 1.00> <Generic> <Opcode : >

State 19 <SV = 18> <Delay = 8.75>
ST_19 : Operation 111 [26/38] (8.75ns)   --->   "%tmp_i = call fastcc double @"pow_generic<double>"(double %x_assign) nounwind" [r:/builds/2019.2/continuous/2019_11_06_2708876/src/products/hls/hls_lib/hlsmath/src/c/powdouble.cpp:7->math.cpp:14]   --->   Operation 111 'call' 'tmp_i' <Predicate = true> <Delay = 8.75> <CoreType = "Generic">   --->   Core 0 '' <Latency = 0> <II = 1> <Delay = 1.00> <Generic> <Opcode : >
ST_19 : Operation 112 [26/38] (8.75ns)   --->   "%tmp_i1 = call fastcc double @"pow_generic<double>"(double %x_assign_1) nounwind" [r:/builds/2019.2/continuous/2019_11_06_2708876/src/products/hls/hls_lib/hlsmath/src/c/powdouble.cpp:7->math.cpp:14]   --->   Operation 112 'call' 'tmp_i1' <Predicate = true> <Delay = 8.75> <CoreType = "Generic">   --->   Core 0 '' <Latency = 0> <II = 1> <Delay = 1.00> <Generic> <Opcode : >

State 20 <SV = 19> <Delay = 8.75>
ST_20 : Operation 113 [25/38] (8.75ns)   --->   "%tmp_i = call fastcc double @"pow_generic<double>"(double %x_assign) nounwind" [r:/builds/2019.2/continuous/2019_11_06_2708876/src/products/hls/hls_lib/hlsmath/src/c/powdouble.cpp:7->math.cpp:14]   --->   Operation 113 'call' 'tmp_i' <Predicate = true> <Delay = 8.75> <CoreType = "Generic">   --->   Core 0 '' <Latency = 0> <II = 1> <Delay = 1.00> <Generic> <Opcode : >
ST_20 : Operation 114 [25/38] (8.75ns)   --->   "%tmp_i1 = call fastcc double @"pow_generic<double>"(double %x_assign_1) nounwind" [r:/builds/2019.2/continuous/2019_11_06_2708876/src/products/hls/hls_lib/hlsmath/src/c/powdouble.cpp:7->math.cpp:14]   --->   Operation 114 'call' 'tmp_i1' <Predicate = true> <Delay = 8.75> <CoreType = "Generic">   --->   Core 0 '' <Latency = 0> <II = 1> <Delay = 1.00> <Generic> <Opcode : >

State 21 <SV = 20> <Delay = 8.75>
ST_21 : Operation 115 [24/38] (8.75ns)   --->   "%tmp_i = call fastcc double @"pow_generic<double>"(double %x_assign) nounwind" [r:/builds/2019.2/continuous/2019_11_06_2708876/src/products/hls/hls_lib/hlsmath/src/c/powdouble.cpp:7->math.cpp:14]   --->   Operation 115 'call' 'tmp_i' <Predicate = true> <Delay = 8.75> <CoreType = "Generic">   --->   Core 0 '' <Latency = 0> <II = 1> <Delay = 1.00> <Generic> <Opcode : >
ST_21 : Operation 116 [24/38] (8.75ns)   --->   "%tmp_i1 = call fastcc double @"pow_generic<double>"(double %x_assign_1) nounwind" [r:/builds/2019.2/continuous/2019_11_06_2708876/src/products/hls/hls_lib/hlsmath/src/c/powdouble.cpp:7->math.cpp:14]   --->   Operation 116 'call' 'tmp_i1' <Predicate = true> <Delay = 8.75> <CoreType = "Generic">   --->   Core 0 '' <Latency = 0> <II = 1> <Delay = 1.00> <Generic> <Opcode : >

State 22 <SV = 21> <Delay = 8.75>
ST_22 : Operation 117 [23/38] (8.75ns)   --->   "%tmp_i = call fastcc double @"pow_generic<double>"(double %x_assign) nounwind" [r:/builds/2019.2/continuous/2019_11_06_2708876/src/products/hls/hls_lib/hlsmath/src/c/powdouble.cpp:7->math.cpp:14]   --->   Operation 117 'call' 'tmp_i' <Predicate = true> <Delay = 8.75> <CoreType = "Generic">   --->   Core 0 '' <Latency = 0> <II = 1> <Delay = 1.00> <Generic> <Opcode : >
ST_22 : Operation 118 [23/38] (8.75ns)   --->   "%tmp_i1 = call fastcc double @"pow_generic<double>"(double %x_assign_1) nounwind" [r:/builds/2019.2/continuous/2019_11_06_2708876/src/products/hls/hls_lib/hlsmath/src/c/powdouble.cpp:7->math.cpp:14]   --->   Operation 118 'call' 'tmp_i1' <Predicate = true> <Delay = 8.75> <CoreType = "Generic">   --->   Core 0 '' <Latency = 0> <II = 1> <Delay = 1.00> <Generic> <Opcode : >

State 23 <SV = 22> <Delay = 8.75>
ST_23 : Operation 119 [22/38] (8.75ns)   --->   "%tmp_i = call fastcc double @"pow_generic<double>"(double %x_assign) nounwind" [r:/builds/2019.2/continuous/2019_11_06_2708876/src/products/hls/hls_lib/hlsmath/src/c/powdouble.cpp:7->math.cpp:14]   --->   Operation 119 'call' 'tmp_i' <Predicate = true> <Delay = 8.75> <CoreType = "Generic">   --->   Core 0 '' <Latency = 0> <II = 1> <Delay = 1.00> <Generic> <Opcode : >
ST_23 : Operation 120 [22/38] (8.75ns)   --->   "%tmp_i1 = call fastcc double @"pow_generic<double>"(double %x_assign_1) nounwind" [r:/builds/2019.2/continuous/2019_11_06_2708876/src/products/hls/hls_lib/hlsmath/src/c/powdouble.cpp:7->math.cpp:14]   --->   Operation 120 'call' 'tmp_i1' <Predicate = true> <Delay = 8.75> <CoreType = "Generic">   --->   Core 0 '' <Latency = 0> <II = 1> <Delay = 1.00> <Generic> <Opcode : >

State 24 <SV = 23> <Delay = 8.75>
ST_24 : Operation 121 [21/38] (8.75ns)   --->   "%tmp_i = call fastcc double @"pow_generic<double>"(double %x_assign) nounwind" [r:/builds/2019.2/continuous/2019_11_06_2708876/src/products/hls/hls_lib/hlsmath/src/c/powdouble.cpp:7->math.cpp:14]   --->   Operation 121 'call' 'tmp_i' <Predicate = true> <Delay = 8.75> <CoreType = "Generic">   --->   Core 0 '' <Latency = 0> <II = 1> <Delay = 1.00> <Generic> <Opcode : >
ST_24 : Operation 122 [21/38] (8.75ns)   --->   "%tmp_i1 = call fastcc double @"pow_generic<double>"(double %x_assign_1) nounwind" [r:/builds/2019.2/continuous/2019_11_06_2708876/src/products/hls/hls_lib/hlsmath/src/c/powdouble.cpp:7->math.cpp:14]   --->   Operation 122 'call' 'tmp_i1' <Predicate = true> <Delay = 8.75> <CoreType = "Generic">   --->   Core 0 '' <Latency = 0> <II = 1> <Delay = 1.00> <Generic> <Opcode : >

State 25 <SV = 24> <Delay = 8.75>
ST_25 : Operation 123 [20/38] (8.75ns)   --->   "%tmp_i = call fastcc double @"pow_generic<double>"(double %x_assign) nounwind" [r:/builds/2019.2/continuous/2019_11_06_2708876/src/products/hls/hls_lib/hlsmath/src/c/powdouble.cpp:7->math.cpp:14]   --->   Operation 123 'call' 'tmp_i' <Predicate = true> <Delay = 8.75> <CoreType = "Generic">   --->   Core 0 '' <Latency = 0> <II = 1> <Delay = 1.00> <Generic> <Opcode : >
ST_25 : Operation 124 [20/38] (8.75ns)   --->   "%tmp_i1 = call fastcc double @"pow_generic<double>"(double %x_assign_1) nounwind" [r:/builds/2019.2/continuous/2019_11_06_2708876/src/products/hls/hls_lib/hlsmath/src/c/powdouble.cpp:7->math.cpp:14]   --->   Operation 124 'call' 'tmp_i1' <Predicate = true> <Delay = 8.75> <CoreType = "Generic">   --->   Core 0 '' <Latency = 0> <II = 1> <Delay = 1.00> <Generic> <Opcode : >

State 26 <SV = 25> <Delay = 8.75>
ST_26 : Operation 125 [19/38] (8.75ns)   --->   "%tmp_i = call fastcc double @"pow_generic<double>"(double %x_assign) nounwind" [r:/builds/2019.2/continuous/2019_11_06_2708876/src/products/hls/hls_lib/hlsmath/src/c/powdouble.cpp:7->math.cpp:14]   --->   Operation 125 'call' 'tmp_i' <Predicate = true> <Delay = 8.75> <CoreType = "Generic">   --->   Core 0 '' <Latency = 0> <II = 1> <Delay = 1.00> <Generic> <Opcode : >
ST_26 : Operation 126 [19/38] (8.75ns)   --->   "%tmp_i1 = call fastcc double @"pow_generic<double>"(double %x_assign_1) nounwind" [r:/builds/2019.2/continuous/2019_11_06_2708876/src/products/hls/hls_lib/hlsmath/src/c/powdouble.cpp:7->math.cpp:14]   --->   Operation 126 'call' 'tmp_i1' <Predicate = true> <Delay = 8.75> <CoreType = "Generic">   --->   Core 0 '' <Latency = 0> <II = 1> <Delay = 1.00> <Generic> <Opcode : >

State 27 <SV = 26> <Delay = 8.75>
ST_27 : Operation 127 [18/38] (8.75ns)   --->   "%tmp_i = call fastcc double @"pow_generic<double>"(double %x_assign) nounwind" [r:/builds/2019.2/continuous/2019_11_06_2708876/src/products/hls/hls_lib/hlsmath/src/c/powdouble.cpp:7->math.cpp:14]   --->   Operation 127 'call' 'tmp_i' <Predicate = true> <Delay = 8.75> <CoreType = "Generic">   --->   Core 0 '' <Latency = 0> <II = 1> <Delay = 1.00> <Generic> <Opcode : >
ST_27 : Operation 128 [18/38] (8.75ns)   --->   "%tmp_i1 = call fastcc double @"pow_generic<double>"(double %x_assign_1) nounwind" [r:/builds/2019.2/continuous/2019_11_06_2708876/src/products/hls/hls_lib/hlsmath/src/c/powdouble.cpp:7->math.cpp:14]   --->   Operation 128 'call' 'tmp_i1' <Predicate = true> <Delay = 8.75> <CoreType = "Generic">   --->   Core 0 '' <Latency = 0> <II = 1> <Delay = 1.00> <Generic> <Opcode : >

State 28 <SV = 27> <Delay = 8.75>
ST_28 : Operation 129 [17/38] (8.75ns)   --->   "%tmp_i = call fastcc double @"pow_generic<double>"(double %x_assign) nounwind" [r:/builds/2019.2/continuous/2019_11_06_2708876/src/products/hls/hls_lib/hlsmath/src/c/powdouble.cpp:7->math.cpp:14]   --->   Operation 129 'call' 'tmp_i' <Predicate = true> <Delay = 8.75> <CoreType = "Generic">   --->   Core 0 '' <Latency = 0> <II = 1> <Delay = 1.00> <Generic> <Opcode : >
ST_28 : Operation 130 [17/38] (8.75ns)   --->   "%tmp_i1 = call fastcc double @"pow_generic<double>"(double %x_assign_1) nounwind" [r:/builds/2019.2/continuous/2019_11_06_2708876/src/products/hls/hls_lib/hlsmath/src/c/powdouble.cpp:7->math.cpp:14]   --->   Operation 130 'call' 'tmp_i1' <Predicate = true> <Delay = 8.75> <CoreType = "Generic">   --->   Core 0 '' <Latency = 0> <II = 1> <Delay = 1.00> <Generic> <Opcode : >

State 29 <SV = 28> <Delay = 8.75>
ST_29 : Operation 131 [16/38] (8.75ns)   --->   "%tmp_i = call fastcc double @"pow_generic<double>"(double %x_assign) nounwind" [r:/builds/2019.2/continuous/2019_11_06_2708876/src/products/hls/hls_lib/hlsmath/src/c/powdouble.cpp:7->math.cpp:14]   --->   Operation 131 'call' 'tmp_i' <Predicate = true> <Delay = 8.75> <CoreType = "Generic">   --->   Core 0 '' <Latency = 0> <II = 1> <Delay = 1.00> <Generic> <Opcode : >
ST_29 : Operation 132 [16/38] (8.75ns)   --->   "%tmp_i1 = call fastcc double @"pow_generic<double>"(double %x_assign_1) nounwind" [r:/builds/2019.2/continuous/2019_11_06_2708876/src/products/hls/hls_lib/hlsmath/src/c/powdouble.cpp:7->math.cpp:14]   --->   Operation 132 'call' 'tmp_i1' <Predicate = true> <Delay = 8.75> <CoreType = "Generic">   --->   Core 0 '' <Latency = 0> <II = 1> <Delay = 1.00> <Generic> <Opcode : >

State 30 <SV = 29> <Delay = 8.75>
ST_30 : Operation 133 [15/38] (8.75ns)   --->   "%tmp_i = call fastcc double @"pow_generic<double>"(double %x_assign) nounwind" [r:/builds/2019.2/continuous/2019_11_06_2708876/src/products/hls/hls_lib/hlsmath/src/c/powdouble.cpp:7->math.cpp:14]   --->   Operation 133 'call' 'tmp_i' <Predicate = true> <Delay = 8.75> <CoreType = "Generic">   --->   Core 0 '' <Latency = 0> <II = 1> <Delay = 1.00> <Generic> <Opcode : >
ST_30 : Operation 134 [15/38] (8.75ns)   --->   "%tmp_i1 = call fastcc double @"pow_generic<double>"(double %x_assign_1) nounwind" [r:/builds/2019.2/continuous/2019_11_06_2708876/src/products/hls/hls_lib/hlsmath/src/c/powdouble.cpp:7->math.cpp:14]   --->   Operation 134 'call' 'tmp_i1' <Predicate = true> <Delay = 8.75> <CoreType = "Generic">   --->   Core 0 '' <Latency = 0> <II = 1> <Delay = 1.00> <Generic> <Opcode : >

State 31 <SV = 30> <Delay = 8.75>
ST_31 : Operation 135 [14/38] (8.75ns)   --->   "%tmp_i = call fastcc double @"pow_generic<double>"(double %x_assign) nounwind" [r:/builds/2019.2/continuous/2019_11_06_2708876/src/products/hls/hls_lib/hlsmath/src/c/powdouble.cpp:7->math.cpp:14]   --->   Operation 135 'call' 'tmp_i' <Predicate = true> <Delay = 8.75> <CoreType = "Generic">   --->   Core 0 '' <Latency = 0> <II = 1> <Delay = 1.00> <Generic> <Opcode : >
ST_31 : Operation 136 [14/38] (8.75ns)   --->   "%tmp_i1 = call fastcc double @"pow_generic<double>"(double %x_assign_1) nounwind" [r:/builds/2019.2/continuous/2019_11_06_2708876/src/products/hls/hls_lib/hlsmath/src/c/powdouble.cpp:7->math.cpp:14]   --->   Operation 136 'call' 'tmp_i1' <Predicate = true> <Delay = 8.75> <CoreType = "Generic">   --->   Core 0 '' <Latency = 0> <II = 1> <Delay = 1.00> <Generic> <Opcode : >

State 32 <SV = 31> <Delay = 8.75>
ST_32 : Operation 137 [13/38] (8.75ns)   --->   "%tmp_i = call fastcc double @"pow_generic<double>"(double %x_assign) nounwind" [r:/builds/2019.2/continuous/2019_11_06_2708876/src/products/hls/hls_lib/hlsmath/src/c/powdouble.cpp:7->math.cpp:14]   --->   Operation 137 'call' 'tmp_i' <Predicate = true> <Delay = 8.75> <CoreType = "Generic">   --->   Core 0 '' <Latency = 0> <II = 1> <Delay = 1.00> <Generic> <Opcode : >
ST_32 : Operation 138 [13/38] (8.75ns)   --->   "%tmp_i1 = call fastcc double @"pow_generic<double>"(double %x_assign_1) nounwind" [r:/builds/2019.2/continuous/2019_11_06_2708876/src/products/hls/hls_lib/hlsmath/src/c/powdouble.cpp:7->math.cpp:14]   --->   Operation 138 'call' 'tmp_i1' <Predicate = true> <Delay = 8.75> <CoreType = "Generic">   --->   Core 0 '' <Latency = 0> <II = 1> <Delay = 1.00> <Generic> <Opcode : >

State 33 <SV = 32> <Delay = 8.75>
ST_33 : Operation 139 [12/38] (8.75ns)   --->   "%tmp_i = call fastcc double @"pow_generic<double>"(double %x_assign) nounwind" [r:/builds/2019.2/continuous/2019_11_06_2708876/src/products/hls/hls_lib/hlsmath/src/c/powdouble.cpp:7->math.cpp:14]   --->   Operation 139 'call' 'tmp_i' <Predicate = true> <Delay = 8.75> <CoreType = "Generic">   --->   Core 0 '' <Latency = 0> <II = 1> <Delay = 1.00> <Generic> <Opcode : >
ST_33 : Operation 140 [12/38] (8.75ns)   --->   "%tmp_i1 = call fastcc double @"pow_generic<double>"(double %x_assign_1) nounwind" [r:/builds/2019.2/continuous/2019_11_06_2708876/src/products/hls/hls_lib/hlsmath/src/c/powdouble.cpp:7->math.cpp:14]   --->   Operation 140 'call' 'tmp_i1' <Predicate = true> <Delay = 8.75> <CoreType = "Generic">   --->   Core 0 '' <Latency = 0> <II = 1> <Delay = 1.00> <Generic> <Opcode : >

State 34 <SV = 33> <Delay = 8.75>
ST_34 : Operation 141 [11/38] (8.75ns)   --->   "%tmp_i = call fastcc double @"pow_generic<double>"(double %x_assign) nounwind" [r:/builds/2019.2/continuous/2019_11_06_2708876/src/products/hls/hls_lib/hlsmath/src/c/powdouble.cpp:7->math.cpp:14]   --->   Operation 141 'call' 'tmp_i' <Predicate = true> <Delay = 8.75> <CoreType = "Generic">   --->   Core 0 '' <Latency = 0> <II = 1> <Delay = 1.00> <Generic> <Opcode : >
ST_34 : Operation 142 [11/38] (8.75ns)   --->   "%tmp_i1 = call fastcc double @"pow_generic<double>"(double %x_assign_1) nounwind" [r:/builds/2019.2/continuous/2019_11_06_2708876/src/products/hls/hls_lib/hlsmath/src/c/powdouble.cpp:7->math.cpp:14]   --->   Operation 142 'call' 'tmp_i1' <Predicate = true> <Delay = 8.75> <CoreType = "Generic">   --->   Core 0 '' <Latency = 0> <II = 1> <Delay = 1.00> <Generic> <Opcode : >

State 35 <SV = 34> <Delay = 8.75>
ST_35 : Operation 143 [10/38] (8.75ns)   --->   "%tmp_i = call fastcc double @"pow_generic<double>"(double %x_assign) nounwind" [r:/builds/2019.2/continuous/2019_11_06_2708876/src/products/hls/hls_lib/hlsmath/src/c/powdouble.cpp:7->math.cpp:14]   --->   Operation 143 'call' 'tmp_i' <Predicate = true> <Delay = 8.75> <CoreType = "Generic">   --->   Core 0 '' <Latency = 0> <II = 1> <Delay = 1.00> <Generic> <Opcode : >
ST_35 : Operation 144 [10/38] (8.75ns)   --->   "%tmp_i1 = call fastcc double @"pow_generic<double>"(double %x_assign_1) nounwind" [r:/builds/2019.2/continuous/2019_11_06_2708876/src/products/hls/hls_lib/hlsmath/src/c/powdouble.cpp:7->math.cpp:14]   --->   Operation 144 'call' 'tmp_i1' <Predicate = true> <Delay = 8.75> <CoreType = "Generic">   --->   Core 0 '' <Latency = 0> <II = 1> <Delay = 1.00> <Generic> <Opcode : >

State 36 <SV = 35> <Delay = 8.75>
ST_36 : Operation 145 [9/38] (8.75ns)   --->   "%tmp_i = call fastcc double @"pow_generic<double>"(double %x_assign) nounwind" [r:/builds/2019.2/continuous/2019_11_06_2708876/src/products/hls/hls_lib/hlsmath/src/c/powdouble.cpp:7->math.cpp:14]   --->   Operation 145 'call' 'tmp_i' <Predicate = true> <Delay = 8.75> <CoreType = "Generic">   --->   Core 0 '' <Latency = 0> <II = 1> <Delay = 1.00> <Generic> <Opcode : >
ST_36 : Operation 146 [9/38] (8.75ns)   --->   "%tmp_i1 = call fastcc double @"pow_generic<double>"(double %x_assign_1) nounwind" [r:/builds/2019.2/continuous/2019_11_06_2708876/src/products/hls/hls_lib/hlsmath/src/c/powdouble.cpp:7->math.cpp:14]   --->   Operation 146 'call' 'tmp_i1' <Predicate = true> <Delay = 8.75> <CoreType = "Generic">   --->   Core 0 '' <Latency = 0> <II = 1> <Delay = 1.00> <Generic> <Opcode : >

State 37 <SV = 36> <Delay = 8.75>
ST_37 : Operation 147 [8/38] (8.75ns)   --->   "%tmp_i = call fastcc double @"pow_generic<double>"(double %x_assign) nounwind" [r:/builds/2019.2/continuous/2019_11_06_2708876/src/products/hls/hls_lib/hlsmath/src/c/powdouble.cpp:7->math.cpp:14]   --->   Operation 147 'call' 'tmp_i' <Predicate = true> <Delay = 8.75> <CoreType = "Generic">   --->   Core 0 '' <Latency = 0> <II = 1> <Delay = 1.00> <Generic> <Opcode : >
ST_37 : Operation 148 [8/38] (8.75ns)   --->   "%tmp_i1 = call fastcc double @"pow_generic<double>"(double %x_assign_1) nounwind" [r:/builds/2019.2/continuous/2019_11_06_2708876/src/products/hls/hls_lib/hlsmath/src/c/powdouble.cpp:7->math.cpp:14]   --->   Operation 148 'call' 'tmp_i1' <Predicate = true> <Delay = 8.75> <CoreType = "Generic">   --->   Core 0 '' <Latency = 0> <II = 1> <Delay = 1.00> <Generic> <Opcode : >

State 38 <SV = 37> <Delay = 8.75>
ST_38 : Operation 149 [7/38] (8.75ns)   --->   "%tmp_i = call fastcc double @"pow_generic<double>"(double %x_assign) nounwind" [r:/builds/2019.2/continuous/2019_11_06_2708876/src/products/hls/hls_lib/hlsmath/src/c/powdouble.cpp:7->math.cpp:14]   --->   Operation 149 'call' 'tmp_i' <Predicate = true> <Delay = 8.75> <CoreType = "Generic">   --->   Core 0 '' <Latency = 0> <II = 1> <Delay = 1.00> <Generic> <Opcode : >
ST_38 : Operation 150 [7/38] (8.75ns)   --->   "%tmp_i1 = call fastcc double @"pow_generic<double>"(double %x_assign_1) nounwind" [r:/builds/2019.2/continuous/2019_11_06_2708876/src/products/hls/hls_lib/hlsmath/src/c/powdouble.cpp:7->math.cpp:14]   --->   Operation 150 'call' 'tmp_i1' <Predicate = true> <Delay = 8.75> <CoreType = "Generic">   --->   Core 0 '' <Latency = 0> <II = 1> <Delay = 1.00> <Generic> <Opcode : >

State 39 <SV = 38> <Delay = 8.75>
ST_39 : Operation 151 [6/38] (8.75ns)   --->   "%tmp_i = call fastcc double @"pow_generic<double>"(double %x_assign) nounwind" [r:/builds/2019.2/continuous/2019_11_06_2708876/src/products/hls/hls_lib/hlsmath/src/c/powdouble.cpp:7->math.cpp:14]   --->   Operation 151 'call' 'tmp_i' <Predicate = true> <Delay = 8.75> <CoreType = "Generic">   --->   Core 0 '' <Latency = 0> <II = 1> <Delay = 1.00> <Generic> <Opcode : >
ST_39 : Operation 152 [6/38] (8.75ns)   --->   "%tmp_i1 = call fastcc double @"pow_generic<double>"(double %x_assign_1) nounwind" [r:/builds/2019.2/continuous/2019_11_06_2708876/src/products/hls/hls_lib/hlsmath/src/c/powdouble.cpp:7->math.cpp:14]   --->   Operation 152 'call' 'tmp_i1' <Predicate = true> <Delay = 8.75> <CoreType = "Generic">   --->   Core 0 '' <Latency = 0> <II = 1> <Delay = 1.00> <Generic> <Opcode : >

State 40 <SV = 39> <Delay = 8.75>
ST_40 : Operation 153 [5/38] (8.75ns)   --->   "%tmp_i = call fastcc double @"pow_generic<double>"(double %x_assign) nounwind" [r:/builds/2019.2/continuous/2019_11_06_2708876/src/products/hls/hls_lib/hlsmath/src/c/powdouble.cpp:7->math.cpp:14]   --->   Operation 153 'call' 'tmp_i' <Predicate = true> <Delay = 8.75> <CoreType = "Generic">   --->   Core 0 '' <Latency = 0> <II = 1> <Delay = 1.00> <Generic> <Opcode : >
ST_40 : Operation 154 [5/38] (8.75ns)   --->   "%tmp_i1 = call fastcc double @"pow_generic<double>"(double %x_assign_1) nounwind" [r:/builds/2019.2/continuous/2019_11_06_2708876/src/products/hls/hls_lib/hlsmath/src/c/powdouble.cpp:7->math.cpp:14]   --->   Operation 154 'call' 'tmp_i1' <Predicate = true> <Delay = 8.75> <CoreType = "Generic">   --->   Core 0 '' <Latency = 0> <II = 1> <Delay = 1.00> <Generic> <Opcode : >

State 41 <SV = 40> <Delay = 8.75>
ST_41 : Operation 155 [4/38] (8.75ns)   --->   "%tmp_i = call fastcc double @"pow_generic<double>"(double %x_assign) nounwind" [r:/builds/2019.2/continuous/2019_11_06_2708876/src/products/hls/hls_lib/hlsmath/src/c/powdouble.cpp:7->math.cpp:14]   --->   Operation 155 'call' 'tmp_i' <Predicate = true> <Delay = 8.75> <CoreType = "Generic">   --->   Core 0 '' <Latency = 0> <II = 1> <Delay = 1.00> <Generic> <Opcode : >
ST_41 : Operation 156 [4/38] (8.75ns)   --->   "%tmp_i1 = call fastcc double @"pow_generic<double>"(double %x_assign_1) nounwind" [r:/builds/2019.2/continuous/2019_11_06_2708876/src/products/hls/hls_lib/hlsmath/src/c/powdouble.cpp:7->math.cpp:14]   --->   Operation 156 'call' 'tmp_i1' <Predicate = true> <Delay = 8.75> <CoreType = "Generic">   --->   Core 0 '' <Latency = 0> <II = 1> <Delay = 1.00> <Generic> <Opcode : >

State 42 <SV = 41> <Delay = 8.75>
ST_42 : Operation 157 [3/38] (8.75ns)   --->   "%tmp_i = call fastcc double @"pow_generic<double>"(double %x_assign) nounwind" [r:/builds/2019.2/continuous/2019_11_06_2708876/src/products/hls/hls_lib/hlsmath/src/c/powdouble.cpp:7->math.cpp:14]   --->   Operation 157 'call' 'tmp_i' <Predicate = true> <Delay = 8.75> <CoreType = "Generic">   --->   Core 0 '' <Latency = 0> <II = 1> <Delay = 1.00> <Generic> <Opcode : >
ST_42 : Operation 158 [3/38] (8.75ns)   --->   "%tmp_i1 = call fastcc double @"pow_generic<double>"(double %x_assign_1) nounwind" [r:/builds/2019.2/continuous/2019_11_06_2708876/src/products/hls/hls_lib/hlsmath/src/c/powdouble.cpp:7->math.cpp:14]   --->   Operation 158 'call' 'tmp_i1' <Predicate = true> <Delay = 8.75> <CoreType = "Generic">   --->   Core 0 '' <Latency = 0> <II = 1> <Delay = 1.00> <Generic> <Opcode : >

State 43 <SV = 42> <Delay = 8.75>
ST_43 : Operation 159 [2/38] (8.75ns)   --->   "%tmp_i = call fastcc double @"pow_generic<double>"(double %x_assign) nounwind" [r:/builds/2019.2/continuous/2019_11_06_2708876/src/products/hls/hls_lib/hlsmath/src/c/powdouble.cpp:7->math.cpp:14]   --->   Operation 159 'call' 'tmp_i' <Predicate = true> <Delay = 8.75> <CoreType = "Generic">   --->   Core 0 '' <Latency = 0> <II = 1> <Delay = 1.00> <Generic> <Opcode : >
ST_43 : Operation 160 [2/38] (8.75ns)   --->   "%tmp_i1 = call fastcc double @"pow_generic<double>"(double %x_assign_1) nounwind" [r:/builds/2019.2/continuous/2019_11_06_2708876/src/products/hls/hls_lib/hlsmath/src/c/powdouble.cpp:7->math.cpp:14]   --->   Operation 160 'call' 'tmp_i1' <Predicate = true> <Delay = 8.75> <CoreType = "Generic">   --->   Core 0 '' <Latency = 0> <II = 1> <Delay = 1.00> <Generic> <Opcode : >

State 44 <SV = 43> <Delay = 7.42>
ST_44 : Operation 161 [1/38] (7.42ns)   --->   "%tmp_i = call fastcc double @"pow_generic<double>"(double %x_assign) nounwind" [r:/builds/2019.2/continuous/2019_11_06_2708876/src/products/hls/hls_lib/hlsmath/src/c/powdouble.cpp:7->math.cpp:14]   --->   Operation 161 'call' 'tmp_i' <Predicate = true> <Delay = 7.42> <CoreType = "Generic">   --->   Core 0 '' <Latency = 0> <II = 1> <Delay = 1.00> <Generic> <Opcode : >
ST_44 : Operation 162 [1/38] (7.42ns)   --->   "%tmp_i1 = call fastcc double @"pow_generic<double>"(double %x_assign_1) nounwind" [r:/builds/2019.2/continuous/2019_11_06_2708876/src/products/hls/hls_lib/hlsmath/src/c/powdouble.cpp:7->math.cpp:14]   --->   Operation 162 'call' 'tmp_i1' <Predicate = true> <Delay = 7.42> <CoreType = "Generic">   --->   Core 0 '' <Latency = 0> <II = 1> <Delay = 1.00> <Generic> <Opcode : >

State 45 <SV = 44> <Delay = 6.30>
ST_45 : Operation 163 [5/5] (6.30ns)   --->   "%x_assign_2 = fadd double %tmp_i, %tmp_i1" [math.cpp:14]   --->   Operation 163 'dadd' 'x_assign_2' <Predicate = true> <Delay = 6.30> <Core = "DAddSub">   --->   Core 115 'DAddSub' <Latency = 4> <II = 1> <Delay = 6.30> <FuncUnit> <Opcode : 'dadd' 'dsub'> <InPorts = 2> <OutPorts = 1>

State 46 <SV = 45> <Delay = 6.30>
ST_46 : Operation 164 [4/5] (6.30ns)   --->   "%x_assign_2 = fadd double %tmp_i, %tmp_i1" [math.cpp:14]   --->   Operation 164 'dadd' 'x_assign_2' <Predicate = true> <Delay = 6.30> <Core = "DAddSub">   --->   Core 115 'DAddSub' <Latency = 4> <II = 1> <Delay = 6.30> <FuncUnit> <Opcode : 'dadd' 'dsub'> <InPorts = 2> <OutPorts = 1>

State 47 <SV = 46> <Delay = 6.30>
ST_47 : Operation 165 [3/5] (6.30ns)   --->   "%x_assign_2 = fadd double %tmp_i, %tmp_i1" [math.cpp:14]   --->   Operation 165 'dadd' 'x_assign_2' <Predicate = true> <Delay = 6.30> <Core = "DAddSub">   --->   Core 115 'DAddSub' <Latency = 4> <II = 1> <Delay = 6.30> <FuncUnit> <Opcode : 'dadd' 'dsub'> <InPorts = 2> <OutPorts = 1>

State 48 <SV = 47> <Delay = 6.30>
ST_48 : Operation 166 [2/5] (6.30ns)   --->   "%x_assign_2 = fadd double %tmp_i, %tmp_i1" [math.cpp:14]   --->   Operation 166 'dadd' 'x_assign_2' <Predicate = true> <Delay = 6.30> <Core = "DAddSub">   --->   Core 115 'DAddSub' <Latency = 4> <II = 1> <Delay = 6.30> <FuncUnit> <Opcode : 'dadd' 'dsub'> <InPorts = 2> <OutPorts = 1>

State 49 <SV = 48> <Delay = 6.30>
ST_49 : Operation 167 [1/5] (6.30ns)   --->   "%x_assign_2 = fadd double %tmp_i, %tmp_i1" [math.cpp:14]   --->   Operation 167 'dadd' 'x_assign_2' <Predicate = true> <Delay = 6.30> <Core = "DAddSub">   --->   Core 115 'DAddSub' <Latency = 4> <II = 1> <Delay = 6.30> <FuncUnit> <Opcode : 'dadd' 'dsub'> <InPorts = 2> <OutPorts = 1>

State 50 <SV = 49> <Delay = 7.85>
ST_50 : Operation 168 [21/21] (7.85ns)   --->   "%tmp_i2 = call double @llvm.sqrt.f64(double %x_assign_2) nounwind" [r:/builds/2019.2/continuous/2019_11_06_2708876/src/products/hls/hls_lib/hlsmath/src/c++/sqrtdouble.cpp:7->math.cpp:14]   --->   Operation 168 'dsqrt' 'tmp_i2' <Predicate = true> <Delay = 7.85> <Core = "DSqrt">   --->   Core 118 'DSqrt' <Latency = 20> <II = 1> <Delay = 7.85> <FuncUnit> <Opcode : 'dsqrt'> <InPorts = 1> <OutPorts = 1>

State 51 <SV = 50> <Delay = 7.85>
ST_51 : Operation 169 [20/21] (7.85ns)   --->   "%tmp_i2 = call double @llvm.sqrt.f64(double %x_assign_2) nounwind" [r:/builds/2019.2/continuous/2019_11_06_2708876/src/products/hls/hls_lib/hlsmath/src/c++/sqrtdouble.cpp:7->math.cpp:14]   --->   Operation 169 'dsqrt' 'tmp_i2' <Predicate = true> <Delay = 7.85> <Core = "DSqrt">   --->   Core 118 'DSqrt' <Latency = 20> <II = 1> <Delay = 7.85> <FuncUnit> <Opcode : 'dsqrt'> <InPorts = 1> <OutPorts = 1>

State 52 <SV = 51> <Delay = 7.85>
ST_52 : Operation 170 [19/21] (7.85ns)   --->   "%tmp_i2 = call double @llvm.sqrt.f64(double %x_assign_2) nounwind" [r:/builds/2019.2/continuous/2019_11_06_2708876/src/products/hls/hls_lib/hlsmath/src/c++/sqrtdouble.cpp:7->math.cpp:14]   --->   Operation 170 'dsqrt' 'tmp_i2' <Predicate = true> <Delay = 7.85> <Core = "DSqrt">   --->   Core 118 'DSqrt' <Latency = 20> <II = 1> <Delay = 7.85> <FuncUnit> <Opcode : 'dsqrt'> <InPorts = 1> <OutPorts = 1>

State 53 <SV = 52> <Delay = 7.85>
ST_53 : Operation 171 [18/21] (7.85ns)   --->   "%tmp_i2 = call double @llvm.sqrt.f64(double %x_assign_2) nounwind" [r:/builds/2019.2/continuous/2019_11_06_2708876/src/products/hls/hls_lib/hlsmath/src/c++/sqrtdouble.cpp:7->math.cpp:14]   --->   Operation 171 'dsqrt' 'tmp_i2' <Predicate = true> <Delay = 7.85> <Core = "DSqrt">   --->   Core 118 'DSqrt' <Latency = 20> <II = 1> <Delay = 7.85> <FuncUnit> <Opcode : 'dsqrt'> <InPorts = 1> <OutPorts = 1>

State 54 <SV = 53> <Delay = 7.85>
ST_54 : Operation 172 [17/21] (7.85ns)   --->   "%tmp_i2 = call double @llvm.sqrt.f64(double %x_assign_2) nounwind" [r:/builds/2019.2/continuous/2019_11_06_2708876/src/products/hls/hls_lib/hlsmath/src/c++/sqrtdouble.cpp:7->math.cpp:14]   --->   Operation 172 'dsqrt' 'tmp_i2' <Predicate = true> <Delay = 7.85> <Core = "DSqrt">   --->   Core 118 'DSqrt' <Latency = 20> <II = 1> <Delay = 7.85> <FuncUnit> <Opcode : 'dsqrt'> <InPorts = 1> <OutPorts = 1>

State 55 <SV = 54> <Delay = 7.85>
ST_55 : Operation 173 [16/21] (7.85ns)   --->   "%tmp_i2 = call double @llvm.sqrt.f64(double %x_assign_2) nounwind" [r:/builds/2019.2/continuous/2019_11_06_2708876/src/products/hls/hls_lib/hlsmath/src/c++/sqrtdouble.cpp:7->math.cpp:14]   --->   Operation 173 'dsqrt' 'tmp_i2' <Predicate = true> <Delay = 7.85> <Core = "DSqrt">   --->   Core 118 'DSqrt' <Latency = 20> <II = 1> <Delay = 7.85> <FuncUnit> <Opcode : 'dsqrt'> <InPorts = 1> <OutPorts = 1>

State 56 <SV = 55> <Delay = 7.85>
ST_56 : Operation 174 [15/21] (7.85ns)   --->   "%tmp_i2 = call double @llvm.sqrt.f64(double %x_assign_2) nounwind" [r:/builds/2019.2/continuous/2019_11_06_2708876/src/products/hls/hls_lib/hlsmath/src/c++/sqrtdouble.cpp:7->math.cpp:14]   --->   Operation 174 'dsqrt' 'tmp_i2' <Predicate = true> <Delay = 7.85> <Core = "DSqrt">   --->   Core 118 'DSqrt' <Latency = 20> <II = 1> <Delay = 7.85> <FuncUnit> <Opcode : 'dsqrt'> <InPorts = 1> <OutPorts = 1>

State 57 <SV = 56> <Delay = 7.85>
ST_57 : Operation 175 [14/21] (7.85ns)   --->   "%tmp_i2 = call double @llvm.sqrt.f64(double %x_assign_2) nounwind" [r:/builds/2019.2/continuous/2019_11_06_2708876/src/products/hls/hls_lib/hlsmath/src/c++/sqrtdouble.cpp:7->math.cpp:14]   --->   Operation 175 'dsqrt' 'tmp_i2' <Predicate = true> <Delay = 7.85> <Core = "DSqrt">   --->   Core 118 'DSqrt' <Latency = 20> <II = 1> <Delay = 7.85> <FuncUnit> <Opcode : 'dsqrt'> <InPorts = 1> <OutPorts = 1>

State 58 <SV = 57> <Delay = 7.85>
ST_58 : Operation 176 [13/21] (7.85ns)   --->   "%tmp_i2 = call double @llvm.sqrt.f64(double %x_assign_2) nounwind" [r:/builds/2019.2/continuous/2019_11_06_2708876/src/products/hls/hls_lib/hlsmath/src/c++/sqrtdouble.cpp:7->math.cpp:14]   --->   Operation 176 'dsqrt' 'tmp_i2' <Predicate = true> <Delay = 7.85> <Core = "DSqrt">   --->   Core 118 'DSqrt' <Latency = 20> <II = 1> <Delay = 7.85> <FuncUnit> <Opcode : 'dsqrt'> <InPorts = 1> <OutPorts = 1>

State 59 <SV = 58> <Delay = 7.85>
ST_59 : Operation 177 [12/21] (7.85ns)   --->   "%tmp_i2 = call double @llvm.sqrt.f64(double %x_assign_2) nounwind" [r:/builds/2019.2/continuous/2019_11_06_2708876/src/products/hls/hls_lib/hlsmath/src/c++/sqrtdouble.cpp:7->math.cpp:14]   --->   Operation 177 'dsqrt' 'tmp_i2' <Predicate = true> <Delay = 7.85> <Core = "DSqrt">   --->   Core 118 'DSqrt' <Latency = 20> <II = 1> <Delay = 7.85> <FuncUnit> <Opcode : 'dsqrt'> <InPorts = 1> <OutPorts = 1>

State 60 <SV = 59> <Delay = 7.85>
ST_60 : Operation 178 [11/21] (7.85ns)   --->   "%tmp_i2 = call double @llvm.sqrt.f64(double %x_assign_2) nounwind" [r:/builds/2019.2/continuous/2019_11_06_2708876/src/products/hls/hls_lib/hlsmath/src/c++/sqrtdouble.cpp:7->math.cpp:14]   --->   Operation 178 'dsqrt' 'tmp_i2' <Predicate = true> <Delay = 7.85> <Core = "DSqrt">   --->   Core 118 'DSqrt' <Latency = 20> <II = 1> <Delay = 7.85> <FuncUnit> <Opcode : 'dsqrt'> <InPorts = 1> <OutPorts = 1>

State 61 <SV = 60> <Delay = 7.85>
ST_61 : Operation 179 [10/21] (7.85ns)   --->   "%tmp_i2 = call double @llvm.sqrt.f64(double %x_assign_2) nounwind" [r:/builds/2019.2/continuous/2019_11_06_2708876/src/products/hls/hls_lib/hlsmath/src/c++/sqrtdouble.cpp:7->math.cpp:14]   --->   Operation 179 'dsqrt' 'tmp_i2' <Predicate = true> <Delay = 7.85> <Core = "DSqrt">   --->   Core 118 'DSqrt' <Latency = 20> <II = 1> <Delay = 7.85> <FuncUnit> <Opcode : 'dsqrt'> <InPorts = 1> <OutPorts = 1>

State 62 <SV = 61> <Delay = 7.85>
ST_62 : Operation 180 [9/21] (7.85ns)   --->   "%tmp_i2 = call double @llvm.sqrt.f64(double %x_assign_2) nounwind" [r:/builds/2019.2/continuous/2019_11_06_2708876/src/products/hls/hls_lib/hlsmath/src/c++/sqrtdouble.cpp:7->math.cpp:14]   --->   Operation 180 'dsqrt' 'tmp_i2' <Predicate = true> <Delay = 7.85> <Core = "DSqrt">   --->   Core 118 'DSqrt' <Latency = 20> <II = 1> <Delay = 7.85> <FuncUnit> <Opcode : 'dsqrt'> <InPorts = 1> <OutPorts = 1>

State 63 <SV = 62> <Delay = 7.85>
ST_63 : Operation 181 [8/21] (7.85ns)   --->   "%tmp_i2 = call double @llvm.sqrt.f64(double %x_assign_2) nounwind" [r:/builds/2019.2/continuous/2019_11_06_2708876/src/products/hls/hls_lib/hlsmath/src/c++/sqrtdouble.cpp:7->math.cpp:14]   --->   Operation 181 'dsqrt' 'tmp_i2' <Predicate = true> <Delay = 7.85> <Core = "DSqrt">   --->   Core 118 'DSqrt' <Latency = 20> <II = 1> <Delay = 7.85> <FuncUnit> <Opcode : 'dsqrt'> <InPorts = 1> <OutPorts = 1>

State 64 <SV = 63> <Delay = 7.85>
ST_64 : Operation 182 [7/21] (7.85ns)   --->   "%tmp_i2 = call double @llvm.sqrt.f64(double %x_assign_2) nounwind" [r:/builds/2019.2/continuous/2019_11_06_2708876/src/products/hls/hls_lib/hlsmath/src/c++/sqrtdouble.cpp:7->math.cpp:14]   --->   Operation 182 'dsqrt' 'tmp_i2' <Predicate = true> <Delay = 7.85> <Core = "DSqrt">   --->   Core 118 'DSqrt' <Latency = 20> <II = 1> <Delay = 7.85> <FuncUnit> <Opcode : 'dsqrt'> <InPorts = 1> <OutPorts = 1>

State 65 <SV = 64> <Delay = 7.85>
ST_65 : Operation 183 [6/21] (7.85ns)   --->   "%tmp_i2 = call double @llvm.sqrt.f64(double %x_assign_2) nounwind" [r:/builds/2019.2/continuous/2019_11_06_2708876/src/products/hls/hls_lib/hlsmath/src/c++/sqrtdouble.cpp:7->math.cpp:14]   --->   Operation 183 'dsqrt' 'tmp_i2' <Predicate = true> <Delay = 7.85> <Core = "DSqrt">   --->   Core 118 'DSqrt' <Latency = 20> <II = 1> <Delay = 7.85> <FuncUnit> <Opcode : 'dsqrt'> <InPorts = 1> <OutPorts = 1>

State 66 <SV = 65> <Delay = 7.85>
ST_66 : Operation 184 [5/21] (7.85ns)   --->   "%tmp_i2 = call double @llvm.sqrt.f64(double %x_assign_2) nounwind" [r:/builds/2019.2/continuous/2019_11_06_2708876/src/products/hls/hls_lib/hlsmath/src/c++/sqrtdouble.cpp:7->math.cpp:14]   --->   Operation 184 'dsqrt' 'tmp_i2' <Predicate = true> <Delay = 7.85> <Core = "DSqrt">   --->   Core 118 'DSqrt' <Latency = 20> <II = 1> <Delay = 7.85> <FuncUnit> <Opcode : 'dsqrt'> <InPorts = 1> <OutPorts = 1>

State 67 <SV = 66> <Delay = 7.85>
ST_67 : Operation 185 [4/21] (7.85ns)   --->   "%tmp_i2 = call double @llvm.sqrt.f64(double %x_assign_2) nounwind" [r:/builds/2019.2/continuous/2019_11_06_2708876/src/products/hls/hls_lib/hlsmath/src/c++/sqrtdouble.cpp:7->math.cpp:14]   --->   Operation 185 'dsqrt' 'tmp_i2' <Predicate = true> <Delay = 7.85> <Core = "DSqrt">   --->   Core 118 'DSqrt' <Latency = 20> <II = 1> <Delay = 7.85> <FuncUnit> <Opcode : 'dsqrt'> <InPorts = 1> <OutPorts = 1>

State 68 <SV = 67> <Delay = 7.85>
ST_68 : Operation 186 [3/21] (7.85ns)   --->   "%tmp_i2 = call double @llvm.sqrt.f64(double %x_assign_2) nounwind" [r:/builds/2019.2/continuous/2019_11_06_2708876/src/products/hls/hls_lib/hlsmath/src/c++/sqrtdouble.cpp:7->math.cpp:14]   --->   Operation 186 'dsqrt' 'tmp_i2' <Predicate = true> <Delay = 7.85> <Core = "DSqrt">   --->   Core 118 'DSqrt' <Latency = 20> <II = 1> <Delay = 7.85> <FuncUnit> <Opcode : 'dsqrt'> <InPorts = 1> <OutPorts = 1>

State 69 <SV = 68> <Delay = 7.85>
ST_69 : Operation 187 [2/21] (7.85ns)   --->   "%tmp_i2 = call double @llvm.sqrt.f64(double %x_assign_2) nounwind" [r:/builds/2019.2/continuous/2019_11_06_2708876/src/products/hls/hls_lib/hlsmath/src/c++/sqrtdouble.cpp:7->math.cpp:14]   --->   Operation 187 'dsqrt' 'tmp_i2' <Predicate = true> <Delay = 7.85> <Core = "DSqrt">   --->   Core 118 'DSqrt' <Latency = 20> <II = 1> <Delay = 7.85> <FuncUnit> <Opcode : 'dsqrt'> <InPorts = 1> <OutPorts = 1>

State 70 <SV = 69> <Delay = 7.85>
ST_70 : Operation 188 [1/1] (0.00ns)   --->   "call void (...)* @_ssdm_op_SpecBitsMap(float %x1) nounwind, !map !144"   --->   Operation 188 'specbitsmap' <Predicate = true> <Delay = 0.00>
ST_70 : Operation 189 [1/1] (0.00ns)   --->   "call void (...)* @_ssdm_op_SpecBitsMap(float %y1) nounwind, !map !150"   --->   Operation 189 'specbitsmap' <Predicate = true> <Delay = 0.00>
ST_70 : Operation 190 [1/1] (0.00ns)   --->   "call void (...)* @_ssdm_op_SpecBitsMap(float %x2) nounwind, !map !154"   --->   Operation 190 'specbitsmap' <Predicate = true> <Delay = 0.00>
ST_70 : Operation 191 [1/1] (0.00ns)   --->   "call void (...)* @_ssdm_op_SpecBitsMap(float %y2) nounwind, !map !158"   --->   Operation 191 'specbitsmap' <Predicate = true> <Delay = 0.00>
ST_70 : Operation 192 [1/1] (0.00ns)   --->   "call void (...)* @_ssdm_op_SpecBitsMap(double 0.000000e+00) nounwind, !map !162"   --->   Operation 192 'specbitsmap' <Predicate = true> <Delay = 0.00>
ST_70 : Operation 193 [1/1] (0.00ns)   --->   "call void (...)* @_ssdm_op_SpecTopModule([10 x i8]* @distFloat_str) nounwind"   --->   Operation 193 'spectopmodule' <Predicate = true> <Delay = 0.00>
ST_70 : Operation 194 [1/21] (7.85ns)   --->   "%tmp_i2 = call double @llvm.sqrt.f64(double %x_assign_2) nounwind" [r:/builds/2019.2/continuous/2019_11_06_2708876/src/products/hls/hls_lib/hlsmath/src/c++/sqrtdouble.cpp:7->math.cpp:14]   --->   Operation 194 'dsqrt' 'tmp_i2' <Predicate = true> <Delay = 7.85> <Core = "DSqrt">   --->   Core 118 'DSqrt' <Latency = 20> <II = 1> <Delay = 7.85> <FuncUnit> <Opcode : 'dsqrt'> <InPorts = 1> <OutPorts = 1>
ST_70 : Operation 195 [1/1] (0.00ns)   --->   "ret double %tmp_i2" [math.cpp:14]   --->   Operation 195 'ret' <Predicate = true> <Delay = 0.00>


============================================================
+ Verbose Summary: Binding
============================================================
STG Binding: 
---------------- STG Properties BEGIN ----------------
- Is combinational: 0
- Is one-state seq: 0
- Is datapath-only: 0
- Is pipelined: 0
- Is top level: 1
Port [ Return ] is wired: 1; IO mode=ap_ctrl_hs:ce=0
Port [ x1]:  wired=1; compound=0; hidden=0; nouse=0; global=0; static=0; extern=0; dir=0; type=0; pingpong=0; private_global=0; IO mode=ap_none:ce=0
Port [ y1]:  wired=1; compound=0; hidden=0; nouse=0; global=0; static=0; extern=0; dir=0; type=0; pingpong=0; private_global=0; IO mode=ap_none:ce=0
Port [ x2]:  wired=1; compound=0; hidden=0; nouse=0; global=0; static=0; extern=0; dir=0; type=0; pingpong=0; private_global=0; IO mode=ap_none:ce=0
Port [ y2]:  wired=1; compound=0; hidden=0; nouse=0; global=0; static=0; extern=0; dir=0; type=0; pingpong=0; private_global=0; IO mode=ap_none:ce=0
Port [ pow_reduce_anonymo_20]:  wired=0; compound=1; hidden=1; nouse=1; global=1; static=1; extern=0; dir=0; type=1; pingpong=0; private_global=0; linkage=7; visibility=0; MemPort=[1]; IO mode=ap_memory:ce=0
Port [ pow_reduce_anonymo_19]:  wired=0; compound=1; hidden=1; nouse=1; global=1; static=1; extern=0; dir=0; type=1; pingpong=0; private_global=0; linkage=7; visibility=0; MemPort=[1]; IO mode=ap_memory:ce=0
Port [ pow_reduce_anonymo_16]:  wired=0; compound=1; hidden=1; nouse=1; global=1; static=1; extern=0; dir=0; type=1; pingpong=0; private_global=0; linkage=7; visibility=0; MemPort=[1]; IO mode=ap_memory:ce=0
Port [ pow_reduce_anonymo_17]:  wired=0; compound=1; hidden=1; nouse=1; global=1; static=1; extern=0; dir=0; type=1; pingpong=0; private_global=0; linkage=7; visibility=0; MemPort=[1]; IO mode=ap_memory:ce=0
Port [ pow_reduce_anonymo_9]:  wired=0; compound=1; hidden=1; nouse=1; global=1; static=1; extern=0; dir=0; type=1; pingpong=0; private_global=0; linkage=7; visibility=0; MemPort=[1]; IO mode=ap_memory:ce=0
Port [ pow_reduce_anonymo_12]:  wired=0; compound=1; hidden=1; nouse=1; global=1; static=1; extern=0; dir=0; type=1; pingpong=0; private_global=0; linkage=7; visibility=0; MemPort=[1]; IO mode=ap_memory:ce=0
Port [ pow_reduce_anonymo_13]:  wired=0; compound=1; hidden=1; nouse=1; global=1; static=1; extern=0; dir=0; type=1; pingpong=0; private_global=0; linkage=7; visibility=0; MemPort=[1]; IO mode=ap_memory:ce=0
Port [ pow_reduce_anonymo_14]:  wired=0; compound=1; hidden=1; nouse=1; global=1; static=1; extern=0; dir=0; type=1; pingpong=0; private_global=0; linkage=7; visibility=0; MemPort=[1]; IO mode=ap_memory:ce=0
Port [ pow_reduce_anonymo_15]:  wired=0; compound=1; hidden=1; nouse=1; global=1; static=1; extern=0; dir=0; type=1; pingpong=0; private_global=0; linkage=7; visibility=0; MemPort=[1]; IO mode=ap_memory:ce=0
Port [ pow_reduce_anonymo_18]:  wired=0; compound=1; hidden=1; nouse=1; global=1; static=1; extern=0; dir=0; type=1; pingpong=0; private_global=0; linkage=7; visibility=0; MemPort=[1]; IO mode=ap_memory:ce=0
Port [ pow_reduce_anonymo]:  wired=0; compound=1; hidden=1; nouse=1; global=1; static=1; extern=0; dir=0; type=1; pingpong=0; private_global=0; linkage=7; visibility=0; MemPort=[11]; IO mode=ap_memory:ce=0
Port [ pow_reduce_anonymo_21]:  wired=0; compound=1; hidden=1; nouse=1; global=1; static=1; extern=0; dir=0; type=1; pingpong=0; private_global=0; linkage=7; visibility=0; MemPort=[1]; IO mode=ap_memory:ce=0
---------------- STG Properties END ------------------

---------------- Datapath Model BEGIN ----------------

<LifeTime>
<method=bitvector/>
y2_read           (read         ) [ 00111000000000000000000000000000000000000000000000000000000000000000000]
x2_read           (read         ) [ 00111000000000000000000000000000000000000000000000000000000000000000000]
y1_read           (read         ) [ 00111000000000000000000000000000000000000000000000000000000000000000000]
x1_read           (read         ) [ 00111000000000000000000000000000000000000000000000000000000000000000000]
tmp               (fsub         ) [ 00000110000000000000000000000000000000000000000000000000000000000000000]
tmp_s             (fsub         ) [ 00000110000000000000000000000000000000000000000000000000000000000000000]
x_assign          (fpext        ) [ 00000001000000000000000000000000000000000000000000000000000000000000000]
x_assign_1        (fpext        ) [ 00000001000000000000000000000000000000000000000000000000000000000000000]
tmp_i             (call         ) [ 00000000000000000000000000000000000000000000011111000000000000000000000]
tmp_i1            (call         ) [ 00000000000000000000000000000000000000000000011111000000000000000000000]
x_assign_2        (dadd         ) [ 00000000000000000000000000000000000000000000000000111111111111111111111]
specbitsmap_ln0   (specbitsmap  ) [ 00000000000000000000000000000000000000000000000000000000000000000000000]
specbitsmap_ln0   (specbitsmap  ) [ 00000000000000000000000000000000000000000000000000000000000000000000000]
specbitsmap_ln0   (specbitsmap  ) [ 00000000000000000000000000000000000000000000000000000000000000000000000]
specbitsmap_ln0   (specbitsmap  ) [ 00000000000000000000000000000000000000000000000000000000000000000000000]
specbitsmap_ln0   (specbitsmap  ) [ 00000000000000000000000000000000000000000000000000000000000000000000000]
spectopmodule_ln0 (spectopmodule) [ 00000000000000000000000000000000000000000000000000000000000000000000000]
tmp_i2            (dsqrt        ) [ 00000000000000000000000000000000000000000000000000000000000000000000000]
ret_ln14          (ret          ) [ 00000000000000000000000000000000000000000000000000000000000000000000000]
</LifeTime>

<model>

<comp_list>
<comp id="0" class="1000" name="x1">
<pin_list>
<pin id="1" dir="1" index="0" bw="1" slack="0"/>
</pin_list>
<bind>
<StgValue><ssdm name="x1"/></StgValue>
</bind>
</comp>

<comp id="2" class="1000" name="y1">
<pin_list>
<pin id="3" dir="1" index="0" bw="1" slack="0"/>
</pin_list>
<bind>
<StgValue><ssdm name="y1"/></StgValue>
</bind>
</comp>

<comp id="4" class="1000" name="x2">
<pin_list>
<pin id="5" dir="1" index="0" bw="1" slack="0"/>
</pin_list>
<bind>
<StgValue><ssdm name="x2"/></StgValue>
</bind>
</comp>

<comp id="6" class="1000" name="y2">
<pin_list>
<pin id="7" dir="1" index="0" bw="1" slack="0"/>
</pin_list>
<bind>
<StgValue><ssdm name="y2"/></StgValue>
</bind>
</comp>

<comp id="8" class="1000" name="pow_reduce_anonymo_20">
<pin_list>
<pin id="9" dir="1" index="0" bw="1" slack="0"/>
</pin_list>
<bind>
<StgValue><ssdm name="pow_reduce_anonymo_20"/><MemPortTyVec>1 </MemPortTyVec>
</StgValue>
</bind>
</comp>

<comp id="10" class="1000" name="pow_reduce_anonymo_19">
<pin_list>
<pin id="11" dir="1" index="0" bw="1" slack="0"/>
</pin_list>
<bind>
<StgValue><ssdm name="pow_reduce_anonymo_19"/><MemPortTyVec>1 </MemPortTyVec>
</StgValue>
</bind>
</comp>

<comp id="12" class="1000" name="pow_reduce_anonymo_16">
<pin_list>
<pin id="13" dir="1" index="0" bw="1" slack="0"/>
</pin_list>
<bind>
<StgValue><ssdm name="pow_reduce_anonymo_16"/><MemPortTyVec>1 </MemPortTyVec>
</StgValue>
</bind>
</comp>

<comp id="14" class="1000" name="pow_reduce_anonymo_17">
<pin_list>
<pin id="15" dir="1" index="0" bw="1" slack="0"/>
</pin_list>
<bind>
<StgValue><ssdm name="pow_reduce_anonymo_17"/><MemPortTyVec>1 </MemPortTyVec>
</StgValue>
</bind>
</comp>

<comp id="16" class="1000" name="pow_reduce_anonymo_9">
<pin_list>
<pin id="17" dir="1" index="0" bw="1" slack="0"/>
</pin_list>
<bind>
<StgValue><ssdm name="pow_reduce_anonymo_9"/><MemPortTyVec>1 </MemPortTyVec>
</StgValue>
</bind>
</comp>

<comp id="18" class="1000" name="pow_reduce_anonymo_12">
<pin_list>
<pin id="19" dir="1" index="0" bw="1" slack="0"/>
</pin_list>
<bind>
<StgValue><ssdm name="pow_reduce_anonymo_12"/><MemPortTyVec>1 </MemPortTyVec>
</StgValue>
</bind>
</comp>

<comp id="20" class="1000" name="pow_reduce_anonymo_13">
<pin_list>
<pin id="21" dir="1" index="0" bw="1" slack="0"/>
</pin_list>
<bind>
<StgValue><ssdm name="pow_reduce_anonymo_13"/><MemPortTyVec>1 </MemPortTyVec>
</StgValue>
</bind>
</comp>

<comp id="22" class="1000" name="pow_reduce_anonymo_14">
<pin_list>
<pin id="23" dir="1" index="0" bw="1" slack="0"/>
</pin_list>
<bind>
<StgValue><ssdm name="pow_reduce_anonymo_14"/><MemPortTyVec>1 </MemPortTyVec>
</StgValue>
</bind>
</comp>

<comp id="24" class="1000" name="pow_reduce_anonymo_15">
<pin_list>
<pin id="25" dir="1" index="0" bw="1" slack="0"/>
</pin_list>
<bind>
<StgValue><ssdm name="pow_reduce_anonymo_15"/><MemPortTyVec>1 </MemPortTyVec>
</StgValue>
</bind>
</comp>

<comp id="26" class="1000" name="pow_reduce_anonymo_18">
<pin_list>
<pin id="27" dir="1" index="0" bw="1" slack="0"/>
</pin_list>
<bind>
<StgValue><ssdm name="pow_reduce_anonymo_18"/><MemPortTyVec>1 </MemPortTyVec>
</StgValue>
</bind>
</comp>

<comp id="28" class="1000" name="pow_reduce_anonymo">
<pin_list>
<pin id="29" dir="1" index="0" bw="1" slack="0"/>
</pin_list>
<bind>
<StgValue><ssdm name="pow_reduce_anonymo"/><MemPortTyVec>1 1 </MemPortTyVec>
</StgValue>
</bind>
</comp>

<comp id="30" class="1000" name="pow_reduce_anonymo_21">
<pin_list>
<pin id="31" dir="1" index="0" bw="1" slack="0"/>
</pin_list>
<bind>
<StgValue><ssdm name="pow_reduce_anonymo_21"/><MemPortTyVec>1 </MemPortTyVec>
</StgValue>
</bind>
</comp>

<comp id="32" class="1001" name="const_32">
<pin_list>
<pin id="33" dir="1" index="0" bw="1" slack="0"/>
</pin_list>
<bind>
<StgValue><ssdm name="_ssdm_op_Read.ap_auto.float"/></StgValue>
</bind>
</comp>

<comp id="34" class="1001" name="const_34">
<pin_list>
<pin id="35" dir="1" index="0" bw="1" slack="0"/>
</pin_list>
<bind>
<StgValue><ssdm name="pow_generic<double>"/></StgValue>
</bind>
</comp>

<comp id="36" class="1001" name="const_36">
<pin_list>
<pin id="37" dir="1" index="0" bw="1" slack="0"/>
</pin_list>
<bind>
<StgValue><ssdm name="llvm.sqrt.f64"/></StgValue>
</bind>
</comp>

<comp id="38" class="1001" name="const_38">
<pin_list>
<pin id="39" dir="1" index="0" bw="1" slack="2147483647"/>
</pin_list>
<bind>
<StgValue><ssdm name="_ssdm_op_SpecBitsMap"/></StgValue>
</bind>
</comp>

<comp id="40" class="1001" name="const_40">
<pin_list>
<pin id="41" dir="1" index="0" bw="1" slack="2147483647"/>
</pin_list>
<bind>
<StgValue><ssdm name=""/></StgValue>
</bind>
</comp>

<comp id="42" class="1001" name="const_42">
<pin_list>
<pin id="43" dir="1" index="0" bw="1" slack="2147483647"/>
</pin_list>
<bind>
<StgValue><ssdm name="_ssdm_op_SpecTopModule"/></StgValue>
</bind>
</comp>

<comp id="44" class="1001" name="const_44">
<pin_list>
<pin id="45" dir="1" index="0" bw="1" slack="2147483647"/>
</pin_list>
<bind>
<StgValue><ssdm name="distFloat_str"/></StgValue>
</bind>
</comp>

<comp id="46" class="1004" name="y2_read_read_fu_46">
<pin_list>
<pin id="47" dir="0" index="0" bw="32" slack="0"/>
<pin id="48" dir="0" index="1" bw="32" slack="0"/>
<pin id="49" dir="1" index="2" bw="32" slack="0"/>
</pin_list>
<bind>
<opcode="read(1150) " fcode="read"/>
<opset="y2_read/1 "/>
</bind>
</comp>

<comp id="52" class="1004" name="x2_read_read_fu_52">
<pin_list>
<pin id="53" dir="0" index="0" bw="32" slack="0"/>
<pin id="54" dir="0" index="1" bw="32" slack="0"/>
<pin id="55" dir="1" index="2" bw="32" slack="0"/>
</pin_list>
<bind>
<opcode="read(1150) " fcode="read"/>
<opset="x2_read/1 "/>
</bind>
</comp>

<comp id="58" class="1004" name="y1_read_read_fu_58">
<pin_list>
<pin id="59" dir="0" index="0" bw="32" slack="0"/>
<pin id="60" dir="0" index="1" bw="32" slack="0"/>
<pin id="61" dir="1" index="2" bw="32" slack="0"/>
</pin_list>
<bind>
<opcode="read(1150) " fcode="read"/>
<opset="y1_read/1 "/>
</bind>
</comp>

<comp id="64" class="1004" name="x1_read_read_fu_64">
<pin_list>
<pin id="65" dir="0" index="0" bw="32" slack="0"/>
<pin id="66" dir="0" index="1" bw="32" slack="0"/>
<pin id="67" dir="1" index="2" bw="32" slack="0"/>
</pin_list>
<bind>
<opcode="read(1150) " fcode="read"/>
<opset="x1_read/1 "/>
</bind>
</comp>

<comp id="70" class="1004" name="grp_pow_generic_double_s_fu_70">
<pin_list>
<pin id="71" dir="0" index="0" bw="64" slack="0"/>
<pin id="72" dir="0" index="1" bw="64" slack="1"/>
<pin id="73" dir="0" index="2" bw="6" slack="0"/>
<pin id="74" dir="0" index="3" bw="109" slack="0"/>
<pin id="75" dir="0" index="4" bw="105" slack="0"/>
<pin id="76" dir="0" index="5" bw="102" slack="0"/>
<pin id="77" dir="0" index="6" bw="97" slack="0"/>
<pin id="78" dir="0" index="7" bw="92" slack="0"/>
<pin id="79" dir="0" index="8" bw="87" slack="0"/>
<pin id="80" dir="0" index="9" bw="82" slack="0"/>
<pin id="81" dir="0" index="10" bw="77" slack="0"/>
<pin id="82" dir="0" index="11" bw="58" slack="0"/>
<pin id="83" dir="0" index="12" bw="26" slack="0"/>
<pin id="84" dir="0" index="13" bw="42" slack="0"/>
<pin id="85" dir="1" index="14" bw="64" slack="1"/>
</pin_list>
<bind>
<opcode="call(48) " fcode="call"/>
<opset="tmp_i/7 "/>
</bind>
</comp>

<comp id="99" class="1004" name="grp_pow_generic_double_s_fu_99">
<pin_list>
<pin id="100" dir="0" index="0" bw="64" slack="0"/>
<pin id="101" dir="0" index="1" bw="64" slack="1"/>
<pin id="102" dir="0" index="2" bw="6" slack="0"/>
<pin id="103" dir="0" index="3" bw="109" slack="0"/>
<pin id="104" dir="0" index="4" bw="105" slack="0"/>
<pin id="105" dir="0" index="5" bw="102" slack="0"/>
<pin id="106" dir="0" index="6" bw="97" slack="0"/>
<pin id="107" dir="0" index="7" bw="92" slack="0"/>
<pin id="108" dir="0" index="8" bw="87" slack="0"/>
<pin id="109" dir="0" index="9" bw="82" slack="0"/>
<pin id="110" dir="0" index="10" bw="77" slack="0"/>
<pin id="111" dir="0" index="11" bw="58" slack="0"/>
<pin id="112" dir="0" index="12" bw="26" slack="0"/>
<pin id="113" dir="0" index="13" bw="42" slack="0"/>
<pin id="114" dir="1" index="14" bw="64" slack="1"/>
</pin_list>
<bind>
<opcode="call(48) " fcode="call"/>
<opset="tmp_i1/7 "/>
</bind>
</comp>

<comp id="128" class="1004" name="grp_fu_128">
<pin_list>
<pin id="129" dir="0" index="0" bw="32" slack="0"/>
<pin id="130" dir="0" index="1" bw="32" slack="0"/>
<pin id="131" dir="1" index="2" bw="32" slack="1"/>
</pin_list>
<bind>
<opcode="fsub(11) " fcode="fadd"/>
<opset="tmp/1 "/>
</bind>
</comp>

<comp id="134" class="1004" name="grp_fu_134">
<pin_list>
<pin id="135" dir="0" index="0" bw="32" slack="0"/>
<pin id="136" dir="0" index="1" bw="32" slack="0"/>
<pin id="137" dir="1" index="2" bw="32" slack="1"/>
</pin_list>
<bind>
<opcode="fsub(11) " fcode="fadd"/>
<opset="tmp_s/1 "/>
</bind>
</comp>

<comp id="140" class="1004" name="grp_fu_140">
<pin_list>
<pin id="141" dir="0" index="0" bw="32" slack="1"/>
<pin id="142" dir="1" index="1" bw="64" slack="1"/>
</pin_list>
<bind>
<opcode="fpext(41) " fcode="fpext"/>
<opset="x_assign/5 "/>
</bind>
</comp>

<comp id="143" class="1004" name="grp_fu_143">
<pin_list>
<pin id="144" dir="0" index="0" bw="32" slack="1"/>
<pin id="145" dir="1" index="1" bw="64" slack="1"/>
</pin_list>
<bind>
<opcode="fpext(41) " fcode="fpext"/>
<opset="x_assign_1/5 "/>
</bind>
</comp>

<comp id="146" class="1004" name="grp_fu_146">
<pin_list>
<pin id="147" dir="0" index="0" bw="64" slack="1"/>
<pin id="148" dir="0" index="1" bw="64" slack="1"/>
<pin id="149" dir="1" index="2" bw="64" slack="1"/>
</pin_list>
<bind>
<opcode="dadd(508) " fcode="dadd"/>
<opset="x_assign_2/45 "/>
</bind>
</comp>

<comp id="150" class="1004" name="grp_fu_150">
<pin_list>
<pin id="151" dir="0" index="0" bw="64" slack="0"/>
<pin id="152" dir="0" index="1" bw="64" slack="1"/>
<pin id="153" dir="1" index="2" bw="64" slack="2147483647"/>
</pin_list>
<bind>
<opcode="dsqrt(518) " fcode="dsqrt"/>
<opset="tmp_i2/50 "/>
</bind>
</comp>

<comp id="155" class="1005" name="y2_read_reg_155">
<pin_list>
<pin id="156" dir="0" index="0" bw="32" slack="1"/>
<pin id="157" dir="1" index="1" bw="32" slack="1"/>
</pin_list>
<bind>
<opset="y2_read "/>
</bind>
</comp>

<comp id="160" class="1005" name="x2_read_reg_160">
<pin_list>
<pin id="161" dir="0" index="0" bw="32" slack="1"/>
<pin id="162" dir="1" index="1" bw="32" slack="1"/>
</pin_list>
<bind>
<opset="x2_read "/>
</bind>
</comp>

<comp id="165" class="1005" name="y1_read_reg_165">
<pin_list>
<pin id="166" dir="0" index="0" bw="32" slack="1"/>
<pin id="167" dir="1" index="1" bw="32" slack="1"/>
</pin_list>
<bind>
<opset="y1_read "/>
</bind>
</comp>

<comp id="170" class="1005" name="x1_read_reg_170">
<pin_list>
<pin id="171" dir="0" index="0" bw="32" slack="1"/>
<pin id="172" dir="1" index="1" bw="32" slack="1"/>
</pin_list>
<bind>
<opset="x1_read "/>
</bind>
</comp>

<comp id="175" class="1005" name="tmp_reg_175">
<pin_list>
<pin id="176" dir="0" index="0" bw="32" slack="1"/>
<pin id="177" dir="1" index="1" bw="32" slack="1"/>
</pin_list>
<bind>
<opset="tmp "/>
</bind>
</comp>

<comp id="180" class="1005" name="tmp_s_reg_180">
<pin_list>
<pin id="181" dir="0" index="0" bw="32" slack="1"/>
<pin id="182" dir="1" index="1" bw="32" slack="1"/>
</pin_list>
<bind>
<opset="tmp_s "/>
</bind>
</comp>

<comp id="185" class="1005" name="x_assign_reg_185">
<pin_list>
<pin id="186" dir="0" index="0" bw="64" slack="1"/>
<pin id="187" dir="1" index="1" bw="64" slack="1"/>
</pin_list>
<bind>
<opset="x_assign "/>
</bind>
</comp>

<comp id="190" class="1005" name="x_assign_1_reg_190">
<pin_list>
<pin id="191" dir="0" index="0" bw="64" slack="1"/>
<pin id="192" dir="1" index="1" bw="64" slack="1"/>
</pin_list>
<bind>
<opset="x_assign_1 "/>
</bind>
</comp>

<comp id="195" class="1005" name="tmp_i_reg_195">
<pin_list>
<pin id="196" dir="0" index="0" bw="64" slack="1"/>
<pin id="197" dir="1" index="1" bw="64" slack="1"/>
</pin_list>
<bind>
<opset="tmp_i "/>
</bind>
</comp>

<comp id="200" class="1005" name="tmp_i1_reg_200">
<pin_list>
<pin id="201" dir="0" index="0" bw="64" slack="1"/>
<pin id="202" dir="1" index="1" bw="64" slack="1"/>
</pin_list>
<bind>
<opset="tmp_i1 "/>
</bind>
</comp>

<comp id="205" class="1005" name="x_assign_2_reg_205">
<pin_list>
<pin id="206" dir="0" index="0" bw="64" slack="1"/>
<pin id="207" dir="1" index="1" bw="64" slack="1"/>
</pin_list>
<bind>
<opset="x_assign_2 "/>
</bind>
</comp>

</comp_list>

<net_list>
<net id="50"><net_src comp="32" pin="0"/><net_sink comp="46" pin=0"/></net>

<net id="51"><net_src comp="6" pin="0"/><net_sink comp="46" pin=1"/></net>

<net id="56"><net_src comp="32" pin="0"/><net_sink comp="52" pin=0"/></net>

<net id="57"><net_src comp="4" pin="0"/><net_sink comp="52" pin=1"/></net>

<net id="62"><net_src comp="32" pin="0"/><net_sink comp="58" pin=0"/></net>

<net id="63"><net_src comp="2" pin="0"/><net_sink comp="58" pin=1"/></net>

<net id="68"><net_src comp="32" pin="0"/><net_sink comp="64" pin=0"/></net>

<net id="69"><net_src comp="0" pin="0"/><net_sink comp="64" pin=1"/></net>

<net id="86"><net_src comp="34" pin="0"/><net_sink comp="70" pin=0"/></net>

<net id="87"><net_src comp="8" pin="0"/><net_sink comp="70" pin=2"/></net>

<net id="88"><net_src comp="10" pin="0"/><net_sink comp="70" pin=3"/></net>

<net id="89"><net_src comp="12" pin="0"/><net_sink comp="70" pin=4"/></net>

<net id="90"><net_src comp="14" pin="0"/><net_sink comp="70" pin=5"/></net>

<net id="91"><net_src comp="16" pin="0"/><net_sink comp="70" pin=6"/></net>

<net id="92"><net_src comp="18" pin="0"/><net_sink comp="70" pin=7"/></net>

<net id="93"><net_src comp="20" pin="0"/><net_sink comp="70" pin=8"/></net>

<net id="94"><net_src comp="22" pin="0"/><net_sink comp="70" pin=9"/></net>

<net id="95"><net_src comp="24" pin="0"/><net_sink comp="70" pin=10"/></net>

<net id="96"><net_src comp="26" pin="0"/><net_sink comp="70" pin=11"/></net>

<net id="97"><net_src comp="28" pin="0"/><net_sink comp="70" pin=12"/></net>

<net id="98"><net_src comp="30" pin="0"/><net_sink comp="70" pin=13"/></net>

<net id="115"><net_src comp="34" pin="0"/><net_sink comp="99" pin=0"/></net>

<net id="116"><net_src comp="8" pin="0"/><net_sink comp="99" pin=2"/></net>

<net id="117"><net_src comp="10" pin="0"/><net_sink comp="99" pin=3"/></net>

<net id="118"><net_src comp="12" pin="0"/><net_sink comp="99" pin=4"/></net>

<net id="119"><net_src comp="14" pin="0"/><net_sink comp="99" pin=5"/></net>

<net id="120"><net_src comp="16" pin="0"/><net_sink comp="99" pin=6"/></net>

<net id="121"><net_src comp="18" pin="0"/><net_sink comp="99" pin=7"/></net>

<net id="122"><net_src comp="20" pin="0"/><net_sink comp="99" pin=8"/></net>

<net id="123"><net_src comp="22" pin="0"/><net_sink comp="99" pin=9"/></net>

<net id="124"><net_src comp="24" pin="0"/><net_sink comp="99" pin=10"/></net>

<net id="125"><net_src comp="26" pin="0"/><net_sink comp="99" pin=11"/></net>

<net id="126"><net_src comp="28" pin="0"/><net_sink comp="99" pin=12"/></net>

<net id="127"><net_src comp="30" pin="0"/><net_sink comp="99" pin=13"/></net>

<net id="132"><net_src comp="52" pin="2"/><net_sink comp="128" pin=0"/></net>

<net id="133"><net_src comp="64" pin="2"/><net_sink comp="128" pin=1"/></net>

<net id="138"><net_src comp="46" pin="2"/><net_sink comp="134" pin=0"/></net>

<net id="139"><net_src comp="58" pin="2"/><net_sink comp="134" pin=1"/></net>

<net id="154"><net_src comp="36" pin="0"/><net_sink comp="150" pin=0"/></net>

<net id="158"><net_src comp="46" pin="2"/><net_sink comp="155" pin=0"/></net>

<net id="159"><net_src comp="155" pin="1"/><net_sink comp="134" pin=0"/></net>

<net id="163"><net_src comp="52" pin="2"/><net_sink comp="160" pin=0"/></net>

<net id="164"><net_src comp="160" pin="1"/><net_sink comp="128" pin=0"/></net>

<net id="168"><net_src comp="58" pin="2"/><net_sink comp="165" pin=0"/></net>

<net id="169"><net_src comp="165" pin="1"/><net_sink comp="134" pin=1"/></net>

<net id="173"><net_src comp="64" pin="2"/><net_sink comp="170" pin=0"/></net>

<net id="174"><net_src comp="170" pin="1"/><net_sink comp="128" pin=1"/></net>

<net id="178"><net_src comp="128" pin="2"/><net_sink comp="175" pin=0"/></net>

<net id="179"><net_src comp="175" pin="1"/><net_sink comp="140" pin=0"/></net>

<net id="183"><net_src comp="134" pin="2"/><net_sink comp="180" pin=0"/></net>

<net id="184"><net_src comp="180" pin="1"/><net_sink comp="143" pin=0"/></net>

<net id="188"><net_src comp="140" pin="1"/><net_sink comp="185" pin=0"/></net>

<net id="189"><net_src comp="185" pin="1"/><net_sink comp="70" pin=1"/></net>

<net id="193"><net_src comp="143" pin="1"/><net_sink comp="190" pin=0"/></net>

<net id="194"><net_src comp="190" pin="1"/><net_sink comp="99" pin=1"/></net>

<net id="198"><net_src comp="70" pin="14"/><net_sink comp="195" pin=0"/></net>

<net id="199"><net_src comp="195" pin="1"/><net_sink comp="146" pin=0"/></net>

<net id="203"><net_src comp="99" pin="14"/><net_sink comp="200" pin=0"/></net>

<net id="204"><net_src comp="200" pin="1"/><net_sink comp="146" pin=1"/></net>

<net id="208"><net_src comp="146" pin="2"/><net_sink comp="205" pin=0"/></net>

<net id="209"><net_src comp="205" pin="1"/><net_sink comp="150" pin=1"/></net>

</net_list>

</model> 
---------------- Datapath Model END ------------------

* FSMD analyzer results:
  - Output states:
 - Input state : 
	Port: distFloat : x1 | {1 }
	Port: distFloat : y1 | {1 }
	Port: distFloat : x2 | {1 }
	Port: distFloat : y2 | {1 }
	Port: distFloat : pow_reduce_anonymo_20 | {7 8 }
	Port: distFloat : pow_reduce_anonymo_19 | {31 32 }
	Port: distFloat : pow_reduce_anonymo_16 | {31 32 }
	Port: distFloat : pow_reduce_anonymo_17 | {31 32 }
	Port: distFloat : pow_reduce_anonymo_9 | {31 32 }
	Port: distFloat : pow_reduce_anonymo_12 | {31 32 }
	Port: distFloat : pow_reduce_anonymo_13 | {31 32 }
	Port: distFloat : pow_reduce_anonymo_14 | {31 32 }
	Port: distFloat : pow_reduce_anonymo_15 | {31 32 }
	Port: distFloat : pow_reduce_anonymo_18 | {41 42 }
	Port: distFloat : pow_reduce_anonymo | {37 38 }
	Port: distFloat : pow_reduce_anonymo_21 | {39 40 }
  - Chain level:
	State 1
	State 2
	State 3
	State 4
	State 5
	State 6
	State 7
	State 8
	State 9
	State 10
	State 11
	State 12
	State 13
	State 14
	State 15
	State 16
	State 17
	State 18
	State 19
	State 20
	State 21
	State 22
	State 23
	State 24
	State 25
	State 26
	State 27
	State 28
	State 29
	State 30
	State 31
	State 32
	State 33
	State 34
	State 35
	State 36
	State 37
	State 38
	State 39
	State 40
	State 41
	State 42
	State 43
	State 44
	State 45
	State 46
	State 47
	State 48
	State 49
	State 50
	State 51
	State 52
	State 53
	State 54
	State 55
	State 56
	State 57
	State 58
	State 59
	State 60
	State 61
	State 62
	State 63
	State 64
	State 65
	State 66
	State 67
	State 68
	State 69
	State 70
		ret_ln14 : 1


============================================================
+ Verbose Summary: Datapath Resource usage 
============================================================

* Functional unit list:
|----------|--------------------------------|---------|---------|---------|---------|
| Operation|         Functional Unit        |  DSP48E |  Delay  |    FF   |   LUT   |
|----------|--------------------------------|---------|---------|---------|---------|
|   call   | grp_pow_generic_double_s_fu_70 |    70   | 37.9125 |   9272  |   6560  |
|          | grp_pow_generic_double_s_fu_99 |    70   | 37.9125 |   9272  |   6560  |
|----------|--------------------------------|---------|---------|---------|---------|
|   dsqrt  |           grp_fu_150           |    0    |    0    |   1303  |   1919  |
|----------|--------------------------------|---------|---------|---------|---------|
|   dadd   |           grp_fu_146           |    3    |    0    |   445   |   781   |
|----------|--------------------------------|---------|---------|---------|---------|
|   fadd   |           grp_fu_128           |    2    |    0    |   227   |   214   |
|          |           grp_fu_134           |    2    |    0    |   227   |   214   |
|----------|--------------------------------|---------|---------|---------|---------|
|   fpext  |           grp_fu_140           |    0    |    0    |   100   |   139   |
|          |           grp_fu_143           |    0    |    0    |   100   |   139   |
|----------|--------------------------------|---------|---------|---------|---------|
|          |       y2_read_read_fu_46       |    0    |    0    |    0    |    0    |
|   read   |       x2_read_read_fu_52       |    0    |    0    |    0    |    0    |
|          |       y1_read_read_fu_58       |    0    |    0    |    0    |    0    |
|          |       x1_read_read_fu_64       |    0    |    0    |    0    |    0    |
|----------|--------------------------------|---------|---------|---------|---------|
|   Total  |                                |   147   |  75.825 |  20946  |  16526  |
|----------|--------------------------------|---------|---------|---------|---------|

Memories:
+---------------------+--------+--------+--------+
|                     |  BRAM  |   FF   |   LUT  |
+---------------------+--------+--------+--------+
|  pow_reduce_anonymo |    1   |    0   |    0   |
|pow_reduce_anonymo_12|    3   |    0   |    0   |
|pow_reduce_anonymo_13|    3   |    0   |    0   |
|pow_reduce_anonymo_14|    3   |    0   |    0   |
|pow_reduce_anonymo_15|    3   |    0   |    0   |
|pow_reduce_anonymo_16|    3   |    0   |    0   |
|pow_reduce_anonymo_17|    3   |    0   |    0   |
|pow_reduce_anonymo_18|    2   |    0   |    0   |
|pow_reduce_anonymo_19|    4   |    0   |    0   |
|pow_reduce_anonymo_20|    0   |    6   |    6   |
|pow_reduce_anonymo_21|    2   |    0   |    0   |
| pow_reduce_anonymo_9|    3   |    0   |    0   |
+---------------------+--------+--------+--------+
|        Total        |   30   |    6   |    6   |
+---------------------+--------+--------+--------+

* Register list:
+------------------+--------+
|                  |   FF   |
+------------------+--------+
|  tmp_i1_reg_200  |   64   |
|   tmp_i_reg_195  |   64   |
|    tmp_reg_175   |   32   |
|   tmp_s_reg_180  |   32   |
|  x1_read_reg_170 |   32   |
|  x2_read_reg_160 |   32   |
|x_assign_1_reg_190|   64   |
|x_assign_2_reg_205|   64   |
| x_assign_reg_185 |   64   |
|  y1_read_reg_165 |   32   |
|  y2_read_reg_155 |   32   |
+------------------+--------+
|       Total      |   512  |
+------------------+--------+

* Multiplexer (MUX) list: 
|------------|------|------|------|--------||---------||---------|
|    Comp    |  Pin | Size |  BW  | S x BW ||  Delay  ||   LUT   |
|------------|------|------|------|--------||---------||---------|
| grp_fu_128 |  p0  |   2  |  32  |   64   ||    9    |
| grp_fu_128 |  p1  |   2  |  32  |   64   ||    9    |
| grp_fu_134 |  p0  |   2  |  32  |   64   ||    9    |
| grp_fu_134 |  p1  |   2  |  32  |   64   ||    9    |
|------------|------|------|------|--------||---------||---------|
|    Total   |      |      |      |   256  ||  4.732  ||    36   |
|------------|------|------|------|--------||---------||---------|



* Summary:
+-----------+--------+--------+--------+--------+--------+
|           |  BRAM  | DSP48E |  Delay |   FF   |   LUT  |
+-----------+--------+--------+--------+--------+--------+
|  Function |    -   |   147  |   75   |  20946 |  16526 |
|   Memory  |   30   |    -   |    -   |    6   |    6   |
|Multiplexer|    -   |    -   |    4   |    -   |   36   |
|  Register |    -   |    -   |    -   |   512  |    -   |
+-----------+--------+--------+--------+--------+--------+
|   Total   |   30   |   147  |   80   |  21464 |  16568 |
+-----------+--------+--------+--------+--------+--------+
