#-----------------------------------------------------------
# Vivado v2019.2 (64-bit)
# SW Build 2708876 on Wed Nov  6 21:40:23 MST 2019
# IP Build 2700528 on Thu Nov  7 00:09:20 MST 2019
# Start of session at: Mon May 18 11:16:45 2020
# Process ID: 11348
# Current directory: E:/Vivado/Divide/Divide/solution1/sim/verilog
# Command line: vivado.exe -source open_wave.tcl
# Log file: E:/Vivado/Divide/Divide/solution1/sim/verilog/vivado.log
# Journal file: E:/Vivado/Divide/Divide/solution1/sim/verilog\vivado.jou
#-----------------------------------------------------------
start_gui
source open_wave.tcl
# current_fileset
INFO: [IP_Flow 19-234] Refreshing IP repositories
INFO: [IP_Flow 19-1704] No user IP repositories specified
INFO: [IP_Flow 19-2313] Loaded Vivado IP repository 'C:/Xilinx/Vivado/2019.2/data/ip'.
current_fileset: Time (s): cpu = 00:00:10 ; elapsed = 00:00:13 . Memory (MB): peak = 653.680 ; gain = 47.344
# open_wave_database divide.wdb
open_wave_config E:/Vivado/Divide/Divide/solution1/sim/verilog/divide.wcfg
current_wave_config {divide.wcfg}
divide.wcfg
add_wave {{/apatb_divide_top/AESL_start}} {{/apatb_divide_top/AESL_idle}} {{/apatb_divide_top/AESL_done}} 
current_wave_config {divide.wcfg}
divide.wcfg
add_wave {{/apatb_divide_top/N}} {{/apatb_divide_top/D}} {{/apatb_divide_top/Q}} {{/apatb_divide_top/R}} 
