INFO-FLOW: Workspace E:/Vivado/OneDRegression/OneDRegression/solution1 opened at Mon May 25 17:21:38 +0530 2020
Execute     config_clock -quiet -name default -period 10 -default=false 
INFO: [SYN 201-201] Setting up clock 'default' with a period of 10ns.
WARNING: [HLS 200-40] Cannot find library 'C:/Xilinx/Vivado/2019.2/common/technology/xilinx/Virtex-7/Virtex-7.lib'.
WARNING: [HLS 200-40] Cannot find library 'xilinx/Virtex-7/Virtex-7'.
Execute     set_part xc7vx485tffg1157-1 
Execute       ap_part_info -name xc7vx485tffg1157-1 -data single -quiet 
Command       ap_part_info done; 0.583 sec.
Execute       ap_part_info -name xc7vx485tffg1157-1 -data info 
Execute       add_library xilinx/virtex7/virtex7:xc7vx485t:-ffg1157:-1 
Execute         get_default_platform 
Execute         open_platform DefaultPlatform 
Execute         import_lib C:/Xilinx/Vivado/2019.2/common/technology/xilinx/virtex7/virtex7 
Execute           source C:/Xilinx/Vivado/2019.2/common/technology/xilinx/common/xilinx.lib 
Execute             source C:/Xilinx/Vivado/2019.2/common/technology/xilinx/interface/xilinx_interface.lib 
Execute               source C:/Xilinx/Vivado/2019.2/common/technology/xilinx/interface/plb46.lib 
Execute               source C:/Xilinx/Vivado/2019.2/common/technology/xilinx/interface/fsl.lib 
Execute               source C:/Xilinx/Vivado/2019.2/common/technology/xilinx/interface/axi4.lib 
Execute               source C:/Xilinx/Vivado/2019.2/common/technology/xilinx/interface/maxi.lib 
Execute               source C:/Xilinx/Vivado/2019.2/common/technology/xilinx/interface/saxilite.lib 
Execute             source C:/Xilinx/Vivado/2019.2/common/technology/xilinx/common/dsp48.lib 
Execute             source C:/Xilinx/Vivado/2019.2/common/technology/xilinx/ip/dds_compiler.lib 
Execute             source C:/Xilinx/Vivado/2019.2/common/technology/xilinx/ip/xfft.lib 
Execute             source C:/Xilinx/Vivado/2019.2/common/technology/xilinx/ip/xfir.lib 
Execute           source C:/Xilinx/Vivado/2019.2/common/technology/xilinx/common/xilinx.hlp 
Execute             source C:/Xilinx/Vivado/2019.2/common/technology/xilinx/common/target_info.tcl 
Execute             source C:/Xilinx/Vivado/2019.2/common/technology/xilinx/interface/xilinx_interface.hlp 
Execute               source C:/Xilinx/Vivado/2019.2/common/technology/xilinx/interface/maxi.hlp 
Execute               source C:/Xilinx/Vivado/2019.2/common/technology/xilinx/interface/saxilite.hlp 
Execute             source C:/Xilinx/Vivado/2019.2/common/technology/xilinx/common/dsp48.hlp 
Execute           source C:/Xilinx/Vivado/2019.2/common/technology/xilinx/virtex7/dsp48e1.hlp 
Execute           source C:/Xilinx/Vivado/2019.2/common/technology/xilinx/common/xilinx.hlp 
Execute             source C:/Xilinx/Vivado/2019.2/common/technology/xilinx/common/target_info.tcl 
Execute             source C:/Xilinx/Vivado/2019.2/common/technology/xilinx/interface/xilinx_interface.hlp 
Execute               source C:/Xilinx/Vivado/2019.2/common/technology/xilinx/interface/maxi.hlp 
Execute               source C:/Xilinx/Vivado/2019.2/common/technology/xilinx/interface/saxilite.hlp 
Execute             source C:/Xilinx/Vivado/2019.2/common/technology/xilinx/common/dsp48.hlp 
Execute         source C:/Xilinx/Vivado/2019.2/common/technology/xilinx/virtex7/virtex7.gen 
Execute           source C:/Xilinx/Vivado/2019.2/common/technology/xilinx/common/xilinx.gen 
Execute             source C:/Xilinx/Vivado/2019.2/common/technology/xilinx/interface/plb46.gen 
Execute             source C:/Xilinx/Vivado/2019.2/common/technology/xilinx/interface/fsl.gen 
Execute             source C:/Xilinx/Vivado/2019.2/common/technology/xilinx/interface/axi4.gen 
Execute             source C:/Xilinx/Vivado/2019.2/common/technology/xilinx/interface/nativeAXI4.gen 
Execute               source C:/Xilinx/Vivado/2019.2/common/technology/xilinx/interface/saxilite.gen 
Execute               source C:/Xilinx/Vivado/2019.2/common/technology/xilinx/interface/maxi.gen 
Execute             source C:/Xilinx/Vivado/2019.2/common/technology/xilinx/scripts/xilinxcoregen.gen 
Execute             source C:/Xilinx/Vivado/2019.2/common/technology/xilinx/interface/XilEDKCoreGen.gen 
Execute             source C:/Xilinx/Vivado/2019.2/common/technology/xilinx/ip/dds_compiler.gen 
Execute             source C:/Xilinx/Vivado/2019.2/common/technology/xilinx/ip/util.gen 
Execute             source C:/Xilinx/Vivado/2019.2/common/technology/xilinx/ip/xfft.gen 
Command             ap_source done; 0.135 sec.
Execute             source C:/Xilinx/Vivado/2019.2/common/technology/xilinx/ip/xfir.gen 
Execute             source C:/Xilinx/Vivado/2019.2/common/technology/xilinx/common/dsp48.gen 
Command           ap_source done; 0.213 sec.
Command         ap_source done; 0.213 sec.
Execute         ap_part_info -data single -name xc7vx485t-ffg1157-1 
Execute         ap_part_info -name xc7vx485t-ffg1157-1 -data resources 
Execute         ap_part_info -name xc7vx485t-ffg1157-1 -data info 
Execute         ap_part_info -name xc7vx485t-ffg1157-1 -data info 
Execute         config_chip_info -quiet -resource {SLICE 75900} {LUT 303600} {FF 607200} {DSP48E 2800} {BRAM 2060} {URAM 0} 
Execute         ap_part_info -name xc7vx485t-ffg1157-1 -data info 
Execute         config_chip_info -quiet -speed slow 
Command       add_library done; 0.306 sec.
Execute       add_library xilinx/virtex7/virtex7_fpv6 
Execute         get_default_platform 
Execute         open_platform DefaultPlatform 
Execute         import_lib C:/Xilinx/Vivado/2019.2/common/technology/xilinx/virtex7/virtex7_fpv6 
Execute           source C:/Xilinx/Vivado/2019.2/common/technology/xilinx/common/xilinx_fp.lib 
Execute           source C:/Xilinx/Vivado/2019.2/common/technology/xilinx/common/xilinx_fp.hlp 
Execute             source C:/Xilinx/Vivado/2019.2/common/technology/xilinx/common/xilinx.hlp 
Execute               source C:/Xilinx/Vivado/2019.2/common/technology/xilinx/common/target_info.tcl 
Execute               source C:/Xilinx/Vivado/2019.2/common/technology/xilinx/interface/xilinx_interface.hlp 
Execute                 source C:/Xilinx/Vivado/2019.2/common/technology/xilinx/interface/maxi.hlp 
Execute                 source C:/Xilinx/Vivado/2019.2/common/technology/xilinx/interface/saxilite.hlp 
Execute               source C:/Xilinx/Vivado/2019.2/common/technology/xilinx/common/dsp48.hlp 
Execute         source C:/Xilinx/Vivado/2019.2/common/technology/xilinx/virtex7/virtex7_fpv6.gen 
Execute           source C:/Xilinx/Vivado/2019.2/common/technology/xilinx/common/xilinx_fp.gen 
INFO: [HLS 200-10] Setting target device to 'xc7vx485t-ffg1157-1'
Execute       ap_part_info -name xc7vx485t-ffg1157-1 -data info 
Execute       get_default_platform 
Command     set_part done; 1.112 sec.
Execute     ap_part_info -data single -name xc7vx485tffg1157-1 
Execute     ap_part_info -name xc7vx485tffg1157-1 -data resources 
Execute     ap_part_info -name xc7vx485tffg1157-1 -data info 
Execute     ap_part_info -name xc7vx485tffg1157-1 -data info 
Execute     config_chip_info -quiet -resource {SLICE 75900} {LUT 303600} {FF 607200} {DSP48E 2800} {BRAM 2060} {URAM 0} 
Execute     ap_part_info -name xc7vx485tffg1157-1 -data info 
Execute     config_chip_info -quiet -speed slow 
Command   open_solution done; 1.207 sec.
Execute   csim_design -quiet 
INFO: [SIM 211-2] *************** CSIM start ***************
INFO: [SIM 211-4] CSIM will launch GCC as the compiler.
Execute     source csim/.lst_opt.tcl 
Execute     is_encrypted E:/Vivado/OneDRegression/OneDRegression/one_tb.cpp 
Execute     is_xip E:/Vivado/OneDRegression/OneDRegression/one_tb.cpp 
Execute     is_encrypted E:/Vivado/OneDRegression/OneDRegression/one.cpp 
Execute     is_xip E:/Vivado/OneDRegression/OneDRegression/one.cpp 
Execute     is_encrypted E:/Vivado/OneDRegression/OneDRegression/one.h 
Execute     is_xip E:/Vivado/OneDRegression/OneDRegression/one.h 
Execute     ap_part_info -name xc7vx485tffg1157-1 -data info 
Execute     source run_sim.tcl 
Command     ap_source done; 0.217 sec.
INFO: [SIM 211-1] CSim done with 0 errors.
INFO: [SIM 211-3] *************** CSIM finish ***************
Command   csim_design done; 15.923 sec.
Command ap_source done; 17.138 sec.
Execute cleanup_all 
INFO-FLOW: Workspace E:/Vivado/OneDRegression/OneDRegression/solution1 opened at Mon May 25 17:35:13 +0530 2020
Execute     config_clock -quiet -name default -period 10 -default=false 
INFO: [SYN 201-201] Setting up clock 'default' with a period of 10ns.
WARNING: [HLS 200-40] Cannot find library 'C:/Xilinx/Vivado/2019.2/common/technology/xilinx/Virtex-7/Virtex-7.lib'.
WARNING: [HLS 200-40] Cannot find library 'xilinx/Virtex-7/Virtex-7'.
Execute     set_part xc7vx485tffg1157-1 
Execute       ap_part_info -name xc7vx485tffg1157-1 -data single -quiet 
Command       ap_part_info done; 0.572 sec.
Execute       ap_part_info -name xc7vx485tffg1157-1 -data info 
Execute       add_library xilinx/virtex7/virtex7:xc7vx485t:-ffg1157:-1 
Execute         get_default_platform 
Execute         open_platform DefaultPlatform 
Execute         import_lib C:/Xilinx/Vivado/2019.2/common/technology/xilinx/virtex7/virtex7 
Execute           source C:/Xilinx/Vivado/2019.2/common/technology/xilinx/common/xilinx.lib 
Execute             source C:/Xilinx/Vivado/2019.2/common/technology/xilinx/interface/xilinx_interface.lib 
Execute               source C:/Xilinx/Vivado/2019.2/common/technology/xilinx/interface/plb46.lib 
Execute               source C:/Xilinx/Vivado/2019.2/common/technology/xilinx/interface/fsl.lib 
Execute               source C:/Xilinx/Vivado/2019.2/common/technology/xilinx/interface/axi4.lib 
Execute               source C:/Xilinx/Vivado/2019.2/common/technology/xilinx/interface/maxi.lib 
Execute               source C:/Xilinx/Vivado/2019.2/common/technology/xilinx/interface/saxilite.lib 
Execute             source C:/Xilinx/Vivado/2019.2/common/technology/xilinx/common/dsp48.lib 
Execute             source C:/Xilinx/Vivado/2019.2/common/technology/xilinx/ip/dds_compiler.lib 
Execute             source C:/Xilinx/Vivado/2019.2/common/technology/xilinx/ip/xfft.lib 
Execute             source C:/Xilinx/Vivado/2019.2/common/technology/xilinx/ip/xfir.lib 
Execute           source C:/Xilinx/Vivado/2019.2/common/technology/xilinx/common/xilinx.hlp 
Execute             source C:/Xilinx/Vivado/2019.2/common/technology/xilinx/common/target_info.tcl 
Execute             source C:/Xilinx/Vivado/2019.2/common/technology/xilinx/interface/xilinx_interface.hlp 
Execute               source C:/Xilinx/Vivado/2019.2/common/technology/xilinx/interface/maxi.hlp 
Execute               source C:/Xilinx/Vivado/2019.2/common/technology/xilinx/interface/saxilite.hlp 
Execute             source C:/Xilinx/Vivado/2019.2/common/technology/xilinx/common/dsp48.hlp 
Execute           source C:/Xilinx/Vivado/2019.2/common/technology/xilinx/virtex7/dsp48e1.hlp 
Execute           source C:/Xilinx/Vivado/2019.2/common/technology/xilinx/common/xilinx.hlp 
Execute             source C:/Xilinx/Vivado/2019.2/common/technology/xilinx/common/target_info.tcl 
Execute             source C:/Xilinx/Vivado/2019.2/common/technology/xilinx/interface/xilinx_interface.hlp 
Execute               source C:/Xilinx/Vivado/2019.2/common/technology/xilinx/interface/maxi.hlp 
Execute               source C:/Xilinx/Vivado/2019.2/common/technology/xilinx/interface/saxilite.hlp 
Execute             source C:/Xilinx/Vivado/2019.2/common/technology/xilinx/common/dsp48.hlp 
Execute         source C:/Xilinx/Vivado/2019.2/common/technology/xilinx/virtex7/virtex7.gen 
Execute           source C:/Xilinx/Vivado/2019.2/common/technology/xilinx/common/xilinx.gen 
Execute             source C:/Xilinx/Vivado/2019.2/common/technology/xilinx/interface/plb46.gen 
Execute             source C:/Xilinx/Vivado/2019.2/common/technology/xilinx/interface/fsl.gen 
Execute             source C:/Xilinx/Vivado/2019.2/common/technology/xilinx/interface/axi4.gen 
Execute             source C:/Xilinx/Vivado/2019.2/common/technology/xilinx/interface/nativeAXI4.gen 
Execute               source C:/Xilinx/Vivado/2019.2/common/technology/xilinx/interface/saxilite.gen 
Execute               source C:/Xilinx/Vivado/2019.2/common/technology/xilinx/interface/maxi.gen 
Execute             source C:/Xilinx/Vivado/2019.2/common/technology/xilinx/scripts/xilinxcoregen.gen 
Execute             source C:/Xilinx/Vivado/2019.2/common/technology/xilinx/interface/XilEDKCoreGen.gen 
Execute             source C:/Xilinx/Vivado/2019.2/common/technology/xilinx/ip/dds_compiler.gen 
Execute             source C:/Xilinx/Vivado/2019.2/common/technology/xilinx/ip/util.gen 
Execute             source C:/Xilinx/Vivado/2019.2/common/technology/xilinx/ip/xfft.gen 
Command             ap_source done; 0.105 sec.
Execute             source C:/Xilinx/Vivado/2019.2/common/technology/xilinx/ip/xfir.gen 
Execute             source C:/Xilinx/Vivado/2019.2/common/technology/xilinx/common/dsp48.gen 
Command           ap_source done; 0.171 sec.
Command         ap_source done; 0.171 sec.
Execute         ap_part_info -data single -name xc7vx485t-ffg1157-1 
Execute         ap_part_info -name xc7vx485t-ffg1157-1 -data resources 
Execute         ap_part_info -name xc7vx485t-ffg1157-1 -data info 
Execute         ap_part_info -name xc7vx485t-ffg1157-1 -data info 
Execute         config_chip_info -quiet -resource {SLICE 75900} {LUT 303600} {FF 607200} {DSP48E 2800} {BRAM 2060} {URAM 0} 
Execute         ap_part_info -name xc7vx485t-ffg1157-1 -data info 
Execute         config_chip_info -quiet -speed slow 
Command       add_library done; 0.237 sec.
Execute       add_library xilinx/virtex7/virtex7_fpv6 
Execute         get_default_platform 
Execute         open_platform DefaultPlatform 
Execute         import_lib C:/Xilinx/Vivado/2019.2/common/technology/xilinx/virtex7/virtex7_fpv6 
Execute           source C:/Xilinx/Vivado/2019.2/common/technology/xilinx/common/xilinx_fp.lib 
Execute           source C:/Xilinx/Vivado/2019.2/common/technology/xilinx/common/xilinx_fp.hlp 
Execute             source C:/Xilinx/Vivado/2019.2/common/technology/xilinx/common/xilinx.hlp 
Execute               source C:/Xilinx/Vivado/2019.2/common/technology/xilinx/common/target_info.tcl 
Execute               source C:/Xilinx/Vivado/2019.2/common/technology/xilinx/interface/xilinx_interface.hlp 
Execute                 source C:/Xilinx/Vivado/2019.2/common/technology/xilinx/interface/maxi.hlp 
Execute                 source C:/Xilinx/Vivado/2019.2/common/technology/xilinx/interface/saxilite.hlp 
Execute               source C:/Xilinx/Vivado/2019.2/common/technology/xilinx/common/dsp48.hlp 
Execute         source C:/Xilinx/Vivado/2019.2/common/technology/xilinx/virtex7/virtex7_fpv6.gen 
Execute           source C:/Xilinx/Vivado/2019.2/common/technology/xilinx/common/xilinx_fp.gen 
INFO: [HLS 200-10] Setting target device to 'xc7vx485t-ffg1157-1'
Execute       ap_part_info -name xc7vx485t-ffg1157-1 -data info 
Execute       get_default_platform 
Command     set_part done; 0.955 sec.
Execute     ap_part_info -data single -name xc7vx485tffg1157-1 
Execute     ap_part_info -name xc7vx485tffg1157-1 -data resources 
Execute     ap_part_info -name xc7vx485tffg1157-1 -data info 
Execute     ap_part_info -name xc7vx485tffg1157-1 -data info 
Execute     config_chip_info -quiet -resource {SLICE 75900} {LUT 303600} {FF 607200} {DSP48E 2800} {BRAM 2060} {URAM 0} 
Execute     ap_part_info -name xc7vx485tffg1157-1 -data info 
Execute     config_chip_info -quiet -speed slow 
Command   open_solution done; 1.03 sec.
Execute   csim_design -quiet 
INFO: [SIM 211-2] *************** CSIM start ***************
INFO: [SIM 211-4] CSIM will launch GCC as the compiler.
Execute     source csim/.lst_opt.tcl 
Execute     is_encrypted E:/Vivado/OneDRegression/OneDRegression/one_tb.cpp 
Execute     is_xip E:/Vivado/OneDRegression/OneDRegression/one_tb.cpp 
Execute     is_encrypted E:/Vivado/OneDRegression/OneDRegression/one.cpp 
Execute     is_xip E:/Vivado/OneDRegression/OneDRegression/one.cpp 
Execute     is_encrypted E:/Vivado/OneDRegression/OneDRegression/one.h 
Execute     is_xip E:/Vivado/OneDRegression/OneDRegression/one.h 
Execute     ap_part_info -name xc7vx485tffg1157-1 -data info 
Execute     source run_sim.tcl 
Command     ap_source done; 0.311 sec.
INFO: [SIM 211-1] CSim done with 0 errors.
INFO: [SIM 211-3] *************** CSIM finish ***************
Command   csim_design done; 13.892 sec.
Command ap_source done; 14.928 sec.
Execute cleanup_all 
