==============================================================
Vivado(TM) HLS - High-Level Synthesis from C, C++ and SystemC v2019.2 (64-bit)
Copyright 1986-2019 Xilinx, Inc. All Rights Reserved.
==============================================================
INFO: [SYN 201-201] Setting up clock 'default' with a period of 10ns.
WARNING: [HLS 200-40] Cannot find library 'C:/Xilinx/Vivado/2019.2/common/technology/xilinx/Virtex-7/Virtex-7.lib'.
WARNING: [HLS 200-40] Cannot find library 'xilinx/Virtex-7/Virtex-7'.
INFO: [HLS 200-10] Setting target device to 'xc7vx485t-ffg1157-1'
INFO: [SCHED 204-61] Option 'relax_ii_for_timing' is enabled, will increase II to preserve clock frequency constraints.
INFO: [HLS 200-10] Analyzing design file 'math.cpp' ... 
INFO: [HLS 200-111] Finished Linking Time (s): cpu = 00:00:01 ; elapsed = 00:00:42 . Memory (MB): peak = 152.277 ; gain = 61.785
INFO: [HLS 200-111] Finished Checking Pragmas Time (s): cpu = 00:00:01 ; elapsed = 00:00:42 . Memory (MB): peak = 152.277 ; gain = 61.785
INFO: [HLS 200-10] Starting code transformations ...
INFO: [HLS 200-111] Finished Standard Transforms Time (s): cpu = 00:00:04 ; elapsed = 00:00:47 . Memory (MB): peak = 313.301 ; gain = 222.809
INFO: [HLS 200-10] Checking synthesizability ...
INFO: [XFORM 203-602] Inlining function 'fp_struct<double>::data' into 'fp_struct<double>::to_double' (r:/builds/2019.2/continuous/2019_11_06_2708876/src/products/hls/hls_lib/src/hls\utils/x_hls_utils.h:512) automatically.
INFO: [XFORM 203-602] Inlining function 'fp_struct<double>::to_double' into 'fp_struct<double>::to_ieee' (r:/builds/2019.2/continuous/2019_11_06_2708876/src/products/hls/hls_lib/src/hls\utils/x_hls_utils.h:526) automatically.
INFO: [XFORM 203-602] Inlining function 'pow_reduce::log_range_reduce<ap_fixed<121, 12, (ap_q_mode)5, (ap_o_mode)3, 0>, 4, 4, 71, 73>' into 'pow_reduce::pow_traits<double>::log_range_reduction<71>' (r:/builds/2019.2/continuous/2019_11_06_2708876/src/products/hls/hls_lib/hlsmath/include/FloatingPoint\hls_pow.h:225) automatically.
INFO: [XFORM 203-602] Inlining function 'pow_reduce::log_range_reduce<ap_fixed<121, 12, (ap_q_mode)5, (ap_o_mode)3, 0>, 7, 6, 73, 83>' into 'pow_reduce::pow_traits<double>::log_range_reduction<71>' (r:/builds/2019.2/continuous/2019_11_06_2708876/src/products/hls/hls_lib/hlsmath/include/FloatingPoint\hls_pow.h:227) automatically.
INFO: [XFORM 203-602] Inlining function 'pow_reduce::log_range_reduce<ap_fixed<121, 12, (ap_q_mode)5, (ap_o_mode)3, 0>, 12, 6, 83, 92>' into 'pow_reduce::pow_traits<double>::log_range_reduction<71>' (r:/builds/2019.2/continuous/2019_11_06_2708876/src/products/hls/hls_lib/hlsmath/include/FloatingPoint\hls_pow.h:229) automatically.
INFO: [XFORM 203-602] Inlining function 'pow_reduce::log_range_reduce<ap_fixed<121, 12, (ap_q_mode)5, (ap_o_mode)3, 0>, 17, 6, 92, 87>' into 'pow_reduce::pow_traits<double>::log_range_reduction<71>' (r:/builds/2019.2/continuous/2019_11_06_2708876/src/products/hls/hls_lib/hlsmath/include/FloatingPoint\hls_pow.h:231) automatically.
INFO: [XFORM 203-602] Inlining function 'pow_reduce::log_range_reduce<ap_fixed<121, 12, (ap_q_mode)5, (ap_o_mode)3, 0>, 22, 6, 87, 82>' into 'pow_reduce::pow_traits<double>::log_range_reduction<71>' (r:/builds/2019.2/continuous/2019_11_06_2708876/src/products/hls/hls_lib/hlsmath/include/FloatingPoint\hls_pow.h:233) automatically.
INFO: [XFORM 203-602] Inlining function 'pow_reduce::log_range_reduce<ap_fixed<121, 12, (ap_q_mode)5, (ap_o_mode)3, 0>, 27, 6, 82, 77>' into 'pow_reduce::pow_traits<double>::log_range_reduction<71>' (r:/builds/2019.2/continuous/2019_11_06_2708876/src/products/hls/hls_lib/hlsmath/include/FloatingPoint\hls_pow.h:235) automatically.
INFO: [XFORM 203-602] Inlining function 'pow_reduce::log_range_reduce<ap_fixed<121, 12, (ap_q_mode)5, (ap_o_mode)3, 0>, 32, 6, 77, 72>' into 'pow_reduce::pow_traits<double>::log_range_reduction<71>' (r:/builds/2019.2/continuous/2019_11_06_2708876/src/products/hls/hls_lib/hlsmath/include/FloatingPoint\hls_pow.h:237) automatically.
INFO: [XFORM 203-602] Inlining function 'fp_struct<double>::expv' into 'pow_reduce::pow_generic<double>' (r:/builds/2019.2/continuous/2019_11_06_2708876/src/products/hls/hls_lib/hlsmath/include/FloatingPoint\hls_pow.h:334) automatically.
INFO: [XFORM 203-602] Inlining function 'generic_isinf<double>' into 'pow_reduce::pow_generic<double>' (r:/builds/2019.2/continuous/2019_11_06_2708876/src/products/hls/hls_lib/hlsmath/include/FloatingPoint\hls_pow.h:373) automatically.
INFO: [XFORM 203-602] Inlining function 'generic_isnan<double>' into 'pow_reduce::pow_generic<double>' (r:/builds/2019.2/continuous/2019_11_06_2708876/src/products/hls/hls_lib/hlsmath/include/FloatingPoint\hls_pow.h:375) automatically.
INFO: [XFORM 203-602] Inlining function 'pow_reduce::pow_traits<double>::exp_Z1P_m_1' into 'pow_reduce::pow_generic<double>' (r:/builds/2019.2/continuous/2019_11_06_2708876/src/products/hls/hls_lib/hlsmath/include/FloatingPoint\hls_pow.h:641) automatically.
INFO: [XFORM 203-602] Inlining function 'pow' into 'distFloat' (math.cpp:14) automatically.
INFO: [XFORM 203-602] Inlining function 'hls::sqrt' into 'distFloat' (math.cpp:14) automatically.
INFO: [HLS 200-111] Finished Checking Synthesizability Time (s): cpu = 00:00:05 ; elapsed = 00:00:48 . Memory (MB): peak = 371.668 ; gain = 281.176
INFO: [XFORM 203-602] Inlining function 'fp_struct<double>::data' into 'fp_struct<double>::to_double' (r:/builds/2019.2/continuous/2019_11_06_2708876/src/products/hls/hls_lib/src/hls\utils/x_hls_utils.h:512) automatically.
INFO: [XFORM 203-602] Inlining function 'fp_struct<double>::to_double' into 'fp_struct<double>::to_ieee' (r:/builds/2019.2/continuous/2019_11_06_2708876/src/products/hls/hls_lib/src/hls\utils/x_hls_utils.h:526) automatically.
INFO: [XFORM 203-602] Inlining function 'pow_reduce::log_range_reduce<ap_fixed<121, 12, (ap_q_mode)5, (ap_o_mode)3, 0>, 4, 4, 71, 73>' into 'pow_reduce::pow_traits<double>::log_range_reduction<71>' (r:/builds/2019.2/continuous/2019_11_06_2708876/src/products/hls/hls_lib/hlsmath/include/FloatingPoint\hls_pow.h:225) automatically.
INFO: [XFORM 203-602] Inlining function 'pow_reduce::log_range_reduce<ap_fixed<121, 12, (ap_q_mode)5, (ap_o_mode)3, 0>, 7, 6, 73, 83>' into 'pow_reduce::pow_traits<double>::log_range_reduction<71>' (r:/builds/2019.2/continuous/2019_11_06_2708876/src/products/hls/hls_lib/hlsmath/include/FloatingPoint\hls_pow.h:227) automatically.
INFO: [XFORM 203-602] Inlining function 'pow_reduce::log_range_reduce<ap_fixed<121, 12, (ap_q_mode)5, (ap_o_mode)3, 0>, 12, 6, 83, 92>' into 'pow_reduce::pow_traits<double>::log_range_reduction<71>' (r:/builds/2019.2/continuous/2019_11_06_2708876/src/products/hls/hls_lib/hlsmath/include/FloatingPoint\hls_pow.h:229) automatically.
INFO: [XFORM 203-602] Inlining function 'pow_reduce::log_range_reduce<ap_fixed<121, 12, (ap_q_mode)5, (ap_o_mode)3, 0>, 17, 6, 92, 87>' into 'pow_reduce::pow_traits<double>::log_range_reduction<71>' (r:/builds/2019.2/continuous/2019_11_06_2708876/src/products/hls/hls_lib/hlsmath/include/FloatingPoint\hls_pow.h:231) automatically.
INFO: [XFORM 203-602] Inlining function 'pow_reduce::log_range_reduce<ap_fixed<121, 12, (ap_q_mode)5, (ap_o_mode)3, 0>, 22, 6, 87, 82>' into 'pow_reduce::pow_traits<double>::log_range_reduction<71>' (r:/builds/2019.2/continuous/2019_11_06_2708876/src/products/hls/hls_lib/hlsmath/include/FloatingPoint\hls_pow.h:233) automatically.
INFO: [XFORM 203-602] Inlining function 'pow_reduce::log_range_reduce<ap_fixed<121, 12, (ap_q_mode)5, (ap_o_mode)3, 0>, 27, 6, 82, 77>' into 'pow_reduce::pow_traits<double>::log_range_reduction<71>' (r:/builds/2019.2/continuous/2019_11_06_2708876/src/products/hls/hls_lib/hlsmath/include/FloatingPoint\hls_pow.h:235) automatically.
INFO: [XFORM 203-602] Inlining function 'pow_reduce::log_range_reduce<ap_fixed<121, 12, (ap_q_mode)5, (ap_o_mode)3, 0>, 32, 6, 77, 72>' into 'pow_reduce::pow_traits<double>::log_range_reduction<71>' (r:/builds/2019.2/continuous/2019_11_06_2708876/src/products/hls/hls_lib/hlsmath/include/FloatingPoint\hls_pow.h:237) automatically.
INFO: [XFORM 203-602] Inlining function 'fp_struct<double>::expv' into 'pow_reduce::pow_generic<double>' (r:/builds/2019.2/continuous/2019_11_06_2708876/src/products/hls/hls_lib/hlsmath/include/FloatingPoint\hls_pow.h:334) automatically.
INFO: [XFORM 203-602] Inlining function 'generic_isinf<double>' into 'pow_reduce::pow_generic<double>' (r:/builds/2019.2/continuous/2019_11_06_2708876/src/products/hls/hls_lib/hlsmath/include/FloatingPoint\hls_pow.h:373) automatically.
INFO: [XFORM 203-602] Inlining function 'generic_isnan<double>' into 'pow_reduce::pow_generic<double>' (r:/builds/2019.2/continuous/2019_11_06_2708876/src/products/hls/hls_lib/hlsmath/include/FloatingPoint\hls_pow.h:375) automatically.
INFO: [XFORM 203-602] Inlining function 'fp_struct<double>::to_ieee' into 'pow_reduce::pow_generic<double>' (r:/builds/2019.2/continuous/2019_11_06_2708876/src/products/hls/hls_lib/hlsmath/include/FloatingPoint\hls_pow.h:412) automatically.
INFO: [XFORM 203-602] Inlining function 'pow_reduce::pow_traits<double>::exp_Z1P_m_1' into 'pow_reduce::pow_generic<double>' (r:/builds/2019.2/continuous/2019_11_06_2708876/src/products/hls/hls_lib/hlsmath/include/FloatingPoint\hls_pow.h:641) automatically.
INFO: [XFORM 203-602] Inlining function 'pow' into 'distFloat' (math.cpp:14) automatically.
INFO: [XFORM 203-602] Inlining function 'hls::sqrt' into 'distFloat' (math.cpp:14) automatically.
INFO: [XFORM 203-401] Performing if-conversion on hyperblock from (r:/builds/2019.2/continuous/2019_11_06_2708876/src/products/hls/hls_lib/hlsmath/include/FloatingPoint\hls_pow.h:488:26) to (r:/builds/2019.2/continuous/2019_11_06_2708876/src/products/hls/hls_lib/hlsmath/include/FloatingPoint\hls_pow.h:657:25) in function 'pow_reduce::pow_generic<double>'... converting 7 basic blocks.
INFO: [XFORM 203-602] Inlining function 'pow_reduce::pow_traits<double>::log_range_reduction<71>' into 'pow_reduce::pow_generic<double>' (r:/builds/2019.2/continuous/2019_11_06_2708876/src/products/hls/hls_lib/hlsmath/include/FloatingPoint\hls_pow.h:548) automatically.
INFO: [XFORM 203-11] Balancing expressions in function 'pow_reduce::pow_generic<double>' (r:/builds/2019.2/continuous/2019_11_06_2708876/src/products/hls/hls_lib/hlsmath/include/FloatingPoint\hls_pow.h:320)...7 expression(s) balanced.
INFO: [HLS 200-111] Finished Pre-synthesis Time (s): cpu = 00:00:07 ; elapsed = 00:00:50 . Memory (MB): peak = 474.789 ; gain = 384.297
WARNING: [XFORM 203-631] Renaming function 'pow_reduce::pow_generic<double>' to 'pow_generic<double>' (r:/builds/2019.2/continuous/2019_11_06_2708876/src/products/hls/hls_lib/hlsmath/include/FloatingPoint\hls_pow.h:320)
INFO: [HLS 200-111] Finished Architecture Synthesis Time (s): cpu = 00:00:08 ; elapsed = 00:00:51 . Memory (MB): peak = 491.992 ; gain = 401.500
INFO: [HLS 200-10] Starting hardware synthesis ...
INFO: [HLS 200-10] Synthesizing 'distFloat' ...
WARNING: [SYN 201-103] Legalizing function name 'pow_generic<double>' to 'pow_generic_double_s'.
INFO: [HLS 200-10] ----------------------------------------------------------------
INFO: [HLS 200-42] -- Implementing module 'pow_generic_double_s' 
INFO: [HLS 200-10] ----------------------------------------------------------------
INFO: [SCHED 204-11] Starting scheduling ...
INFO: [SCHED 204-61] Pipelining function 'pow_generic<double>'.
INFO: [SCHED 204-61] Pipelining result : Target II = 1, Final II = 1, Depth = 38.
INFO: [SCHED 204-11] Finished scheduling.
INFO: [HLS 200-111]  Elapsed time: 52.334 seconds; current allocated memory: 422.188 MB.
INFO: [BIND 205-100] Starting micro-architecture generation ...
INFO: [BIND 205-101] Performing variable lifetime analysis.
INFO: [BIND 205-101] Exploring resource sharing.
INFO: [BIND 205-101] Binding ...
INFO: [BIND 205-100] Finished micro-architecture generation.
INFO: [HLS 200-111]  Elapsed time: 0.788 seconds; current allocated memory: 423.428 MB.
INFO: [HLS 200-10] ----------------------------------------------------------------
INFO: [HLS 200-42] -- Implementing module 'distFloat' 
INFO: [HLS 200-10] ----------------------------------------------------------------
INFO: [SCHED 204-11] Starting scheduling ...
INFO: [SCHED 204-11] Finished scheduling.
INFO: [HLS 200-111]  Elapsed time: 0.559 seconds; current allocated memory: 423.740 MB.
INFO: [BIND 205-100] Starting micro-architecture generation ...
INFO: [BIND 205-101] Performing variable lifetime analysis.
INFO: [BIND 205-101] Exploring resource sharing.
INFO: [BIND 205-101] Binding ...
INFO: [BIND 205-100] Finished micro-architecture generation.
INFO: [HLS 200-111]  Elapsed time: 0.558 seconds; current allocated memory: 424.282 MB.
INFO: [HLS 200-10] ----------------------------------------------------------------
INFO: [HLS 200-10] -- Generating RTL for module 'pow_generic_double_s' 
INFO: [HLS 200-10] ----------------------------------------------------------------
INFO: [SYN 201-210] Renamed object name 'pow_generic_double_s_pow_reduce_anonymo_20' to 'pow_generic_doublbkb' due to the length limit 20
INFO: [SYN 201-210] Renamed object name 'pow_generic_double_s_pow_reduce_anonymo_19' to 'pow_generic_doublcud' due to the length limit 20
INFO: [SYN 201-210] Renamed object name 'pow_generic_double_s_pow_reduce_anonymo_16' to 'pow_generic_doubldEe' due to the length limit 20
INFO: [SYN 201-210] Renamed object name 'pow_generic_double_s_pow_reduce_anonymo_17' to 'pow_generic_doubleOg' due to the length limit 20
INFO: [SYN 201-210] Renamed object name 'pow_generic_double_s_pow_reduce_anonymo_9' to 'pow_generic_doublfYi' due to the length limit 20
INFO: [SYN 201-210] Renamed object name 'pow_generic_double_s_pow_reduce_anonymo_12' to 'pow_generic_doublg8j' due to the length limit 20
INFO: [SYN 201-210] Renamed object name 'pow_generic_double_s_pow_reduce_anonymo_13' to 'pow_generic_doublhbi' due to the length limit 20
INFO: [SYN 201-210] Renamed object name 'pow_generic_double_s_pow_reduce_anonymo_14' to 'pow_generic_doublibs' due to the length limit 20
INFO: [SYN 201-210] Renamed object name 'pow_generic_double_s_pow_reduce_anonymo_15' to 'pow_generic_doubljbC' due to the length limit 20
INFO: [SYN 201-210] Renamed object name 'pow_generic_double_s_pow_reduce_anonymo_18' to 'pow_generic_doublkbM' due to the length limit 20
INFO: [SYN 201-210] Renamed object name 'pow_generic_double_s_pow_reduce_anonymo' to 'pow_generic_doubllbW' due to the length limit 20
INFO: [SYN 201-210] Renamed object name 'pow_generic_double_s_pow_reduce_anonymo_21' to 'pow_generic_doublmb6' due to the length limit 20
INFO: [SYN 201-210] Renamed object name 'distFloat_mul_54s_6ns_54_2_1' to 'distFloat_mul_54sncg' due to the length limit 20
INFO: [SYN 201-210] Renamed object name 'distFloat_mul_71ns_4ns_75_2_1' to 'distFloat_mul_71nocq' due to the length limit 20
INFO: [SYN 201-210] Renamed object name 'distFloat_mul_73ns_6ns_79_2_1' to 'distFloat_mul_73npcA' due to the length limit 20
INFO: [SYN 201-210] Renamed object name 'distFloat_mul_83ns_6ns_89_2_1' to 'distFloat_mul_83nqcK' due to the length limit 20
INFO: [SYN 201-210] Renamed object name 'distFloat_mul_92ns_6ns_98_2_1' to 'distFloat_mul_92nrcU' due to the length limit 20
INFO: [SYN 201-210] Renamed object name 'distFloat_mul_87ns_6ns_93_2_1' to 'distFloat_mul_87nsc4' due to the length limit 20
INFO: [SYN 201-210] Renamed object name 'distFloat_mul_82ns_6ns_88_2_1' to 'distFloat_mul_82ntde' due to the length limit 20
INFO: [SYN 201-210] Renamed object name 'distFloat_mul_77ns_6ns_83_2_1' to 'distFloat_mul_77nudo' due to the length limit 20
INFO: [SYN 201-210] Renamed object name 'distFloat_mul_80ns_12s_90_2_1' to 'distFloat_mul_80nvdy' due to the length limit 20
INFO: [SYN 201-210] Renamed object name 'distFloat_mul_72ns_13s_83_2_1' to 'distFloat_mul_72nwdI' due to the length limit 20
INFO: [SYN 201-210] Renamed object name 'distFloat_mac_muladd_16ns_16s_19s_31_1_1' to 'distFloat_mac_mulxdS' due to the length limit 20
INFO: [RTGEN 206-104] Estimated max fanout for 'pow_generic_double_s' is 5237 from HDL expression: (1'b0 == ap_block_pp0_stage0_11001)
INFO: [RTGEN 206-100] Generating core module 'distFloat_mac_mulxdS': 1 instance(s).
INFO: [RTGEN 206-100] Generating core module 'distFloat_mul_54sncg': 1 instance(s).
INFO: [RTGEN 206-100] Generating core module 'distFloat_mul_71nocq': 1 instance(s).
INFO: [RTGEN 206-100] Generating core module 'distFloat_mul_72nwdI': 1 instance(s).
INFO: [RTGEN 206-100] Generating core module 'distFloat_mul_73npcA': 1 instance(s).
INFO: [RTGEN 206-100] Generating core module 'distFloat_mul_77nudo': 1 instance(s).
INFO: [RTGEN 206-100] Generating core module 'distFloat_mul_80nvdy': 1 instance(s).
INFO: [RTGEN 206-100] Generating core module 'distFloat_mul_82ntde': 1 instance(s).
INFO: [RTGEN 206-100] Generating core module 'distFloat_mul_83nqcK': 1 instance(s).
INFO: [RTGEN 206-100] Generating core module 'distFloat_mul_87nsc4': 1 instance(s).
INFO: [RTGEN 206-100] Generating core module 'distFloat_mul_92nrcU': 1 instance(s).
INFO: [RTGEN 206-100] Finished creating RTL model for 'pow_generic_double_s'.
INFO: [HLS 200-111]  Elapsed time: 1.452 seconds; current allocated memory: 427.864 MB.
INFO: [HLS 200-10] ----------------------------------------------------------------
INFO: [HLS 200-10] -- Generating RTL for module 'distFloat' 
INFO: [HLS 200-10] ----------------------------------------------------------------
INFO: [RTGEN 206-500] Setting interface mode on port 'distFloat/x1' to 'ap_none'.
INFO: [RTGEN 206-500] Setting interface mode on port 'distFloat/y1' to 'ap_none'.
INFO: [RTGEN 206-500] Setting interface mode on port 'distFloat/x2' to 'ap_none'.
INFO: [RTGEN 206-500] Setting interface mode on port 'distFloat/y2' to 'ap_none'.
INFO: [RTGEN 206-500] Setting interface mode on function 'distFloat' to 'ap_ctrl_hs'.
INFO: [SYN 201-210] Renamed object name 'distFloat_fsub_32ns_32ns_32_4_full_dsp_1' to 'distFloat_fsub_32yd2' due to the length limit 20
INFO: [SYN 201-210] Renamed object name 'distFloat_fpext_32ns_64_2_1' to 'distFloat_fpext_3zec' due to the length limit 20
INFO: [SYN 201-210] Renamed object name 'distFloat_dadd_64ns_64ns_64_5_full_dsp_1' to 'distFloat_dadd_64Aem' due to the length limit 20
INFO: [SYN 201-210] Renamed object name 'distFloat_dsqrt_64ns_64ns_64_21_1' to 'distFloat_dsqrt_6Bew' due to the length limit 20
INFO: [RTGEN 206-100] Generating core module 'distFloat_dadd_64Aem': 1 instance(s).
INFO: [RTGEN 206-100] Generating core module 'distFloat_dsqrt_6Bew': 1 instance(s).
INFO: [RTGEN 206-100] Generating core module 'distFloat_fpext_3zec': 2 instance(s).
INFO: [RTGEN 206-100] Generating core module 'distFloat_fsub_32yd2': 2 instance(s).
INFO: [RTGEN 206-100] Finished creating RTL model for 'distFloat'.
INFO: [HLS 200-111]  Elapsed time: 1.319 seconds; current allocated memory: 429.240 MB.
INFO: [HLS 200-789] **** Estimated Fmax: 114.29 MHz
INFO: [RTMG 210-282] Generating pipelined core: 'distFloat_mul_54sncg_MulnS_0'
INFO: [RTMG 210-282] Generating pipelined core: 'distFloat_mul_71nocq_MulnS_1'
INFO: [RTMG 210-282] Generating pipelined core: 'distFloat_mul_73npcA_MulnS_2'
INFO: [RTMG 210-282] Generating pipelined core: 'distFloat_mul_83nqcK_MulnS_3'
INFO: [RTMG 210-282] Generating pipelined core: 'distFloat_mul_92nrcU_MulnS_4'
INFO: [RTMG 210-282] Generating pipelined core: 'distFloat_mul_87nsc4_MulnS_5'
INFO: [RTMG 210-282] Generating pipelined core: 'distFloat_mul_82ntde_MulnS_6'
INFO: [RTMG 210-282] Generating pipelined core: 'distFloat_mul_77nudo_MulnS_7'
INFO: [RTMG 210-282] Generating pipelined core: 'distFloat_mul_80nvdy_MulnS_8'
INFO: [RTMG 210-282] Generating pipelined core: 'distFloat_mul_72nwdI_MulnS_9'
INFO: [RTMG 210-279] Implementing memory 'pow_generic_doublbkb_rom' using distributed ROMs.
INFO: [RTMG 210-279] Implementing memory 'pow_generic_doublcud_rom' using auto ROMs.
INFO: [RTMG 210-279] Implementing memory 'pow_generic_doubldEe_rom' using auto ROMs.
INFO: [RTMG 210-279] Implementing memory 'pow_generic_doubleOg_rom' using auto ROMs.
INFO: [RTMG 210-279] Implementing memory 'pow_generic_doublfYi_rom' using auto ROMs.
INFO: [RTMG 210-279] Implementing memory 'pow_generic_doublg8j_rom' using auto ROMs.
INFO: [RTMG 210-279] Implementing memory 'pow_generic_doublhbi_rom' using auto ROMs.
INFO: [RTMG 210-279] Implementing memory 'pow_generic_doublibs_rom' using auto ROMs.
INFO: [RTMG 210-279] Implementing memory 'pow_generic_doubljbC_rom' using auto ROMs.
INFO: [RTMG 210-279] Implementing memory 'pow_generic_doublkbM_rom' using auto ROMs.
INFO: [RTMG 210-279] Implementing memory 'pow_generic_doubllbW_rom' using auto ROMs.
INFO: [RTMG 210-279] Implementing memory 'pow_generic_doublmb6_rom' using auto ROMs.
INFO: [HLS 200-111] Finished generating all RTL models Time (s): cpu = 00:00:14 ; elapsed = 00:01:01 . Memory (MB): peak = 526.145 ; gain = 435.652
INFO: [VHDL 208-304] Generating VHDL RTL for distFloat.
INFO: [VLOG 209-307] Generating Verilog RTL for distFloat.
INFO: [HLS 200-112] Total elapsed time: 60.924 seconds; peak allocated memory: 429.240 MB.
