#-----------------------------------------------------------
# Vivado v2019.2 (64-bit)
# SW Build 2708876 on Wed Nov  6 21:40:23 MST 2019
# IP Build 2700528 on Thu Nov  7 00:09:20 MST 2019
# Start of session at: Tue May 19 08:16:59 2020
# Process ID: 10656
# Current directory: E:/Vivado/Custom_Size_Data/CSD/solution1/sim/verilog
# Command line: vivado.exe -source open_wave.tcl
# Log file: E:/Vivado/Custom_Size_Data/CSD/solution1/sim/verilog/vivado.log
# Journal file: E:/Vivado/Custom_Size_Data/CSD/solution1/sim/verilog\vivado.jou
#-----------------------------------------------------------
start_gui
source open_wave.tcl
# current_fileset
INFO: [IP_Flow 19-234] Refreshing IP repositories
INFO: [IP_Flow 19-1704] No user IP repositories specified
INFO: [IP_Flow 19-2313] Loaded Vivado IP repository 'C:/Xilinx/Vivado/2019.2/data/ip'.
# open_wave_database csd.wdb
open_wave_config E:/Vivado/Custom_Size_Data/CSD/solution1/sim/verilog/csd.wcfg
current_wave_config {csd.wcfg}
csd.wcfg
add_wave {{/apatb_csd_top/AESL_clock}} 
save_wave_config {E:/Vivado/Custom_Size_Data/CSD/solution1/sim/verilog/csd.wcfg}
save_wave_config {E:/Vivado/Custom_Size_Data/CSD/solution1/sim/verilog/csd.wcfg}
close_sim
INFO: [Simtcl 6-16] Simulation closed
exit
INFO: [Common 17-206] Exiting Vivado at Tue May 19 08:43:57 2020...
