INFO-FLOW: Workspace E:/Vivado/FFT/FFT/solution1 opened at Sun May 24 12:19:00 +0530 2020
Execute     config_clock -quiet -name default -period 10 -default=false 
INFO: [SYN 201-201] Setting up clock 'default' with a period of 10ns.
WARNING: [HLS 200-40] Cannot find library 'C:/Xilinx/Vivado/2019.2/common/technology/xilinx/Virtex-7/Virtex-7.lib'.
WARNING: [HLS 200-40] Cannot find library 'xilinx/Virtex-7/Virtex-7'.
Execute     open_platform DefaultPlatform 
Execute     import_lib C:/Xilinx/Vivado/2019.2/common/technology/xilinx/virtex7/virtex7 
Execute       source C:/Xilinx/Vivado/2019.2/common/technology/xilinx/common/xilinx.lib 
Execute         source C:/Xilinx/Vivado/2019.2/common/technology/xilinx/interface/xilinx_interface.lib 
Execute           source C:/Xilinx/Vivado/2019.2/common/technology/xilinx/interface/plb46.lib 
Execute           source C:/Xilinx/Vivado/2019.2/common/technology/xilinx/interface/fsl.lib 
Execute           source C:/Xilinx/Vivado/2019.2/common/technology/xilinx/interface/axi4.lib 
Execute           source C:/Xilinx/Vivado/2019.2/common/technology/xilinx/interface/maxi.lib 
Execute           source C:/Xilinx/Vivado/2019.2/common/technology/xilinx/interface/saxilite.lib 
Execute         source C:/Xilinx/Vivado/2019.2/common/technology/xilinx/common/dsp48.lib 
Execute         source C:/Xilinx/Vivado/2019.2/common/technology/xilinx/ip/dds_compiler.lib 
Execute         source C:/Xilinx/Vivado/2019.2/common/technology/xilinx/ip/xfft.lib 
Execute         source C:/Xilinx/Vivado/2019.2/common/technology/xilinx/ip/xfir.lib 
Execute       source C:/Xilinx/Vivado/2019.2/common/technology/xilinx/common/xilinx.hlp 
Execute         source C:/Xilinx/Vivado/2019.2/common/technology/xilinx/common/target_info.tcl 
Execute         source C:/Xilinx/Vivado/2019.2/common/technology/xilinx/interface/xilinx_interface.hlp 
Execute           source C:/Xilinx/Vivado/2019.2/common/technology/xilinx/interface/maxi.hlp 
Execute           source C:/Xilinx/Vivado/2019.2/common/technology/xilinx/interface/saxilite.hlp 
Execute         source C:/Xilinx/Vivado/2019.2/common/technology/xilinx/common/dsp48.hlp 
Execute       source C:/Xilinx/Vivado/2019.2/common/technology/xilinx/virtex7/dsp48e1.hlp 
Execute       source C:/Xilinx/Vivado/2019.2/common/technology/xilinx/common/xilinx.hlp 
Execute         source C:/Xilinx/Vivado/2019.2/common/technology/xilinx/common/target_info.tcl 
Execute         source C:/Xilinx/Vivado/2019.2/common/technology/xilinx/interface/xilinx_interface.hlp 
Execute           source C:/Xilinx/Vivado/2019.2/common/technology/xilinx/interface/maxi.hlp 
Execute           source C:/Xilinx/Vivado/2019.2/common/technology/xilinx/interface/saxilite.hlp 
Execute         source C:/Xilinx/Vivado/2019.2/common/technology/xilinx/common/dsp48.hlp 
Execute     source C:/Xilinx/Vivado/2019.2/common/technology/xilinx/virtex7/virtex7.gen 
Execute       source C:/Xilinx/Vivado/2019.2/common/technology/xilinx/common/xilinx.gen 
Execute         source C:/Xilinx/Vivado/2019.2/common/technology/xilinx/interface/plb46.gen 
Execute         source C:/Xilinx/Vivado/2019.2/common/technology/xilinx/interface/fsl.gen 
Execute         source C:/Xilinx/Vivado/2019.2/common/technology/xilinx/interface/axi4.gen 
Execute         source C:/Xilinx/Vivado/2019.2/common/technology/xilinx/interface/nativeAXI4.gen 
Execute           source C:/Xilinx/Vivado/2019.2/common/technology/xilinx/interface/saxilite.gen 
Execute           source C:/Xilinx/Vivado/2019.2/common/technology/xilinx/interface/maxi.gen 
Execute         source C:/Xilinx/Vivado/2019.2/common/technology/xilinx/scripts/xilinxcoregen.gen 
Execute         source C:/Xilinx/Vivado/2019.2/common/technology/xilinx/interface/XilEDKCoreGen.gen 
Execute         source C:/Xilinx/Vivado/2019.2/common/technology/xilinx/ip/dds_compiler.gen 
Execute         source C:/Xilinx/Vivado/2019.2/common/technology/xilinx/ip/util.gen 
Execute         source C:/Xilinx/Vivado/2019.2/common/technology/xilinx/ip/xfft.gen 
Command         ap_source done; 0.103 sec.
Execute         source C:/Xilinx/Vivado/2019.2/common/technology/xilinx/ip/xfir.gen 
Execute         source C:/Xilinx/Vivado/2019.2/common/technology/xilinx/common/dsp48.gen 
Command       ap_source done; 0.154 sec.
Command     ap_source done; 0.155 sec.
Execute     open_platform DefaultPlatform 
Execute     import_lib C:/Xilinx/Vivado/2019.2/common/technology/xilinx/virtex7/virtex7_fpv6 
Execute       source C:/Xilinx/Vivado/2019.2/common/technology/xilinx/common/xilinx_fp.lib 
Execute       source C:/Xilinx/Vivado/2019.2/common/technology/xilinx/common/xilinx_fp.hlp 
Execute         source C:/Xilinx/Vivado/2019.2/common/technology/xilinx/common/xilinx.hlp 
Execute           source C:/Xilinx/Vivado/2019.2/common/technology/xilinx/common/target_info.tcl 
Execute           source C:/Xilinx/Vivado/2019.2/common/technology/xilinx/interface/xilinx_interface.hlp 
Execute             source C:/Xilinx/Vivado/2019.2/common/technology/xilinx/interface/maxi.hlp 
Execute             source C:/Xilinx/Vivado/2019.2/common/technology/xilinx/interface/saxilite.hlp 
Execute           source C:/Xilinx/Vivado/2019.2/common/technology/xilinx/common/dsp48.hlp 
Execute     source C:/Xilinx/Vivado/2019.2/common/technology/xilinx/virtex7/virtex7_fpv6.gen 
Execute       source C:/Xilinx/Vivado/2019.2/common/technology/xilinx/common/xilinx_fp.gen 
Execute     set_part xc7vx485t-ffg1157-1 
Execute       ap_part_info -name xc7vx485t-ffg1157-1 -data single -quiet 
Command       ap_part_info done; 0.483 sec.
Execute       ap_part_info -name xc7vx485t-ffg1157-1 -data info 
Execute       add_library xilinx/virtex7/virtex7:xc7vx485t:-ffg1157:-1 
Execute         get_default_platform 
Execute         open_platform DefaultPlatform 
Execute         import_lib C:/Xilinx/Vivado/2019.2/common/technology/xilinx/virtex7/virtex7 
Execute           source C:/Xilinx/Vivado/2019.2/common/technology/xilinx/common/xilinx.lib 
Execute             source C:/Xilinx/Vivado/2019.2/common/technology/xilinx/interface/xilinx_interface.lib 
Execute               source C:/Xilinx/Vivado/2019.2/common/technology/xilinx/interface/plb46.lib 
Execute               source C:/Xilinx/Vivado/2019.2/common/technology/xilinx/interface/fsl.lib 
Execute               source C:/Xilinx/Vivado/2019.2/common/technology/xilinx/interface/axi4.lib 
Execute               source C:/Xilinx/Vivado/2019.2/common/technology/xilinx/interface/maxi.lib 
Execute               source C:/Xilinx/Vivado/2019.2/common/technology/xilinx/interface/saxilite.lib 
Execute             source C:/Xilinx/Vivado/2019.2/common/technology/xilinx/common/dsp48.lib 
Execute             source C:/Xilinx/Vivado/2019.2/common/technology/xilinx/ip/dds_compiler.lib 
Execute             source C:/Xilinx/Vivado/2019.2/common/technology/xilinx/ip/xfft.lib 
Execute             source C:/Xilinx/Vivado/2019.2/common/technology/xilinx/ip/xfir.lib 
Execute           source C:/Xilinx/Vivado/2019.2/common/technology/xilinx/common/xilinx.hlp 
Execute             source C:/Xilinx/Vivado/2019.2/common/technology/xilinx/common/target_info.tcl 
Execute             source C:/Xilinx/Vivado/2019.2/common/technology/xilinx/interface/xilinx_interface.hlp 
Execute               source C:/Xilinx/Vivado/2019.2/common/technology/xilinx/interface/maxi.hlp 
Execute               source C:/Xilinx/Vivado/2019.2/common/technology/xilinx/interface/saxilite.hlp 
Execute             source C:/Xilinx/Vivado/2019.2/common/technology/xilinx/common/dsp48.hlp 
Execute           source C:/Xilinx/Vivado/2019.2/common/technology/xilinx/virtex7/dsp48e1.hlp 
Execute           source C:/Xilinx/Vivado/2019.2/common/technology/xilinx/common/xilinx.hlp 
Execute             source C:/Xilinx/Vivado/2019.2/common/technology/xilinx/common/target_info.tcl 
Execute             source C:/Xilinx/Vivado/2019.2/common/technology/xilinx/interface/xilinx_interface.hlp 
Execute               source C:/Xilinx/Vivado/2019.2/common/technology/xilinx/interface/maxi.hlp 
Execute               source C:/Xilinx/Vivado/2019.2/common/technology/xilinx/interface/saxilite.hlp 
Execute             source C:/Xilinx/Vivado/2019.2/common/technology/xilinx/common/dsp48.hlp 
Execute         source C:/Xilinx/Vivado/2019.2/common/technology/xilinx/virtex7/virtex7.gen 
Execute           source C:/Xilinx/Vivado/2019.2/common/technology/xilinx/common/xilinx.gen 
Execute             source C:/Xilinx/Vivado/2019.2/common/technology/xilinx/interface/plb46.gen 
Execute             source C:/Xilinx/Vivado/2019.2/common/technology/xilinx/interface/fsl.gen 
Execute             source C:/Xilinx/Vivado/2019.2/common/technology/xilinx/interface/axi4.gen 
Execute             source C:/Xilinx/Vivado/2019.2/common/technology/xilinx/interface/nativeAXI4.gen 
Execute               source C:/Xilinx/Vivado/2019.2/common/technology/xilinx/interface/saxilite.gen 
Execute               source C:/Xilinx/Vivado/2019.2/common/technology/xilinx/interface/maxi.gen 
Execute             source C:/Xilinx/Vivado/2019.2/common/technology/xilinx/scripts/xilinxcoregen.gen 
Execute             source C:/Xilinx/Vivado/2019.2/common/technology/xilinx/interface/XilEDKCoreGen.gen 
Execute             source C:/Xilinx/Vivado/2019.2/common/technology/xilinx/ip/dds_compiler.gen 
Execute             source C:/Xilinx/Vivado/2019.2/common/technology/xilinx/ip/util.gen 
Execute             source C:/Xilinx/Vivado/2019.2/common/technology/xilinx/ip/xfft.gen 
Execute             source C:/Xilinx/Vivado/2019.2/common/technology/xilinx/ip/xfir.gen 
Execute             source C:/Xilinx/Vivado/2019.2/common/technology/xilinx/common/dsp48.gen 
Command           ap_source done; 0.134 sec.
Command         ap_source done; 0.134 sec.
Execute         ap_part_info -data single -name xc7vx485t-ffg1157-1 
Execute         ap_part_info -name xc7vx485t-ffg1157-1 -data resources 
Execute         ap_part_info -name xc7vx485t-ffg1157-1 -data info 
Execute         ap_part_info -name xc7vx485t-ffg1157-1 -data info 
Execute         config_chip_info -quiet -resource {SLICE 75900} {LUT 303600} {FF 607200} {DSP48E 2800} {BRAM 2060} {URAM 0} 
Execute         ap_part_info -name xc7vx485t-ffg1157-1 -data info 
Execute         config_chip_info -quiet -speed slow 
Command       add_library done; 0.193 sec.
Execute       add_library xilinx/virtex7/virtex7_fpv6 
Execute         get_default_platform 
Execute         open_platform DefaultPlatform 
Execute         import_lib C:/Xilinx/Vivado/2019.2/common/technology/xilinx/virtex7/virtex7_fpv6 
Execute           source C:/Xilinx/Vivado/2019.2/common/technology/xilinx/common/xilinx_fp.lib 
Execute           source C:/Xilinx/Vivado/2019.2/common/technology/xilinx/common/xilinx_fp.hlp 
Execute             source C:/Xilinx/Vivado/2019.2/common/technology/xilinx/common/xilinx.hlp 
Execute               source C:/Xilinx/Vivado/2019.2/common/technology/xilinx/common/target_info.tcl 
Execute               source C:/Xilinx/Vivado/2019.2/common/technology/xilinx/interface/xilinx_interface.hlp 
Execute                 source C:/Xilinx/Vivado/2019.2/common/technology/xilinx/interface/maxi.hlp 
Execute                 source C:/Xilinx/Vivado/2019.2/common/technology/xilinx/interface/saxilite.hlp 
Execute               source C:/Xilinx/Vivado/2019.2/common/technology/xilinx/common/dsp48.hlp 
Execute         source C:/Xilinx/Vivado/2019.2/common/technology/xilinx/virtex7/virtex7_fpv6.gen 
Execute           source C:/Xilinx/Vivado/2019.2/common/technology/xilinx/common/xilinx_fp.gen 
INFO: [HLS 200-10] Setting target device to 'xc7vx485t-ffg1157-1'
Execute       ap_part_info -name xc7vx485t-ffg1157-1 -data info 
Execute       get_default_platform 
Command     set_part done; 0.798 sec.
Execute     ap_part_info -data single -name xc7vx485t-ffg1157-1 
Execute     ap_part_info -name xc7vx485t-ffg1157-1 -data resources 
Execute     ap_part_info -name xc7vx485t-ffg1157-1 -data info 
Execute     ap_part_info -name xc7vx485t-ffg1157-1 -data info 
Execute     config_chip_info -quiet -resource {SLICE 75900} {LUT 303600} {FF 607200} {DSP48E 2800} {BRAM 2060} {URAM 0} 
Execute     ap_part_info -name xc7vx485t-ffg1157-1 -data info 
Execute     config_chip_info -quiet -speed slow 
Command   open_solution done; 1.042 sec.
Execute   set_part xc7vx485tffg1157-1 
Execute     ap_part_info -name xc7vx485tffg1157-1 -data single -quiet 
Execute     ap_part_info -name xc7vx485tffg1157-1 -data info 
Execute     add_library xilinx/virtex7/virtex7:xc7vx485t:-ffg1157:-1 
Execute       get_default_platform 
Execute       open_platform DefaultPlatform 
Execute       import_lib C:/Xilinx/Vivado/2019.2/common/technology/xilinx/virtex7/virtex7 
Execute         source C:/Xilinx/Vivado/2019.2/common/technology/xilinx/common/xilinx.lib 
Execute           source C:/Xilinx/Vivado/2019.2/common/technology/xilinx/interface/xilinx_interface.lib 
Execute             source C:/Xilinx/Vivado/2019.2/common/technology/xilinx/interface/plb46.lib 
Execute             source C:/Xilinx/Vivado/2019.2/common/technology/xilinx/interface/fsl.lib 
Execute             source C:/Xilinx/Vivado/2019.2/common/technology/xilinx/interface/axi4.lib 
Execute             source C:/Xilinx/Vivado/2019.2/common/technology/xilinx/interface/maxi.lib 
Execute             source C:/Xilinx/Vivado/2019.2/common/technology/xilinx/interface/saxilite.lib 
Execute           source C:/Xilinx/Vivado/2019.2/common/technology/xilinx/common/dsp48.lib 
Execute           source C:/Xilinx/Vivado/2019.2/common/technology/xilinx/ip/dds_compiler.lib 
Execute           source C:/Xilinx/Vivado/2019.2/common/technology/xilinx/ip/xfft.lib 
Execute           source C:/Xilinx/Vivado/2019.2/common/technology/xilinx/ip/xfir.lib 
Execute         source C:/Xilinx/Vivado/2019.2/common/technology/xilinx/common/xilinx.hlp 
Execute           source C:/Xilinx/Vivado/2019.2/common/technology/xilinx/common/target_info.tcl 
Execute           source C:/Xilinx/Vivado/2019.2/common/technology/xilinx/interface/xilinx_interface.hlp 
Execute             source C:/Xilinx/Vivado/2019.2/common/technology/xilinx/interface/maxi.hlp 
Execute             source C:/Xilinx/Vivado/2019.2/common/technology/xilinx/interface/saxilite.hlp 
Execute           source C:/Xilinx/Vivado/2019.2/common/technology/xilinx/common/dsp48.hlp 
Execute         source C:/Xilinx/Vivado/2019.2/common/technology/xilinx/virtex7/dsp48e1.hlp 
Execute         source C:/Xilinx/Vivado/2019.2/common/technology/xilinx/common/xilinx.hlp 
Execute           source C:/Xilinx/Vivado/2019.2/common/technology/xilinx/common/target_info.tcl 
Execute           source C:/Xilinx/Vivado/2019.2/common/technology/xilinx/interface/xilinx_interface.hlp 
Execute             source C:/Xilinx/Vivado/2019.2/common/technology/xilinx/interface/maxi.hlp 
Execute             source C:/Xilinx/Vivado/2019.2/common/technology/xilinx/interface/saxilite.hlp 
Execute           source C:/Xilinx/Vivado/2019.2/common/technology/xilinx/common/dsp48.hlp 
Execute       source C:/Xilinx/Vivado/2019.2/common/technology/xilinx/virtex7/virtex7.gen 
Execute         source C:/Xilinx/Vivado/2019.2/common/technology/xilinx/common/xilinx.gen 
Execute           source C:/Xilinx/Vivado/2019.2/common/technology/xilinx/interface/plb46.gen 
Execute           source C:/Xilinx/Vivado/2019.2/common/technology/xilinx/interface/fsl.gen 
Execute           source C:/Xilinx/Vivado/2019.2/common/technology/xilinx/interface/axi4.gen 
Execute           source C:/Xilinx/Vivado/2019.2/common/technology/xilinx/interface/nativeAXI4.gen 
Execute             source C:/Xilinx/Vivado/2019.2/common/technology/xilinx/interface/saxilite.gen 
Execute             source C:/Xilinx/Vivado/2019.2/common/technology/xilinx/interface/maxi.gen 
Execute           source C:/Xilinx/Vivado/2019.2/common/technology/xilinx/scripts/xilinxcoregen.gen 
Execute           source C:/Xilinx/Vivado/2019.2/common/technology/xilinx/interface/XilEDKCoreGen.gen 
Execute           source C:/Xilinx/Vivado/2019.2/common/technology/xilinx/ip/dds_compiler.gen 
Execute           source C:/Xilinx/Vivado/2019.2/common/technology/xilinx/ip/util.gen 
Execute           source C:/Xilinx/Vivado/2019.2/common/technology/xilinx/ip/xfft.gen 
Execute           source C:/Xilinx/Vivado/2019.2/common/technology/xilinx/ip/xfir.gen 
Execute           source C:/Xilinx/Vivado/2019.2/common/technology/xilinx/common/dsp48.gen 
Command         ap_source done; 0.137 sec.
Command       ap_source done; 0.137 sec.
Execute       ap_part_info -data single -name xc7vx485t-ffg1157-1 
Execute       ap_part_info -name xc7vx485t-ffg1157-1 -data resources 
Execute       ap_part_info -name xc7vx485t-ffg1157-1 -data info 
Execute       ap_part_info -name xc7vx485t-ffg1157-1 -data info 
Execute       config_chip_info -quiet -resource {SLICE 75900} {LUT 303600} {FF 607200} {DSP48E 2800} {BRAM 2060} {URAM 0} 
Execute       ap_part_info -name xc7vx485t-ffg1157-1 -data info 
Execute       config_chip_info -quiet -speed slow 
Command     add_library done; 0.19 sec.
Execute     add_library xilinx/virtex7/virtex7_fpv6 
Execute       get_default_platform 
Execute       open_platform DefaultPlatform 
Execute       import_lib C:/Xilinx/Vivado/2019.2/common/technology/xilinx/virtex7/virtex7_fpv6 
Execute         source C:/Xilinx/Vivado/2019.2/common/technology/xilinx/common/xilinx_fp.lib 
Execute         source C:/Xilinx/Vivado/2019.2/common/technology/xilinx/common/xilinx_fp.hlp 
Execute           source C:/Xilinx/Vivado/2019.2/common/technology/xilinx/common/xilinx.hlp 
Execute             source C:/Xilinx/Vivado/2019.2/common/technology/xilinx/common/target_info.tcl 
Execute             source C:/Xilinx/Vivado/2019.2/common/technology/xilinx/interface/xilinx_interface.hlp 
Execute               source C:/Xilinx/Vivado/2019.2/common/technology/xilinx/interface/maxi.hlp 
Execute               source C:/Xilinx/Vivado/2019.2/common/technology/xilinx/interface/saxilite.hlp 
Execute             source C:/Xilinx/Vivado/2019.2/common/technology/xilinx/common/dsp48.hlp 
Execute       source C:/Xilinx/Vivado/2019.2/common/technology/xilinx/virtex7/virtex7_fpv6.gen 
Execute         source C:/Xilinx/Vivado/2019.2/common/technology/xilinx/common/xilinx_fp.gen 
Execute     ap_part_info -name xc7vx485t-ffg1157-1 -data info 
Execute     get_default_platform 
Command   set_part done; 0.301 sec.
Execute   create_clock -period 10 -name default 
Execute     config_clock -quiet -name default -period 10 -default=false 
INFO: [SYN 201-201] Setting up clock 'default' with a period of 10ns.
Execute   csynth_design 
Execute     get_config_compile -dump_cfg 
Execute     get_config_compile -effort 
Execute     get_config_compile -enable_clang39 
Execute     get_config_compile -g 
Execute     get_config_compile -ng 
Execute     get_config_compile -opt_fp 
Execute     get_config_compile -skip_cdt 
Execute     get_config_compile -skip_syncheck 
Execute     get_config_compile -skip_transform 
Execute     get_config_compile -keep_printf 
Execute     elaborate -effort=medium -skip_syncheck=0 -keep_printf=0 -skip_cdt=0 -skip_transform=0 -ng=0 -g=0 -opt_fp=0 -from_csynth_design=1 
Execute       get_config_schedule -relax_ii_for_timing 
INFO: [SCHED 204-61] Option 'relax_ii_for_timing' is enabled, will increase II to preserve clock frequency constraints.
Execute       get_config_schedule -suppress_dependence_error_break 
INFO: [HLS 200-10] Analyzing design file '../teach-fpga/01-fft/vhls/fixed/fft.cpp' ... 
INFO-FLOW: Compiling one TU...
Execute       is_m_axi_addr64 
INFO-FLOW: Handling ../teach-fpga/01-fft/vhls/fixed/fft.cpp as C++
Execute       ap_part_info -name xc7vx485t-ffg1157-1 -data info 
Execute       is_encrypted ../teach-fpga/01-fft/vhls/fixed/fft.cpp 
Execute       ap_part_info -name xc7vx485t-ffg1157-1 -data info 
INFO-FLOW: Running: GCC PP
INFO-FLOW: Source preprocessing
Execute       clang  -fno-limit-debug-info -gcc-toolchain "C:/Xilinx/Vivado/2019.2/msys" -hls  -fno-exceptions  -D__llvm__  -E "../teach-fpga/01-fft/vhls/fixed/fft.cpp"     -fno-math-errno -c -emit-llvm -O0  -mllvm -disable-llvm-optzns -fno-threadsafe-statics  -fno-use-cxa-atexit  -fno-threadsafe-statics -fno-use-cxa-atexit -D__CLANG_3_1__ -D__cdecl= -DAESL_SYN -D__SYNTHESIS__ -D__HLS_SYN__ -I "C:/Xilinx/Vivado/2019.2/common/technology/autopilot" -I "C:/Xilinx/Vivado/2019.2/common/technology/autopilot/ap_sysc" -include etc/autopilot_ssdm_op.h -D__DSP48E1__  -o "E:/Vivado/FFT/FFT/solution1/.autopilot/db/fft.pp.0.cpp" 
INFO-FLOW: exec C:/Xilinx/Vivado/2019.2/win64/tools/clang/bin/clang -fno-limit-debug-info -gcc-toolchain C:/Xilinx/Vivado/2019.2/msys -hls -fno-exceptions -D__llvm__ -E ../teach-fpga/01-fft/vhls/fixed/fft.cpp -fno-math-errno -c -emit-llvm -O0 -mllvm -disable-llvm-optzns -fno-threadsafe-statics -fno-use-cxa-atexit -fno-threadsafe-statics -fno-use-cxa-atexit -D__CLANG_3_1__ -D__cdecl= -DAESL_SYN -D__SYNTHESIS__ -D__HLS_SYN__ -I C:/Xilinx/Vivado/2019.2/common/technology/autopilot -I C:/Xilinx/Vivado/2019.2/common/technology/autopilot/ap_sysc -include etc/autopilot_ssdm_op.h -D__DSP48E1__ -o E:/Vivado/FFT/FFT/solution1/.autopilot/db/fft.pp.0.cpp
Command       clang done; 5.159 sec.
Execute       tidy_31 xilinx-xfmat-array-geometry E:/Vivado/FFT/FFT/solution1/.autopilot/db/fft.pp.0.cpp std=gnu++98 
INFO-FLOW: exec C:/Xilinx/Vivado/2019.2/win64/tools/clang-3.9-csynth/bin/tidy-3.1 -header-filter=.* -checks=-*,xilinx-xfmat-array-geometry -quiet -fix E:/Vivado/FFT/FFT/solution1/.autopilot/db/fft.pp.0.cpp -- -std=gnu++98 -fhls -ferror-limit=0
Command       tidy_31 done; 3.807 sec.
INFO-FLOW: Syntax Checking before pre-processing...
Execute       clang -syntaxcheck -src E:/Vivado/FFT/FFT/solution1/.autopilot/db/fft.pp.0.cpp  -fno-limit-debug-info -gcc-toolchain "C:/Xilinx/Vivado/2019.2/msys" -hls    -fno-math-errno -c -emit-llvm -O0  -mllvm -disable-llvm-optzns -fno-threadsafe-statics  -fno-use-cxa-atexit  -fno-threadsafe-statics -fno-use-cxa-atexit -D__CLANG_3_1__ -D__cdecl= -DAESL_SYN -D__SYNTHESIS__ -D__HLS_SYN__ -I "C:/Xilinx/Vivado/2019.2/common/technology/autopilot" -I "C:/Xilinx/Vivado/2019.2/common/technology/autopilot/ap_sysc" -include etc/autopilot_ssdm_op.h -D__DSP48E1__  "E:/Vivado/FFT/FFT/solution1/.autopilot/db/fft.pp.0.cpp"  -o "E:/Vivado/FFT/FFT/solution1/.autopilot/db/useless.bc"  
INFO-FLOW: exec C:/Xilinx/Vivado/2019.2/win64/tools/clang/bin/clang -fno-limit-debug-info -gcc-toolchain C:/Xilinx/Vivado/2019.2/msys -hls -fno-math-errno -c -emit-llvm -O0 -mllvm -disable-llvm-optzns -fno-threadsafe-statics -fno-use-cxa-atexit -fno-threadsafe-statics -fno-use-cxa-atexit -D__CLANG_3_1__ -D__cdecl= -DAESL_SYN -D__SYNTHESIS__ -D__HLS_SYN__ -I C:/Xilinx/Vivado/2019.2/common/technology/autopilot -I C:/Xilinx/Vivado/2019.2/common/technology/autopilot/ap_sysc -include etc/autopilot_ssdm_op.h -D__DSP48E1__ E:/Vivado/FFT/FFT/solution1/.autopilot/db/fft.pp.0.cpp -o E:/Vivado/FFT/FFT/solution1/.autopilot/db/useless.bc
Command       clang done; 2.553 sec.
INFO-FLOW: Done: GCC PP time: 11.5 seconds per iteration
Execute       source C:/Xilinx/Vivado/2019.2/tps/tcl/tcllib1.11.1/yaml/huddle.tcl 
Execute       source C:/Xilinx/Vivado/2019.2/tps/tcl/tcllib1.11.1/yaml/json2huddle.tcl 
Execute         source C:/Xilinx/Vivado/2019.2/tps/tcl/tcllib1.11.1/try/try.tcl 
Execute       list_core -type functional_unit 
Execute       tidy_31 xilinx-systemc-detector E:/Vivado/FFT/FFT/solution1/.autopilot/db/fft.pp.0.cpp std=gnu++98 -directive=E:/Vivado/FFT/FFT/solution1/.autopilot/db/.systemc_flag 
INFO-FLOW: exec C:/Xilinx/Vivado/2019.2/win64/tools/clang-3.9-csynth/bin/tidy-3.1 -header-filter=.* -checks=-*,xilinx-systemc-detector -import-directive=E:/Vivado/FFT/FFT/solution1/.autopilot/db/.systemc_flag -quiet -fix-errors E:/Vivado/FFT/FFT/solution1/.autopilot/db/fft.pp.0.cpp -- -std=gnu++98 -fhls -ferror-limit=0
Command       tidy_31 done; 1.051 sec.
INFO-FLOW: Running: tidy-3.1 CDT preprocess
Execute       tidy_31 xilinx-directive2pragma E:/Vivado/FFT/FFT/solution1/.autopilot/db/fft.pp.0.cpp std=gnu++98 -directive=E:/Vivado/FFT/FFT/solution1/.autopilot/db/all.directive.json 
INFO-FLOW: exec C:/Xilinx/Vivado/2019.2/win64/tools/clang-3.9-csynth/bin/tidy-3.1 -header-filter=.* -checks=-*,xilinx-directive2pragma -import-directive=E:/Vivado/FFT/FFT/solution1/.autopilot/db/all.directive.json -quiet -fix-errors E:/Vivado/FFT/FFT/solution1/.autopilot/db/fft.pp.0.cpp -- -std=gnu++98 -fhls -ferror-limit=0
Command       tidy_31 done; 1.044 sec.
Execute       get_config_dataflow -strict_mode 
Execute       ap_eval exec -ignorestderr C:/Xilinx/Vivado/2019.2/win64/tools/clang-3.9-csynth/bin/xilinx-dataflow-lawyer -export-fixes=E:/Vivado/FFT/FFT/solution1/.autopilot/db/xilinx-dataflow-lawyer.fft.pp.0.cpp.diag.yml E:/Vivado/FFT/FFT/solution1/.autopilot/db/fft.pp.0.cpp -- -std=gnu++98 -fhls -ferror-limit=0 -fstrict-dataflow > E:/Vivado/FFT/FFT/solution1/.autopilot/db/xilinx-dataflow-lawyer.fft.pp.0.cpp.out.log 2> E:/Vivado/FFT/FFT/solution1/.autopilot/db/xilinx-dataflow-lawyer.fft.pp.0.cpp.err.log 
Command       ap_eval done; 2.687 sec.
Execute       tidy_31 -errorcheck xilinx-constantarray-param,xilinx-resource-pragma-transformer,xilinx-xfmat-array-geometry E:/Vivado/FFT/FFT/solution1/.autopilot/db/fft.pp.0.cpp std=gnu++98 
Execute         ap_eval exec -ignorestderr C:/Xilinx/Vivado/2019.2/win64/tools/clang-3.9-csynth/bin/tidy-3.1 -export-fixes=E:/Vivado/FFT/FFT/solution1/.autopilot/db/tidy-3.1.fft.pp.0.cpp.diag.yml -header-filter=.* -checks=-*,xilinx-constantarray-param,xilinx-resource-pragma-transformer,xilinx-xfmat-array-geometry -quiet -fix-errors E:/Vivado/FFT/FFT/solution1/.autopilot/db/fft.pp.0.cpp -- -std=gnu++98 -fhls -ferror-limit=0 > E:/Vivado/FFT/FFT/solution1/.autopilot/db/tidy-3.1.fft.pp.0.cpp.out.log 2> E:/Vivado/FFT/FFT/solution1/.autopilot/db/tidy-3.1.fft.pp.0.cpp.err.log 
Command         ap_eval done; 2.246 sec.
Execute         source C:/Xilinx/Vivado/2019.2/tps/tcl/tcllib1.11.1/yaml/yaml.tcl 
Execute           source C:/Xilinx/Vivado/2019.2/tps/tcl/tcllib1.11.1/cmdline/cmdline.tcl 
Execute         ap_eval exec -ignorestderr C:/Xilinx/Vivado/2019.2/win64/tools/clang-3.9-csynth/bin/xilinx-legacy-rewriter E:/Vivado/FFT/FFT/solution1/.autopilot/db/fft.pp.0.cpp -- -std=gnu++98 -fhls -ferror-limit=0 > E:/Vivado/FFT/FFT/solution1/.autopilot/db/xilinx-legacy-rewriter.fft.pp.0.cpp.out.log 2> E:/Vivado/FFT/FFT/solution1/.autopilot/db/xilinx-legacy-rewriter.fft.pp.0.cpp.err.log 
Command         ap_eval done; 2.149 sec.
Command       tidy_31 done; 4.488 sec.
INFO-FLOW: Done: tidy-3.1 CDT preprocess time: 8.2 seconds per iteration
INFO-FLOW: Pragma Handling...
Execute       tidy_31 xilinx-ssdm-intrinsics-arguments E:/Vivado/FFT/FFT/solution1/.autopilot/db/fft.pragma.1.cpp std=gnu++98 
INFO-FLOW: exec C:/Xilinx/Vivado/2019.2/win64/tools/clang-3.9-csynth/bin/tidy-3.1 -header-filter=.* -checks=-*,xilinx-ssdm-intrinsics-arguments -quiet -fix-errors E:/Vivado/FFT/FFT/solution1/.autopilot/db/fft.pragma.1.cpp -- -std=gnu++98 -fhls -ferror-limit=0
Command       tidy_31 done; 1.944 sec.
Execute       ap_part_info -name xc7vx485t-ffg1157-1 -data info 
INFO-FLOW: Processing labels
Execute       clang -src E:/Vivado/FFT/FFT/solution1/.autopilot/db/fft.pragma.2.cpp  -fno-limit-debug-info -gcc-toolchain C:/Xilinx/Vivado/2019.2/msys -hls -hls-analyze-label -hls-analyze-pragma -fno-exceptions  -D__llvm__  -w  "E:/Vivado/FFT/FFT/solution1/.autopilot/db/fft.pragma.2.cpp"    -fno-math-errno -c -emit-llvm -O0  -mllvm -disable-llvm-optzns -fno-threadsafe-statics  -fno-use-cxa-atexit -DAESL_SYN -D__SYNTHESIS__ -D__HLS_SYN__ -I "C:/Xilinx/Vivado/2019.2/common/technology/autopilot" -I "C:/Xilinx/Vivado/2019.2/common/technology/autopilot/ap_sysc" -include etc/autopilot_ssdm_op.h -D__DSP48E1__ -g -o "E:/Vivado/FFT/FFT/solution1/.autopilot/db/fft.bc" 
INFO-FLOW: exec C:/Xilinx/Vivado/2019.2/win64/tools/clang/bin/clang -fno-limit-debug-info -gcc-toolchain C:/Xilinx/Vivado/2019.2/msys -hls -hls-analyze-label -hls-analyze-pragma -fno-exceptions -D__llvm__ -w E:/Vivado/FFT/FFT/solution1/.autopilot/db/fft.pragma.2.cpp -fno-math-errno -c -emit-llvm -O0 -mllvm -disable-llvm-optzns -fno-threadsafe-statics -fno-use-cxa-atexit -DAESL_SYN -D__SYNTHESIS__ -D__HLS_SYN__ -I C:/Xilinx/Vivado/2019.2/common/technology/autopilot -I C:/Xilinx/Vivado/2019.2/common/technology/autopilot/ap_sysc -include etc/autopilot_ssdm_op.h -D__DSP48E1__ -g -o E:/Vivado/FFT/FFT/solution1/.autopilot/db/fft.bc
Command       clang done; 2.189 sec.
INFO-FLOW: Linking Debug ...
Execute       llvm-ld E:/Vivado/FFT/FFT/solution1/.autopilot/db/fft.g.bc -hls-opt -except-internalize FFT -LC:/Xilinx/Vivado/2019.2/win64/lib -lhlsm -lhlsmc++ -o E:/Vivado/FFT/FFT/solution1/.autopilot/db/a.g 
Command       llvm-ld done; 10.013 sec.
INFO: [HLS 200-111] Finished Linking Time (s): cpu = 00:00:02 ; elapsed = 00:00:37 . Memory (MB): peak = 172.730 ; gain = 80.332
INFO: [HLS 200-111] Finished Checking Pragmas Time (s): cpu = 00:00:02 ; elapsed = 00:00:37 . Memory (MB): peak = 172.730 ; gain = 80.332
Execute       get_config_sdx -target 
Execute       opt_and_import_c a -opt_level=2 -skip_syncheck=0 -ng=0 -keep_printf=0 
Execute         cleanup_all_models 
INFO: [HLS 200-10] Starting code transformations ...
Execute         transform -promote-dbg-pointer E:/Vivado/FFT/FFT/solution1/.autopilot/db/a.pp.bc -o E:/Vivado/FFT/FFT/solution1/.autopilot/db/a.pp.0.bc -f 
Command         transform done; 1.025 sec.
Execute         llvm-ld E:/Vivado/FFT/FFT/solution1/.autopilot/db/a.pp.0.bc -disable-opt -LC:/Xilinx/Vivado/2019.2/win64/lib -lfloatconversion -o E:/Vivado/FFT/FFT/solution1/.autopilot/db/a.g.0 
Command         llvm-ld done; 1.574 sec.
INFO-FLOW: Running Standard Transforms...
Execute         transform -hls -share-std-xform -demangle-name -inline-byval-memcpy -always-inline -promote-dbg-pointer -interface-preproc -mem2reg -scalarrepl -mem2reg -keep-read-access -instcombine -dce -promote-dbg-pointer -bitop-raise -loop-simplify -indvarspre -indvars -loop-simplify -xunroll -constprop -instcombine -simplifycfg -indvars -simplifycfg -dce -globaldce -basicaa -simplifycfg -mem2reg -globalopt -global-constprop -deadargelim -instcombine -simplifycfg -prune-eh -simplifycfg -scalarrepl -instcombine -reassociate -licm -simplifycfg -loop-simplify -indvars -instcombine -simplifycfg -mem2reg -loop-simplify -indvars -instcombine -gvn -gvn -instcombine -adce -break-crit-edges -simplifycfg -loop-delete -global-array-opt -dce -dse -adce -find-syn-modules -top FFT -deadargelim -mem2reg -instcombine -dce -presyn-prepare -auto-rom-infer -interface-preproc -syn-check -check-rec-only -find-region -simplifycfg -func-extr -function-inline -globaldce -mem2reg -instcombine -dce -gvn -globaldce -adce -adse -constprop -instcombine -bit-constprop -instcombine -dce -simplifycfg -bitop-raise -simplifycfg -dce -loop-delete -reassociate -globalopt -global-privatize -mem2reg -dce -global-constprop -pointer-simplify -constprop -dce -func-inst -deadargelim -auto-shift-reg-idiom -promote-dbg-pointer -norm-name E:/Vivado/FFT/FFT/solution1/.autopilot/db/a.g.0.bc -o E:/Vivado/FFT/FFT/solution1/.autopilot/db/a.g.1.bc -f -phase std-opt 
Command         transform done; 1.086 sec.
INFO: [HLS 200-111] Finished Standard Transforms Time (s): cpu = 00:00:02 ; elapsed = 00:00:41 . Memory (MB): peak = 219.180 ; gain = 126.781
INFO: [HLS 200-10] Checking synthesizability ...
INFO-FLOW: Checking Synthesizability 1/2..
Execute         transform -hls -syn-check -check-rec-only -disaggr -scalarrepl -norm-name -dce -mem2reg -instcombine -function-uniquify -directive-preproc -mem2reg -dse -dce -auto-rom-infer -dce -pag -array-normalize -instcombine -dce -warn-fifo-pointer -array-seg-normalize -instcombine -dce -array-flatten -instcombine -dce -array-burst -dce -deadargelim -promote-global-argument -simplifycfg -mem2reg -globaldce -dce -deadargelim -dce -instcombine -function-inline -globaldce -dce -doublePtrSimplify -doublePtrElim -dce -doublePtrSimplify -promote-dbg-pointer -dce -scalarrepl -dse -adse -instcombine -ptrLegalization -simplifycfg -dce -instcombine -pointer-simplify -ptrArgReplace -dce -instcombine -resolve-double-ptr -disaggr -scalarrepl -norm-name -dce -mem2reg -instcombine -ptrLegalization -simplifycfg -deadargelim -instcombine -dce -inst-simplify -function-uniquify -directive-preproc -mem2reg -dse -dce -globaldce -check-dspbuiltin E:/Vivado/FFT/FFT/solution1/.autopilot/db/a.g.1.bc -o E:/Vivado/FFT/FFT/solution1/.autopilot/db/a.g.2.prechk.bc -f 
INFO: [XFORM 203-602] Inlining function 'std::complex<ap_fixed<16, 8, (ap_q_mode)5, (ap_o_mode)3, 0> >::operator*=<ap_fixed<16, 8, (ap_q_mode)5, (ap_o_mode)3, 0> >' into 'std::operator*<ap_fixed<16, 8, (ap_q_mode)5, (ap_o_mode)3, 0> >' () automatically.
INFO: [XFORM 203-602] Inlining function 'std::complex<ap_fixed<16, 8, (ap_q_mode)5, (ap_o_mode)3, 0> >::operator-=<ap_fixed<16, 8, (ap_q_mode)5, (ap_o_mode)3, 0> >' into 'std::operator-<ap_fixed<16, 8, (ap_q_mode)5, (ap_o_mode)3, 0> >' () automatically.
INFO: [XFORM 203-602] Inlining function 'std::complex<ap_fixed<16, 8, (ap_q_mode)5, (ap_o_mode)3, 0> >::operator+=<ap_fixed<16, 8, (ap_q_mode)5, (ap_o_mode)3, 0> >' into 'std::operator+<ap_fixed<16, 8, (ap_q_mode)5, (ap_o_mode)3, 0> >' () automatically.
INFO: [XFORM 203-602] Inlining function 'std::operator*<ap_fixed<16, 8, (ap_q_mode)5, (ap_o_mode)3, 0> >' into 'FFT0' (../teach-fpga/01-fft/vhls/fixed/fft.cpp:30) automatically.
INFO: [XFORM 203-602] Inlining function 'std::operator-<ap_fixed<16, 8, (ap_q_mode)5, (ap_o_mode)3, 0> >' into 'FFT0' (../teach-fpga/01-fft/vhls/fixed/fft.cpp:31) automatically.
INFO: [XFORM 203-602] Inlining function 'std::operator+<ap_fixed<16, 8, (ap_q_mode)5, (ap_o_mode)3, 0> >' into 'FFT0' (../teach-fpga/01-fft/vhls/fixed/fft.cpp:32) automatically.
INFO: [XFORM 203-602] Inlining function 'bitreverse' into 'FFT' (../teach-fpga/01-fft/vhls/fixed/fft.cpp:60) automatically.
Command         transform done; 0.549 sec.
INFO-FLOW: Checking Synthesizability 2/2..
Execute         transform -syn-check E:/Vivado/FFT/FFT/solution1/.autopilot/db/a.g.2.prechk.bc -o E:/Vivado/FFT/FFT/solution1/.autopilot/db/a.g.2.bc -f -phase syn-check 
INFO: [HLS 200-111] Finished Checking Synthesizability Time (s): cpu = 00:00:03 ; elapsed = 00:00:42 . Memory (MB): peak = 244.945 ; gain = 152.547
INFO-FLOW: Compiler optimizing ...
INFO-FLOW: Share syncheck's 1.bc for syn flow: copy E:/Vivado/FFT/FFT/solution1/.autopilot/db/a.g.1.bc to E:/Vivado/FFT/FFT/solution1/.autopilot/db/a.o.1.bc
INFO-FLOW: Presyn 1...
Execute         transform -hls -tmp E:/Vivado/FFT/FFT/solution1/.autopilot/db -interface-port-rename -type-info -function-uniquify -directive-preproc -mem2reg -dse -dce -disaggr -scalarrepl -norm-name -deadargelim -mem2reg -instcombine -dce -simplifycfg -auto-rom-infer -dce -function-uniquify -resource-proc -clib-intrinsic-prepare -dce -func-buffer -dce -pag -array-normalize -func-legal -instcombine -gvn -constprop -dce -simplifycfg -mem2reg -globaldce -resolve-double-ptr -dce -deadargelim -dce -instcombine -ptrArgReplace -mem2reg -dce -array-seg-normalize -deadargelim -instcombine -dce -pointer-simplify -dce -port-alignment -dce -interface-preproc -data-pack -instcombine -dce -basicaa -aggr-aa -aggrmodref-aa -aggr-aa -gvn -gvn -basicaa -aggr-aa -aggrmodref-aa -aggr-aa -dse -adse -adce -loop-simplify -indvars -instcombine -gvn -loop-simplify -mem2reg -dce -find-region -instcombine -auto-loop-pipeline -inst-simplify -interface-preproc -cfgopt -instcombine -indvars -auto-loop-unroll -loop-simplify -loop-bound -xunroll -constprop -instcombine -simplifycfg -indvars -simplifycfg -dce -globaldce -clean-region -attach-range -gvn -inst-simplify -constprop -simplifycfg -dce -pointer-simplify -dce -globalopt -constprop -dce -array-promote -constprop -dce -ptrArgReplace -mem2reg -simplifycfg -dce -auto-par -instcombine -dce -array-transform-check -array-reshape -instcombine -simplifycfg -dce -ptrArgReplace -deadargelim -mem2reg -instcombine -simplifycfg -dce -indvars -loop-simplify -loop-bound -xunroll -constprop -instcombine -simplifycfg -indvars -simplifycfg -dce -globaldce -basicaa -aggr-aa -aggrmodref-aa -aggr-aa -dse -duplicate-dataflow-processes -globaldce -instcombine -array-partition -instcombine -simplifycfg -dce -ptrArgReplace -global-constprop -deadargelim -mem2reg -func-legal -dce -global-constprop -deadargelim -mem2reg -simplifycfg -dce -merge-param -deadargelim -globalopt -constprop -dce -array-promote -constprop -dce -ptrArgReplace -mem2reg -simplifycfg -dce -mem-intrinsic-preproc -dce -global-internalize -global-privatize -mem2reg -globaldce -promote-global-argument -ptrArgReplace -mem2reg -dce -globalopt -mergereturn -simplify-global-access -mem2reg -dce -pointer-simplify -dce -functionattrs -basicaa -aggr-aa -aggrmodref-aa -aggr-aa -gvn -gvn -basicaa -aggr-aa -aggrmodref-aa -aggr-aa -dse -adse -adce -dce -norm-name -function-inline -complex-op-raise -inst-simplify -globaldce -func-inst -constprop -instcombine -simplifycfg -dce -func-legal -dce -loop-bound -arraycheck -bitwidthmin -on-by-dataflow -loop-delete -instcombine -simplifycfg -globaldce -dce -gvn -deadargelim -dce -loop-simplify -clean-region -simplifycfg -propagate-stable-arguments -loop-stream -instcombine -simplifycfg -dce -globaldce -duplicate-dataflow-processes -stream-intrinsic-preproc -dce -check-ap-stream -loop-simplify -eliminate-keepreads -extract-dataflow-in-loop -loop-simplify -dce -gvn -deadargelim -dse -check-dataflow-syntax -legalize-stream-variable -legalize-global -extract-subproc -dce -dead-channel-elimination -canonicalize-gep -globaldce -dce -gvn -deadargelim -annotate-dataflow-channels -scalar-propagation -deadargelim -globaldce -mem2reg -check-dataflow-channels -function-stream -dce -globaldce -prop-fifo-spec -internal-stream-gen -canonicalize-gep -globaldce -dce -gvn -deadargelim -mergereturn -indvars -loop-simplify -instcombine -array-stream -array-seg-normalize -array-partition -func-legal -instcombine -simplifycfg -dce -bundle-memfifo-ops -deadargelim -function-uniquify -directive-preproc -mem2reg -dse -dce -group-axi-access -licm -simplifycfg -dce -loop-delete -norm-name E:/Vivado/FFT/FFT/solution1/.autopilot/db/a.o.1.bc -o E:/Vivado/FFT/FFT/solution1/.autopilot/db/a.o.1.tmp.bc -f 
INFO: [XFORM 203-1101] Packing variable 'data_OUT' (../teach-fpga/01-fft/vhls/fixed/fft.cpp:44) into a 32-bit variable.
INFO: [XFORM 203-1101] Packing variable 'data_IN' (../teach-fpga/01-fft/vhls/fixed/fft.cpp:44) into a 32-bit variable.
INFO: [XFORM 203-602] Inlining function 'std::complex<ap_fixed<16, 8, (ap_q_mode)5, (ap_o_mode)3, 0> >::operator*=<ap_fixed<16, 8, (ap_q_mode)5, (ap_o_mode)3, 0> >' into 'std::operator*<ap_fixed<16, 8, (ap_q_mode)5, (ap_o_mode)3, 0> >' () automatically.
INFO: [XFORM 203-602] Inlining function 'std::complex<ap_fixed<16, 8, (ap_q_mode)5, (ap_o_mode)3, 0> >::operator-=<ap_fixed<16, 8, (ap_q_mode)5, (ap_o_mode)3, 0> >' into 'std::operator-<ap_fixed<16, 8, (ap_q_mode)5, (ap_o_mode)3, 0> >' () automatically.
INFO: [XFORM 203-602] Inlining function 'std::complex<ap_fixed<16, 8, (ap_q_mode)5, (ap_o_mode)3, 0> >::operator+=<ap_fixed<16, 8, (ap_q_mode)5, (ap_o_mode)3, 0> >' into 'std::operator+<ap_fixed<16, 8, (ap_q_mode)5, (ap_o_mode)3, 0> >' () automatically.
INFO: [XFORM 203-602] Inlining function 'std::operator*<ap_fixed<16, 8, (ap_q_mode)5, (ap_o_mode)3, 0> >' into 'FFT0' (../teach-fpga/01-fft/vhls/fixed/fft.cpp:30) automatically.
INFO: [XFORM 203-602] Inlining function 'std::operator-<ap_fixed<16, 8, (ap_q_mode)5, (ap_o_mode)3, 0> >' into 'FFT0' (../teach-fpga/01-fft/vhls/fixed/fft.cpp:31) automatically.
INFO: [XFORM 203-602] Inlining function 'std::operator+<ap_fixed<16, 8, (ap_q_mode)5, (ap_o_mode)3, 0> >' into 'FFT0' (../teach-fpga/01-fft/vhls/fixed/fft.cpp:32) automatically.
INFO: [XFORM 203-602] Inlining function 'bitreverse' into 'FFT' (../teach-fpga/01-fft/vhls/fixed/fft.cpp:60) automatically.
Command         transform done; 0.975 sec.
INFO-FLOW: Presyn 2...
Execute         transform -hls -keep-callgraph -scalarrepl -mem2reg -port-alignment -attach-range -dce -pipe-mux-gen -indvars -loop-bound -inst-simplify -instcombine -dce -merge-array-access -mem2reg -dce -clean-region -mergereturn -if-conv -instcombine -dce -constprop -basicaa -aggr-aa -aggrmodref-aa -aggr-aa -gvn -gvn -basicaa -aggr-aa -aggrmodref-aa -aggr-aa -dse -adse -adce -scalarrepl -mem2reg -global-constprop -deadargelim -deadargelim -instcombine -dce -simplifycfg -ptrArgReplace -mem2reg -function-inline -globaldce -mem2reg -instcombine -dce -expr-balance -instcombine -dce -bitwidthmin -interface-preproc -directive-preproc -inst-rectify -instcombine -dce -functionattrs -constprop -instcombine -bit-constprop -simplify-global-access -globalopt -globaldce -inst-simplify -instcombine -elimdeaddata -dce -loop-delete -simplifycfg -loop-simplify -auto-burst -norm-name E:/Vivado/FFT/FFT/solution1/.autopilot/db/a.o.1.tmp.bc -o E:/Vivado/FFT/FFT/solution1/.autopilot/db/a.o.2.bc -f -phase presyn 
INFO: [XFORM 203-401] Performing if-conversion on hyperblock from (../teach-fpga/01-fft/vhls/fixed/fft.cpp:26:46) to (../teach-fpga/01-fft/vhls/fixed/fft.cpp:26:40) in function 'FFT0'... converting 4 basic blocks.
Command         transform done; 0.231 sec.
INFO: [HLS 200-111] Finished Pre-synthesis Time (s): cpu = 00:00:03 ; elapsed = 00:00:43 . Memory (MB): peak = 299.117 ; gain = 206.719
INFO-FLOW: Building ssdm...
Execute         transform -hls -function-uniquify -auto-function-inline -globaldce -ptrArgReplace -mem2reg -dce -reset-lda -loop-simplify -indvars -licm -loop-dep -loop-bound -licm -loop-simplify -flattenloopnest -array-flatten -gvn -instcombine -dce -array-map -dce -func-legal -gvn -adce -instcombine -cfgopt -simplifycfg -loop-simplify -array-burst -promote-global-argument -dce -ptrLegalization -axi4-lower -array-seg-normalize -basicaa -aggrmodref-aa -globalsmodref-aa -aggr-aa -gvn -gvn -basicaa -aggrmodref-aa -globalsmodref-aa -aggr-aa -dse -adse -adce -licm -inst-simplify -dce -globaldce -instcombine -array-stream -eliminate-keepreads -instcombine -dce -deadargelim -doublePtrSimplify -doublePtrElim -dce -doublePtrSimplify -promote-dbg-pointer -dce -scalarrepl -mem2reg -disaggr -norm-name -mem2reg -instcombine -dse -adse -adce -ptrLegalization -dce -auto-rom-infer -array-flatten -dce -instcombine -check-doubleptr -loop-rot -constprop -cfgopt -simplifycfg -loop-simplify -indvars -pointer-simplify -dce -loop-bound -loop-simplify -loop-preproc -constprop -global-constprop -gvn -mem2reg -instcombine -dce -loop-bound -loop-merge -dce -bitwidthmin -deadargelim -dce -canonicalize-dataflow -dce -scalar-propagation -deadargelim -globaldce -mem2reg -read-loop-dep -interface-preproc -directive-preproc -interface-gen -bram-byte-enable -deadargelim -inst-simplify -dce -gvn -mem2reg -instcombine -dce -adse -loop-bound -instcombine -cfgopt -simplifycfg -loop-simplify -clean-region -io-protocol -find-region -mem2reg -bitop-raise -complex-op-raise -inst-simplify -inst-rectify -instcombine -adce -deadargelim -loop-simplify -phi-opt -bitop-raise -cfgopt -simplifycfg -strip-dead-prototypes -interface-lower -bitop-lower -intrinsic-lower -auto-function-inline -basicaa -aggrmodref-aa -globalsmodref-aa -aggr-aa -inst-simplify -simplifycfg -loop-simplify -mergereturn -inst-simplify -inst-rectify -dce -load-elim -bitop-lower -loop-rewind -pointer-simplify -dce -cfgopt -dce -loop-bound -loop-dep -read-loop-dep -dce -check-stream -norm-name -legalize -validate-dataflow -inst-clarity -bitwidth -dump-loop-dep-to-ir -check-all-ssdm -cdfg-build E:/Vivado/FFT/FFT/solution1/.autopilot/db/a.o.2.bc -o E:/Vivado/FFT/FFT/solution1/.autopilot/db/a.o.3.bc -f -phase build-ssdm 
INFO: [HLS 200-472] Inferring partial write operation for 'data_OUT._M_real.V' (../teach-fpga/01-fft/vhls/fixed/fft.cpp:31:22)
INFO: [HLS 200-472] Inferring partial write operation for 'data_OUT._M_real.V' (../teach-fpga/01-fft/vhls/fixed/fft.cpp:32:22)
INFO: [HLS 200-472] Inferring partial write operation for 'xin._M_real.V' (../teach-fpga/01-fft/vhls/fixed/fft.cpp:58:27)
INFO: [HLS 200-472] Inferring partial write operation for 'data_OUT0._M_real.V' (../teach-fpga/01-fft/vhls/fixed/fft.cpp:19:3)
Command         transform done; 0.391 sec.
INFO: [HLS 200-111] Finished Architecture Synthesis Time (s): cpu = 00:00:04 ; elapsed = 00:00:43 . Memory (MB): peak = 305.398 ; gain = 213.000
INFO-FLOW: Finish building internal data model.
Command       opt_and_import_c done; 6.096 sec.
Command     elaborate done; 41.499 sec.
Execute     autosyn -from_csynth_design=1 
INFO: [HLS 200-10] Starting hardware synthesis ...
INFO-FLOW: Synthesizing C/C++ design ...
INFO: [HLS 200-10] Synthesizing 'FFT' ...
Execute       ap_set_top_model FFT 
Execute       get_model_list FFT -filter all-wo-channel -topdown 
Execute       preproc_iomode -model FFT 
Execute       preproc_iomode -model FFT0 
Execute       get_model_list FFT -filter all-wo-channel 
INFO-FLOW: Model list for configure: FFT0 FFT
INFO-FLOW: Configuring Module : FFT0 ...
Execute       set_default_model FFT0 
Execute       apply_spec_resource_limit FFT0 
INFO-FLOW: Configuring Module : FFT ...
Execute       set_default_model FFT 
Execute       apply_spec_resource_limit FFT 
INFO-FLOW: Model list for preprocess: FFT0 FFT
INFO-FLOW: Preprocessing Module: FFT0 ...
Execute       set_default_model FFT0 
Execute       cdfg_preprocess -model FFT0 
Execute       rtl_gen_preprocess FFT0 
INFO-FLOW: Preprocessing Module: FFT ...
Execute       set_default_model FFT 
Execute       cdfg_preprocess -model FFT 
Execute       rtl_gen_preprocess FFT 
INFO-FLOW: Model list for synthesis: FFT0 FFT
INFO: [HLS 200-10] ----------------------------------------------------------------
INFO: [HLS 200-42] -- Implementing module 'FFT0' 
INFO: [HLS 200-10] ----------------------------------------------------------------
Execute       set_default_model FFT0 
Execute       schedule -model FFT0 
INFO: [SCHED 204-11] Starting scheduling ...
INFO: [SCHED 204-11] Finished scheduling.
Command       schedule done; 0.975 sec.
INFO: [HLS 200-111]  Elapsed time: 44.614 seconds; current allocated memory: 245.249 MB.
Execute       syn_report -verbosereport -o E:/Vivado/FFT/FFT/solution1/.autopilot/db/FFT0.verbose.sched.rpt 
Command       syn_report done; 0.103 sec.
Execute       db_write -o E:/Vivado/FFT/FFT/solution1/.autopilot/db/FFT0.sched.adb -f 
Command       db_write done; 0.193 sec.
INFO-FLOW: Finish scheduling FFT0.
Execute       set_default_model FFT0 
Execute       bind -model FFT0 
BIND OPTION: model=FFT0
INFO: [BIND 205-100] Starting micro-architecture generation ...
INFO: [BIND 205-101] Performing variable lifetime analysis.
INFO: [BIND 205-101] Exploring resource sharing.
INFO: [BIND 205-101] Binding ...
INFO: [BIND 205-100] Finished micro-architecture generation.
Command       bind done; 0.172 sec.
INFO: [HLS 200-111]  Elapsed time: 0.512 seconds; current allocated memory: 245.558 MB.
Execute       syn_report -verbosereport -o E:/Vivado/FFT/FFT/solution1/.autopilot/db/FFT0.verbose.bind.rpt 
Execute       db_write -o E:/Vivado/FFT/FFT/solution1/.autopilot/db/FFT0.bind.adb -f 
INFO-FLOW: Finish binding FFT0.
INFO: [HLS 200-10] ----------------------------------------------------------------
INFO: [HLS 200-42] -- Implementing module 'FFT' 
INFO: [HLS 200-10] ----------------------------------------------------------------
Execute       set_default_model FFT 
Execute       schedule -model FFT 
INFO: [SCHED 204-11] Starting scheduling ...
INFO: [SCHED 204-11] Finished scheduling.
INFO: [HLS 200-111]  Elapsed time: 0.279 seconds; current allocated memory: 245.738 MB.
Execute       syn_report -verbosereport -o E:/Vivado/FFT/FFT/solution1/.autopilot/db/FFT.verbose.sched.rpt 
Execute       db_write -o E:/Vivado/FFT/FFT/solution1/.autopilot/db/FFT.sched.adb -f 
INFO-FLOW: Finish scheduling FFT.
Execute       set_default_model FFT 
Execute       bind -model FFT 
BIND OPTION: model=FFT
INFO: [BIND 205-100] Starting micro-architecture generation ...
INFO: [BIND 205-101] Performing variable lifetime analysis.
INFO: [BIND 205-101] Exploring resource sharing.
INFO: [BIND 205-101] Binding ...
INFO: [BIND 205-100] Finished micro-architecture generation.
INFO: [HLS 200-111]  Elapsed time: 0.181 seconds; current allocated memory: 246.002 MB.
Execute       syn_report -verbosereport -o E:/Vivado/FFT/FFT/solution1/.autopilot/db/FFT.verbose.bind.rpt 
Execute       db_write -o E:/Vivado/FFT/FFT/solution1/.autopilot/db/FFT.bind.adb -f 
INFO-FLOW: Finish binding FFT.
Execute       get_model_list FFT -filter all-wo-channel 
INFO-FLOW: Preprocessing for RTLGen ...
Execute       rtl_gen_preprocess FFT0 
Execute       rtl_gen_preprocess FFT 
INFO-FLOW: Model list for RTL generation: FFT0 FFT
INFO: [HLS 200-10] ----------------------------------------------------------------
INFO: [HLS 200-10] -- Generating RTL for module 'FFT0' 
INFO: [HLS 200-10] ----------------------------------------------------------------
Execute       get_config_rtl -module_prefix 
Execute       get_config_rtl -module_auto_prefix 
Execute       create_rtl_model FFT0 -vendor xilinx -mg_file E:/Vivado/FFT/FFT/solution1/.autopilot/db/FFT0.compgen.tcl 
INFO: [SYN 201-210] Renamed object name 'FFT_mul_mul_10s_16s_24_1_1' to 'FFT_mul_mul_10s_1bkb' due to the length limit 20
INFO: [SYN 201-210] Renamed object name 'FFT_mul_mul_16s_9s_24_1_1' to 'FFT_mul_mul_16s_9cud' due to the length limit 20
INFO: [SYN 201-210] Renamed object name 'FFT_mac_mulsub_9s_16s_24s_24_1_1' to 'FFT_mac_mulsub_9sdEe' due to the length limit 20
INFO: [SYN 201-210] Renamed object name 'FFT_mac_muladd_10s_16s_24s_24_1_1' to 'FFT_mac_muladd_10eOg' due to the length limit 20
INFO: [RTGEN 206-100] Generating core module 'FFT_mac_muladd_10eOg': 1 instance(s).
INFO: [RTGEN 206-100] Generating core module 'FFT_mac_mulsub_9sdEe': 1 instance(s).
INFO: [RTGEN 206-100] Generating core module 'FFT_mul_mul_10s_1bkb': 1 instance(s).
INFO: [RTGEN 206-100] Generating core module 'FFT_mul_mul_16s_9cud': 1 instance(s).
INFO: [RTGEN 206-100] Finished creating RTL model for 'FFT0'.
Command       create_rtl_model done; 0.278 sec.
INFO: [HLS 200-111]  Elapsed time: 0.471 seconds; current allocated memory: 246.568 MB.
Execute       source E:/Vivado/FFT/FFT/solution1/.autopilot/db/FFT.rtl_wrap.cfg.tcl 
Execute       gen_rtl FFT0 -style xilinx -tracefl mytrace -tracefmt vcd -traceopt all -f -lang sc -o E:/Vivado/FFT/FFT/solution1/syn/systemc/FFT0 -synmodules FFT0 FFT 
Execute       gen_rtl FFT0 -style xilinx -f -lang vhdl -o E:/Vivado/FFT/FFT/solution1/syn/vhdl/FFT0 
Execute       gen_rtl FFT0 -style xilinx -f -lang vlog -o E:/Vivado/FFT/FFT/solution1/syn/verilog/FFT0 
Execute       syn_report -csynth -model FFT0 -o E:/Vivado/FFT/FFT/solution1/syn/report/FFT0_csynth.rpt 
Execute       syn_report -rtlxml -model FFT0 -o E:/Vivado/FFT/FFT/solution1/syn/report/FFT0_csynth.xml 
Execute       syn_report -verbosereport -model FFT0 -o E:/Vivado/FFT/FFT/solution1/.autopilot/db/FFT0.verbose.rpt 
Execute       db_write -model FFT0 -f -o E:/Vivado/FFT/FFT/solution1/.autopilot/db/FFT0.adb 
Execute       gen_tb_info FFT0 -p E:/Vivado/FFT/FFT/solution1/.autopilot/db -o E:/Vivado/FFT/FFT/solution1/.autopilot/db/FFT0 
INFO: [HLS 200-10] ----------------------------------------------------------------
INFO: [HLS 200-10] -- Generating RTL for module 'FFT' 
INFO: [HLS 200-10] ----------------------------------------------------------------
Execute       get_config_rtl -module_prefix 
Execute       get_config_rtl -module_auto_prefix 
Execute       create_rtl_model FFT -vendor xilinx -mg_file E:/Vivado/FFT/FFT/solution1/.autopilot/db/FFT.compgen.tcl 
INFO: [RTGEN 206-500] Setting interface mode on port 'FFT/data_IN' to 'axis' (register, both mode).
INFO: [RTGEN 206-500] Setting interface mode on port 'FFT/data_OUT' to 'axis' (register, both mode).
INFO: [RTGEN 206-500] Setting interface mode on function 'FFT' to 'ap_ctrl_hs'.
INFO: [SYN 201-210] Renamed object name 'FFT_data_OUT0_M_real_V' to 'FFT_data_OUT0_M_rfYi' due to the length limit 20
INFO: [SYN 201-210] Renamed object name 'FFT_data_OUT0_M_imag_V' to 'FFT_data_OUT0_M_ig8j' due to the length limit 20
INFO: [SYN 201-210] Renamed object name 'FFT_data_OUT1_M_real_V' to 'FFT_data_OUT1_M_rhbi' due to the length limit 20
INFO: [SYN 201-210] Renamed object name 'FFT_data_OUT1_M_imag_V' to 'FFT_data_OUT1_M_iibs' due to the length limit 20
INFO: [SYN 201-210] Renamed object name 'FFT_data_OUT2_M_real_V' to 'FFT_data_OUT2_M_rjbC' due to the length limit 20
INFO: [SYN 201-210] Renamed object name 'FFT_data_OUT2_M_imag_V' to 'FFT_data_OUT2_M_ikbM' due to the length limit 20
INFO: [SYN 201-210] Renamed object name 'FFT_data_OUT3_M_real_V' to 'FFT_data_OUT3_M_rlbW' due to the length limit 20
INFO: [SYN 201-210] Renamed object name 'FFT_data_OUT3_M_imag_V' to 'FFT_data_OUT3_M_imb6' due to the length limit 20
INFO: [SYN 201-210] Renamed object name 'FFT_data_OUT4_M_real_V' to 'FFT_data_OUT4_M_rncg' due to the length limit 20
INFO: [SYN 201-210] Renamed object name 'FFT_data_OUT4_M_imag_V' to 'FFT_data_OUT4_M_iocq' due to the length limit 20
INFO: [RTGEN 206-100] Finished creating RTL model for 'FFT'.
Command       create_rtl_model done; 0.337 sec.
INFO: [HLS 200-111]  Elapsed time: 0.772 seconds; current allocated memory: 247.563 MB.
Execute       source E:/Vivado/FFT/FFT/solution1/.autopilot/db/FFT.rtl_wrap.cfg.tcl 
Execute       gen_rtl FFT -istop -style xilinx -tracefl mytrace -tracefmt vcd -traceopt all -f -lang sc -o E:/Vivado/FFT/FFT/solution1/syn/systemc/FFT -synmodules FFT0 FFT 
Execute       gen_rtl FFT -istop -style xilinx -f -lang vhdl -o E:/Vivado/FFT/FFT/solution1/syn/vhdl/FFT 
Execute       gen_rtl FFT -istop -style xilinx -f -lang vlog -o E:/Vivado/FFT/FFT/solution1/syn/verilog/FFT 
Execute       syn_report -csynth -model FFT -o E:/Vivado/FFT/FFT/solution1/syn/report/FFT_csynth.rpt 
Execute       syn_report -rtlxml -model FFT -o E:/Vivado/FFT/FFT/solution1/syn/report/FFT_csynth.xml 
Execute       syn_report -verbosereport -model FFT -o E:/Vivado/FFT/FFT/solution1/.autopilot/db/FFT.verbose.rpt 
Execute       db_write -model FFT -f -o E:/Vivado/FFT/FFT/solution1/.autopilot/db/FFT.adb 
Execute       gen_tb_info FFT -p E:/Vivado/FFT/FFT/solution1/.autopilot/db -o E:/Vivado/FFT/FFT/solution1/.autopilot/db/FFT 
Execute       export_constraint_db -f -tool general -o E:/Vivado/FFT/FFT/solution1/.autopilot/db/FFT.constraint.tcl 
Execute       syn_report -designview -model FFT -o E:/Vivado/FFT/FFT/solution1/.autopilot/db/FFT.design.xml 
Execute       get_config_rtl -disable_wave_debug 
Execute       syn_report -wcfg -model FFT -o E:/Vivado/FFT/FFT/solution1/.autopilot/db/FFT_dataflow_ana.wcfg 
Execute       syn_report -protoinst -model FFT -o E:/Vivado/FFT/FFT/solution1/.autopilot/db/FFT.protoinst 
Execute       get_config_debug -directory 
Execute       sc_get_clocks FFT 
Execute       get_config_export -vivado_clock 
Execute       sc_get_portdomain FFT 
INFO-FLOW: Model list for RTL component generation: FFT0 FFT
INFO-FLOW: Handling components in module [FFT0] ... 
Execute       source E:/Vivado/FFT/FFT/solution1/.autopilot/db/FFT0.compgen.tcl 
INFO-FLOW: Found component FFT_mul_mul_10s_1bkb.
INFO-FLOW: Append model FFT_mul_mul_10s_1bkb
INFO-FLOW: Found component FFT_mul_mul_16s_9cud.
INFO-FLOW: Append model FFT_mul_mul_16s_9cud
INFO-FLOW: Found component FFT_mac_mulsub_9sdEe.
INFO-FLOW: Append model FFT_mac_mulsub_9sdEe
INFO-FLOW: Found component FFT_mac_muladd_10eOg.
INFO-FLOW: Append model FFT_mac_muladd_10eOg
INFO-FLOW: Found component FFT0_W_M_real_V.
INFO-FLOW: Append model FFT0_W_M_real_V
INFO-FLOW: Found component FFT0_W_M_imag_V.
INFO-FLOW: Append model FFT0_W_M_imag_V
INFO-FLOW: Handling components in module [FFT] ... 
Execute       source E:/Vivado/FFT/FFT/solution1/.autopilot/db/FFT.compgen.tcl 
INFO-FLOW: Found component FFT_xin_M_real_V.
INFO-FLOW: Append model FFT_xin_M_real_V
INFO-FLOW: Found component FFT_rev_32.
INFO-FLOW: Append model FFT_rev_32
INFO-FLOW: Found component regslice_core.
INFO-FLOW: Append model regslice_core
INFO-FLOW: Append model FFT0
INFO-FLOW: Append model FFT
INFO-FLOW: Generating RTL model list ...
INFO-FLOW: All models in this session: FFT_mul_mul_10s_1bkb FFT_mul_mul_16s_9cud FFT_mac_mulsub_9sdEe FFT_mac_muladd_10eOg FFT0_W_M_real_V FFT0_W_M_imag_V FFT_xin_M_real_V FFT_rev_32 regslice_core FFT0 FFT
INFO-FLOW: To file: write model FFT_mul_mul_10s_1bkb
INFO-FLOW: To file: write model FFT_mul_mul_16s_9cud
INFO-FLOW: To file: write model FFT_mac_mulsub_9sdEe
INFO-FLOW: To file: write model FFT_mac_muladd_10eOg
INFO-FLOW: To file: write model FFT0_W_M_real_V
INFO-FLOW: To file: write model FFT0_W_M_imag_V
INFO-FLOW: To file: write model FFT_xin_M_real_V
INFO-FLOW: To file: write model FFT_rev_32
INFO-FLOW: To file: write model regslice_core
INFO-FLOW: To file: write model FFT0
INFO-FLOW: To file: write model FFT
INFO-FLOW: Finished generating RTL model list.


INFO-FLOW: RTL Generation done.
INFO-FLOW: CAS Generation done.
INFO-FLOW: CBC Generation done.
Execute       syn_report -model FFT -printsummary 
INFO: [HLS 200-790] **** Loop Constraint Status: All loop constraints were satisfied.
INFO: [HLS 200-789] **** Estimated Fmax: 116.23 MHz
INFO-FLOW: DBG:CMD: auto_generate_csynth_design
INFO-FLOW: DBG:CMD:     auto_generate --sim-model -phase csynth_design -d E:/Vivado/FFT/FFT/solution1
Execute       source E:/Vivado/FFT/FFT/solution1/.autopilot/db/global.setting.tcl 
INFO-FLOW: DBG:CMD: read_platform_lib E:/Vivado/FFT/FFT/solution1/.autopilot/db/global.setting.tcl
Execute       source C:/Xilinx/Vivado/2019.2/common/technology/generic/autopilot/common.gen 
Execute         source C:/Xilinx/Vivado/2019.2/common/technology/generic/autopilot/APCoreGen.gen 
Execute       source C:/Xilinx/Vivado/2019.2/common/technology/generic/autopilot/op.gen 
Execute       source C:/Xilinx/Vivado/2019.2/common/technology/generic/autopilot/op_simcore.gen 
Execute       source C:/Xilinx/Vivado/2019.2/common/technology/generic/autopilot/interface.gen 
Execute       source E:/Vivado/FFT/FFT/solution1/.autopilot/db/global.setting.tcl 
Execute       source C:/Xilinx/Vivado/2019.2/common/technology/xilinx/virtex7/virtex7.gen 
Execute         source C:/Xilinx/Vivado/2019.2/common/technology/xilinx/common/xilinx.gen 
Execute           source C:/Xilinx/Vivado/2019.2/common/technology/xilinx/interface/plb46.gen 
Execute           source C:/Xilinx/Vivado/2019.2/common/technology/xilinx/interface/fsl.gen 
Execute           source C:/Xilinx/Vivado/2019.2/common/technology/xilinx/interface/axi4.gen 
Execute           source C:/Xilinx/Vivado/2019.2/common/technology/xilinx/interface/nativeAXI4.gen 
Execute             source C:/Xilinx/Vivado/2019.2/common/technology/xilinx/interface/saxilite.gen 
Execute             source C:/Xilinx/Vivado/2019.2/common/technology/xilinx/interface/maxi.gen 
Execute           source C:/Xilinx/Vivado/2019.2/common/technology/xilinx/scripts/xilinxcoregen.gen 
Execute           source C:/Xilinx/Vivado/2019.2/common/technology/xilinx/interface/XilEDKCoreGen.gen 
Execute           source C:/Xilinx/Vivado/2019.2/common/technology/xilinx/ip/dds_compiler.gen 
Execute           source C:/Xilinx/Vivado/2019.2/common/technology/xilinx/ip/util.gen 
Execute           source C:/Xilinx/Vivado/2019.2/common/technology/xilinx/ip/xfft.gen 
Command           ap_source done; 0.114 sec.
Execute           source C:/Xilinx/Vivado/2019.2/common/technology/xilinx/ip/xfir.gen 
Execute           source C:/Xilinx/Vivado/2019.2/common/technology/xilinx/common/dsp48.gen 
Command         ap_source done; 0.161 sec.
Command       ap_source done; 0.161 sec.
Execute       source C:/Xilinx/Vivado/2019.2/common/technology/xilinx/virtex7/virtex7_fpv6.gen 
Execute         source C:/Xilinx/Vivado/2019.2/common/technology/xilinx/common/xilinx_fp.gen 
INFO-FLOW: DBG:CMD:   using AESL_AUTOCG::g_clock_period=10.000 (was NA)
INFO-FLOW: DBG:CMD:       generate_ip_cores sim=1 export=0 expOnly=0 dstVlogDir=syn/verilog
Execute       source E:/Vivado/FFT/FFT/solution1/.autopilot/db/global.setting.tcl 
Execute       ap_part_info -name xc7vx485t-ffg1157-1 -data names -quiet 
Execute       ap_part_info -name xc7vx485t-ffg1157-1 -data info -quiet 
Execute       source E:/Vivado/FFT/FFT/solution1/.autopilot/db/global.setting.tcl 
Execute       source E:/Vivado/FFT/FFT/solution1/.autopilot/db/global.setting.tcl 
Execute       source E:/Vivado/FFT/FFT/solution1/.autopilot/db/FFT0.compgen.tcl 
Execute         ap_part_info -name xc7vx485t-ffg1157-1 -data names -quiet 
Execute         ap_part_info -name xc7vx485t-ffg1157-1 -data info -quiet 
Execute         ap_part_info -name xc7vx485t-ffg1157-1 -data names -quiet 
Execute         ap_part_info -name xc7vx485t-ffg1157-1 -data info -quiet 
Execute         ap_part_info -name xc7vx485t-ffg1157-1 -data names -quiet 
Execute         ap_part_info -name xc7vx485t-ffg1157-1 -data info -quiet 
Execute         ap_part_info -name xc7vx485t-ffg1157-1 -data info 
Execute         ap_part_info -name xc7vx485t-ffg1157-1 -data names -quiet 
Execute         ap_part_info -name xc7vx485t-ffg1157-1 -data info -quiet 
Execute         ap_part_info -name xc7vx485t-ffg1157-1 -data info 
Execute         ap_part_info -name xc7vx485t-ffg1157-1 -data names -quiet 
Execute         ap_part_info -name xc7vx485t-ffg1157-1 -data info -quiet 
INFO: [RTMG 210-279] Implementing memory 'FFT0_W_M_real_V_rom' using distributed ROMs.
Execute         ap_part_info -name xc7vx485t-ffg1157-1 -data names -quiet 
Execute         ap_part_info -name xc7vx485t-ffg1157-1 -data info -quiet 
Execute         ap_part_info -name xc7vx485t-ffg1157-1 -data names -quiet 
Execute         ap_part_info -name xc7vx485t-ffg1157-1 -data info -quiet 
Execute         ap_part_info -name xc7vx485t-ffg1157-1 -data names -quiet 
Execute         ap_part_info -name xc7vx485t-ffg1157-1 -data info -quiet 
INFO: [RTMG 210-279] Implementing memory 'FFT0_W_M_imag_V_rom' using distributed ROMs.
Execute         ap_part_info -name xc7vx485t-ffg1157-1 -data names -quiet 
Execute         ap_part_info -name xc7vx485t-ffg1157-1 -data info -quiet 
Execute         ap_part_info -name xc7vx485t-ffg1157-1 -data names -quiet 
Execute         ap_part_info -name xc7vx485t-ffg1157-1 -data info -quiet 
Command       ap_source done; 0.384 sec.
Execute       source E:/Vivado/FFT/FFT/solution1/.autopilot/db/FFT.compgen.tcl 
INFO: [RTMG 210-278] Implementing memory 'FFT_xin_M_real_V_ram (RAM)' using distributed RAMs with power-on initialization.
Execute         ap_part_info -name xc7vx485t-ffg1157-1 -data names -quiet 
Execute         ap_part_info -name xc7vx485t-ffg1157-1 -data info -quiet 
Execute         ap_part_info -name xc7vx485t-ffg1157-1 -data names -quiet 
Execute         ap_part_info -name xc7vx485t-ffg1157-1 -data info -quiet 
INFO: [RTMG 210-279] Implementing memory 'FFT_rev_32_rom' using distributed ROMs.
Execute         ap_part_info -name xc7vx485t-ffg1157-1 -data names -quiet 
Execute         ap_part_info -name xc7vx485t-ffg1157-1 -data info -quiet 
Execute         ap_part_info -name xc7vx485t-ffg1157-1 -data names -quiet 
Execute         ap_part_info -name xc7vx485t-ffg1157-1 -data info -quiet 
Command       ap_source done; 0.122 sec.
INFO-FLOW: DBG:CMD:     auto_generate -export -impltomg_flag -rtl both -tool Vivado -pcore_version 1.00.a -phase csynth_design -d E:/Vivado/FFT/FFT/solution1
Execute       source E:/Vivado/FFT/FFT/solution1/.autopilot/db/global.setting.tcl 
INFO-FLOW: DBG:CMD: read_platform_lib E:/Vivado/FFT/FFT/solution1/.autopilot/db/global.setting.tcl
Execute       source C:/Xilinx/Vivado/2019.2/common/technology/generic/autopilot/common.gen 
Execute         source C:/Xilinx/Vivado/2019.2/common/technology/generic/autopilot/APCoreGen.gen 
Execute       source C:/Xilinx/Vivado/2019.2/common/technology/generic/autopilot/op.gen 
Execute       source C:/Xilinx/Vivado/2019.2/common/technology/generic/autopilot/op_simcore.gen 
Execute       source C:/Xilinx/Vivado/2019.2/common/technology/generic/autopilot/interface.gen 
Execute       source E:/Vivado/FFT/FFT/solution1/.autopilot/db/global.setting.tcl 
Execute       source C:/Xilinx/Vivado/2019.2/common/technology/xilinx/virtex7/virtex7.gen 
Execute         source C:/Xilinx/Vivado/2019.2/common/technology/xilinx/common/xilinx.gen 
Execute           source C:/Xilinx/Vivado/2019.2/common/technology/xilinx/interface/plb46.gen 
Execute           source C:/Xilinx/Vivado/2019.2/common/technology/xilinx/interface/fsl.gen 
Execute           source C:/Xilinx/Vivado/2019.2/common/technology/xilinx/interface/axi4.gen 
Execute           source C:/Xilinx/Vivado/2019.2/common/technology/xilinx/interface/nativeAXI4.gen 
Execute             source C:/Xilinx/Vivado/2019.2/common/technology/xilinx/interface/saxilite.gen 
Execute             source C:/Xilinx/Vivado/2019.2/common/technology/xilinx/interface/maxi.gen 
Execute           source C:/Xilinx/Vivado/2019.2/common/technology/xilinx/scripts/xilinxcoregen.gen 
Execute           source C:/Xilinx/Vivado/2019.2/common/technology/xilinx/interface/XilEDKCoreGen.gen 
Execute           source C:/Xilinx/Vivado/2019.2/common/technology/xilinx/ip/dds_compiler.gen 
Execute           source C:/Xilinx/Vivado/2019.2/common/technology/xilinx/ip/util.gen 
Execute           source C:/Xilinx/Vivado/2019.2/common/technology/xilinx/ip/xfft.gen 
Execute           source C:/Xilinx/Vivado/2019.2/common/technology/xilinx/ip/xfir.gen 
Execute           source C:/Xilinx/Vivado/2019.2/common/technology/xilinx/common/dsp48.gen 
Command         ap_source done; 0.133 sec.
Command       ap_source done; 0.134 sec.
Execute       source C:/Xilinx/Vivado/2019.2/common/technology/xilinx/virtex7/virtex7_fpv6.gen 
Execute         source C:/Xilinx/Vivado/2019.2/common/technology/xilinx/common/xilinx_fp.gen 
INFO-FLOW: DBG:CMD:       initCTypeInfo top_module=FFT xml_exists=0
Execute       source E:/Vivado/FFT/FFT/solution1/.autopilot/db/FFT.rtl_wrap.cfg.tcl 
Execute       source E:/Vivado/FFT/FFT/solution1/.autopilot/db/FFT.rtl_wrap.cfg.tcl 
Execute       source E:/Vivado/FFT/FFT/solution1/.autopilot/db/FFT.rtl_wrap.cfg.tcl 
Execute       source E:/Vivado/FFT/FFT/solution1/.autopilot/db/FFT.tbgen.tcl 
Execute       source E:/Vivado/FFT/FFT/solution1/.autopilot/db/FFT.tbgen.tcl 
INFO-FLOW: DBG:CMD:       export_impl_rtl
INFO-FLOW: DBG:CMD:       generate_ip_cores sim=0 export=0 expOnly=0 dstVlogDir=impl/.verilog
Execute       source E:/Vivado/FFT/FFT/solution1/.autopilot/db/global.setting.tcl 
Execute       source E:/Vivado/FFT/FFT/solution1/.autopilot/db/FFT0.compgen.tcl 
Execute       source E:/Vivado/FFT/FFT/solution1/.autopilot/db/FFT.compgen.tcl 
INFO-FLOW: DBG:CMD:       generate_ip_cores sim=0 export=1 expOnly=1 dstVlogDir=impl/.pcores/verilog
Execute       source E:/Vivado/FFT/FFT/solution1/.autopilot/db/global.setting.tcl 
Execute       source E:/Vivado/FFT/FFT/solution1/.autopilot/db/FFT0.compgen.tcl 
Execute       source E:/Vivado/FFT/FFT/solution1/.autopilot/db/FFT.compgen.tcl 
Execute         ap_part_info -name xc7vx485t-ffg1157-1 -data names -quiet 
Execute         ap_part_info -name xc7vx485t-ffg1157-1 -data info -quiet 
Execute         ap_part_info -name xc7vx485t-ffg1157-1 -data names -quiet 
Execute         ap_part_info -name xc7vx485t-ffg1157-1 -data info -quiet 
Execute         ap_part_info -name xc7vx485t-ffg1157-1 -data names -quiet 
Execute         ap_part_info -name xc7vx485t-ffg1157-1 -data info -quiet 
Execute         ap_part_info -name xc7vx485t-ffg1157-1 -data names -quiet 
Execute         ap_part_info -name xc7vx485t-ffg1157-1 -data info -quiet 
Execute         ap_part_info -name xc7vx485t-ffg1157-1 -data names -quiet 
Execute         ap_part_info -name xc7vx485t-ffg1157-1 -data info -quiet 
Execute         ap_part_info -name xc7vx485t-ffg1157-1 -data names -quiet 
Execute         ap_part_info -name xc7vx485t-ffg1157-1 -data info -quiet 
Execute         ap_part_info -name xc7vx485t-ffg1157-1 -data names -quiet 
Execute         ap_part_info -name xc7vx485t-ffg1157-1 -data info -quiet 
Execute       ap_part_info -name xc7vx485t-ffg1157-1 -data names -quiet 
Execute       ap_part_info -name xc7vx485t-ffg1157-1 -data info -quiet 
INFO-FLOW: DBG:CMD:       generate_ip_cores sim=0 export=0 expOnly=0 dstVlogDir=impl/.pcores/verilog_sim
Execute       source E:/Vivado/FFT/FFT/solution1/.autopilot/db/global.setting.tcl 
Execute       source E:/Vivado/FFT/FFT/solution1/.autopilot/db/FFT0.compgen.tcl 
Execute       source E:/Vivado/FFT/FFT/solution1/.autopilot/db/FFT.compgen.tcl 
Execute       ap_part_info -name xc7vx485t-ffg1157-1 -data names -quiet 
Execute       ap_part_info -name xc7vx485t-ffg1157-1 -data info -quiet 
Execute       ap_part_info -name xc7vx485t-ffg1157-1 -data names -quiet 
Execute       ap_part_info -name xc7vx485t-ffg1157-1 -data info -quiet 
Execute       source E:/Vivado/FFT/FFT/solution1/.autopilot/db/global.setting.tcl 
Execute       ap_part_info -name xc7vx485t-ffg1157-1 -data names -quiet 
Execute       ap_part_info -name xc7vx485t-ffg1157-1 -data info -quiet 
Execute       source E:/Vivado/FFT/FFT/solution1/.autopilot/db/FFT.constraint.tcl 
Execute       source E:/Vivado/FFT/FFT/solution1/.autopilot/db/FFT.tbgen.tcl 
INFO-FLOW: DBG:CMD:       hasPcoreIpAdapter=false #gSsdmPorts=6
INFO-FLOW: DBG:CMD: Skipping loadAnalyze_DB, #g_database=2
INFO-FLOW: DBG:CMD:       generate_json is_phase_csynth=1 g_has_adaptors=false generate_bd_files=1 #modelList=11 #gSsdmPorts=6
Execute       source C:/Xilinx/Vivado/2019.2/tps/tcl/tcllib1.11.1/fileutil/fileutil.tcl 
Execute       source E:/Vivado/FFT/FFT/solution1/.autopilot/db/global.setting.tcl 
Execute       source E:/Vivado/FFT/FFT/solution1/.autopilot/db/global.setting.tcl 
Execute       get_config_export -xo 
Execute       source E:/Vivado/FFT/FFT/solution1/.autopilot/db/FFT.tbgen.tcl 
Execute       source E:/Vivado/FFT/FFT/solution1/.autopilot/db/FFT.tbgen.tcl 
Execute       source E:/Vivado/FFT/FFT/solution1/.autopilot/db/FFT.tbgen.tcl 
Execute       source E:/Vivado/FFT/FFT/solution1/.autopilot/db/global.setting.tcl 
Execute       get_config_sdx -target 
Execute       source E:/Vivado/FFT/FFT/solution1/.autopilot/db/FFT.rtl_wrap.cfg.tcl 
Execute       source E:/Vivado/FFT/FFT/solution1/.autopilot/db/FFT.compgen.dataonly.tcl 
Execute       source E:/Vivado/FFT/FFT/solution1/.autopilot/db/global.setting.tcl 
Execute       ap_part_info -name xc7vx485t-ffg1157-1 -data names -quiet 
Execute       ap_part_info -name xc7vx485t-ffg1157-1 -data info -quiet 
Execute       source E:/Vivado/FFT/FFT/solution1/.autopilot/db/FFT.constraint.tcl 
Execute       sc_get_clocks FFT 
Execute       ap_part_info -name xc7vx485t-ffg1157-1 -data names -quiet 
Execute       ap_part_info -name xc7vx485t-ffg1157-1 -data info -quiet 
Execute       source E:/Vivado/FFT/FFT/solution1/.autopilot/db/global.setting.tcl 
Execute       get_config_debug -directory 
Execute       source E:/Vivado/FFT/FFT/solution1/.autopilot/db/FFT0.tbgen.tcl 
Execute       source E:/Vivado/FFT/FFT/solution1/.autopilot/db/FFT.tbgen.tcl 
Execute       get_config_sdx -target 
Execute       get_config_sdx -profile 
Execute       get_config_rtl -kernel_profile 
Execute       get_config_rtl -stall_sig_gen 
Execute       get_config_rtl -profile 
INFO-FLOW: DBG:CMD: add_json_sdx_info kernel file does not exist, skipping opencl info: E:/Vivado/FFT/FFT/solution1/.autopilot/db/kernel.internal.xml
INFO-FLOW: DBG:CMD:       delete-temp-dirs (skipped for debug)
INFO: [HLS 200-111] Finished generating all RTL models Time (s): cpu = 00:00:05 ; elapsed = 00:00:49 . Memory (MB): peak = 314.539 ; gain = 222.141
INFO: [VHDL 208-304] Generating VHDL RTL for FFT.
INFO: [VLOG 209-307] Generating Verilog RTL for FFT.
Command     autosyn done; 5.962 sec.
Command   csynth_design done; 47.47 sec.
Command ap_source done; 48.838 sec.
Execute cleanup_all 
INFO-FLOW: Workspace E:/Vivado/FFT/FFT/solution1 opened at Sun May 24 12:22:03 +0530 2020
Execute     config_clock -quiet -name default -period 10 -default=false 
INFO: [SYN 201-201] Setting up clock 'default' with a period of 10ns.
WARNING: [HLS 200-40] Cannot find library 'C:/Xilinx/Vivado/2019.2/common/technology/xilinx/Virtex-7/Virtex-7.lib'.
WARNING: [HLS 200-40] Cannot find library 'xilinx/Virtex-7/Virtex-7'.
Execute     set_part xc7vx485tffg1157-1 
Execute       ap_part_info -name xc7vx485tffg1157-1 -data single -quiet 
Command       ap_part_info done; 0.504 sec.
Execute       ap_part_info -name xc7vx485tffg1157-1 -data info 
Execute       add_library xilinx/virtex7/virtex7:xc7vx485t:-ffg1157:-1 
Execute         get_default_platform 
Execute         open_platform DefaultPlatform 
Execute         import_lib C:/Xilinx/Vivado/2019.2/common/technology/xilinx/virtex7/virtex7 
Execute           source C:/Xilinx/Vivado/2019.2/common/technology/xilinx/common/xilinx.lib 
Execute             source C:/Xilinx/Vivado/2019.2/common/technology/xilinx/interface/xilinx_interface.lib 
Execute               source C:/Xilinx/Vivado/2019.2/common/technology/xilinx/interface/plb46.lib 
Execute               source C:/Xilinx/Vivado/2019.2/common/technology/xilinx/interface/fsl.lib 
Execute               source C:/Xilinx/Vivado/2019.2/common/technology/xilinx/interface/axi4.lib 
Execute               source C:/Xilinx/Vivado/2019.2/common/technology/xilinx/interface/maxi.lib 
Execute               source C:/Xilinx/Vivado/2019.2/common/technology/xilinx/interface/saxilite.lib 
Execute             source C:/Xilinx/Vivado/2019.2/common/technology/xilinx/common/dsp48.lib 
Execute             source C:/Xilinx/Vivado/2019.2/common/technology/xilinx/ip/dds_compiler.lib 
Execute             source C:/Xilinx/Vivado/2019.2/common/technology/xilinx/ip/xfft.lib 
Execute             source C:/Xilinx/Vivado/2019.2/common/technology/xilinx/ip/xfir.lib 
Execute           source C:/Xilinx/Vivado/2019.2/common/technology/xilinx/common/xilinx.hlp 
Execute             source C:/Xilinx/Vivado/2019.2/common/technology/xilinx/common/target_info.tcl 
Execute             source C:/Xilinx/Vivado/2019.2/common/technology/xilinx/interface/xilinx_interface.hlp 
Execute               source C:/Xilinx/Vivado/2019.2/common/technology/xilinx/interface/maxi.hlp 
Execute               source C:/Xilinx/Vivado/2019.2/common/technology/xilinx/interface/saxilite.hlp 
Execute             source C:/Xilinx/Vivado/2019.2/common/technology/xilinx/common/dsp48.hlp 
Execute           source C:/Xilinx/Vivado/2019.2/common/technology/xilinx/virtex7/dsp48e1.hlp 
Execute           source C:/Xilinx/Vivado/2019.2/common/technology/xilinx/common/xilinx.hlp 
Execute             source C:/Xilinx/Vivado/2019.2/common/technology/xilinx/common/target_info.tcl 
Execute             source C:/Xilinx/Vivado/2019.2/common/technology/xilinx/interface/xilinx_interface.hlp 
Execute               source C:/Xilinx/Vivado/2019.2/common/technology/xilinx/interface/maxi.hlp 
Execute               source C:/Xilinx/Vivado/2019.2/common/technology/xilinx/interface/saxilite.hlp 
Execute             source C:/Xilinx/Vivado/2019.2/common/technology/xilinx/common/dsp48.hlp 
Execute         source C:/Xilinx/Vivado/2019.2/common/technology/xilinx/virtex7/virtex7.gen 
Execute           source C:/Xilinx/Vivado/2019.2/common/technology/xilinx/common/xilinx.gen 
Execute             source C:/Xilinx/Vivado/2019.2/common/technology/xilinx/interface/plb46.gen 
Execute             source C:/Xilinx/Vivado/2019.2/common/technology/xilinx/interface/fsl.gen 
Execute             source C:/Xilinx/Vivado/2019.2/common/technology/xilinx/interface/axi4.gen 
Execute             source C:/Xilinx/Vivado/2019.2/common/technology/xilinx/interface/nativeAXI4.gen 
Execute               source C:/Xilinx/Vivado/2019.2/common/technology/xilinx/interface/saxilite.gen 
Execute               source C:/Xilinx/Vivado/2019.2/common/technology/xilinx/interface/maxi.gen 
Execute             source C:/Xilinx/Vivado/2019.2/common/technology/xilinx/scripts/xilinxcoregen.gen 
Execute             source C:/Xilinx/Vivado/2019.2/common/technology/xilinx/interface/XilEDKCoreGen.gen 
Execute             source C:/Xilinx/Vivado/2019.2/common/technology/xilinx/ip/dds_compiler.gen 
Execute             source C:/Xilinx/Vivado/2019.2/common/technology/xilinx/ip/util.gen 
Execute             source C:/Xilinx/Vivado/2019.2/common/technology/xilinx/ip/xfft.gen 
Command             ap_source done; 0.105 sec.
Execute             source C:/Xilinx/Vivado/2019.2/common/technology/xilinx/ip/xfir.gen 
Execute             source C:/Xilinx/Vivado/2019.2/common/technology/xilinx/common/dsp48.gen 
Command           ap_source done; 0.153 sec.
Command         ap_source done; 0.153 sec.
Execute         ap_part_info -data single -name xc7vx485t-ffg1157-1 
Execute         ap_part_info -name xc7vx485t-ffg1157-1 -data resources 
Execute         ap_part_info -name xc7vx485t-ffg1157-1 -data info 
Execute         ap_part_info -name xc7vx485t-ffg1157-1 -data info 
Execute         config_chip_info -quiet -resource {SLICE 75900} {LUT 303600} {FF 607200} {DSP48E 2800} {BRAM 2060} {URAM 0} 
Execute         ap_part_info -name xc7vx485t-ffg1157-1 -data info 
Execute         config_chip_info -quiet -speed slow 
Command       add_library done; 0.215 sec.
Execute       add_library xilinx/virtex7/virtex7_fpv6 
Execute         get_default_platform 
Execute         open_platform DefaultPlatform 
Execute         import_lib C:/Xilinx/Vivado/2019.2/common/technology/xilinx/virtex7/virtex7_fpv6 
Execute           source C:/Xilinx/Vivado/2019.2/common/technology/xilinx/common/xilinx_fp.lib 
Execute           source C:/Xilinx/Vivado/2019.2/common/technology/xilinx/common/xilinx_fp.hlp 
Execute             source C:/Xilinx/Vivado/2019.2/common/technology/xilinx/common/xilinx.hlp 
Execute               source C:/Xilinx/Vivado/2019.2/common/technology/xilinx/common/target_info.tcl 
Execute               source C:/Xilinx/Vivado/2019.2/common/technology/xilinx/interface/xilinx_interface.hlp 
Execute                 source C:/Xilinx/Vivado/2019.2/common/technology/xilinx/interface/maxi.hlp 
Execute                 source C:/Xilinx/Vivado/2019.2/common/technology/xilinx/interface/saxilite.hlp 
Execute               source C:/Xilinx/Vivado/2019.2/common/technology/xilinx/common/dsp48.hlp 
Execute         source C:/Xilinx/Vivado/2019.2/common/technology/xilinx/virtex7/virtex7_fpv6.gen 
Execute           source C:/Xilinx/Vivado/2019.2/common/technology/xilinx/common/xilinx_fp.gen 
INFO: [HLS 200-10] Setting target device to 'xc7vx485t-ffg1157-1'
Execute       ap_part_info -name xc7vx485t-ffg1157-1 -data info 
Execute       get_default_platform 
Command     set_part done; 0.845 sec.
Execute     ap_part_info -data single -name xc7vx485tffg1157-1 
Execute     ap_part_info -name xc7vx485tffg1157-1 -data resources 
Execute     ap_part_info -name xc7vx485tffg1157-1 -data info 
Execute     ap_part_info -name xc7vx485tffg1157-1 -data info 
Execute     config_chip_info -quiet -resource {SLICE 75900} {LUT 303600} {FF 607200} {DSP48E 2800} {BRAM 2060} {URAM 0} 
Execute     ap_part_info -name xc7vx485tffg1157-1 -data info 
Execute     config_chip_info -quiet -speed slow 
Command   open_solution done; 0.89 sec.
Execute   cosim_design -trace_level all -tool xsim 
Execute     source E:/Vivado/FFT/FFT/solution1/.autopilot/db/global.setting.tcl 
Execute     source E:/Vivado/FFT/FFT/solution1/.autopilot/db/global.setting.tcl 
Execute     source E:/Vivado/FFT/FFT/solution1/.autopilot/db/global.setting.tcl 
INFO-FLOW: DBG:CMD: read_platform_lib E:/Vivado/FFT/FFT/solution1/.autopilot/db/global.setting.tcl
Execute     source C:/Xilinx/Vivado/2019.2/common/technology/generic/autopilot/common.gen 
Execute       source C:/Xilinx/Vivado/2019.2/common/technology/generic/autopilot/APCoreGen.gen 
Execute     source C:/Xilinx/Vivado/2019.2/common/technology/generic/autopilot/op.gen 
Execute     source C:/Xilinx/Vivado/2019.2/common/technology/generic/autopilot/op_simcore.gen 
Execute     source C:/Xilinx/Vivado/2019.2/common/technology/generic/autopilot/interface.gen 
Execute     source E:/Vivado/FFT/FFT/solution1/.autopilot/db/global.setting.tcl 
Execute     source C:/Xilinx/Vivado/2019.2/common/technology/xilinx/virtex7/virtex7.gen 
Execute       source C:/Xilinx/Vivado/2019.2/common/technology/xilinx/common/xilinx.gen 
Execute         source C:/Xilinx/Vivado/2019.2/common/technology/xilinx/interface/plb46.gen 
Execute         source C:/Xilinx/Vivado/2019.2/common/technology/xilinx/interface/fsl.gen 
Execute         source C:/Xilinx/Vivado/2019.2/common/technology/xilinx/interface/axi4.gen 
Execute         source C:/Xilinx/Vivado/2019.2/common/technology/xilinx/interface/nativeAXI4.gen 
Execute           source C:/Xilinx/Vivado/2019.2/common/technology/xilinx/interface/saxilite.gen 
Execute           source C:/Xilinx/Vivado/2019.2/common/technology/xilinx/interface/maxi.gen 
Execute         source C:/Xilinx/Vivado/2019.2/common/technology/xilinx/scripts/xilinxcoregen.gen 
Execute         source C:/Xilinx/Vivado/2019.2/common/technology/xilinx/interface/XilEDKCoreGen.gen 
Execute         source C:/Xilinx/Vivado/2019.2/common/technology/xilinx/ip/dds_compiler.gen 
Execute         source C:/Xilinx/Vivado/2019.2/common/technology/xilinx/ip/util.gen 
Execute         source C:/Xilinx/Vivado/2019.2/common/technology/xilinx/ip/xfft.gen 
Execute         source C:/Xilinx/Vivado/2019.2/common/technology/xilinx/ip/xfir.gen 
Execute         source C:/Xilinx/Vivado/2019.2/common/technology/xilinx/common/dsp48.gen 
Command       ap_source done; 0.144 sec.
Command     ap_source done; 0.145 sec.
Execute     source C:/Xilinx/Vivado/2019.2/common/technology/xilinx/virtex7/virtex7_fpv6.gen 
Execute       source C:/Xilinx/Vivado/2019.2/common/technology/xilinx/common/xilinx_fp.gen 
INFO-FLOW: DBG:CMD:   using AESL_AUTOCG::g_clock_period=10.000 (was NA)
Execute     ap_part_info -name xc7vx485t-ffg1157-1 -data names -quiet 
Execute     ap_part_info -name xc7vx485t-ffg1157-1 -data info -quiet 
Execute     source E:/Vivado/FFT/FFT/solution1/.autopilot/db/global.setting.tcl 
Execute     source E:/Vivado/FFT/FFT/solution1/.autopilot/db/FFT.rtl_wrap.cfg.tcl 
Execute     source E:/Vivado/FFT/FFT/solution1/.autopilot/db/FFT.tbgen.tcl 
Execute     is_encrypted E:/Vivado/teach-fpga/01-fft/build/out_cpp.txt 
Execute     is_encrypted E:/Vivado/teach-fpga/01-fft/build/inp_cpp.txt 
Execute     is_encrypted E:/Vivado/teach-fpga/01-fft/vhls/fixed/fft_tb.cpp 
Execute     is_encrypted E:/Vivado/teach-fpga/01-fft/vhls/fixed/fft.cpp 
Execute     source E:/Vivado/FFT/FFT/solution1/.autopilot/db/FFT.tbgen.tcl 
Execute     source E:/Vivado/FFT/FFT/solution1/.autopilot/db/FFT.tbgen.tcl 
INFO: [COSIM 212-47] Using XSIM for RTL simulation.
INFO: [COSIM 212-14] Instrumenting C test bench ...
Execute     ap_part_info -name xc7vx485tffg1157-1 -data info 
INFO-FLOW: TB processing: E:/Vivado/teach-fpga/01-fft/vhls/fixed/fft_tb.cpp E:/Vivado/FFT/FFT/solution1/./sim/autowrap/testbench/fft_tb.cpp_pre.cpp
Execute     tidy_31 xilinx-tb-xfmat E:/Vivado/FFT/FFT/solution1/./sim/autowrap/testbench/fft_tb.cpp_pre.cpp std=c++11 
INFO-FLOW: exec C:/Xilinx/Vivado/2019.2/win64/tools/clang-3.9-csynth/bin/tidy-3.1 -header-filter=.* -checks=-*,xilinx-tb-xfmat -quiet -fix-errors E:/Vivado/FFT/FFT/solution1/./sim/autowrap/testbench/fft_tb.cpp_pre.cpp -- -std=c++11 -fhls -ferror-limit=0
Command     tidy_31 done; 2.85 sec.
Execute     tidy_31 xilinx-tb31-process E:/Vivado/FFT/FFT/solution1/./sim/autowrap/testbench/fft_tb.cpp_pre.cpp.tb.cpp std=c++11 
INFO-FLOW: exec C:/Xilinx/Vivado/2019.2/win64/tools/clang-3.9-csynth/bin/tidy-3.1 -header-filter=.* -checks=-*,xilinx-tb31-process -quiet -fix-errors E:/Vivado/FFT/FFT/solution1/./sim/autowrap/testbench/fft_tb.cpp_pre.cpp.tb.cpp -- -std=c++11 -fhls -ferror-limit=0
Command     tidy_31 done; 3.482 sec.
Execute     ap_part_info -name xc7vx485tffg1157-1 -data info 
INFO-FLOW: TB processing: E:/Vivado/teach-fpga/01-fft/vhls/fixed/fft.cpp E:/Vivado/FFT/FFT/solution1/./sim/autowrap/testbench/fft.cpp_pre.cpp
Execute     tidy_31 xilinx-tb-xfmat E:/Vivado/FFT/FFT/solution1/./sim/autowrap/testbench/fft.cpp_pre.cpp std=c++11 
INFO-FLOW: exec C:/Xilinx/Vivado/2019.2/win64/tools/clang-3.9-csynth/bin/tidy-3.1 -header-filter=.* -checks=-*,xilinx-tb-xfmat -quiet -fix-errors E:/Vivado/FFT/FFT/solution1/./sim/autowrap/testbench/fft.cpp_pre.cpp -- -std=c++11 -fhls -ferror-limit=0
Command     tidy_31 done; 2.144 sec.
Execute     tidy_31 xilinx-tb31-process E:/Vivado/FFT/FFT/solution1/./sim/autowrap/testbench/fft.cpp_pre.cpp.tb.cpp std=c++11 
INFO-FLOW: exec C:/Xilinx/Vivado/2019.2/win64/tools/clang-3.9-csynth/bin/tidy-3.1 -header-filter=.* -checks=-*,xilinx-tb31-process -quiet -fix-errors E:/Vivado/FFT/FFT/solution1/./sim/autowrap/testbench/fft.cpp_pre.cpp.tb.cpp -- -std=c++11 -fhls -ferror-limit=0
Command     tidy_31 done; 2.139 sec.
Execute     source E:/Vivado/FFT/FFT/solution1/.autopilot/db/global.setting.tcl 
Execute     source E:/Vivado/FFT/FFT/solution1/.autopilot/db/FFT.rtl_wrap.cfg.tcl 
Execute     source E:/Vivado/FFT/FFT/solution1/.autopilot/db/FFT.rtl_wrap.cfg.tcl 
Execute     source E:/Vivado/FFT/FFT/solution1/.autopilot/db/FFT.rtl_wrap.cfg.tcl 
Execute     source E:/Vivado/FFT/FFT/solution1/.autopilot/db/FFT.tbgen.tcl 
Execute     source E:/Vivado/FFT/FFT/solution1/.autopilot/db/FFT.tbgen.tcl 
Execute     ap_part_info -name xc7vx485tffg1157-1 -data info 
Execute     source .run_sim.tcl 
INFO: [COSIM 212-302] Starting C TB testing ... 
Command     ap_source done; 0.517 sec.
INFO: [COSIM 212-333] Generating C post check test bench ...
Execute     ap_part_info -name xc7vx485tffg1157-1 -data info 
INFO: [COSIM 212-12] Generating RTL test bench ...
Execute     source E:/Vivado/FFT/FFT/solution1/.autopilot/db/FFT.tbgen.tcl 
Execute     source E:/Vivado/FFT/FFT/solution1/.autopilot/db/FFT.tbgen.tcl 
Execute     source E:/Vivado/FFT/FFT/solution1/.autopilot/db/FFT.tbgen.tcl 
Execute     source E:/Vivado/FFT/FFT/solution1/.autopilot/db/FFT.tbgen.tcl 
Execute     source ../tv/cdatafile/ref.tcl 
Execute     source E:/Vivado/FFT/FFT/solution1/.autopilot/db/FFT.tbgen.tcl 
Execute     source E:/Vivado/FFT/FFT/solution1/.autopilot/db/FFT.tbgen.tcl 
Execute     source E:/Vivado/FFT/FFT/solution1/.autopilot/db/FFT.tbgen.tcl 
Execute     source E:/Vivado/FFT/FFT/solution1/.autopilot/db/FFT.tbgen.tcl 
Execute     source E:/Vivado/FFT/FFT/solution1/.autopilot/db/FFT.tbgen.tcl 
Execute     source E:/Vivado/FFT/FFT/solution1/.autopilot/db/FFT.tbgen.tcl 
Execute     source E:/Vivado/FFT/FFT/solution1/.autopilot/db/FFT.tbgen.tcl 
Execute     source E:/Vivado/FFT/FFT/solution1/.autopilot/db/FFT.tbgen.tcl 
Execute     source E:/Vivado/FFT/FFT/solution1/.autopilot/db/FFT.tbgen.tcl 
Execute     source E:/Vivado/FFT/FFT/solution1/.autopilot/db/FFT.tbgen.tcl 
Execute     source E:/Vivado/FFT/FFT/solution1/.autopilot/db/FFT.tbgen.tcl 
Execute     source E:/Vivado/FFT/FFT/solution1/.autopilot/db/FFT.tbgen.tcl 
Execute     source E:/Vivado/FFT/FFT/solution1/.autopilot/db/FFT.tbgen.tcl 
Execute     source E:/Vivado/FFT/FFT/solution1/.autopilot/db/FFT.tbgen.tcl 
Execute     source E:/Vivado/FFT/FFT/solution1/.autopilot/db/FFT.tbgen.tcl 
Execute     source E:/Vivado/FFT/FFT/solution1/.autopilot/db/FFT.tbgen.tcl 
Execute     source ../tv/cdatafile/ref.tcl 
Execute     source E:/Vivado/FFT/FFT/solution1/.autopilot/db/FFT.tbgen.tcl 
Execute     source E:/Vivado/FFT/FFT/solution1/.autopilot/db/FFT.tbgen.tcl 
Execute     source E:/Vivado/FFT/FFT/solution1/.autopilot/db/FFT.tbgen.tcl 
Execute     source E:/Vivado/FFT/FFT/solution1/.autopilot/db/FFT.tbgen.tcl 
Execute     source E:/Vivado/FFT/FFT/solution1/.autopilot/db/FFT.tbgen.tcl 
Execute     source E:/Vivado/FFT/FFT/solution1/.autopilot/db/FFT.tbgen.tcl 
Execute     source E:/Vivado/FFT/FFT/solution1/.autopilot/db/FFT.tbgen.tcl 
Execute     source E:/Vivado/FFT/FFT/solution1/.autopilot/db/FFT.tbgen.tcl 
Execute     source E:/Vivado/FFT/FFT/solution1/.autopilot/db/FFT.tbgen.tcl 
Execute     source E:/Vivado/FFT/FFT/solution1/.autopilot/db/FFT.tbgen.tcl 
Execute     source E:/Vivado/FFT/FFT/solution1/.autopilot/db/FFT.tbgen.tcl 
Execute     source E:/Vivado/FFT/FFT/solution1/.autopilot/db/FFT.tbgen.tcl 
INFO: [COSIM 212-1] *** C/RTL co-simulation file generation completed. ***
Execute     source .run_sim.tcl 
Execute       source check_sim.tcl 
Execute       source .sim.status.tcl 
INFO: [COSIM 212-323] Starting verilog simulation. 
INFO: [COSIM 212-15] Starting XSIM ...
INFO: [COSIM 212-316] Starting C post checking ...
Command     ap_source done; 47.316 sec.
INFO: [COSIM 212-1000] *** C/RTL co-simulation finished: PASS ***
Command   cosim_design done; 77.503 sec.
Command ap_source done; 78.398 sec.
Execute cleanup_all 
