

================================================================
== Vivado HLS Report for 'FFT'
================================================================
* Date:           Sun May 24 12:19:45 2020

* Version:        2019.2 (Build 2704478 on Wed Nov 06 22:10:23 MST 2019)
* Project:        FFT
* Solution:       solution1
* Product family: virtex7
* Target device:  xc7vx485t-ffg1157-1


================================================================
== Performance Estimates
================================================================
+ Timing: 
    * Summary: 
    +--------+----------+----------+------------+
    |  Clock |  Target  | Estimated| Uncertainty|
    +--------+----------+----------+------------+
    |ap_clk  | 10.00 ns | 8.604 ns |   1.25 ns  |
    +--------+----------+----------+------------+

+ Latency: 
    * Summary: 
    +---------+---------+----------+----------+-----+-----+---------+
    |  Latency (cycles) |  Latency (absolute) |  Interval | Pipeline|
    |   min   |   max   |    min   |    max   | min | max |   Type  |
    +---------+---------+----------+----------+-----+-----+---------+
    |      561|      561| 5.610 us | 5.610 us |  561|  561|   none  |
    +---------+---------+----------+----------+-----+-----+---------+

    + Detail: 
        * Instance: 
        N/A

        * Loop: 
        +----------------------+---------+---------+----------+-----------+-----------+------+----------+
        |                      |  Latency (cycles) | Iteration|  Initiation Interval  | Trip |          |
        |       Loop Name      |   min   |   max   |  Latency |  achieved |   target  | Count| Pipelined|
        +----------------------+---------+---------+----------+-----------+-----------+------+----------+
        |- Loop 1              |       32|       32|         1|          -|          -|    32|    no    |
        |- bitreversal_label1  |       96|       96|         3|          -|          -|    32|    no    |
        |- Loop 3              |       96|       96|         3|          -|          -|    32|    no    |
        +----------------------+---------+---------+----------+-----------+-----------+------+----------+

============================================================
+ Verbose Summary: Synthesis Manager
============================================================
InlineROM: 1
ExposeGlobal: 0
============================================================
+ Verbose Summary: CDFG Model
============================================================
IsTopModel: 1
ResetActiveHigh: 1
IsCombinational: 0
IsDatapathOnly: 0
HasWiredReturn: 1
HasMFsm: 0
HasVarLatency: 1
IsPipeline: 0
IsRtlPipelined: 0
IsInstanceOverlapped: 0
IsDontTouch: 0
HasImplIP: 0
IsGatedGlobalClock: 0


============================================================
+ Verbose Summary: Schedule
============================================================
* Number of FSM states : 17
* Pipeline : 0
* Dataflow Pipeline: 0

* FSM state transitions: 
1 --> 2 
2 --> 2 3 
3 --> 4 6 
4 --> 5 
5 --> 3 
6 --> 7 
7 --> 8 
8 --> 9 
9 --> 10 
10 --> 11 
11 --> 12 
12 --> 13 
13 --> 14 
14 --> 15 
15 --> 16 
16 --> 17 
17 --> 15 

* FSM state operations: 

State 1 <SV = 0> <Delay = 1.18>
ST_1 : Operation 18 [1/1] (0.00ns)   --->   "call void (...)* @_ssdm_op_SpecBitsMap(i32* %data_OUT), !map !90"   --->   Operation 18 'specbitsmap' <Predicate = true> <Delay = 0.00>
ST_1 : Operation 19 [1/1] (0.00ns)   --->   "call void (...)* @_ssdm_op_SpecBitsMap(i32* %data_IN), !map !99"   --->   Operation 19 'specbitsmap' <Predicate = true> <Delay = 0.00>
ST_1 : Operation 20 [1/1] (0.00ns)   --->   "call void (...)* @_ssdm_op_SpecTopModule([4 x i8]* @FFT_str) nounwind"   --->   Operation 20 'spectopmodule' <Predicate = true> <Delay = 0.00>
ST_1 : Operation 21 [1/1] (0.00ns)   --->   "call void (...)* @_ssdm_op_SpecInterface(i32* %data_OUT, [5 x i8]* @p_str3, i32 1, i32 1, [5 x i8]* @p_str4, i32 0, i32 0, [1 x i8]* @p_str2, [1 x i8]* @p_str2, [1 x i8]* @p_str2, i32 0, i32 0, i32 0, i32 0, [1 x i8]* @p_str2, [1 x i8]* @p_str2)" [../teach-fpga/01-fft/vhls/fixed/fft.cpp:47]   --->   Operation 21 'specinterface' <Predicate = true> <Delay = 0.00>
ST_1 : Operation 22 [1/1] (0.00ns)   --->   "call void (...)* @_ssdm_op_SpecInterface(i32* %data_IN, [5 x i8]* @p_str3, i32 1, i32 1, [5 x i8]* @p_str4, i32 0, i32 0, [1 x i8]* @p_str2, [1 x i8]* @p_str2, [1 x i8]* @p_str2, i32 0, i32 0, i32 0, i32 0, [1 x i8]* @p_str2, [1 x i8]* @p_str2)" [../teach-fpga/01-fft/vhls/fixed/fft.cpp:48]   --->   Operation 22 'specinterface' <Predicate = true> <Delay = 0.00>
ST_1 : Operation 23 [1/1] (1.18ns)   --->   "br label %0" [../teach-fpga/01-fft/vhls/fixed/fft.cpp:58]   --->   Operation 23 'br' <Predicate = true> <Delay = 1.18>

State 2 <SV = 1> <Delay = 1.42>
ST_2 : Operation 24 [1/1] (0.00ns)   --->   "%i_0 = phi i6 [ 0, %codeRepl ], [ %i, %1 ]"   --->   Operation 24 'phi' 'i_0' <Predicate = true> <Delay = 0.00>
ST_2 : Operation 25 [1/1] (1.12ns)   --->   "%icmp_ln58 = icmp eq i6 %i_0, -32" [../teach-fpga/01-fft/vhls/fixed/fft.cpp:58]   --->   Operation 25 'icmp' 'icmp_ln58' <Predicate = true> <Delay = 1.12> <Core = "Cmp">   --->   Core 25 'Cmp' <Latency = 0> <II = 1> <Delay = 1.12> <FuncUnit> <Opcode : 'icmp'> <InPorts = 2> <OutPorts = 1>
ST_2 : Operation 26 [1/1] (0.00ns)   --->   "%empty = call i32 (...)* @_ssdm_op_SpecLoopTripCount(i64 32, i64 32, i64 32)"   --->   Operation 26 'speclooptripcount' 'empty' <Predicate = true> <Delay = 0.00>
ST_2 : Operation 27 [1/1] (1.37ns)   --->   "%i = add i6 %i_0, 1" [../teach-fpga/01-fft/vhls/fixed/fft.cpp:58]   --->   Operation 27 'add' 'i' <Predicate = true> <Delay = 1.37> <Core = "AddSub">   --->   Core 14 'AddSub' <Latency = 0> <II = 1> <Delay = 1.37> <FuncUnit> <Opcode : 'add' 'sub'> <InPorts = 2> <OutPorts = 1>
ST_2 : Operation 28 [1/1] (0.00ns)   --->   "br i1 %icmp_ln58, label %.preheader.preheader, label %1" [../teach-fpga/01-fft/vhls/fixed/fft.cpp:58]   --->   Operation 28 'br' <Predicate = true> <Delay = 0.00>
ST_2 : Operation 29 [1/1] (0.00ns)   --->   "%zext_ln58 = zext i6 %i_0 to i64" [../teach-fpga/01-fft/vhls/fixed/fft.cpp:58]   --->   Operation 29 'zext' 'zext_ln58' <Predicate = (!icmp_ln58)> <Delay = 0.00>
ST_2 : Operation 30 [1/1] (0.00ns)   --->   "%data_IN_read = call i32 @_ssdm_op_Read.axis.volatile.i32P(i32* %data_IN)" [../teach-fpga/01-fft/vhls/fixed/fft.cpp:58]   --->   Operation 30 'read' 'data_IN_read' <Predicate = (!icmp_ln58)> <Delay = 0.00> <Core = "AXI4Stream">   --->   Core 5 'AXI4Stream' <Latency = 0> <II = 1> <Delay = 1.00> <Adapter> <Opcode : >
ST_2 : Operation 31 [1/1] (0.00ns)   --->   "%trunc_ln203 = trunc i32 %data_IN_read to i16" [../teach-fpga/01-fft/vhls/fixed/fft.cpp:58]   --->   Operation 31 'trunc' 'trunc_ln203' <Predicate = (!icmp_ln58)> <Delay = 0.00>
ST_2 : Operation 32 [1/1] (0.00ns)   --->   "%xin_M_real_V_addr = getelementptr [32 x i16]* @xin_M_real_V, i64 0, i64 %zext_ln58" [../teach-fpga/01-fft/vhls/fixed/fft.cpp:58]   --->   Operation 32 'getelementptr' 'xin_M_real_V_addr' <Predicate = (!icmp_ln58)> <Delay = 0.00>
ST_2 : Operation 33 [1/1] (1.42ns)   --->   "store i16 %trunc_ln203, i16* %xin_M_real_V_addr, align 4" [../teach-fpga/01-fft/vhls/fixed/fft.cpp:58]   --->   Operation 33 'store' <Predicate = (!icmp_ln58)> <Delay = 1.42> <Core = "RAM">   --->   Core 37 'RAM' <Latency = 1> <II = 1> <Delay = 1.42> <Storage> <Opcode : 'load' 'store'> <Ports = 2> <Width = 16> <Depth = 32> <RAM>
ST_2 : Operation 34 [1/1] (0.00ns)   --->   "%data_IN_M_imag_V_lo = call i16 @_ssdm_op_PartSelect.i16.i32.i32.i32(i32 %data_IN_read, i32 16, i32 31)" [../teach-fpga/01-fft/vhls/fixed/fft.cpp:58]   --->   Operation 34 'partselect' 'data_IN_M_imag_V_lo' <Predicate = (!icmp_ln58)> <Delay = 0.00>
ST_2 : Operation 35 [1/1] (0.00ns)   --->   "%xin_M_imag_V_addr = getelementptr [32 x i16]* @xin_M_imag_V, i64 0, i64 %zext_ln58" [../teach-fpga/01-fft/vhls/fixed/fft.cpp:58]   --->   Operation 35 'getelementptr' 'xin_M_imag_V_addr' <Predicate = (!icmp_ln58)> <Delay = 0.00>
ST_2 : Operation 36 [1/1] (1.42ns)   --->   "store i16 %data_IN_M_imag_V_lo, i16* %xin_M_imag_V_addr, align 2" [../teach-fpga/01-fft/vhls/fixed/fft.cpp:58]   --->   Operation 36 'store' <Predicate = (!icmp_ln58)> <Delay = 1.42> <Core = "RAM">   --->   Core 37 'RAM' <Latency = 1> <II = 1> <Delay = 1.42> <Storage> <Opcode : 'load' 'store'> <Ports = 2> <Width = 16> <Depth = 32> <RAM>
ST_2 : Operation 37 [1/1] (0.00ns)   --->   "br label %0" [../teach-fpga/01-fft/vhls/fixed/fft.cpp:58]   --->   Operation 37 'br' <Predicate = (!icmp_ln58)> <Delay = 0.00>
ST_2 : Operation 38 [1/1] (1.18ns)   --->   "br label %.preheader" [../teach-fpga/01-fft/vhls/fixed/fft.cpp:17->../teach-fpga/01-fft/vhls/fixed/fft.cpp:60]   --->   Operation 38 'br' <Predicate = (icmp_ln58)> <Delay = 1.18>

State 3 <SV = 2> <Delay = 2.72>
ST_3 : Operation 39 [1/1] (0.00ns)   --->   "%i_0_i = phi i6 [ %i_1, %2 ], [ 0, %.preheader.preheader ]"   --->   Operation 39 'phi' 'i_0_i' <Predicate = true> <Delay = 0.00>
ST_3 : Operation 40 [1/1] (1.12ns)   --->   "%icmp_ln17 = icmp eq i6 %i_0_i, -32" [../teach-fpga/01-fft/vhls/fixed/fft.cpp:17->../teach-fpga/01-fft/vhls/fixed/fft.cpp:60]   --->   Operation 40 'icmp' 'icmp_ln17' <Predicate = true> <Delay = 1.12> <Core = "Cmp">   --->   Core 25 'Cmp' <Latency = 0> <II = 1> <Delay = 1.12> <FuncUnit> <Opcode : 'icmp'> <InPorts = 2> <OutPorts = 1>
ST_3 : Operation 41 [1/1] (0.00ns)   --->   "%empty_11 = call i32 (...)* @_ssdm_op_SpecLoopTripCount(i64 32, i64 32, i64 32)"   --->   Operation 41 'speclooptripcount' 'empty_11' <Predicate = true> <Delay = 0.00>
ST_3 : Operation 42 [1/1] (1.37ns)   --->   "%i_1 = add i6 %i_0_i, 1" [../teach-fpga/01-fft/vhls/fixed/fft.cpp:17->../teach-fpga/01-fft/vhls/fixed/fft.cpp:60]   --->   Operation 42 'add' 'i_1' <Predicate = true> <Delay = 1.37> <Core = "AddSub">   --->   Core 14 'AddSub' <Latency = 0> <II = 1> <Delay = 1.37> <FuncUnit> <Opcode : 'add' 'sub'> <InPorts = 2> <OutPorts = 1>
ST_3 : Operation 43 [1/1] (0.00ns)   --->   "br i1 %icmp_ln17, label %bitreverse.exit, label %2" [../teach-fpga/01-fft/vhls/fixed/fft.cpp:17->../teach-fpga/01-fft/vhls/fixed/fft.cpp:60]   --->   Operation 43 'br' <Predicate = true> <Delay = 0.00>
ST_3 : Operation 44 [1/1] (0.00ns)   --->   "%zext_ln18 = zext i6 %i_0_i to i64" [../teach-fpga/01-fft/vhls/fixed/fft.cpp:18->../teach-fpga/01-fft/vhls/fixed/fft.cpp:60]   --->   Operation 44 'zext' 'zext_ln18' <Predicate = (!icmp_ln17)> <Delay = 0.00>
ST_3 : Operation 45 [1/1] (0.00ns)   --->   "%rev_32_addr = getelementptr [32 x i5]* @rev_32, i64 0, i64 %zext_ln18" [../teach-fpga/01-fft/vhls/fixed/fft.cpp:18->../teach-fpga/01-fft/vhls/fixed/fft.cpp:60]   --->   Operation 45 'getelementptr' 'rev_32_addr' <Predicate = (!icmp_ln17)> <Delay = 0.00>
ST_3 : Operation 46 [2/2] (2.66ns)   --->   "%index = load i5* %rev_32_addr, align 1" [../teach-fpga/01-fft/vhls/fixed/fft.cpp:18->../teach-fpga/01-fft/vhls/fixed/fft.cpp:60]   --->   Operation 46 'load' 'index' <Predicate = (!icmp_ln17)> <Delay = 2.66> <Core = "ROM_nP">   --->   Core 52 'ROM_nP' <Latency = 1> <II = 1> <Delay = 2.66> <Storage> <Opcode : 'load'> <Ports = 0> <Width = 5> <Depth = 32> <ROM>
ST_3 : Operation 47 [2/2] (2.72ns)   --->   "call fastcc void @FFT0(i6 1, i6 16, i4 4, i4 1, [32 x i16]* @data_OUT0_M_real_V, [32 x i16]* @data_OUT0_M_imag_V, [32 x i16]* @data_OUT1_M_real_V, [32 x i16]* @data_OUT1_M_imag_V)" [../teach-fpga/01-fft/vhls/fixed/fft.cpp:62]   --->   Operation 47 'call' <Predicate = (icmp_ln17)> <Delay = 2.72> <CoreType = "Generic">   --->   Core 0 '' <Latency = 0> <II = 1> <Delay = 1.00> <Generic> <Opcode : >

State 4 <SV = 3> <Delay = 4.08>
ST_4 : Operation 48 [1/2] (2.66ns)   --->   "%index = load i5* %rev_32_addr, align 1" [../teach-fpga/01-fft/vhls/fixed/fft.cpp:18->../teach-fpga/01-fft/vhls/fixed/fft.cpp:60]   --->   Operation 48 'load' 'index' <Predicate = true> <Delay = 2.66> <Core = "ROM_nP">   --->   Core 52 'ROM_nP' <Latency = 1> <II = 1> <Delay = 2.66> <Storage> <Opcode : 'load'> <Ports = 0> <Width = 5> <Depth = 32> <ROM>
ST_4 : Operation 49 [1/1] (0.00ns)   --->   "%zext_ln19 = zext i5 %index to i64" [../teach-fpga/01-fft/vhls/fixed/fft.cpp:19->../teach-fpga/01-fft/vhls/fixed/fft.cpp:60]   --->   Operation 49 'zext' 'zext_ln19' <Predicate = true> <Delay = 0.00>
ST_4 : Operation 50 [1/1] (0.00ns)   --->   "%xin_M_real_V_addr_1 = getelementptr [32 x i16]* @xin_M_real_V, i64 0, i64 %zext_ln19" [../teach-fpga/01-fft/vhls/fixed/fft.cpp:19->../teach-fpga/01-fft/vhls/fixed/fft.cpp:60]   --->   Operation 50 'getelementptr' 'xin_M_real_V_addr_1' <Predicate = true> <Delay = 0.00>
ST_4 : Operation 51 [2/2] (1.42ns)   --->   "%xin_M_real_V_load = load i16* %xin_M_real_V_addr_1, align 2" [../teach-fpga/01-fft/vhls/fixed/fft.cpp:19->../teach-fpga/01-fft/vhls/fixed/fft.cpp:60]   --->   Operation 51 'load' 'xin_M_real_V_load' <Predicate = true> <Delay = 1.42> <Core = "RAM">   --->   Core 37 'RAM' <Latency = 1> <II = 1> <Delay = 1.42> <Storage> <Opcode : 'load' 'store'> <Ports = 2> <Width = 16> <Depth = 32> <RAM>
ST_4 : Operation 52 [1/1] (0.00ns)   --->   "%xin_M_imag_V_addr_1 = getelementptr [32 x i16]* @xin_M_imag_V, i64 0, i64 %zext_ln19" [../teach-fpga/01-fft/vhls/fixed/fft.cpp:19->../teach-fpga/01-fft/vhls/fixed/fft.cpp:60]   --->   Operation 52 'getelementptr' 'xin_M_imag_V_addr_1' <Predicate = true> <Delay = 0.00>
ST_4 : Operation 53 [2/2] (1.42ns)   --->   "%xin_M_imag_V_load = load i16* %xin_M_imag_V_addr_1, align 2" [../teach-fpga/01-fft/vhls/fixed/fft.cpp:19->../teach-fpga/01-fft/vhls/fixed/fft.cpp:60]   --->   Operation 53 'load' 'xin_M_imag_V_load' <Predicate = true> <Delay = 1.42> <Core = "RAM">   --->   Core 37 'RAM' <Latency = 1> <II = 1> <Delay = 1.42> <Storage> <Opcode : 'load' 'store'> <Ports = 2> <Width = 16> <Depth = 32> <RAM>

State 5 <SV = 4> <Delay = 2.85>
ST_5 : Operation 54 [1/1] (0.00ns)   --->   "call void (...)* @_ssdm_op_SpecLoopName([19 x i8]* @p_str) nounwind" [../teach-fpga/01-fft/vhls/fixed/fft.cpp:17->../teach-fpga/01-fft/vhls/fixed/fft.cpp:60]   --->   Operation 54 'specloopname' <Predicate = true> <Delay = 0.00>
ST_5 : Operation 55 [1/2] (1.42ns)   --->   "%xin_M_real_V_load = load i16* %xin_M_real_V_addr_1, align 2" [../teach-fpga/01-fft/vhls/fixed/fft.cpp:19->../teach-fpga/01-fft/vhls/fixed/fft.cpp:60]   --->   Operation 55 'load' 'xin_M_real_V_load' <Predicate = true> <Delay = 1.42> <Core = "RAM">   --->   Core 37 'RAM' <Latency = 1> <II = 1> <Delay = 1.42> <Storage> <Opcode : 'load' 'store'> <Ports = 2> <Width = 16> <Depth = 32> <RAM>
ST_5 : Operation 56 [1/1] (0.00ns)   --->   "%data_OUT0_M_real_V_s = getelementptr [32 x i16]* @data_OUT0_M_real_V, i64 0, i64 %zext_ln18" [../teach-fpga/01-fft/vhls/fixed/fft.cpp:19->../teach-fpga/01-fft/vhls/fixed/fft.cpp:60]   --->   Operation 56 'getelementptr' 'data_OUT0_M_real_V_s' <Predicate = true> <Delay = 0.00>
ST_5 : Operation 57 [1/1] (1.42ns)   --->   "store i16 %xin_M_real_V_load, i16* %data_OUT0_M_real_V_s, align 2" [../teach-fpga/01-fft/vhls/fixed/fft.cpp:19->../teach-fpga/01-fft/vhls/fixed/fft.cpp:60]   --->   Operation 57 'store' <Predicate = true> <Delay = 1.42> <Core = "RAM">   --->   Core 37 'RAM' <Latency = 1> <II = 1> <Delay = 1.42> <Storage> <Opcode : 'load' 'store'> <Ports = 2> <Width = 16> <Depth = 32> <RAM>
ST_5 : Operation 58 [1/2] (1.42ns)   --->   "%xin_M_imag_V_load = load i16* %xin_M_imag_V_addr_1, align 2" [../teach-fpga/01-fft/vhls/fixed/fft.cpp:19->../teach-fpga/01-fft/vhls/fixed/fft.cpp:60]   --->   Operation 58 'load' 'xin_M_imag_V_load' <Predicate = true> <Delay = 1.42> <Core = "RAM">   --->   Core 37 'RAM' <Latency = 1> <II = 1> <Delay = 1.42> <Storage> <Opcode : 'load' 'store'> <Ports = 2> <Width = 16> <Depth = 32> <RAM>
ST_5 : Operation 59 [1/1] (0.00ns)   --->   "%data_OUT0_M_imag_V_s = getelementptr [32 x i16]* @data_OUT0_M_imag_V, i64 0, i64 %zext_ln18" [../teach-fpga/01-fft/vhls/fixed/fft.cpp:19->../teach-fpga/01-fft/vhls/fixed/fft.cpp:60]   --->   Operation 59 'getelementptr' 'data_OUT0_M_imag_V_s' <Predicate = true> <Delay = 0.00>
ST_5 : Operation 60 [1/1] (1.42ns)   --->   "store i16 %xin_M_imag_V_load, i16* %data_OUT0_M_imag_V_s, align 2" [../teach-fpga/01-fft/vhls/fixed/fft.cpp:19->../teach-fpga/01-fft/vhls/fixed/fft.cpp:60]   --->   Operation 60 'store' <Predicate = true> <Delay = 1.42> <Core = "RAM">   --->   Core 37 'RAM' <Latency = 1> <II = 1> <Delay = 1.42> <Storage> <Opcode : 'load' 'store'> <Ports = 2> <Width = 16> <Depth = 32> <RAM>
ST_5 : Operation 61 [1/1] (0.00ns)   --->   "br label %.preheader" [../teach-fpga/01-fft/vhls/fixed/fft.cpp:17->../teach-fpga/01-fft/vhls/fixed/fft.cpp:60]   --->   Operation 61 'br' <Predicate = true> <Delay = 0.00>

State 6 <SV = 3> <Delay = 0.00>
ST_6 : Operation 62 [1/2] (0.00ns)   --->   "call fastcc void @FFT0(i6 1, i6 16, i4 4, i4 1, [32 x i16]* @data_OUT0_M_real_V, [32 x i16]* @data_OUT0_M_imag_V, [32 x i16]* @data_OUT1_M_real_V, [32 x i16]* @data_OUT1_M_imag_V)" [../teach-fpga/01-fft/vhls/fixed/fft.cpp:62]   --->   Operation 62 'call' <Predicate = true> <Delay = 0.00> <CoreType = "Generic">   --->   Core 0 '' <Latency = 0> <II = 1> <Delay = 1.00> <Generic> <Opcode : >

State 7 <SV = 4> <Delay = 2.72>
ST_7 : Operation 63 [2/2] (2.72ns)   --->   "call fastcc void @FFT0(i6 2, i6 8, i4 3, i4 2, [32 x i16]* @data_OUT1_M_real_V, [32 x i16]* @data_OUT1_M_imag_V, [32 x i16]* @data_OUT2_M_real_V, [32 x i16]* @data_OUT2_M_imag_V)" [../teach-fpga/01-fft/vhls/fixed/fft.cpp:63]   --->   Operation 63 'call' <Predicate = true> <Delay = 2.72> <CoreType = "Generic">   --->   Core 0 '' <Latency = 0> <II = 1> <Delay = 1.00> <Generic> <Opcode : >

State 8 <SV = 5> <Delay = 0.00>
ST_8 : Operation 64 [1/2] (0.00ns)   --->   "call fastcc void @FFT0(i6 2, i6 8, i4 3, i4 2, [32 x i16]* @data_OUT1_M_real_V, [32 x i16]* @data_OUT1_M_imag_V, [32 x i16]* @data_OUT2_M_real_V, [32 x i16]* @data_OUT2_M_imag_V)" [../teach-fpga/01-fft/vhls/fixed/fft.cpp:63]   --->   Operation 64 'call' <Predicate = true> <Delay = 0.00> <CoreType = "Generic">   --->   Core 0 '' <Latency = 0> <II = 1> <Delay = 1.00> <Generic> <Opcode : >

State 9 <SV = 6> <Delay = 2.72>
ST_9 : Operation 65 [2/2] (2.72ns)   --->   "call fastcc void @FFT0(i6 4, i6 4, i4 2, i4 3, [32 x i16]* @data_OUT2_M_real_V, [32 x i16]* @data_OUT2_M_imag_V, [32 x i16]* @data_OUT3_M_real_V, [32 x i16]* @data_OUT3_M_imag_V)" [../teach-fpga/01-fft/vhls/fixed/fft.cpp:64]   --->   Operation 65 'call' <Predicate = true> <Delay = 2.72> <CoreType = "Generic">   --->   Core 0 '' <Latency = 0> <II = 1> <Delay = 1.00> <Generic> <Opcode : >

State 10 <SV = 7> <Delay = 0.00>
ST_10 : Operation 66 [1/2] (0.00ns)   --->   "call fastcc void @FFT0(i6 4, i6 4, i4 2, i4 3, [32 x i16]* @data_OUT2_M_real_V, [32 x i16]* @data_OUT2_M_imag_V, [32 x i16]* @data_OUT3_M_real_V, [32 x i16]* @data_OUT3_M_imag_V)" [../teach-fpga/01-fft/vhls/fixed/fft.cpp:64]   --->   Operation 66 'call' <Predicate = true> <Delay = 0.00> <CoreType = "Generic">   --->   Core 0 '' <Latency = 0> <II = 1> <Delay = 1.00> <Generic> <Opcode : >

State 11 <SV = 8> <Delay = 2.72>
ST_11 : Operation 67 [2/2] (2.72ns)   --->   "call fastcc void @FFT0(i6 8, i6 2, i4 1, i4 4, [32 x i16]* @data_OUT3_M_real_V, [32 x i16]* @data_OUT3_M_imag_V, [32 x i16]* @data_OUT4_M_real_V, [32 x i16]* @data_OUT4_M_imag_V)" [../teach-fpga/01-fft/vhls/fixed/fft.cpp:65]   --->   Operation 67 'call' <Predicate = true> <Delay = 2.72> <CoreType = "Generic">   --->   Core 0 '' <Latency = 0> <II = 1> <Delay = 1.00> <Generic> <Opcode : >

State 12 <SV = 9> <Delay = 0.00>
ST_12 : Operation 68 [1/2] (0.00ns)   --->   "call fastcc void @FFT0(i6 8, i6 2, i4 1, i4 4, [32 x i16]* @data_OUT3_M_real_V, [32 x i16]* @data_OUT3_M_imag_V, [32 x i16]* @data_OUT4_M_real_V, [32 x i16]* @data_OUT4_M_imag_V)" [../teach-fpga/01-fft/vhls/fixed/fft.cpp:65]   --->   Operation 68 'call' <Predicate = true> <Delay = 0.00> <CoreType = "Generic">   --->   Core 0 '' <Latency = 0> <II = 1> <Delay = 1.00> <Generic> <Opcode : >

State 13 <SV = 10> <Delay = 2.72>
ST_13 : Operation 69 [2/2] (2.72ns)   --->   "call fastcc void @FFT0(i6 16, i6 1, i4 0, i4 5, [32 x i16]* @data_OUT4_M_real_V, [32 x i16]* @data_OUT4_M_imag_V, [32 x i16]* @xout_M_real_V, [32 x i16]* @xout_M_imag_V)" [../teach-fpga/01-fft/vhls/fixed/fft.cpp:66]   --->   Operation 69 'call' <Predicate = true> <Delay = 2.72> <CoreType = "Generic">   --->   Core 0 '' <Latency = 0> <II = 1> <Delay = 1.00> <Generic> <Opcode : >

State 14 <SV = 11> <Delay = 1.18>
ST_14 : Operation 70 [1/2] (0.00ns)   --->   "call fastcc void @FFT0(i6 16, i6 1, i4 0, i4 5, [32 x i16]* @data_OUT4_M_real_V, [32 x i16]* @data_OUT4_M_imag_V, [32 x i16]* @xout_M_real_V, [32 x i16]* @xout_M_imag_V)" [../teach-fpga/01-fft/vhls/fixed/fft.cpp:66]   --->   Operation 70 'call' <Predicate = true> <Delay = 0.00> <CoreType = "Generic">   --->   Core 0 '' <Latency = 0> <II = 1> <Delay = 1.00> <Generic> <Opcode : >
ST_14 : Operation 71 [1/1] (1.18ns)   --->   "br label %3" [../teach-fpga/01-fft/vhls/fixed/fft.cpp:68]   --->   Operation 71 'br' <Predicate = true> <Delay = 1.18>

State 15 <SV = 12> <Delay = 1.42>
ST_15 : Operation 72 [1/1] (0.00ns)   --->   "%i1_0 = phi i6 [ 0, %bitreverse.exit ], [ %i_2, %4 ]"   --->   Operation 72 'phi' 'i1_0' <Predicate = true> <Delay = 0.00>
ST_15 : Operation 73 [1/1] (1.12ns)   --->   "%icmp_ln68 = icmp eq i6 %i1_0, -32" [../teach-fpga/01-fft/vhls/fixed/fft.cpp:68]   --->   Operation 73 'icmp' 'icmp_ln68' <Predicate = true> <Delay = 1.12> <Core = "Cmp">   --->   Core 25 'Cmp' <Latency = 0> <II = 1> <Delay = 1.12> <FuncUnit> <Opcode : 'icmp'> <InPorts = 2> <OutPorts = 1>
ST_15 : Operation 74 [1/1] (0.00ns)   --->   "%empty_12 = call i32 (...)* @_ssdm_op_SpecLoopTripCount(i64 32, i64 32, i64 32)"   --->   Operation 74 'speclooptripcount' 'empty_12' <Predicate = true> <Delay = 0.00>
ST_15 : Operation 75 [1/1] (1.37ns)   --->   "%i_2 = add i6 %i1_0, 1" [../teach-fpga/01-fft/vhls/fixed/fft.cpp:68]   --->   Operation 75 'add' 'i_2' <Predicate = true> <Delay = 1.37> <Core = "AddSub">   --->   Core 14 'AddSub' <Latency = 0> <II = 1> <Delay = 1.37> <FuncUnit> <Opcode : 'add' 'sub'> <InPorts = 2> <OutPorts = 1>
ST_15 : Operation 76 [1/1] (0.00ns)   --->   "br i1 %icmp_ln68, label %5, label %4" [../teach-fpga/01-fft/vhls/fixed/fft.cpp:68]   --->   Operation 76 'br' <Predicate = true> <Delay = 0.00>
ST_15 : Operation 77 [1/1] (0.00ns)   --->   "%zext_ln68 = zext i6 %i1_0 to i64" [../teach-fpga/01-fft/vhls/fixed/fft.cpp:68]   --->   Operation 77 'zext' 'zext_ln68' <Predicate = (!icmp_ln68)> <Delay = 0.00>
ST_15 : Operation 78 [1/1] (0.00ns)   --->   "%xout_M_real_V_addr = getelementptr [32 x i16]* @xout_M_real_V, i64 0, i64 %zext_ln68" [../teach-fpga/01-fft/vhls/fixed/fft.cpp:68]   --->   Operation 78 'getelementptr' 'xout_M_real_V_addr' <Predicate = (!icmp_ln68)> <Delay = 0.00>
ST_15 : Operation 79 [2/2] (1.42ns)   --->   "%xout_M_real_V_load = load i16* %xout_M_real_V_addr, align 4" [../teach-fpga/01-fft/vhls/fixed/fft.cpp:68]   --->   Operation 79 'load' 'xout_M_real_V_load' <Predicate = (!icmp_ln68)> <Delay = 1.42> <Core = "RAM">   --->   Core 37 'RAM' <Latency = 1> <II = 1> <Delay = 1.42> <Storage> <Opcode : 'load' 'store'> <Ports = 2> <Width = 16> <Depth = 32> <RAM>
ST_15 : Operation 80 [1/1] (0.00ns)   --->   "%xout_M_imag_V_addr = getelementptr [32 x i16]* @xout_M_imag_V, i64 0, i64 %zext_ln68" [../teach-fpga/01-fft/vhls/fixed/fft.cpp:68]   --->   Operation 80 'getelementptr' 'xout_M_imag_V_addr' <Predicate = (!icmp_ln68)> <Delay = 0.00>
ST_15 : Operation 81 [2/2] (1.42ns)   --->   "%xout_M_imag_V_load = load i16* %xout_M_imag_V_addr, align 2" [../teach-fpga/01-fft/vhls/fixed/fft.cpp:68]   --->   Operation 81 'load' 'xout_M_imag_V_load' <Predicate = (!icmp_ln68)> <Delay = 1.42> <Core = "RAM">   --->   Core 37 'RAM' <Latency = 1> <II = 1> <Delay = 1.42> <Storage> <Opcode : 'load' 'store'> <Ports = 2> <Width = 16> <Depth = 32> <RAM>
ST_15 : Operation 82 [1/1] (0.00ns)   --->   "ret void" [../teach-fpga/01-fft/vhls/fixed/fft.cpp:69]   --->   Operation 82 'ret' <Predicate = (icmp_ln68)> <Delay = 0.00>

State 16 <SV = 13> <Delay = 1.42>
ST_16 : Operation 83 [1/2] (1.42ns)   --->   "%xout_M_real_V_load = load i16* %xout_M_real_V_addr, align 4" [../teach-fpga/01-fft/vhls/fixed/fft.cpp:68]   --->   Operation 83 'load' 'xout_M_real_V_load' <Predicate = true> <Delay = 1.42> <Core = "RAM">   --->   Core 37 'RAM' <Latency = 1> <II = 1> <Delay = 1.42> <Storage> <Opcode : 'load' 'store'> <Ports = 2> <Width = 16> <Depth = 32> <RAM>
ST_16 : Operation 84 [1/2] (1.42ns)   --->   "%xout_M_imag_V_load = load i16* %xout_M_imag_V_addr, align 2" [../teach-fpga/01-fft/vhls/fixed/fft.cpp:68]   --->   Operation 84 'load' 'xout_M_imag_V_load' <Predicate = true> <Delay = 1.42> <Core = "RAM">   --->   Core 37 'RAM' <Latency = 1> <II = 1> <Delay = 1.42> <Storage> <Opcode : 'load' 'store'> <Ports = 2> <Width = 16> <Depth = 32> <RAM>
ST_16 : Operation 85 [1/1] (0.00ns)   --->   "%data_OUT_M_imag_V_a = call i32 @_ssdm_op_BitConcatenate.i32.i16.i16(i16 %xout_M_imag_V_load, i16 %xout_M_real_V_load)" [../teach-fpga/01-fft/vhls/fixed/fft.cpp:68]   --->   Operation 85 'bitconcatenate' 'data_OUT_M_imag_V_a' <Predicate = true> <Delay = 0.00>
ST_16 : Operation 86 [2/2] (0.00ns)   --->   "call void @_ssdm_op_Write.axis.volatile.i32P(i32* %data_OUT, i32 %data_OUT_M_imag_V_a)" [../teach-fpga/01-fft/vhls/fixed/fft.cpp:68]   --->   Operation 86 'write' <Predicate = true> <Delay = 0.00> <Core = "AXI4Stream">   --->   Core 5 'AXI4Stream' <Latency = 0> <II = 1> <Delay = 1.00> <Adapter> <Opcode : >

State 17 <SV = 14> <Delay = 0.00>
ST_17 : Operation 87 [1/2] (0.00ns)   --->   "call void @_ssdm_op_Write.axis.volatile.i32P(i32* %data_OUT, i32 %data_OUT_M_imag_V_a)" [../teach-fpga/01-fft/vhls/fixed/fft.cpp:68]   --->   Operation 87 'write' <Predicate = true> <Delay = 0.00> <Core = "AXI4Stream">   --->   Core 5 'AXI4Stream' <Latency = 0> <II = 1> <Delay = 1.00> <Adapter> <Opcode : >
ST_17 : Operation 88 [1/1] (0.00ns)   --->   "br label %3" [../teach-fpga/01-fft/vhls/fixed/fft.cpp:68]   --->   Operation 88 'br' <Predicate = true> <Delay = 0.00>


============================================================
+ Verbose Summary: Timing violations
============================================================
Target clock period: 10ns, clock uncertainty: 1.25ns.

 <State 1>: 1.18ns
The critical path consists of the following:
	multiplexor before 'phi' operation ('i') with incoming values : ('i', ../teach-fpga/01-fft/vhls/fixed/fft.cpp:58) [31]  (1.18 ns)

 <State 2>: 1.43ns
The critical path consists of the following:
	'phi' operation ('i') with incoming values : ('i', ../teach-fpga/01-fft/vhls/fixed/fft.cpp:58) [31]  (0 ns)
	'getelementptr' operation ('xin_M_real_V_addr', ../teach-fpga/01-fft/vhls/fixed/fft.cpp:58) [40]  (0 ns)
	'store' operation ('store_ln58', ../teach-fpga/01-fft/vhls/fixed/fft.cpp:58) of variable 'trunc_ln203', ../teach-fpga/01-fft/vhls/fixed/fft.cpp:58 on array 'xin_M_real_V' [41]  (1.43 ns)

 <State 3>: 2.72ns
The critical path consists of the following:
	'call' operation ('call_ln62', ../teach-fpga/01-fft/vhls/fixed/fft.cpp:62) to 'FFT0' [70]  (2.72 ns)

 <State 4>: 4.09ns
The critical path consists of the following:
	'load' operation ('index', ../teach-fpga/01-fft/vhls/fixed/fft.cpp:18->../teach-fpga/01-fft/vhls/fixed/fft.cpp:60) on array 'rev_32' [58]  (2.66 ns)
	'getelementptr' operation ('xin_M_real_V_addr_1', ../teach-fpga/01-fft/vhls/fixed/fft.cpp:19->../teach-fpga/01-fft/vhls/fixed/fft.cpp:60) [60]  (0 ns)
	'load' operation ('xin_M_real_V_load', ../teach-fpga/01-fft/vhls/fixed/fft.cpp:19->../teach-fpga/01-fft/vhls/fixed/fft.cpp:60) on array 'xin_M_real_V' [61]  (1.43 ns)

 <State 5>: 2.85ns
The critical path consists of the following:
	'load' operation ('xin_M_real_V_load', ../teach-fpga/01-fft/vhls/fixed/fft.cpp:19->../teach-fpga/01-fft/vhls/fixed/fft.cpp:60) on array 'xin_M_real_V' [61]  (1.43 ns)
	'store' operation ('store_ln19', ../teach-fpga/01-fft/vhls/fixed/fft.cpp:19->../teach-fpga/01-fft/vhls/fixed/fft.cpp:60) of variable 'xin_M_real_V_load', ../teach-fpga/01-fft/vhls/fixed/fft.cpp:19->../teach-fpga/01-fft/vhls/fixed/fft.cpp:60 on array 'data_OUT0_M_real_V' [63]  (1.43 ns)

 <State 6>: 0ns
The critical path consists of the following:

 <State 7>: 2.72ns
The critical path consists of the following:
	'call' operation ('call_ln63', ../teach-fpga/01-fft/vhls/fixed/fft.cpp:63) to 'FFT0' [71]  (2.72 ns)

 <State 8>: 0ns
The critical path consists of the following:

 <State 9>: 2.72ns
The critical path consists of the following:
	'call' operation ('call_ln64', ../teach-fpga/01-fft/vhls/fixed/fft.cpp:64) to 'FFT0' [72]  (2.72 ns)

 <State 10>: 0ns
The critical path consists of the following:

 <State 11>: 2.72ns
The critical path consists of the following:
	'call' operation ('call_ln65', ../teach-fpga/01-fft/vhls/fixed/fft.cpp:65) to 'FFT0' [73]  (2.72 ns)

 <State 12>: 0ns
The critical path consists of the following:

 <State 13>: 2.72ns
The critical path consists of the following:
	'call' operation ('call_ln66', ../teach-fpga/01-fft/vhls/fixed/fft.cpp:66) to 'FFT0' [74]  (2.72 ns)

 <State 14>: 1.18ns
The critical path consists of the following:
	multiplexor before 'phi' operation ('i') with incoming values : ('i', ../teach-fpga/01-fft/vhls/fixed/fft.cpp:68) [77]  (1.18 ns)

 <State 15>: 1.43ns
The critical path consists of the following:
	'phi' operation ('i') with incoming values : ('i', ../teach-fpga/01-fft/vhls/fixed/fft.cpp:68) [77]  (0 ns)
	'getelementptr' operation ('xout_M_real_V_addr', ../teach-fpga/01-fft/vhls/fixed/fft.cpp:68) [84]  (0 ns)
	'load' operation ('xout_M_real_V_load', ../teach-fpga/01-fft/vhls/fixed/fft.cpp:68) on array 'xout_M_real_V' [85]  (1.43 ns)

 <State 16>: 1.43ns
The critical path consists of the following:
	'load' operation ('xout_M_real_V_load', ../teach-fpga/01-fft/vhls/fixed/fft.cpp:68) on array 'xout_M_real_V' [85]  (1.43 ns)

 <State 17>: 0ns
The critical path consists of the following:


============================================================
+ Verbose Summary: Binding
============================================================
N/A
* FSMD analyzer results:
  - Output states:
 - Input state : 
  - Chain level:
	State 1
	State 2
	State 3
	State 4
	State 5
	State 6
	State 7
	State 8
	State 9
	State 10
	State 11
	State 12
	State 13
	State 14
	State 15
	State 16
	State 17


============================================================
+ Verbose Summary: Datapath Resource usage 
============================================================
N/A
