

================================================================
== Vivado HLS Report for 'array_FIFO'
================================================================
* Date:           Fri May  1 09:06:38 2020

* Version:        2019.2 (Build 2704478 on Wed Nov 06 22:10:23 MST 2019)
* Project:        proj_array_FIFO
* Solution:       solution1
* Product family: kintex7
* Target device:  xc7k160t-fbg484-1


================================================================
== Performance Estimates
================================================================
+ Timing: 
    * Summary: 
    +--------+---------+----------+------------+
    |  Clock |  Target | Estimated| Uncertainty|
    +--------+---------+----------+------------+
    |ap_clk  | 4.00 ns | 3.500 ns |   0.50 ns  |
    +--------+---------+----------+------------+

+ Latency: 
    * Summary: 
    +---------+---------+-----------+-----------+-----+-----+---------+
    |  Latency (cycles) |   Latency (absolute)  |  Interval | Pipeline|
    |   min   |   max   |    min    |    max    | min | max |   Type  |
    +---------+---------+-----------+-----------+-----+-----+---------+
    |        5|        5| 20.000 ns | 20.000 ns |    5|    5|   none  |
    +---------+---------+-----------+-----------+-----+-----+---------+

    + Detail: 
        * Instance: 
        N/A

        * Loop: 
        +------------+---------+---------+----------+-----------+-----------+------+----------+
        |            |  Latency (cycles) | Iteration|  Initiation Interval  | Trip |          |
        |  Loop Name |   min   |   max   |  Latency |  achieved |   target  | Count| Pipelined|
        +------------+---------+---------+----------+-----------+-----------+------+----------+
        |- For_Loop  |        4|        4|         1|          -|          -|     4|    no    |
        +------------+---------+---------+----------+-----------+-----------+------+----------+

============================================================
+ Verbose Summary: Synthesis Manager
============================================================
InlineROM: 1
ExposeGlobal: 0
============================================================
+ Verbose Summary: CDFG Model
============================================================
IsTopModel: 1
ResetActiveHigh: 1
IsCombinational: 0
IsDatapathOnly: 0
HasWiredReturn: 1
HasMFsm: 0
HasVarLatency: 1
IsPipeline: 0
IsRtlPipelined: 0
IsInstanceOverlapped: 0
IsDontTouch: 0
HasImplIP: 0
IsGatedGlobalClock: 0


============================================================
+ Verbose Summary: Schedule
============================================================
* Number of FSM states : 2
* Pipeline : 0
* Dataflow Pipeline: 0

* FSM state transitions: 
1 --> 2 
2 --> 2 

* FSM state operations: 

State 1 <SV = 0> <Delay = 1.06>
ST_1 : Operation 3 [1/1] (0.00ns)   --->   "call void (...)* @_ssdm_op_SpecBitsMap(i32* %d_o) nounwind, !map !7"   --->   Operation 3 'specbitsmap' <Predicate = true> <Delay = 0.00>
ST_1 : Operation 4 [1/1] (0.00ns)   --->   "call void (...)* @_ssdm_op_SpecBitsMap(i32* %d_i) nounwind, !map !13"   --->   Operation 4 'specbitsmap' <Predicate = true> <Delay = 0.00>
ST_1 : Operation 5 [1/1] (0.00ns)   --->   "call void (...)* @_ssdm_op_SpecBitsMap([4 x i32]* %idx) nounwind, !map !17"   --->   Operation 5 'specbitsmap' <Predicate = true> <Delay = 0.00>
ST_1 : Operation 6 [1/1] (0.00ns)   --->   "call void (...)* @_ssdm_op_SpecTopModule([11 x i8]* @array_FIFO_str) nounwind"   --->   Operation 6 'spectopmodule' <Predicate = true> <Delay = 0.00>
ST_1 : Operation 7 [1/1] (0.00ns)   --->   "call void (...)* @_ssdm_op_SpecInterface(i32* %d_i, [8 x i8]* @p_str, i32 0, i32 0, [1 x i8]* @p_str1, i32 0, i32 0, [1 x i8]* @p_str1, [1 x i8]* @p_str1, [1 x i8]* @p_str1, i32 0, i32 0, i32 0, i32 0, [1 x i8]* @p_str1, [1 x i8]* @p_str1)" [array_FIFO.c:97]   --->   Operation 7 'specinterface' <Predicate = true> <Delay = 0.00>
ST_1 : Operation 8 [1/1] (0.00ns)   --->   "call void (...)* @_ssdm_op_SpecInterface(i32* %d_o, [8 x i8]* @p_str, i32 0, i32 0, [1 x i8]* @p_str1, i32 0, i32 0, [1 x i8]* @p_str1, [1 x i8]* @p_str1, [1 x i8]* @p_str1, i32 0, i32 0, i32 0, i32 0, [1 x i8]* @p_str1, [1 x i8]* @p_str1)" [array_FIFO.c:97]   --->   Operation 8 'specinterface' <Predicate = true> <Delay = 0.00>
ST_1 : Operation 9 [1/1] (1.06ns)   --->   "br label %1" [array_FIFO.c:100]   --->   Operation 9 'br' <Predicate = true> <Delay = 1.06>

State 2 <SV = 1> <Delay = 3.50>
ST_2 : Operation 10 [1/1] (0.00ns)   --->   "%i_0 = phi i3 [ 0, %0 ], [ %i, %2 ]"   --->   Operation 10 'phi' 'i_0' <Predicate = true> <Delay = 0.00>
ST_2 : Operation 11 [1/1] (0.86ns)   --->   "%icmp_ln100 = icmp eq i3 %i_0, -4" [array_FIFO.c:100]   --->   Operation 11 'icmp' 'icmp_ln100' <Predicate = true> <Delay = 0.86> <Core = "Cmp">   --->   Core 25 'Cmp' <Latency = 0> <II = 1> <Delay = 0.86> <FuncUnit> <Opcode : 'icmp'> <InPorts = 2> <OutPorts = 1>
ST_2 : Operation 12 [1/1] (0.00ns)   --->   "%empty = call i32 (...)* @_ssdm_op_SpecLoopTripCount(i64 4, i64 4, i64 4) nounwind"   --->   Operation 12 'speclooptripcount' 'empty' <Predicate = true> <Delay = 0.00>
ST_2 : Operation 13 [1/1] (1.16ns)   --->   "%i = add i3 %i_0, 1" [array_FIFO.c:100]   --->   Operation 13 'add' 'i' <Predicate = true> <Delay = 1.16> <Core = "AddSub">   --->   Core 14 'AddSub' <Latency = 0> <II = 1> <Delay = 1.16> <FuncUnit> <Opcode : 'add' 'sub'> <InPorts = 2> <OutPorts = 1>
ST_2 : Operation 14 [1/1] (0.00ns)   --->   "br i1 %icmp_ln100, label %3, label %2" [array_FIFO.c:100]   --->   Operation 14 'br' <Predicate = true> <Delay = 0.00>
ST_2 : Operation 15 [1/1] (0.00ns)   --->   "call void (...)* @_ssdm_op_SpecLoopName([9 x i8]* @p_str2) nounwind" [array_FIFO.c:100]   --->   Operation 15 'specloopname' <Predicate = (!icmp_ln100)> <Delay = 0.00>
ST_2 : Operation 16 [1/1] (1.75ns)   --->   "%d_i_read = call i32 @_ssdm_op_Read.ap_fifo.volatile.i32P(i32* %d_i) nounwind" [array_FIFO.c:101]   --->   Operation 16 'read' 'd_i_read' <Predicate = (!icmp_ln100)> <Delay = 1.75> <Core = "FIFO">   --->   Core 32 'FIFO' <Latency = 0> <II = 1> <Delay = 2.81> <Storage> <Opcode : 'read' 'write' 'nbread' 'nbwrite'> <Ports = 0> <Width = 32> <Depth = 0> <FIFO>
ST_2 : Operation 17 [1/1] (1.75ns)   --->   "call void @_ssdm_op_Write.ap_fifo.volatile.i32P(i32* %d_o, i32 %d_i_read) nounwind" [array_FIFO.c:101]   --->   Operation 17 'write' <Predicate = (!icmp_ln100)> <Delay = 1.75> <Core = "FIFO">   --->   Core 32 'FIFO' <Latency = 0> <II = 1> <Delay = 2.81> <Storage> <Opcode : 'read' 'write' 'nbread' 'nbwrite'> <Ports = 0> <Width = 32> <Depth = 0> <FIFO>
ST_2 : Operation 18 [1/1] (0.00ns)   --->   "br label %1" [array_FIFO.c:100]   --->   Operation 18 'br' <Predicate = (!icmp_ln100)> <Delay = 0.00>
ST_2 : Operation 19 [1/1] (0.00ns)   --->   "ret void" [array_FIFO.c:104]   --->   Operation 19 'ret' <Predicate = (icmp_ln100)> <Delay = 0.00>


============================================================
+ Verbose Summary: Binding
============================================================
STG Binding: 
---------------- STG Properties BEGIN ----------------
- Is combinational: 0
- Is one-state seq: 0
- Is datapath-only: 0
- Is pipelined: 0
- Is top level: 1
Port [ Return ] is wired: 1; IO mode=ap_ctrl_hs:ce=0
Port [ d_o]:  wired=1; compound=1; hidden=0; nouse=0; global=0; static=0; extern=0; dir=1; type=3; pingpong=0; private_global=0; IO mode=ap_fifo:ce=0
Port [ d_i]:  wired=1; compound=1; hidden=0; nouse=0; global=0; static=0; extern=0; dir=0; type=3; pingpong=0; private_global=0; IO mode=ap_fifo:ce=0
Port [ idx]:  wired=1; compound=1; hidden=0; nouse=1; global=0; static=0; extern=0; dir=3; type=1; pingpong=0; private_global=0; MemPort=[]; IO mode=ap_memory:ce=0
---------------- STG Properties END ------------------

---------------- Datapath Model BEGIN ----------------

<LifeTime>
<method=bitvector/>
specbitsmap_ln0    (specbitsmap      ) [ 000]
specbitsmap_ln0    (specbitsmap      ) [ 000]
specbitsmap_ln0    (specbitsmap      ) [ 000]
spectopmodule_ln0  (spectopmodule    ) [ 000]
specinterface_ln97 (specinterface    ) [ 000]
specinterface_ln97 (specinterface    ) [ 000]
br_ln100           (br               ) [ 011]
i_0                (phi              ) [ 001]
icmp_ln100         (icmp             ) [ 001]
empty              (speclooptripcount) [ 000]
i                  (add              ) [ 011]
br_ln100           (br               ) [ 000]
specloopname_ln100 (specloopname     ) [ 000]
d_i_read           (read             ) [ 000]
write_ln101        (write            ) [ 000]
br_ln100           (br               ) [ 011]
ret_ln104          (ret              ) [ 000]
</LifeTime>

<model>

<comp_list>
<comp id="0" class="1000" name="d_o">
<pin_list>
<pin id="1" dir="1" index="0" bw="1" slack="0"/>
</pin_list>
<bind>
<StgValue><ssdm name="d_o"/></StgValue>
</bind>
</comp>

<comp id="2" class="1000" name="d_i">
<pin_list>
<pin id="3" dir="1" index="0" bw="1" slack="0"/>
</pin_list>
<bind>
<StgValue><ssdm name="d_i"/></StgValue>
</bind>
</comp>

<comp id="4" class="1000" name="idx">
<pin_list>
<pin id="5" dir="1" index="0" bw="1" slack="2147483647"/>
</pin_list>
<bind>
<StgValue><ssdm name="idx"/></StgValue>
</bind>
</comp>

<comp id="6" class="1001" name="const_6">
<pin_list>
<pin id="7" dir="1" index="0" bw="1" slack="2147483647"/>
</pin_list>
<bind>
<StgValue><ssdm name="_ssdm_op_SpecBitsMap"/></StgValue>
</bind>
</comp>

<comp id="8" class="1001" name="const_8">
<pin_list>
<pin id="9" dir="1" index="0" bw="1" slack="2147483647"/>
</pin_list>
<bind>
<StgValue><ssdm name="_ssdm_op_SpecTopModule"/></StgValue>
</bind>
</comp>

<comp id="10" class="1001" name="const_10">
<pin_list>
<pin id="11" dir="1" index="0" bw="1" slack="2147483647"/>
</pin_list>
<bind>
<StgValue><ssdm name="array_FIFO_str"/></StgValue>
</bind>
</comp>

<comp id="12" class="1001" name="const_12">
<pin_list>
<pin id="13" dir="1" index="0" bw="1" slack="2147483647"/>
</pin_list>
<bind>
<StgValue><ssdm name="_ssdm_op_SpecInterface"/></StgValue>
</bind>
</comp>

<comp id="14" class="1001" name="const_14">
<pin_list>
<pin id="15" dir="1" index="0" bw="1" slack="2147483647"/>
</pin_list>
<bind>
<StgValue><ssdm name="p_str"/></StgValue>
</bind>
</comp>

<comp id="16" class="1001" name="const_16">
<pin_list>
<pin id="17" dir="1" index="0" bw="1" slack="2147483647"/>
</pin_list>
<bind>
<StgValue><ssdm name=""/></StgValue>
</bind>
</comp>

<comp id="18" class="1001" name="const_18">
<pin_list>
<pin id="19" dir="1" index="0" bw="1" slack="2147483647"/>
</pin_list>
<bind>
<StgValue><ssdm name="p_str1"/></StgValue>
</bind>
</comp>

<comp id="20" class="1001" name="const_20">
<pin_list>
<pin id="21" dir="1" index="0" bw="1" slack="1"/>
</pin_list>
<bind>
<StgValue><ssdm name=""/></StgValue>
</bind>
</comp>

<comp id="22" class="1001" name="const_22">
<pin_list>
<pin id="23" dir="1" index="0" bw="1" slack="0"/>
</pin_list>
<bind>
<StgValue><ssdm name=""/></StgValue>
</bind>
</comp>

<comp id="24" class="1001" name="const_24">
<pin_list>
<pin id="25" dir="1" index="0" bw="1" slack="2147483647"/>
</pin_list>
<bind>
<StgValue><ssdm name="_ssdm_op_SpecLoopTripCount"/></StgValue>
</bind>
</comp>

<comp id="26" class="1001" name="const_26">
<pin_list>
<pin id="27" dir="1" index="0" bw="1" slack="2147483647"/>
</pin_list>
<bind>
<StgValue><ssdm name=""/></StgValue>
</bind>
</comp>

<comp id="28" class="1001" name="const_28">
<pin_list>
<pin id="29" dir="1" index="0" bw="1" slack="0"/>
</pin_list>
<bind>
<StgValue><ssdm name=""/></StgValue>
</bind>
</comp>

<comp id="30" class="1001" name="const_30">
<pin_list>
<pin id="31" dir="1" index="0" bw="1" slack="2147483647"/>
</pin_list>
<bind>
<StgValue><ssdm name="_ssdm_op_SpecLoopName"/></StgValue>
</bind>
</comp>

<comp id="32" class="1001" name="const_32">
<pin_list>
<pin id="33" dir="1" index="0" bw="1" slack="2147483647"/>
</pin_list>
<bind>
<StgValue><ssdm name="p_str2"/></StgValue>
</bind>
</comp>

<comp id="34" class="1001" name="const_34">
<pin_list>
<pin id="35" dir="1" index="0" bw="1" slack="0"/>
</pin_list>
<bind>
<StgValue><ssdm name="_ssdm_op_Read.ap_fifo.volatile.i32P"/></StgValue>
</bind>
</comp>

<comp id="36" class="1001" name="const_36">
<pin_list>
<pin id="37" dir="1" index="0" bw="1" slack="0"/>
</pin_list>
<bind>
<StgValue><ssdm name="_ssdm_op_Write.ap_fifo.volatile.i32P"/></StgValue>
</bind>
</comp>

<comp id="38" class="1004" name="d_i_read_read_fu_38">
<pin_list>
<pin id="39" dir="0" index="0" bw="32" slack="0"/>
<pin id="40" dir="0" index="1" bw="32" slack="0"/>
<pin id="41" dir="1" index="2" bw="32" slack="0"/>
</pin_list>
<bind>
<opcode="read(1150) " fcode="read"/>
<opset="d_i_read/2 "/>
</bind>
</comp>

<comp id="44" class="1004" name="write_ln101_write_fu_44">
<pin_list>
<pin id="45" dir="0" index="0" bw="0" slack="0"/>
<pin id="46" dir="0" index="1" bw="32" slack="0"/>
<pin id="47" dir="0" index="2" bw="32" slack="0"/>
<pin id="48" dir="1" index="3" bw="0" slack="2147483647"/>
</pin_list>
<bind>
<opcode="write(1151) " fcode="write"/>
<opset="write_ln101/2 "/>
</bind>
</comp>

<comp id="52" class="1005" name="i_0_reg_52">
<pin_list>
<pin id="53" dir="0" index="0" bw="3" slack="1"/>
<pin id="54" dir="1" index="1" bw="3" slack="1"/>
</pin_list>
<bind>
<opset="i_0 (phireg) "/>
</bind>
</comp>

<comp id="56" class="1004" name="i_0_phi_fu_56">
<pin_list>
<pin id="57" dir="0" index="0" bw="1" slack="1"/>
<pin id="58" dir="0" index="1" bw="0" slack="2147483647"/>
<pin id="59" dir="0" index="2" bw="3" slack="0"/>
<pin id="60" dir="0" index="3" bw="0" slack="2147483647"/>
<pin id="61" dir="1" index="4" bw="3" slack="0"/>
</pin_list>
<bind>
<opcode="phi(47) " fcode="phi"/>
<opset="i_0/2 "/>
</bind>
</comp>

<comp id="63" class="1004" name="icmp_ln100_fu_63">
<pin_list>
<pin id="64" dir="0" index="0" bw="3" slack="0"/>
<pin id="65" dir="0" index="1" bw="3" slack="0"/>
<pin id="66" dir="1" index="2" bw="1" slack="2147483647"/>
</pin_list>
<bind>
<opcode="icmp(45) " fcode="icmp"/>
<opset="icmp_ln100/2 "/>
</bind>
</comp>

<comp id="69" class="1004" name="i_fu_69">
<pin_list>
<pin id="70" dir="0" index="0" bw="3" slack="0"/>
<pin id="71" dir="0" index="1" bw="1" slack="0"/>
<pin id="72" dir="1" index="2" bw="3" slack="0"/>
</pin_list>
<bind>
<opcode="add(8) " fcode="add"/>
<opset="i/2 "/>
</bind>
</comp>

<comp id="78" class="1005" name="i_reg_78">
<pin_list>
<pin id="79" dir="0" index="0" bw="3" slack="0"/>
<pin id="80" dir="1" index="1" bw="3" slack="0"/>
</pin_list>
<bind>
<opset="i "/>
</bind>
</comp>

</comp_list>

<net_list>
<net id="42"><net_src comp="34" pin="0"/><net_sink comp="38" pin=0"/></net>

<net id="43"><net_src comp="2" pin="0"/><net_sink comp="38" pin=1"/></net>

<net id="49"><net_src comp="36" pin="0"/><net_sink comp="44" pin=0"/></net>

<net id="50"><net_src comp="0" pin="0"/><net_sink comp="44" pin=1"/></net>

<net id="51"><net_src comp="38" pin="2"/><net_sink comp="44" pin=2"/></net>

<net id="55"><net_src comp="20" pin="0"/><net_sink comp="52" pin=0"/></net>

<net id="62"><net_src comp="52" pin="1"/><net_sink comp="56" pin=0"/></net>

<net id="67"><net_src comp="56" pin="4"/><net_sink comp="63" pin=0"/></net>

<net id="68"><net_src comp="22" pin="0"/><net_sink comp="63" pin=1"/></net>

<net id="73"><net_src comp="56" pin="4"/><net_sink comp="69" pin=0"/></net>

<net id="74"><net_src comp="28" pin="0"/><net_sink comp="69" pin=1"/></net>

<net id="81"><net_src comp="69" pin="2"/><net_sink comp="78" pin=0"/></net>

<net id="82"><net_src comp="78" pin="1"/><net_sink comp="56" pin=2"/></net>

</net_list>

</model> 
---------------- Datapath Model END ------------------

* FSMD analyzer results:
  - Output states:
	Port: d_o | {2 }
 - Input state : 
	Port: array_FIFO : d_i | {2 }
  - Chain level:
	State 1
	State 2
		icmp_ln100 : 1
		i : 1
		br_ln100 : 2


============================================================
+ Verbose Summary: Datapath Resource usage 
============================================================

* Functional unit list:
|----------|-------------------------|---------|---------|
| Operation|     Functional Unit     |    FF   |   LUT   |
|----------|-------------------------|---------|---------|
|    add   |         i_fu_69         |    0    |    12   |
|----------|-------------------------|---------|---------|
|   icmp   |     icmp_ln100_fu_63    |    0    |    9    |
|----------|-------------------------|---------|---------|
|   read   |   d_i_read_read_fu_38   |    0    |    0    |
|----------|-------------------------|---------|---------|
|   write  | write_ln101_write_fu_44 |    0    |    0    |
|----------|-------------------------|---------|---------|
|   Total  |                         |    0    |    21   |
|----------|-------------------------|---------|---------|

Memories:
N/A

* Register list:
+----------+--------+
|          |   FF   |
+----------+--------+
|i_0_reg_52|    3   |
| i_reg_78 |    3   |
+----------+--------+
|   Total  |    6   |
+----------+--------+

* Multiplexer (MUX) list: 
|--------|------|------|------|--------|
|  Comp  |  Pin | Size |  BW  | S x BW |
|--------|------|------|------|--------|
|  Total |      |      |      |    0   |
|--------|------|------|------|--------|



* Summary:
+-----------+--------+--------+
|           |   FF   |   LUT  |
+-----------+--------+--------+
|  Function |    0   |   21   |
|   Memory  |    -   |    -   |
|Multiplexer|    -   |    -   |
|  Register |    6   |    -   |
+-----------+--------+--------+
|   Total   |    6   |   21   |
+-----------+--------+--------+
