INFO-FLOW: Workspace E:/Vivado/array_FIFO/array_FIFO/proj_array_FIFO/solution1 opened at Fri May 01 09:06:30 +0530 2020
Execute     config_clock -quiet -name default -period 4 -default=false 
INFO: [SYN 201-201] Setting up clock 'default' with a period of 4ns.
Execute     config_clock -quiet -name default -period 4 -default=false 
INFO: [SYN 201-201] Setting up clock 'default' with a period of 4ns.
Execute     open_platform DefaultPlatform 
Execute     import_lib C:/Xilinx/Vivado/2019.2/common/technology/xilinx/kintex7/kintex7 
Execute       source C:/Xilinx/Vivado/2019.2/common/technology/xilinx/common/xilinx.lib 
Execute         source C:/Xilinx/Vivado/2019.2/common/technology/xilinx/interface/xilinx_interface.lib 
Execute           source C:/Xilinx/Vivado/2019.2/common/technology/xilinx/interface/plb46.lib 
Execute           source C:/Xilinx/Vivado/2019.2/common/technology/xilinx/interface/fsl.lib 
Execute           source C:/Xilinx/Vivado/2019.2/common/technology/xilinx/interface/axi4.lib 
Execute           source C:/Xilinx/Vivado/2019.2/common/technology/xilinx/interface/maxi.lib 
Execute           source C:/Xilinx/Vivado/2019.2/common/technology/xilinx/interface/saxilite.lib 
Execute         source C:/Xilinx/Vivado/2019.2/common/technology/xilinx/common/dsp48.lib 
Execute         source C:/Xilinx/Vivado/2019.2/common/technology/xilinx/ip/dds_compiler.lib 
Execute         source C:/Xilinx/Vivado/2019.2/common/technology/xilinx/ip/xfft.lib 
Execute         source C:/Xilinx/Vivado/2019.2/common/technology/xilinx/ip/xfir.lib 
Execute       source C:/Xilinx/Vivado/2019.2/common/technology/xilinx/common/xilinx.hlp 
Execute         source C:/Xilinx/Vivado/2019.2/common/technology/xilinx/common/target_info.tcl 
Execute         source C:/Xilinx/Vivado/2019.2/common/technology/xilinx/interface/xilinx_interface.hlp 
Execute           source C:/Xilinx/Vivado/2019.2/common/technology/xilinx/interface/maxi.hlp 
Execute           source C:/Xilinx/Vivado/2019.2/common/technology/xilinx/interface/saxilite.hlp 
Execute         source C:/Xilinx/Vivado/2019.2/common/technology/xilinx/common/dsp48.hlp 
Execute       source C:/Xilinx/Vivado/2019.2/common/technology/xilinx/kintex7/dsp48e1.hlp 
Execute       source C:/Xilinx/Vivado/2019.2/common/technology/xilinx/common/xilinx.hlp 
Execute         source C:/Xilinx/Vivado/2019.2/common/technology/xilinx/common/target_info.tcl 
Execute         source C:/Xilinx/Vivado/2019.2/common/technology/xilinx/interface/xilinx_interface.hlp 
Execute           source C:/Xilinx/Vivado/2019.2/common/technology/xilinx/interface/maxi.hlp 
Execute           source C:/Xilinx/Vivado/2019.2/common/technology/xilinx/interface/saxilite.hlp 
Execute         source C:/Xilinx/Vivado/2019.2/common/technology/xilinx/common/dsp48.hlp 
Execute     source C:/Xilinx/Vivado/2019.2/common/technology/xilinx/kintex7/kintex7.gen 
Execute       source C:/Xilinx/Vivado/2019.2/common/technology/xilinx/common/xilinx.gen 
Execute         source C:/Xilinx/Vivado/2019.2/common/technology/xilinx/interface/plb46.gen 
Execute         source C:/Xilinx/Vivado/2019.2/common/technology/xilinx/interface/fsl.gen 
Execute         source C:/Xilinx/Vivado/2019.2/common/technology/xilinx/interface/axi4.gen 
Execute         source C:/Xilinx/Vivado/2019.2/common/technology/xilinx/interface/nativeAXI4.gen 
Execute           source C:/Xilinx/Vivado/2019.2/common/technology/xilinx/interface/saxilite.gen 
Execute           source C:/Xilinx/Vivado/2019.2/common/technology/xilinx/interface/maxi.gen 
Execute         source C:/Xilinx/Vivado/2019.2/common/technology/xilinx/scripts/xilinxcoregen.gen 
Execute         source C:/Xilinx/Vivado/2019.2/common/technology/xilinx/interface/XilEDKCoreGen.gen 
Execute         source C:/Xilinx/Vivado/2019.2/common/technology/xilinx/ip/dds_compiler.gen 
Execute         source C:/Xilinx/Vivado/2019.2/common/technology/xilinx/ip/util.gen 
Execute         source C:/Xilinx/Vivado/2019.2/common/technology/xilinx/ip/xfft.gen 
Execute         source C:/Xilinx/Vivado/2019.2/common/technology/xilinx/ip/xfir.gen 
Execute         source C:/Xilinx/Vivado/2019.2/common/technology/xilinx/common/dsp48.gen 
Command       ap_source done; 0.138 sec.
Command     ap_source done; 0.138 sec.
Execute     open_platform DefaultPlatform 
Execute     import_lib C:/Xilinx/Vivado/2019.2/common/technology/xilinx/kintex7/kintex7_fpv6 
Execute       source C:/Xilinx/Vivado/2019.2/common/technology/xilinx/common/xilinx_fp.lib 
Execute       source C:/Xilinx/Vivado/2019.2/common/technology/xilinx/common/xilinx_fp.hlp 
Execute         source C:/Xilinx/Vivado/2019.2/common/technology/xilinx/common/xilinx.hlp 
Execute           source C:/Xilinx/Vivado/2019.2/common/technology/xilinx/common/target_info.tcl 
Execute           source C:/Xilinx/Vivado/2019.2/common/technology/xilinx/interface/xilinx_interface.hlp 
Execute             source C:/Xilinx/Vivado/2019.2/common/technology/xilinx/interface/maxi.hlp 
Execute             source C:/Xilinx/Vivado/2019.2/common/technology/xilinx/interface/saxilite.hlp 
Execute           source C:/Xilinx/Vivado/2019.2/common/technology/xilinx/common/dsp48.hlp 
Execute     source C:/Xilinx/Vivado/2019.2/common/technology/xilinx/kintex7/kintex7_fpv6.gen 
Execute       source C:/Xilinx/Vivado/2019.2/common/technology/xilinx/common/xilinx_fp.gen 
Execute     set_part xc7k160t-fbg484-1 
Execute       ap_part_info -name xc7k160t-fbg484-1 -data single -quiet 
Command       ap_part_info done; 0.487 sec.
Execute       ap_part_info -name xc7k160t-fbg484-1 -data info 
Execute       add_library xilinx/kintex7/kintex7:xc7k160t:-fbg484:-1 
Execute         get_default_platform 
Execute         open_platform DefaultPlatform 
Execute         import_lib C:/Xilinx/Vivado/2019.2/common/technology/xilinx/kintex7/kintex7 
Execute           source C:/Xilinx/Vivado/2019.2/common/technology/xilinx/common/xilinx.lib 
Execute             source C:/Xilinx/Vivado/2019.2/common/technology/xilinx/interface/xilinx_interface.lib 
Execute               source C:/Xilinx/Vivado/2019.2/common/technology/xilinx/interface/plb46.lib 
Execute               source C:/Xilinx/Vivado/2019.2/common/technology/xilinx/interface/fsl.lib 
Execute               source C:/Xilinx/Vivado/2019.2/common/technology/xilinx/interface/axi4.lib 
Execute               source C:/Xilinx/Vivado/2019.2/common/technology/xilinx/interface/maxi.lib 
Execute               source C:/Xilinx/Vivado/2019.2/common/technology/xilinx/interface/saxilite.lib 
Execute             source C:/Xilinx/Vivado/2019.2/common/technology/xilinx/common/dsp48.lib 
Execute             source C:/Xilinx/Vivado/2019.2/common/technology/xilinx/ip/dds_compiler.lib 
Execute             source C:/Xilinx/Vivado/2019.2/common/technology/xilinx/ip/xfft.lib 
Execute             source C:/Xilinx/Vivado/2019.2/common/technology/xilinx/ip/xfir.lib 
Execute           source C:/Xilinx/Vivado/2019.2/common/technology/xilinx/common/xilinx.hlp 
Execute             source C:/Xilinx/Vivado/2019.2/common/technology/xilinx/common/target_info.tcl 
Execute             source C:/Xilinx/Vivado/2019.2/common/technology/xilinx/interface/xilinx_interface.hlp 
Execute               source C:/Xilinx/Vivado/2019.2/common/technology/xilinx/interface/maxi.hlp 
Execute               source C:/Xilinx/Vivado/2019.2/common/technology/xilinx/interface/saxilite.hlp 
Execute             source C:/Xilinx/Vivado/2019.2/common/technology/xilinx/common/dsp48.hlp 
Execute           source C:/Xilinx/Vivado/2019.2/common/technology/xilinx/kintex7/dsp48e1.hlp 
Execute           source C:/Xilinx/Vivado/2019.2/common/technology/xilinx/common/xilinx.hlp 
Execute             source C:/Xilinx/Vivado/2019.2/common/technology/xilinx/common/target_info.tcl 
Execute             source C:/Xilinx/Vivado/2019.2/common/technology/xilinx/interface/xilinx_interface.hlp 
Execute               source C:/Xilinx/Vivado/2019.2/common/technology/xilinx/interface/maxi.hlp 
Execute               source C:/Xilinx/Vivado/2019.2/common/technology/xilinx/interface/saxilite.hlp 
Execute             source C:/Xilinx/Vivado/2019.2/common/technology/xilinx/common/dsp48.hlp 
Execute         source C:/Xilinx/Vivado/2019.2/common/technology/xilinx/kintex7/kintex7.gen 
Execute           source C:/Xilinx/Vivado/2019.2/common/technology/xilinx/common/xilinx.gen 
Execute             source C:/Xilinx/Vivado/2019.2/common/technology/xilinx/interface/plb46.gen 
Execute             source C:/Xilinx/Vivado/2019.2/common/technology/xilinx/interface/fsl.gen 
Execute             source C:/Xilinx/Vivado/2019.2/common/technology/xilinx/interface/axi4.gen 
Execute             source C:/Xilinx/Vivado/2019.2/common/technology/xilinx/interface/nativeAXI4.gen 
Execute               source C:/Xilinx/Vivado/2019.2/common/technology/xilinx/interface/saxilite.gen 
Execute               source C:/Xilinx/Vivado/2019.2/common/technology/xilinx/interface/maxi.gen 
Execute             source C:/Xilinx/Vivado/2019.2/common/technology/xilinx/scripts/xilinxcoregen.gen 
Execute             source C:/Xilinx/Vivado/2019.2/common/technology/xilinx/interface/XilEDKCoreGen.gen 
Execute             source C:/Xilinx/Vivado/2019.2/common/technology/xilinx/ip/dds_compiler.gen 
Execute             source C:/Xilinx/Vivado/2019.2/common/technology/xilinx/ip/util.gen 
Execute             source C:/Xilinx/Vivado/2019.2/common/technology/xilinx/ip/xfft.gen 
Command             ap_source done; 0.102 sec.
Execute             source C:/Xilinx/Vivado/2019.2/common/technology/xilinx/ip/xfir.gen 
Execute             source C:/Xilinx/Vivado/2019.2/common/technology/xilinx/common/dsp48.gen 
Command           ap_source done; 0.146 sec.
Command         ap_source done; 0.147 sec.
Execute         ap_part_info -data single -name xc7k160t-fbg484-1 
Execute         ap_part_info -name xc7k160t-fbg484-1 -data resources 
Execute         ap_part_info -name xc7k160t-fbg484-1 -data info 
Execute         ap_part_info -name xc7k160t-fbg484-1 -data info 
Execute         config_chip_info -quiet -resource {SLICE 25350} {LUT 101400} {FF 202800} {DSP48E 600} {BRAM 650} {URAM 0} 
Execute         ap_part_info -name xc7k160t-fbg484-1 -data info 
Execute         config_chip_info -quiet -speed slow 
Command       add_library done; 0.198 sec.
Execute       add_library xilinx/kintex7/kintex7_fpv6 
Execute         get_default_platform 
Execute         open_platform DefaultPlatform 
Execute         import_lib C:/Xilinx/Vivado/2019.2/common/technology/xilinx/kintex7/kintex7_fpv6 
Execute           source C:/Xilinx/Vivado/2019.2/common/technology/xilinx/common/xilinx_fp.lib 
Execute           source C:/Xilinx/Vivado/2019.2/common/technology/xilinx/common/xilinx_fp.hlp 
Execute             source C:/Xilinx/Vivado/2019.2/common/technology/xilinx/common/xilinx.hlp 
Execute               source C:/Xilinx/Vivado/2019.2/common/technology/xilinx/common/target_info.tcl 
Execute               source C:/Xilinx/Vivado/2019.2/common/technology/xilinx/interface/xilinx_interface.hlp 
Execute                 source C:/Xilinx/Vivado/2019.2/common/technology/xilinx/interface/maxi.hlp 
Execute                 source C:/Xilinx/Vivado/2019.2/common/technology/xilinx/interface/saxilite.hlp 
Execute               source C:/Xilinx/Vivado/2019.2/common/technology/xilinx/common/dsp48.hlp 
Execute         source C:/Xilinx/Vivado/2019.2/common/technology/xilinx/kintex7/kintex7_fpv6.gen 
Execute           source C:/Xilinx/Vivado/2019.2/common/technology/xilinx/common/xilinx_fp.gen 
INFO: [HLS 200-10] Setting target device to 'xc7k160t-fbg484-1'
Execute       ap_part_info -name xc7k160t-fbg484-1 -data info 
Execute       get_default_platform 
Command     set_part done; 0.796 sec.
Execute     ap_part_info -data single -name xc7k160t-fbg484-1 
Execute     ap_part_info -name xc7k160t-fbg484-1 -data resources 
Execute     ap_part_info -name xc7k160t-fbg484-1 -data info 
Execute     ap_part_info -name xc7k160t-fbg484-1 -data info 
Execute     config_chip_info -quiet -resource {SLICE 25350} {LUT 101400} {FF 202800} {DSP48E 600} {BRAM 650} {URAM 0} 
Execute     ap_part_info -name xc7k160t-fbg484-1 -data info 
Execute     config_chip_info -quiet -speed slow 
Command   open_solution done; 1.008 sec.
Execute   set_part xc7k160tfbg484-1 
Execute     ap_part_info -name xc7k160tfbg484-1 -data single -quiet 
Execute     ap_part_info -name xc7k160tfbg484-1 -data info 
Execute     add_library xilinx/kintex7/kintex7:xc7k160t:-fbg484:-1 
Execute       get_default_platform 
Execute       open_platform DefaultPlatform 
Execute       import_lib C:/Xilinx/Vivado/2019.2/common/technology/xilinx/kintex7/kintex7 
Execute         source C:/Xilinx/Vivado/2019.2/common/technology/xilinx/common/xilinx.lib 
Execute           source C:/Xilinx/Vivado/2019.2/common/technology/xilinx/interface/xilinx_interface.lib 
Execute             source C:/Xilinx/Vivado/2019.2/common/technology/xilinx/interface/plb46.lib 
Execute             source C:/Xilinx/Vivado/2019.2/common/technology/xilinx/interface/fsl.lib 
Execute             source C:/Xilinx/Vivado/2019.2/common/technology/xilinx/interface/axi4.lib 
Execute             source C:/Xilinx/Vivado/2019.2/common/technology/xilinx/interface/maxi.lib 
Execute             source C:/Xilinx/Vivado/2019.2/common/technology/xilinx/interface/saxilite.lib 
Execute           source C:/Xilinx/Vivado/2019.2/common/technology/xilinx/common/dsp48.lib 
Execute           source C:/Xilinx/Vivado/2019.2/common/technology/xilinx/ip/dds_compiler.lib 
Execute           source C:/Xilinx/Vivado/2019.2/common/technology/xilinx/ip/xfft.lib 
Execute           source C:/Xilinx/Vivado/2019.2/common/technology/xilinx/ip/xfir.lib 
Execute         source C:/Xilinx/Vivado/2019.2/common/technology/xilinx/common/xilinx.hlp 
Execute           source C:/Xilinx/Vivado/2019.2/common/technology/xilinx/common/target_info.tcl 
Execute           source C:/Xilinx/Vivado/2019.2/common/technology/xilinx/interface/xilinx_interface.hlp 
Execute             source C:/Xilinx/Vivado/2019.2/common/technology/xilinx/interface/maxi.hlp 
Execute             source C:/Xilinx/Vivado/2019.2/common/technology/xilinx/interface/saxilite.hlp 
Execute           source C:/Xilinx/Vivado/2019.2/common/technology/xilinx/common/dsp48.hlp 
Execute         source C:/Xilinx/Vivado/2019.2/common/technology/xilinx/kintex7/dsp48e1.hlp 
Execute         source C:/Xilinx/Vivado/2019.2/common/technology/xilinx/common/xilinx.hlp 
Execute           source C:/Xilinx/Vivado/2019.2/common/technology/xilinx/common/target_info.tcl 
Execute           source C:/Xilinx/Vivado/2019.2/common/technology/xilinx/interface/xilinx_interface.hlp 
Execute             source C:/Xilinx/Vivado/2019.2/common/technology/xilinx/interface/maxi.hlp 
Execute             source C:/Xilinx/Vivado/2019.2/common/technology/xilinx/interface/saxilite.hlp 
Execute           source C:/Xilinx/Vivado/2019.2/common/technology/xilinx/common/dsp48.hlp 
Execute       source C:/Xilinx/Vivado/2019.2/common/technology/xilinx/kintex7/kintex7.gen 
Execute         source C:/Xilinx/Vivado/2019.2/common/technology/xilinx/common/xilinx.gen 
Execute           source C:/Xilinx/Vivado/2019.2/common/technology/xilinx/interface/plb46.gen 
Execute           source C:/Xilinx/Vivado/2019.2/common/technology/xilinx/interface/fsl.gen 
Execute           source C:/Xilinx/Vivado/2019.2/common/technology/xilinx/interface/axi4.gen 
Execute           source C:/Xilinx/Vivado/2019.2/common/technology/xilinx/interface/nativeAXI4.gen 
Execute             source C:/Xilinx/Vivado/2019.2/common/technology/xilinx/interface/saxilite.gen 
Execute             source C:/Xilinx/Vivado/2019.2/common/technology/xilinx/interface/maxi.gen 
Execute           source C:/Xilinx/Vivado/2019.2/common/technology/xilinx/scripts/xilinxcoregen.gen 
Execute           source C:/Xilinx/Vivado/2019.2/common/technology/xilinx/interface/XilEDKCoreGen.gen 
Execute           source C:/Xilinx/Vivado/2019.2/common/technology/xilinx/ip/dds_compiler.gen 
Execute           source C:/Xilinx/Vivado/2019.2/common/technology/xilinx/ip/util.gen 
Execute           source C:/Xilinx/Vivado/2019.2/common/technology/xilinx/ip/xfft.gen 
Command           ap_source done; 0.103 sec.
Execute           source C:/Xilinx/Vivado/2019.2/common/technology/xilinx/ip/xfir.gen 
Execute           source C:/Xilinx/Vivado/2019.2/common/technology/xilinx/common/dsp48.gen 
Command         ap_source done; 0.147 sec.
Command       ap_source done; 0.147 sec.
Execute       ap_part_info -data single -name xc7k160t-fbg484-1 
Execute       ap_part_info -name xc7k160t-fbg484-1 -data resources 
Execute       ap_part_info -name xc7k160t-fbg484-1 -data info 
Execute       ap_part_info -name xc7k160t-fbg484-1 -data info 
Execute       config_chip_info -quiet -resource {SLICE 25350} {LUT 101400} {FF 202800} {DSP48E 600} {BRAM 650} {URAM 0} 
Execute       ap_part_info -name xc7k160t-fbg484-1 -data info 
Execute       config_chip_info -quiet -speed slow 
Command     add_library done; 0.203 sec.
Execute     add_library xilinx/kintex7/kintex7_fpv6 
Execute       get_default_platform 
Execute       open_platform DefaultPlatform 
Execute       import_lib C:/Xilinx/Vivado/2019.2/common/technology/xilinx/kintex7/kintex7_fpv6 
Execute         source C:/Xilinx/Vivado/2019.2/common/technology/xilinx/common/xilinx_fp.lib 
Execute         source C:/Xilinx/Vivado/2019.2/common/technology/xilinx/common/xilinx_fp.hlp 
Execute           source C:/Xilinx/Vivado/2019.2/common/technology/xilinx/common/xilinx.hlp 
Execute             source C:/Xilinx/Vivado/2019.2/common/technology/xilinx/common/target_info.tcl 
Execute             source C:/Xilinx/Vivado/2019.2/common/technology/xilinx/interface/xilinx_interface.hlp 
Execute               source C:/Xilinx/Vivado/2019.2/common/technology/xilinx/interface/maxi.hlp 
Execute               source C:/Xilinx/Vivado/2019.2/common/technology/xilinx/interface/saxilite.hlp 
Execute             source C:/Xilinx/Vivado/2019.2/common/technology/xilinx/common/dsp48.hlp 
Execute       source C:/Xilinx/Vivado/2019.2/common/technology/xilinx/kintex7/kintex7_fpv6.gen 
Execute         source C:/Xilinx/Vivado/2019.2/common/technology/xilinx/common/xilinx_fp.gen 
Execute     ap_part_info -name xc7k160t-fbg484-1 -data info 
Execute     get_default_platform 
Command   set_part done; 0.314 sec.
Execute   create_clock -period 4 -name default 
Execute   source ./proj_array_FIFO/solution1/directives.tcl 
Execute     set_directive_interface -mode ap_fifo array_FIFO d_i 
INFO-FLOW: Setting directive 'INTERFACE' ap_fifo=positionBoolean0mode port=positionBooleanTextRequiredd_i 
Execute     set_directive_interface -mode ap_fifo array_FIFO d_o 
INFO-FLOW: Setting directive 'INTERFACE' ap_fifo=positionBoolean0mode port=positionBooleanTextRequiredd_i 
INFO-FLOW: Setting directive 'INTERFACE' ap_fifo=positionBoolean0mode port=positionBooleanTextRequiredd_o 
Execute   csynth_design 
Execute     get_config_compile -dump_cfg 
Execute     get_config_compile -effort 
Execute     get_config_compile -enable_clang39 
Execute     get_config_compile -g 
Execute     get_config_compile -ng 
Execute     get_config_compile -opt_fp 
Execute     get_config_compile -skip_cdt 
Execute     get_config_compile -skip_syncheck 
Execute     get_config_compile -skip_transform 
Execute     get_config_compile -keep_printf 
Execute     elaborate -effort=medium -skip_syncheck=0 -keep_printf=0 -skip_cdt=0 -skip_transform=0 -ng=0 -g=0 -opt_fp=0 -from_csynth_design=1 
Execute       get_config_schedule -relax_ii_for_timing 
INFO: [SCHED 204-61] Option 'relax_ii_for_timing' is enabled, will increase II to preserve clock frequency constraints.
Execute       get_config_schedule -suppress_dependence_error_break 
INFO: [HLS 200-10] Analyzing design file 'array_FIFO.c' ... 
INFO-FLOW: Compiling one TU...
Execute       is_m_axi_addr64 
INFO-FLOW: Handling array_FIFO.c as C
Execute       ap_part_info -name xc7k160t-fbg484-1 -data info 
Execute       is_encrypted array_FIFO.c 
INFO-FLOW: Running: GCC PP
INFO-FLOW: Source preprocessing
Execute       clang  -fno-limit-debug-info -gcc-toolchain "C:/Xilinx/Vivado/2019.2/msys" -hls  -fno-exceptions  -D__llvm__  -E "array_FIFO.c"     -fno-math-errno -c -emit-llvm -O0  -mllvm -disable-llvm-optzns -std=gnu89   -DAESL_SYN -D__SYNTHESIS__ -D__HLS_SYN__ -I "C:/Xilinx/Vivado/2019.2/common/technology/autopilot" -I "C:/Xilinx/Vivado/2019.2/common/technology/autopilot/ap_sysc" -include etc/autopilot_ssdm_op.h -D__DSP48E1__ -D__cdecl=  -o "E:/Vivado/array_FIFO/array_FIFO/proj_array_FIFO/solution1/.autopilot/db/array_FIFO.pp.0.c" 
INFO-FLOW: exec C:/Xilinx/Vivado/2019.2/win64/tools/clang/bin/clang -fno-limit-debug-info -gcc-toolchain C:/Xilinx/Vivado/2019.2/msys -hls -fno-exceptions -D__llvm__ -E array_FIFO.c -fno-math-errno -c -emit-llvm -O0 -mllvm -disable-llvm-optzns -std=gnu89 -DAESL_SYN -D__SYNTHESIS__ -D__HLS_SYN__ -I C:/Xilinx/Vivado/2019.2/common/technology/autopilot -I C:/Xilinx/Vivado/2019.2/common/technology/autopilot/ap_sysc -include etc/autopilot_ssdm_op.h -D__DSP48E1__ -D__cdecl= -o E:/Vivado/array_FIFO/array_FIFO/proj_array_FIFO/solution1/.autopilot/db/array_FIFO.pp.0.c
Command       clang done; 1.371 sec.
Execute       tidy_31 xilinx-xfmat-array-geometry E:/Vivado/array_FIFO/array_FIFO/proj_array_FIFO/solution1/.autopilot/db/array_FIFO.pp.0.c std=gnu89 
INFO-FLOW: exec C:/Xilinx/Vivado/2019.2/win64/tools/clang-3.9-csynth/bin/tidy-3.1 -header-filter=.* -checks=-*,xilinx-xfmat-array-geometry -quiet -fix E:/Vivado/array_FIFO/array_FIFO/proj_array_FIFO/solution1/.autopilot/db/array_FIFO.pp.0.c -- -std=gnu89 -fhls -ferror-limit=0
INFO-FLOW: Syntax Checking before pre-processing...
Execute       clang -syntaxcheck -src E:/Vivado/array_FIFO/array_FIFO/proj_array_FIFO/solution1/.autopilot/db/array_FIFO.pp.0.c  -fno-limit-debug-info -gcc-toolchain "C:/Xilinx/Vivado/2019.2/msys" -hls    -fno-math-errno -c -emit-llvm -O0  -mllvm -disable-llvm-optzns -std=gnu89   -DAESL_SYN -D__SYNTHESIS__ -D__HLS_SYN__ -I "C:/Xilinx/Vivado/2019.2/common/technology/autopilot" -I "C:/Xilinx/Vivado/2019.2/common/technology/autopilot/ap_sysc" -include etc/autopilot_ssdm_op.h -D__DSP48E1__ -D__cdecl=  "E:/Vivado/array_FIFO/array_FIFO/proj_array_FIFO/solution1/.autopilot/db/array_FIFO.pp.0.c"  -o "E:/Vivado/array_FIFO/array_FIFO/proj_array_FIFO/solution1/.autopilot/db/useless.bc"  
INFO-FLOW: exec C:/Xilinx/Vivado/2019.2/win64/tools/clang/bin/clang -fno-limit-debug-info -gcc-toolchain C:/Xilinx/Vivado/2019.2/msys -hls -fno-math-errno -c -emit-llvm -O0 -mllvm -disable-llvm-optzns -std=gnu89 -DAESL_SYN -D__SYNTHESIS__ -D__HLS_SYN__ -I C:/Xilinx/Vivado/2019.2/common/technology/autopilot -I C:/Xilinx/Vivado/2019.2/common/technology/autopilot/ap_sysc -include etc/autopilot_ssdm_op.h -D__DSP48E1__ -D__cdecl= E:/Vivado/array_FIFO/array_FIFO/proj_array_FIFO/solution1/.autopilot/db/array_FIFO.pp.0.c -o E:/Vivado/array_FIFO/array_FIFO/proj_array_FIFO/solution1/.autopilot/db/useless.bc
Command       clang done; 1.36 sec.
INFO-FLOW: Done: GCC PP time: 2.8 seconds per iteration
INFO-FLOW: Setting directive 'INTERFACE' ap_fifo=positionBoolean0mode port=positionBooleanTextRequiredd_i 
INFO-FLOW: Setting directive 'INTERFACE' ap_fifo=positionBoolean0mode port=positionBooleanTextRequiredd_o 
Execute       source C:/Xilinx/Vivado/2019.2/tps/tcl/tcllib1.11.1/yaml/huddle.tcl 
Execute       source C:/Xilinx/Vivado/2019.2/tps/tcl/tcllib1.11.1/yaml/json2huddle.tcl 
Execute         source C:/Xilinx/Vivado/2019.2/tps/tcl/tcllib1.11.1/try/try.tcl 
INFO-FLOW: Setting directive 'INTERFACE' ap_fifo=positionBoolean0mode port=positionBooleanTextRequiredd_i 
INFO-FLOW: Setting directive 'INTERFACE' ap_fifo=positionBoolean0mode port=positionBooleanTextRequiredd_o 
Execute       list_core -type functional_unit 
Execute       tidy_31 xilinx-systemc-detector E:/Vivado/array_FIFO/array_FIFO/proj_array_FIFO/solution1/.autopilot/db/array_FIFO.pp.0.c std=gnu89 -directive=E:/Vivado/array_FIFO/array_FIFO/proj_array_FIFO/solution1/.autopilot/db/.systemc_flag 
INFO-FLOW: exec C:/Xilinx/Vivado/2019.2/win64/tools/clang-3.9-csynth/bin/tidy-3.1 -header-filter=.* -checks=-*,xilinx-systemc-detector -import-directive=E:/Vivado/array_FIFO/array_FIFO/proj_array_FIFO/solution1/.autopilot/db/.systemc_flag -quiet -fix-errors E:/Vivado/array_FIFO/array_FIFO/proj_array_FIFO/solution1/.autopilot/db/array_FIFO.pp.0.c -- -std=gnu89 -fhls -ferror-limit=0
INFO-FLOW: Running: tidy-3.1 CDT preprocess
Execute       tidy_31 xilinx-directive2pragma E:/Vivado/array_FIFO/array_FIFO/proj_array_FIFO/solution1/.autopilot/db/array_FIFO.pp.0.c std=gnu89 -directive=E:/Vivado/array_FIFO/array_FIFO/proj_array_FIFO/solution1/.autopilot/db/all.directive.json 
INFO-FLOW: exec C:/Xilinx/Vivado/2019.2/win64/tools/clang-3.9-csynth/bin/tidy-3.1 -header-filter=.* -checks=-*,xilinx-directive2pragma -import-directive=E:/Vivado/array_FIFO/array_FIFO/proj_array_FIFO/solution1/.autopilot/db/all.directive.json -quiet -fix-errors E:/Vivado/array_FIFO/array_FIFO/proj_array_FIFO/solution1/.autopilot/db/array_FIFO.pp.0.c -- -std=gnu89 -fhls -ferror-limit=0
Execute       get_config_dataflow -strict_mode 
Execute       ap_eval exec -ignorestderr C:/Xilinx/Vivado/2019.2/win64/tools/clang-3.9-csynth/bin/xilinx-dataflow-lawyer -export-fixes=E:/Vivado/array_FIFO/array_FIFO/proj_array_FIFO/solution1/.autopilot/db/xilinx-dataflow-lawyer.array_FIFO.pp.0.c.diag.yml E:/Vivado/array_FIFO/array_FIFO/proj_array_FIFO/solution1/.autopilot/db/array_FIFO.pp.0.c -- -std=gnu99 -fhls -ferror-limit=0 -fstrict-dataflow > E:/Vivado/array_FIFO/array_FIFO/proj_array_FIFO/solution1/.autopilot/db/xilinx-dataflow-lawyer.array_FIFO.pp.0.c.out.log 2> E:/Vivado/array_FIFO/array_FIFO/proj_array_FIFO/solution1/.autopilot/db/xilinx-dataflow-lawyer.array_FIFO.pp.0.c.err.log 
Execute       tidy_31 -errorcheck xilinx-constantarray-param,xilinx-resource-pragma-transformer,xilinx-xfmat-array-geometry E:/Vivado/array_FIFO/array_FIFO/proj_array_FIFO/solution1/.autopilot/db/array_FIFO.pp.0.c std=gnu89 
Execute         ap_eval exec -ignorestderr C:/Xilinx/Vivado/2019.2/win64/tools/clang-3.9-csynth/bin/tidy-3.1 -export-fixes=E:/Vivado/array_FIFO/array_FIFO/proj_array_FIFO/solution1/.autopilot/db/tidy-3.1.array_FIFO.pp.0.c.diag.yml -header-filter=.* -checks=-*,xilinx-constantarray-param,xilinx-resource-pragma-transformer,xilinx-xfmat-array-geometry -quiet -fix-errors E:/Vivado/array_FIFO/array_FIFO/proj_array_FIFO/solution1/.autopilot/db/array_FIFO.pp.0.c -- -std=gnu89 -fhls -ferror-limit=0 > E:/Vivado/array_FIFO/array_FIFO/proj_array_FIFO/solution1/.autopilot/db/tidy-3.1.array_FIFO.pp.0.c.out.log 2> E:/Vivado/array_FIFO/array_FIFO/proj_array_FIFO/solution1/.autopilot/db/tidy-3.1.array_FIFO.pp.0.c.err.log 
Command         ap_eval done; 0.101 sec.
Execute         source C:/Xilinx/Vivado/2019.2/tps/tcl/tcllib1.11.1/yaml/yaml.tcl 
Execute           source C:/Xilinx/Vivado/2019.2/tps/tcl/tcllib1.11.1/cmdline/cmdline.tcl 
Execute         ap_eval exec -ignorestderr C:/Xilinx/Vivado/2019.2/win64/tools/clang-3.9-csynth/bin/xilinx-legacy-rewriter E:/Vivado/array_FIFO/array_FIFO/proj_array_FIFO/solution1/.autopilot/db/array_FIFO.pp.0.c -- -std=gnu89 -fhls -ferror-limit=0 > E:/Vivado/array_FIFO/array_FIFO/proj_array_FIFO/solution1/.autopilot/db/xilinx-legacy-rewriter.array_FIFO.pp.0.c.out.log 2> E:/Vivado/array_FIFO/array_FIFO/proj_array_FIFO/solution1/.autopilot/db/xilinx-legacy-rewriter.array_FIFO.pp.0.c.err.log 
Command       tidy_31 done; 0.182 sec.
INFO-FLOW: Done: tidy-3.1 CDT preprocess time: 0.3 seconds per iteration
INFO-FLOW: Pragma Handling...
Execute       tidy_31 xilinx-ssdm-intrinsics-arguments E:/Vivado/array_FIFO/array_FIFO/proj_array_FIFO/solution1/.autopilot/db/array_FIFO.pragma.1.c std=gnu89 
INFO-FLOW: exec C:/Xilinx/Vivado/2019.2/win64/tools/clang-3.9-csynth/bin/tidy-3.1 -header-filter=.* -checks=-*,xilinx-ssdm-intrinsics-arguments -quiet -fix-errors E:/Vivado/array_FIFO/array_FIFO/proj_array_FIFO/solution1/.autopilot/db/array_FIFO.pragma.1.c -- -std=gnu89 -fhls -ferror-limit=0
Execute       ap_part_info -name xc7k160t-fbg484-1 -data info 
INFO-FLOW: Processing labels
Execute       clang -src E:/Vivado/array_FIFO/array_FIFO/proj_array_FIFO/solution1/.autopilot/db/array_FIFO.pragma.2.c  -fno-limit-debug-info -gcc-toolchain C:/Xilinx/Vivado/2019.2/msys -hls -hls-analyze-label -hls-analyze-pragma -fno-exceptions  -D__llvm__  -w  "E:/Vivado/array_FIFO/array_FIFO/proj_array_FIFO/solution1/.autopilot/db/array_FIFO.pragma.2.c"    -fno-math-errno -c -emit-llvm -O0  -mllvm -disable-llvm-optzns -std=gnu89  -DAESL_SYN -D__SYNTHESIS__ -D__HLS_SYN__ -I "C:/Xilinx/Vivado/2019.2/common/technology/autopilot" -I "C:/Xilinx/Vivado/2019.2/common/technology/autopilot/ap_sysc" -include etc/autopilot_ssdm_op.h -D__DSP48E1__ -g -o "E:/Vivado/array_FIFO/array_FIFO/proj_array_FIFO/solution1/.autopilot/db/array_FIFO.bc" 
INFO-FLOW: exec C:/Xilinx/Vivado/2019.2/win64/tools/clang/bin/clang -fno-limit-debug-info -gcc-toolchain C:/Xilinx/Vivado/2019.2/msys -hls -hls-analyze-label -hls-analyze-pragma -fno-exceptions -D__llvm__ -w E:/Vivado/array_FIFO/array_FIFO/proj_array_FIFO/solution1/.autopilot/db/array_FIFO.pragma.2.c -fno-math-errno -c -emit-llvm -O0 -mllvm -disable-llvm-optzns -std=gnu89 -DAESL_SYN -D__SYNTHESIS__ -D__HLS_SYN__ -I C:/Xilinx/Vivado/2019.2/common/technology/autopilot -I C:/Xilinx/Vivado/2019.2/common/technology/autopilot/ap_sysc -include etc/autopilot_ssdm_op.h -D__DSP48E1__ -g -o E:/Vivado/array_FIFO/array_FIFO/proj_array_FIFO/solution1/.autopilot/db/array_FIFO.bc
Command       clang done; 1.368 sec.
INFO-FLOW: Linking Debug ...
Execute       llvm-ld E:/Vivado/array_FIFO/array_FIFO/proj_array_FIFO/solution1/.autopilot/db/array_FIFO.g.bc -hls-opt -except-internalize array_FIFO -LC:/Xilinx/Vivado/2019.2/win64/lib -lhlsm -lhlsmc++ -o E:/Vivado/array_FIFO/array_FIFO/proj_array_FIFO/solution1/.autopilot/db/a.g 
Command       llvm-ld done; 1.155 sec.
INFO: [HLS 200-111] Finished Linking Time (s): cpu = 00:00:01 ; elapsed = 00:00:08 . Memory (MB): peak = 172.355 ; gain = 80.027
INFO: [HLS 200-111] Finished Checking Pragmas Time (s): cpu = 00:00:01 ; elapsed = 00:00:08 . Memory (MB): peak = 172.355 ; gain = 80.027
Execute       get_config_sdx -target 
Execute       opt_and_import_c a -opt_level=2 -skip_syncheck=0 -ng=0 -keep_printf=0 
Execute         cleanup_all_models 
INFO: [HLS 200-10] Starting code transformations ...
Execute         transform -promote-dbg-pointer E:/Vivado/array_FIFO/array_FIFO/proj_array_FIFO/solution1/.autopilot/db/a.pp.bc -o E:/Vivado/array_FIFO/array_FIFO/proj_array_FIFO/solution1/.autopilot/db/a.pp.0.bc -f 
Execute         llvm-ld E:/Vivado/array_FIFO/array_FIFO/proj_array_FIFO/solution1/.autopilot/db/a.pp.0.bc -disable-opt -LC:/Xilinx/Vivado/2019.2/win64/lib -lfloatconversion -o E:/Vivado/array_FIFO/array_FIFO/proj_array_FIFO/solution1/.autopilot/db/a.g.0 
Command         llvm-ld done; 0.683 sec.
INFO-FLOW: Running Standard Transforms...
Execute         transform -hls -share-std-xform -demangle-name -inline-byval-memcpy -always-inline -promote-dbg-pointer -interface-preproc -mem2reg -scalarrepl -mem2reg -keep-read-access -instcombine -dce -promote-dbg-pointer -bitop-raise -loop-simplify -indvarspre -indvars -loop-simplify -xunroll -constprop -instcombine -simplifycfg -indvars -simplifycfg -dce -globaldce -basicaa -simplifycfg -mem2reg -globalopt -global-constprop -deadargelim -instcombine -simplifycfg -prune-eh -simplifycfg -scalarrepl -instcombine -reassociate -licm -simplifycfg -loop-simplify -indvars -instcombine -simplifycfg -mem2reg -loop-simplify -indvars -instcombine -gvn -gvn -instcombine -adce -break-crit-edges -simplifycfg -loop-delete -global-array-opt -dce -dse -adce -find-syn-modules -top array_FIFO -deadargelim -mem2reg -instcombine -dce -presyn-prepare -auto-rom-infer -interface-preproc -syn-check -check-rec-only -find-region -simplifycfg -func-extr -function-inline -globaldce -mem2reg -instcombine -dce -gvn -globaldce -adce -adse -constprop -instcombine -bit-constprop -instcombine -dce -simplifycfg -bitop-raise -simplifycfg -dce -loop-delete -reassociate -globalopt -global-privatize -mem2reg -dce -global-constprop -pointer-simplify -constprop -dce -func-inst -deadargelim -auto-shift-reg-idiom -promote-dbg-pointer -norm-name E:/Vivado/array_FIFO/array_FIFO/proj_array_FIFO/solution1/.autopilot/db/a.g.0.bc -o E:/Vivado/array_FIFO/array_FIFO/proj_array_FIFO/solution1/.autopilot/db/a.g.1.bc -f -phase std-opt 
INFO: [HLS 200-111] Finished Standard Transforms Time (s): cpu = 00:00:01 ; elapsed = 00:00:08 . Memory (MB): peak = 172.355 ; gain = 80.027
INFO: [HLS 200-10] Checking synthesizability ...
INFO-FLOW: Checking Synthesizability 1/2..
Execute         transform -hls -syn-check -check-rec-only -disaggr -scalarrepl -norm-name -dce -mem2reg -instcombine -function-uniquify -directive-preproc -mem2reg -dse -dce -auto-rom-infer -dce -pag -array-normalize -instcombine -dce -warn-fifo-pointer -array-seg-normalize -instcombine -dce -array-flatten -instcombine -dce -array-burst -dce -deadargelim -promote-global-argument -simplifycfg -mem2reg -globaldce -dce -deadargelim -dce -instcombine -function-inline -globaldce -dce -doublePtrSimplify -doublePtrElim -dce -doublePtrSimplify -promote-dbg-pointer -dce -scalarrepl -dse -adse -instcombine -ptrLegalization -simplifycfg -dce -instcombine -pointer-simplify -ptrArgReplace -dce -instcombine -resolve-double-ptr -disaggr -scalarrepl -norm-name -dce -mem2reg -instcombine -ptrLegalization -simplifycfg -deadargelim -instcombine -dce -inst-simplify -function-uniquify -directive-preproc -mem2reg -dse -dce -globaldce -check-dspbuiltin E:/Vivado/array_FIFO/array_FIFO/proj_array_FIFO/solution1/.autopilot/db/a.g.1.bc -o E:/Vivado/array_FIFO/array_FIFO/proj_array_FIFO/solution1/.autopilot/db/a.g.2.prechk.bc -f 
INFO-FLOW: Checking Synthesizability 2/2..
Execute         transform -syn-check E:/Vivado/array_FIFO/array_FIFO/proj_array_FIFO/solution1/.autopilot/db/a.g.2.prechk.bc -o E:/Vivado/array_FIFO/array_FIFO/proj_array_FIFO/solution1/.autopilot/db/a.g.2.bc -f -phase syn-check 
INFO: [HLS 200-111] Finished Checking Synthesizability Time (s): cpu = 00:00:01 ; elapsed = 00:00:08 . Memory (MB): peak = 172.355 ; gain = 80.027
INFO-FLOW: Compiler optimizing ...
INFO-FLOW: Share syncheck's 1.bc for syn flow: copy E:/Vivado/array_FIFO/array_FIFO/proj_array_FIFO/solution1/.autopilot/db/a.g.1.bc to E:/Vivado/array_FIFO/array_FIFO/proj_array_FIFO/solution1/.autopilot/db/a.o.1.bc
INFO-FLOW: Presyn 1...
Execute         transform -hls -tmp E:/Vivado/array_FIFO/array_FIFO/proj_array_FIFO/solution1/.autopilot/db -interface-port-rename -type-info -function-uniquify -directive-preproc -mem2reg -dse -dce -disaggr -scalarrepl -norm-name -deadargelim -mem2reg -instcombine -dce -simplifycfg -auto-rom-infer -dce -function-uniquify -resource-proc -clib-intrinsic-prepare -dce -func-buffer -dce -pag -array-normalize -func-legal -instcombine -gvn -constprop -dce -simplifycfg -mem2reg -globaldce -resolve-double-ptr -dce -deadargelim -dce -instcombine -ptrArgReplace -mem2reg -dce -array-seg-normalize -deadargelim -instcombine -dce -pointer-simplify -dce -port-alignment -dce -interface-preproc -data-pack -instcombine -dce -basicaa -aggr-aa -aggrmodref-aa -aggr-aa -gvn -gvn -basicaa -aggr-aa -aggrmodref-aa -aggr-aa -dse -adse -adce -loop-simplify -indvars -instcombine -gvn -loop-simplify -mem2reg -dce -find-region -instcombine -auto-loop-pipeline -inst-simplify -interface-preproc -cfgopt -instcombine -indvars -auto-loop-unroll -loop-simplify -loop-bound -xunroll -constprop -instcombine -simplifycfg -indvars -simplifycfg -dce -globaldce -clean-region -attach-range -gvn -inst-simplify -constprop -simplifycfg -dce -pointer-simplify -dce -globalopt -constprop -dce -array-promote -constprop -dce -ptrArgReplace -mem2reg -simplifycfg -dce -auto-par -instcombine -dce -array-transform-check -array-reshape -instcombine -simplifycfg -dce -ptrArgReplace -deadargelim -mem2reg -instcombine -simplifycfg -dce -indvars -loop-simplify -loop-bound -xunroll -constprop -instcombine -simplifycfg -indvars -simplifycfg -dce -globaldce -basicaa -aggr-aa -aggrmodref-aa -aggr-aa -dse -duplicate-dataflow-processes -globaldce -instcombine -array-partition -instcombine -simplifycfg -dce -ptrArgReplace -global-constprop -deadargelim -mem2reg -func-legal -dce -global-constprop -deadargelim -mem2reg -simplifycfg -dce -merge-param -deadargelim -globalopt -constprop -dce -array-promote -constprop -dce -ptrArgReplace -mem2reg -simplifycfg -dce -mem-intrinsic-preproc -dce -global-internalize -global-privatize -mem2reg -globaldce -promote-global-argument -ptrArgReplace -mem2reg -dce -globalopt -mergereturn -simplify-global-access -mem2reg -dce -pointer-simplify -dce -functionattrs -basicaa -aggr-aa -aggrmodref-aa -aggr-aa -gvn -gvn -basicaa -aggr-aa -aggrmodref-aa -aggr-aa -dse -adse -adce -dce -norm-name -function-inline -complex-op-raise -inst-simplify -globaldce -func-inst -constprop -instcombine -simplifycfg -dce -func-legal -dce -loop-bound -arraycheck -bitwidthmin -on-by-dataflow -loop-delete -instcombine -simplifycfg -globaldce -dce -gvn -deadargelim -dce -loop-simplify -clean-region -simplifycfg -propagate-stable-arguments -loop-stream -instcombine -simplifycfg -dce -globaldce -duplicate-dataflow-processes -stream-intrinsic-preproc -dce -check-ap-stream -loop-simplify -eliminate-keepreads -extract-dataflow-in-loop -loop-simplify -dce -gvn -deadargelim -dse -check-dataflow-syntax -legalize-stream-variable -legalize-global -extract-subproc -dce -dead-channel-elimination -canonicalize-gep -globaldce -dce -gvn -deadargelim -annotate-dataflow-channels -scalar-propagation -deadargelim -globaldce -mem2reg -check-dataflow-channels -function-stream -dce -globaldce -prop-fifo-spec -internal-stream-gen -canonicalize-gep -globaldce -dce -gvn -deadargelim -mergereturn -indvars -loop-simplify -instcombine -array-stream -array-seg-normalize -array-partition -func-legal -instcombine -simplifycfg -dce -bundle-memfifo-ops -deadargelim -function-uniquify -directive-preproc -mem2reg -dse -dce -group-axi-access -licm -simplifycfg -dce -loop-delete -norm-name E:/Vivado/array_FIFO/array_FIFO/proj_array_FIFO/solution1/.autopilot/db/a.o.1.bc -o E:/Vivado/array_FIFO/array_FIFO/proj_array_FIFO/solution1/.autopilot/db/a.o.1.tmp.bc -f 
WARNING: [XFORM 203-124] Array  'd_i': may have improper streaming access(es), possible reasons: (1) some entries are accessed more than once; (2) some entries are not used; (3) the entries are not accessed in sequential order.
INFO-FLOW: Presyn 2...
Execute         transform -hls -keep-callgraph -scalarrepl -mem2reg -port-alignment -attach-range -dce -pipe-mux-gen -indvars -loop-bound -inst-simplify -instcombine -dce -merge-array-access -mem2reg -dce -clean-region -mergereturn -if-conv -instcombine -dce -constprop -basicaa -aggr-aa -aggrmodref-aa -aggr-aa -gvn -gvn -basicaa -aggr-aa -aggrmodref-aa -aggr-aa -dse -adse -adce -scalarrepl -mem2reg -global-constprop -deadargelim -deadargelim -instcombine -dce -simplifycfg -ptrArgReplace -mem2reg -function-inline -globaldce -mem2reg -instcombine -dce -expr-balance -instcombine -dce -bitwidthmin -interface-preproc -directive-preproc -inst-rectify -instcombine -dce -functionattrs -constprop -instcombine -bit-constprop -simplify-global-access -globalopt -globaldce -inst-simplify -instcombine -elimdeaddata -dce -loop-delete -simplifycfg -loop-simplify -auto-burst -norm-name E:/Vivado/array_FIFO/array_FIFO/proj_array_FIFO/solution1/.autopilot/db/a.o.1.tmp.bc -o E:/Vivado/array_FIFO/array_FIFO/proj_array_FIFO/solution1/.autopilot/db/a.o.2.bc -f -phase presyn 
INFO: [HLS 200-111] Finished Pre-synthesis Time (s): cpu = 00:00:01 ; elapsed = 00:00:09 . Memory (MB): peak = 172.355 ; gain = 80.027
INFO-FLOW: Building ssdm...
Execute         transform -hls -function-uniquify -auto-function-inline -globaldce -ptrArgReplace -mem2reg -dce -reset-lda -loop-simplify -indvars -licm -loop-dep -loop-bound -licm -loop-simplify -flattenloopnest -array-flatten -gvn -instcombine -dce -array-map -dce -func-legal -gvn -adce -instcombine -cfgopt -simplifycfg -loop-simplify -array-burst -promote-global-argument -dce -ptrLegalization -axi4-lower -array-seg-normalize -basicaa -aggrmodref-aa -globalsmodref-aa -aggr-aa -gvn -gvn -basicaa -aggrmodref-aa -globalsmodref-aa -aggr-aa -dse -adse -adce -licm -inst-simplify -dce -globaldce -instcombine -array-stream -eliminate-keepreads -instcombine -dce -deadargelim -doublePtrSimplify -doublePtrElim -dce -doublePtrSimplify -promote-dbg-pointer -dce -scalarrepl -mem2reg -disaggr -norm-name -mem2reg -instcombine -dse -adse -adce -ptrLegalization -dce -auto-rom-infer -array-flatten -dce -instcombine -check-doubleptr -loop-rot -constprop -cfgopt -simplifycfg -loop-simplify -indvars -pointer-simplify -dce -loop-bound -loop-simplify -loop-preproc -constprop -global-constprop -gvn -mem2reg -instcombine -dce -loop-bound -loop-merge -dce -bitwidthmin -deadargelim -dce -canonicalize-dataflow -dce -scalar-propagation -deadargelim -globaldce -mem2reg -read-loop-dep -interface-preproc -directive-preproc -interface-gen -bram-byte-enable -deadargelim -inst-simplify -dce -gvn -mem2reg -instcombine -dce -adse -loop-bound -instcombine -cfgopt -simplifycfg -loop-simplify -clean-region -io-protocol -find-region -mem2reg -bitop-raise -complex-op-raise -inst-simplify -inst-rectify -instcombine -adce -deadargelim -loop-simplify -phi-opt -bitop-raise -cfgopt -simplifycfg -strip-dead-prototypes -interface-lower -bitop-lower -intrinsic-lower -auto-function-inline -basicaa -aggrmodref-aa -globalsmodref-aa -aggr-aa -inst-simplify -simplifycfg -loop-simplify -mergereturn -inst-simplify -inst-rectify -dce -load-elim -bitop-lower -loop-rewind -pointer-simplify -dce -cfgopt -dce -loop-bound -loop-dep -read-loop-dep -dce -check-stream -norm-name -legalize -validate-dataflow -inst-clarity -bitwidth -dump-loop-dep-to-ir -check-all-ssdm -cdfg-build E:/Vivado/array_FIFO/array_FIFO/proj_array_FIFO/solution1/.autopilot/db/a.o.2.bc -o E:/Vivado/array_FIFO/array_FIFO/proj_array_FIFO/solution1/.autopilot/db/a.o.3.bc -f -phase build-ssdm 
INFO: [HLS 200-111] Finished Architecture Synthesis Time (s): cpu = 00:00:01 ; elapsed = 00:00:09 . Memory (MB): peak = 172.355 ; gain = 80.027
INFO-FLOW: Finish building internal data model.
Command       opt_and_import_c done; 0.87 sec.
Command     elaborate done; 6.708 sec.
Execute     autosyn -from_csynth_design=1 
INFO: [HLS 200-10] Starting hardware synthesis ...
INFO-FLOW: Synthesizing C/C++ design ...
INFO: [HLS 200-10] Synthesizing 'array_FIFO' ...
Execute       ap_set_top_model array_FIFO 
Execute       get_model_list array_FIFO -filter all-wo-channel -topdown 
Execute       preproc_iomode -model array_FIFO 
Execute       get_model_list array_FIFO -filter all-wo-channel 
INFO-FLOW: Model list for configure: array_FIFO
INFO-FLOW: Configuring Module : array_FIFO ...
Execute       set_default_model array_FIFO 
Execute       apply_spec_resource_limit array_FIFO 
INFO-FLOW: Model list for preprocess: array_FIFO
INFO-FLOW: Preprocessing Module: array_FIFO ...
Execute       set_default_model array_FIFO 
Execute       cdfg_preprocess -model array_FIFO 
Execute       rtl_gen_preprocess array_FIFO 
INFO-FLOW: Model list for synthesis: array_FIFO
INFO: [HLS 200-10] ----------------------------------------------------------------
INFO: [HLS 200-42] -- Implementing module 'array_FIFO' 
INFO: [HLS 200-10] ----------------------------------------------------------------
Execute       set_default_model array_FIFO 
Execute       schedule -model array_FIFO 
INFO: [SCHED 204-11] Starting scheduling ...
INFO: [SCHED 204-11] Finished scheduling.
INFO: [HLS 200-111]  Elapsed time: 8.711 seconds; current allocated memory: 90.294 MB.
Execute       syn_report -verbosereport -o E:/Vivado/array_FIFO/array_FIFO/proj_array_FIFO/solution1/.autopilot/db/array_FIFO.verbose.sched.rpt 
Execute       db_write -o E:/Vivado/array_FIFO/array_FIFO/proj_array_FIFO/solution1/.autopilot/db/array_FIFO.sched.adb -f 
INFO-FLOW: Finish scheduling array_FIFO.
Execute       set_default_model array_FIFO 
Execute       bind -model array_FIFO 
BIND OPTION: model=array_FIFO
INFO: [BIND 205-100] Starting micro-architecture generation ...
INFO: [BIND 205-101] Performing variable lifetime analysis.
INFO: [BIND 205-101] Exploring resource sharing.
INFO: [BIND 205-101] Binding ...
INFO: [BIND 205-100] Finished micro-architecture generation.
INFO: [HLS 200-111]  Elapsed time: 0.053 seconds; current allocated memory: 90.390 MB.
Execute       syn_report -verbosereport -o E:/Vivado/array_FIFO/array_FIFO/proj_array_FIFO/solution1/.autopilot/db/array_FIFO.verbose.bind.rpt 
Execute       db_write -o E:/Vivado/array_FIFO/array_FIFO/proj_array_FIFO/solution1/.autopilot/db/array_FIFO.bind.adb -f 
INFO-FLOW: Finish binding array_FIFO.
Execute       get_model_list array_FIFO -filter all-wo-channel 
INFO-FLOW: Preprocessing for RTLGen ...
Execute       rtl_gen_preprocess array_FIFO 
INFO-FLOW: Model list for RTL generation: array_FIFO
INFO: [HLS 200-10] ----------------------------------------------------------------
INFO: [HLS 200-10] -- Generating RTL for module 'array_FIFO' 
INFO: [HLS 200-10] ----------------------------------------------------------------
Execute       get_config_rtl -module_prefix 
Execute       get_config_rtl -module_auto_prefix 
Execute       create_rtl_model array_FIFO -vendor xilinx -mg_file E:/Vivado/array_FIFO/array_FIFO/proj_array_FIFO/solution1/.autopilot/db/array_FIFO.compgen.tcl 
INFO: [RTGEN 206-500] Setting interface mode on port 'array_FIFO/d_o' to 'ap_fifo'.
INFO: [RTGEN 206-500] Setting interface mode on port 'array_FIFO/d_i' to 'ap_fifo'.
INFO: [RTGEN 206-500] Setting interface mode on port 'array_FIFO/idx' to 'ap_memory'.
INFO: [RTGEN 206-500] Setting interface mode on function 'array_FIFO' to 'ap_ctrl_hs'.
WARNING: [RTGEN 206-101] Port 'array_FIFO/idx_address0' has no fanin or fanout and is left dangling.
               Please use C simulation to confirm this function argument can be read from or written to.
WARNING: [RTGEN 206-101] Setting dangling out port 'array_FIFO/idx_address0' to 0.
WARNING: [RTGEN 206-101] Port 'array_FIFO/idx_ce0' has no fanin or fanout and is left dangling.
               Please use C simulation to confirm this function argument can be read from or written to.
WARNING: [RTGEN 206-101] Setting dangling out port 'array_FIFO/idx_ce0' to 0.
WARNING: [RTGEN 206-101] Port 'array_FIFO/idx_we0' has no fanin or fanout and is left dangling.
               Please use C simulation to confirm this function argument can be read from or written to.
WARNING: [RTGEN 206-101] Setting dangling out port 'array_FIFO/idx_we0' to 0.
WARNING: [RTGEN 206-101] Port 'array_FIFO/idx_d0' has no fanin or fanout and is left dangling.
               Please use C simulation to confirm this function argument can be read from or written to.
WARNING: [RTGEN 206-101] Setting dangling out port 'array_FIFO/idx_d0' to 0.
WARNING: [RTGEN 206-101] Port 'array_FIFO/idx_q0' has no fanin or fanout and is left dangling.
               Please use C simulation to confirm this function argument can be read from or written to.
WARNING: [RTGEN 206-101] Port 'array_FIFO/idx_address1' has no fanin or fanout and is left dangling.
               Please use C simulation to confirm this function argument can be read from or written to.
WARNING: [RTGEN 206-101] Setting dangling out port 'array_FIFO/idx_address1' to 0.
WARNING: [RTGEN 206-101] Port 'array_FIFO/idx_ce1' has no fanin or fanout and is left dangling.
               Please use C simulation to confirm this function argument can be read from or written to.
WARNING: [RTGEN 206-101] Setting dangling out port 'array_FIFO/idx_ce1' to 0.
WARNING: [RTGEN 206-101] Port 'array_FIFO/idx_we1' has no fanin or fanout and is left dangling.
               Please use C simulation to confirm this function argument can be read from or written to.
WARNING: [RTGEN 206-101] Setting dangling out port 'array_FIFO/idx_we1' to 0.
WARNING: [RTGEN 206-101] Port 'array_FIFO/idx_d1' has no fanin or fanout and is left dangling.
               Please use C simulation to confirm this function argument can be read from or written to.
WARNING: [RTGEN 206-101] Setting dangling out port 'array_FIFO/idx_d1' to 0.
WARNING: [RTGEN 206-101] Port 'array_FIFO/idx_q1' has no fanin or fanout and is left dangling.
               Please use C simulation to confirm this function argument can be read from or written to.
INFO: [RTGEN 206-100] Finished creating RTL model for 'array_FIFO'.
INFO: [HLS 200-111]  Elapsed time: 0.228 seconds; current allocated memory: 90.569 MB.
Execute       source E:/Vivado/array_FIFO/array_FIFO/proj_array_FIFO/solution1/.autopilot/db/array_FIFO.rtl_wrap.cfg.tcl 
Execute       gen_rtl array_FIFO -istop -style xilinx -tracefl mytrace -tracefmt vcd -traceopt all -f -lang sc -o E:/Vivado/array_FIFO/array_FIFO/proj_array_FIFO/solution1/syn/systemc/array_FIFO -synmodules array_FIFO 
Execute       gen_rtl array_FIFO -istop -style xilinx -f -lang vhdl -o E:/Vivado/array_FIFO/array_FIFO/proj_array_FIFO/solution1/syn/vhdl/array_FIFO 
Execute       gen_rtl array_FIFO -istop -style xilinx -f -lang vlog -o E:/Vivado/array_FIFO/array_FIFO/proj_array_FIFO/solution1/syn/verilog/array_FIFO 
Execute       syn_report -csynth -model array_FIFO -o E:/Vivado/array_FIFO/array_FIFO/proj_array_FIFO/solution1/syn/report/array_FIFO_csynth.rpt 
Execute       syn_report -rtlxml -model array_FIFO -o E:/Vivado/array_FIFO/array_FIFO/proj_array_FIFO/solution1/syn/report/array_FIFO_csynth.xml 
Execute       syn_report -verbosereport -model array_FIFO -o E:/Vivado/array_FIFO/array_FIFO/proj_array_FIFO/solution1/.autopilot/db/array_FIFO.verbose.rpt 
Execute       db_write -model array_FIFO -f -o E:/Vivado/array_FIFO/array_FIFO/proj_array_FIFO/solution1/.autopilot/db/array_FIFO.adb 
Execute       gen_tb_info array_FIFO -p E:/Vivado/array_FIFO/array_FIFO/proj_array_FIFO/solution1/.autopilot/db -o E:/Vivado/array_FIFO/array_FIFO/proj_array_FIFO/solution1/.autopilot/db/array_FIFO 
Execute       export_constraint_db -f -tool general -o E:/Vivado/array_FIFO/array_FIFO/proj_array_FIFO/solution1/.autopilot/db/array_FIFO.constraint.tcl 
Execute       syn_report -designview -model array_FIFO -o E:/Vivado/array_FIFO/array_FIFO/proj_array_FIFO/solution1/.autopilot/db/array_FIFO.design.xml 
Execute       get_config_rtl -disable_wave_debug 
Execute       syn_report -wcfg -model array_FIFO -o E:/Vivado/array_FIFO/array_FIFO/proj_array_FIFO/solution1/.autopilot/db/array_FIFO_dataflow_ana.wcfg 
Execute       syn_report -protoinst -model array_FIFO -o E:/Vivado/array_FIFO/array_FIFO/proj_array_FIFO/solution1/.autopilot/db/array_FIFO.protoinst 
Execute       get_config_debug -directory 
Execute       sc_get_clocks array_FIFO 
Execute       get_config_export -vivado_clock 
Execute       sc_get_portdomain array_FIFO 
INFO-FLOW: Model list for RTL component generation: array_FIFO
INFO-FLOW: Handling components in module [array_FIFO] ... 
Execute       source E:/Vivado/array_FIFO/array_FIFO/proj_array_FIFO/solution1/.autopilot/db/array_FIFO.compgen.tcl 
INFO-FLOW: Append model array_FIFO
INFO-FLOW: Generating RTL model list ...
INFO-FLOW: All models in this session: array_FIFO
INFO-FLOW: To file: write model array_FIFO
INFO-FLOW: Finished generating RTL model list.


INFO-FLOW: RTL Generation done.
INFO-FLOW: CAS Generation done.
INFO-FLOW: CBC Generation done.
Execute       syn_report -model array_FIFO -printsummary 
INFO: [HLS 200-790] **** Loop Constraint Status: All loop constraints were satisfied.
INFO: [HLS 200-789] **** Estimated Fmax: 285.71 MHz
INFO-FLOW: DBG:CMD: auto_generate_csynth_design
INFO-FLOW: DBG:CMD:     auto_generate --sim-model -phase csynth_design -d E:/Vivado/array_FIFO/array_FIFO/proj_array_FIFO/solution1
Execute       source E:/Vivado/array_FIFO/array_FIFO/proj_array_FIFO/solution1/.autopilot/db/global.setting.tcl 
INFO-FLOW: DBG:CMD: read_platform_lib E:/Vivado/array_FIFO/array_FIFO/proj_array_FIFO/solution1/.autopilot/db/global.setting.tcl
Execute       source C:/Xilinx/Vivado/2019.2/common/technology/generic/autopilot/common.gen 
Execute         source C:/Xilinx/Vivado/2019.2/common/technology/generic/autopilot/APCoreGen.gen 
Execute       source C:/Xilinx/Vivado/2019.2/common/technology/generic/autopilot/op.gen 
Execute       source C:/Xilinx/Vivado/2019.2/common/technology/generic/autopilot/op_simcore.gen 
Execute       source C:/Xilinx/Vivado/2019.2/common/technology/generic/autopilot/interface.gen 
Execute       source E:/Vivado/array_FIFO/array_FIFO/proj_array_FIFO/solution1/.autopilot/db/global.setting.tcl 
Execute       source C:/Xilinx/Vivado/2019.2/common/technology/xilinx/kintex7/kintex7.gen 
Execute         source C:/Xilinx/Vivado/2019.2/common/technology/xilinx/common/xilinx.gen 
Execute           source C:/Xilinx/Vivado/2019.2/common/technology/xilinx/interface/plb46.gen 
Execute           source C:/Xilinx/Vivado/2019.2/common/technology/xilinx/interface/fsl.gen 
Execute           source C:/Xilinx/Vivado/2019.2/common/technology/xilinx/interface/axi4.gen 
Execute           source C:/Xilinx/Vivado/2019.2/common/technology/xilinx/interface/nativeAXI4.gen 
Execute             source C:/Xilinx/Vivado/2019.2/common/technology/xilinx/interface/saxilite.gen 
Execute             source C:/Xilinx/Vivado/2019.2/common/technology/xilinx/interface/maxi.gen 
Execute           source C:/Xilinx/Vivado/2019.2/common/technology/xilinx/scripts/xilinxcoregen.gen 
Execute           source C:/Xilinx/Vivado/2019.2/common/technology/xilinx/interface/XilEDKCoreGen.gen 
Execute           source C:/Xilinx/Vivado/2019.2/common/technology/xilinx/ip/dds_compiler.gen 
Execute           source C:/Xilinx/Vivado/2019.2/common/technology/xilinx/ip/util.gen 
Execute           source C:/Xilinx/Vivado/2019.2/common/technology/xilinx/ip/xfft.gen 
Execute           source C:/Xilinx/Vivado/2019.2/common/technology/xilinx/ip/xfir.gen 
Execute           source C:/Xilinx/Vivado/2019.2/common/technology/xilinx/common/dsp48.gen 
Command         ap_source done; 0.14 sec.
Command       ap_source done; 0.14 sec.
Execute       source C:/Xilinx/Vivado/2019.2/common/technology/xilinx/kintex7/kintex7_fpv6.gen 
Execute         source C:/Xilinx/Vivado/2019.2/common/technology/xilinx/common/xilinx_fp.gen 
INFO-FLOW: DBG:CMD:   using AESL_AUTOCG::g_clock_period=4.000 (was NA)
INFO-FLOW: DBG:CMD:       generate_ip_cores sim=1 export=0 expOnly=0 dstVlogDir=syn/verilog
Execute       source E:/Vivado/array_FIFO/array_FIFO/proj_array_FIFO/solution1/.autopilot/db/global.setting.tcl 
Execute       ap_part_info -name xc7k160t-fbg484-1 -data names -quiet 
Execute       ap_part_info -name xc7k160t-fbg484-1 -data info -quiet 
Execute       source E:/Vivado/array_FIFO/array_FIFO/proj_array_FIFO/solution1/.autopilot/db/global.setting.tcl 
Execute       source E:/Vivado/array_FIFO/array_FIFO/proj_array_FIFO/solution1/.autopilot/db/global.setting.tcl 
Execute       source E:/Vivado/array_FIFO/array_FIFO/proj_array_FIFO/solution1/.autopilot/db/array_FIFO.compgen.tcl 
INFO-FLOW: DBG:CMD:     auto_generate -export -impltomg_flag -rtl both -tool Vivado -pcore_version 1.00.a -phase csynth_design -d E:/Vivado/array_FIFO/array_FIFO/proj_array_FIFO/solution1
Execute       source E:/Vivado/array_FIFO/array_FIFO/proj_array_FIFO/solution1/.autopilot/db/global.setting.tcl 
INFO-FLOW: DBG:CMD: read_platform_lib E:/Vivado/array_FIFO/array_FIFO/proj_array_FIFO/solution1/.autopilot/db/global.setting.tcl
Execute       source C:/Xilinx/Vivado/2019.2/common/technology/generic/autopilot/common.gen 
Execute         source C:/Xilinx/Vivado/2019.2/common/technology/generic/autopilot/APCoreGen.gen 
Execute       source C:/Xilinx/Vivado/2019.2/common/technology/generic/autopilot/op.gen 
Execute       source C:/Xilinx/Vivado/2019.2/common/technology/generic/autopilot/op_simcore.gen 
Execute       source C:/Xilinx/Vivado/2019.2/common/technology/generic/autopilot/interface.gen 
Execute       source E:/Vivado/array_FIFO/array_FIFO/proj_array_FIFO/solution1/.autopilot/db/global.setting.tcl 
Execute       source C:/Xilinx/Vivado/2019.2/common/technology/xilinx/kintex7/kintex7.gen 
Execute         source C:/Xilinx/Vivado/2019.2/common/technology/xilinx/common/xilinx.gen 
Execute           source C:/Xilinx/Vivado/2019.2/common/technology/xilinx/interface/plb46.gen 
Execute           source C:/Xilinx/Vivado/2019.2/common/technology/xilinx/interface/fsl.gen 
Execute           source C:/Xilinx/Vivado/2019.2/common/technology/xilinx/interface/axi4.gen 
Execute           source C:/Xilinx/Vivado/2019.2/common/technology/xilinx/interface/nativeAXI4.gen 
Execute             source C:/Xilinx/Vivado/2019.2/common/technology/xilinx/interface/saxilite.gen 
Execute             source C:/Xilinx/Vivado/2019.2/common/technology/xilinx/interface/maxi.gen 
Execute           source C:/Xilinx/Vivado/2019.2/common/technology/xilinx/scripts/xilinxcoregen.gen 
Execute           source C:/Xilinx/Vivado/2019.2/common/technology/xilinx/interface/XilEDKCoreGen.gen 
Execute           source C:/Xilinx/Vivado/2019.2/common/technology/xilinx/ip/dds_compiler.gen 
Execute           source C:/Xilinx/Vivado/2019.2/common/technology/xilinx/ip/util.gen 
Execute           source C:/Xilinx/Vivado/2019.2/common/technology/xilinx/ip/xfft.gen 
Command           ap_source done; 0.103 sec.
Execute           source C:/Xilinx/Vivado/2019.2/common/technology/xilinx/ip/xfir.gen 
Execute           source C:/Xilinx/Vivado/2019.2/common/technology/xilinx/common/dsp48.gen 
Command         ap_source done; 0.144 sec.
Command       ap_source done; 0.144 sec.
Execute       source C:/Xilinx/Vivado/2019.2/common/technology/xilinx/kintex7/kintex7_fpv6.gen 
Execute         source C:/Xilinx/Vivado/2019.2/common/technology/xilinx/common/xilinx_fp.gen 
INFO-FLOW: DBG:CMD:       initCTypeInfo top_module=array_FIFO xml_exists=0
Execute       source E:/Vivado/array_FIFO/array_FIFO/proj_array_FIFO/solution1/.autopilot/db/array_FIFO.rtl_wrap.cfg.tcl 
Execute       source E:/Vivado/array_FIFO/array_FIFO/proj_array_FIFO/solution1/.autopilot/db/array_FIFO.rtl_wrap.cfg.tcl 
Execute       source E:/Vivado/array_FIFO/array_FIFO/proj_array_FIFO/solution1/.autopilot/db/array_FIFO.rtl_wrap.cfg.tcl 
Execute       source E:/Vivado/array_FIFO/array_FIFO/proj_array_FIFO/solution1/.autopilot/db/array_FIFO.tbgen.tcl 
Execute       source E:/Vivado/array_FIFO/array_FIFO/proj_array_FIFO/solution1/.autopilot/db/array_FIFO.tbgen.tcl 
INFO-FLOW: DBG:CMD:       export_impl_rtl
INFO-FLOW: DBG:CMD:       generate_ip_cores sim=0 export=0 expOnly=0 dstVlogDir=impl/.verilog
Execute       source E:/Vivado/array_FIFO/array_FIFO/proj_array_FIFO/solution1/.autopilot/db/global.setting.tcl 
Execute       source E:/Vivado/array_FIFO/array_FIFO/proj_array_FIFO/solution1/.autopilot/db/array_FIFO.compgen.tcl 
INFO-FLOW: DBG:CMD:       generate_ip_cores sim=0 export=1 expOnly=1 dstVlogDir=impl/.pcores/verilog
Execute       source E:/Vivado/array_FIFO/array_FIFO/proj_array_FIFO/solution1/.autopilot/db/global.setting.tcl 
Execute       source E:/Vivado/array_FIFO/array_FIFO/proj_array_FIFO/solution1/.autopilot/db/array_FIFO.compgen.tcl 
Execute         ap_part_info -name xc7k160t-fbg484-1 -data names -quiet 
Execute         ap_part_info -name xc7k160t-fbg484-1 -data info -quiet 
Execute         ap_part_info -name xc7k160t-fbg484-1 -data names -quiet 
Execute         ap_part_info -name xc7k160t-fbg484-1 -data info -quiet 
Execute         ap_part_info -name xc7k160t-fbg484-1 -data names -quiet 
Execute         ap_part_info -name xc7k160t-fbg484-1 -data info -quiet 
Execute         ap_part_info -name xc7k160t-fbg484-1 -data names -quiet 
Execute         ap_part_info -name xc7k160t-fbg484-1 -data info -quiet 
Execute         ap_part_info -name xc7k160t-fbg484-1 -data names -quiet 
Execute         ap_part_info -name xc7k160t-fbg484-1 -data info -quiet 
Execute         ap_part_info -name xc7k160t-fbg484-1 -data names -quiet 
Execute         ap_part_info -name xc7k160t-fbg484-1 -data info -quiet 
Execute         ap_part_info -name xc7k160t-fbg484-1 -data names -quiet 
Execute         ap_part_info -name xc7k160t-fbg484-1 -data info -quiet 
Execute         ap_part_info -name xc7k160t-fbg484-1 -data names -quiet 
Execute         ap_part_info -name xc7k160t-fbg484-1 -data info -quiet 
Execute         ap_part_info -name xc7k160t-fbg484-1 -data names -quiet 
Execute         ap_part_info -name xc7k160t-fbg484-1 -data info -quiet 
Execute       ap_part_info -name xc7k160t-fbg484-1 -data names -quiet 
Execute       ap_part_info -name xc7k160t-fbg484-1 -data info -quiet 
INFO-FLOW: DBG:CMD:       generate_ip_cores sim=0 export=0 expOnly=0 dstVlogDir=impl/.pcores/verilog_sim
Execute       source E:/Vivado/array_FIFO/array_FIFO/proj_array_FIFO/solution1/.autopilot/db/global.setting.tcl 
Execute       source E:/Vivado/array_FIFO/array_FIFO/proj_array_FIFO/solution1/.autopilot/db/array_FIFO.compgen.tcl 
Execute       ap_part_info -name xc7k160t-fbg484-1 -data names -quiet 
Execute       ap_part_info -name xc7k160t-fbg484-1 -data info -quiet 
Execute       ap_part_info -name xc7k160t-fbg484-1 -data names -quiet 
Execute       ap_part_info -name xc7k160t-fbg484-1 -data info -quiet 
Execute       source E:/Vivado/array_FIFO/array_FIFO/proj_array_FIFO/solution1/.autopilot/db/global.setting.tcl 
Execute       ap_part_info -name xc7k160t-fbg484-1 -data names -quiet 
Execute       ap_part_info -name xc7k160t-fbg484-1 -data info -quiet 
Execute       source E:/Vivado/array_FIFO/array_FIFO/proj_array_FIFO/solution1/.autopilot/db/array_FIFO.constraint.tcl 
Execute       source E:/Vivado/array_FIFO/array_FIFO/proj_array_FIFO/solution1/.autopilot/db/array_FIFO.tbgen.tcl 
INFO-FLOW: DBG:CMD:       hasPcoreIpAdapter=false #gSsdmPorts=6
INFO-FLOW: DBG:CMD: Skipping loadAnalyze_DB, #g_database=3
INFO-FLOW: DBG:CMD:       generate_json is_phase_csynth=1 g_has_adaptors=false generate_bd_files=0 #modelList=1 #gSsdmPorts=6
Execute       source C:/Xilinx/Vivado/2019.2/tps/tcl/tcllib1.11.1/fileutil/fileutil.tcl 
Execute       source E:/Vivado/array_FIFO/array_FIFO/proj_array_FIFO/solution1/.autopilot/db/global.setting.tcl 
Execute       source E:/Vivado/array_FIFO/array_FIFO/proj_array_FIFO/solution1/.autopilot/db/global.setting.tcl 
Execute       get_config_export -xo 
Execute       source E:/Vivado/array_FIFO/array_FIFO/proj_array_FIFO/solution1/.autopilot/db/array_FIFO.tbgen.tcl 
Execute       source E:/Vivado/array_FIFO/array_FIFO/proj_array_FIFO/solution1/.autopilot/db/array_FIFO.tbgen.tcl 
Execute       source E:/Vivado/array_FIFO/array_FIFO/proj_array_FIFO/solution1/.autopilot/db/array_FIFO.tbgen.tcl 
Execute       source E:/Vivado/array_FIFO/array_FIFO/proj_array_FIFO/solution1/.autopilot/db/array_FIFO.tbgen.tcl 
Execute       source E:/Vivado/array_FIFO/array_FIFO/proj_array_FIFO/solution1/.autopilot/db/array_FIFO.tbgen.tcl 
Execute       source E:/Vivado/array_FIFO/array_FIFO/proj_array_FIFO/solution1/.autopilot/db/global.setting.tcl 
Execute       get_config_sdx -target 
Execute       source E:/Vivado/array_FIFO/array_FIFO/proj_array_FIFO/solution1/.autopilot/db/array_FIFO.rtl_wrap.cfg.tcl 
Execute       source E:/Vivado/array_FIFO/array_FIFO/proj_array_FIFO/solution1/.autopilot/db/array_FIFO.compgen.dataonly.tcl 
Execute       source E:/Vivado/array_FIFO/array_FIFO/proj_array_FIFO/solution1/.autopilot/db/global.setting.tcl 
Execute       ap_part_info -name xc7k160t-fbg484-1 -data names -quiet 
Execute       ap_part_info -name xc7k160t-fbg484-1 -data info -quiet 
Execute       source E:/Vivado/array_FIFO/array_FIFO/proj_array_FIFO/solution1/.autopilot/db/array_FIFO.constraint.tcl 
Execute       sc_get_clocks array_FIFO 
Execute       ap_part_info -name xc7k160t-fbg484-1 -data names -quiet 
Execute       ap_part_info -name xc7k160t-fbg484-1 -data info -quiet 
Execute       source E:/Vivado/array_FIFO/array_FIFO/proj_array_FIFO/solution1/.autopilot/db/global.setting.tcl 
Execute       get_config_debug -directory 
Execute       source E:/Vivado/array_FIFO/array_FIFO/proj_array_FIFO/solution1/.autopilot/db/array_FIFO.tbgen.tcl 
Execute       get_config_sdx -target 
Execute       get_config_sdx -profile 
Execute       get_config_rtl -kernel_profile 
Execute       get_config_rtl -stall_sig_gen 
Execute       get_config_rtl -profile 
INFO-FLOW: DBG:CMD: add_json_sdx_info kernel file does not exist, skipping opencl info: E:/Vivado/array_FIFO/array_FIFO/proj_array_FIFO/solution1/.autopilot/db/kernel.internal.xml
INFO-FLOW: DBG:CMD:       delete-temp-dirs (skipped for debug)
INFO: [HLS 200-111] Finished generating all RTL models Time (s): cpu = 00:00:02 ; elapsed = 00:00:10 . Memory (MB): peak = 172.355 ; gain = 80.027
INFO: [VHDL 208-304] Generating VHDL RTL for array_FIFO.
INFO: [VLOG 209-307] Generating Verilog RTL for array_FIFO.
Command     autosyn done; 1.287 sec.
Command   csynth_design done; 8.002 sec.
Command ap_source done; 9.347 sec.
Execute cleanup_all 
